-------------------------------------------------------------------------------
phenix.map_model_cc or phenix.model_map_cc:
  Given PDB file and a map file calculate model-map coorelation.

How to run:
  phenix.map_model_cc model.pdb map.ccp4 resolution=3
  phenix.model_map_cc model.pdb map.ccp4 resolution=3

Feedback:
  PAfonine@lbl.gov
  phenixbb@phenix-online.org
  
-------------------------------------------------------------------------------
-------------------------------------------------------------------------------
Input PDB:
**********
frame4.pdb
model id="" #chains=1
  chain id="A" #residue_groups=1133
-------------------------------------------------------------------------------
Box (unit cell) info:
*********************
Unit cell: (261.308, 261.308, 261.308, 90, 90, 90)
Space group: P 1 (No. 1)
-------------------------------------------------------------------------------
Input map:
**********
  header_min:  -0.0371002815664
  header_max:  0.0866902545094
  header_mean: -4.74562148156e-05
  header_rms:  0.00520902825519
  unit cell grid: (200, 200, 200)
  unit cell parameters: (261.3080139160156, 261.3080139160156, 261.3080139160156, 90.0, 90.0, 90.0)
  space group number:   1
  map origin: (0, 0, 0)
  map grid:   (200, 200, 200)
