pdb:alt:res:chainID:resnum:dev:dihedralNABB:Occ:ALT:
last_frame : :gln: A:  23 :  0.173: -24.62:   1.00: :
last_frame : :ser: A:  24 :  0.211:  -9.77:   1.00: :
last_frame : :cys: A:  25 :  0.174:  87.30:   1.00: :
last_frame : :val: A:  26 :  0.132:-114.92:   1.00: :
last_frame : :trp: A:  27 :  0.023: -18.24:   1.00: :
last_frame : :tyr: A:  28 :  0.135: 153.18:   1.00: :
last_frame : :glu: A:  30 :  0.177:-102.78:   1.00: :
last_frame : :cys: A:  31 :  0.242:-139.65:   1.00: :
last_frame : :ile: A:  33 :  0.050: 172.17:   1.00: :
last_frame : :ala: A:  34 :  0.089:   9.51:   1.00: :
last_frame : :tyr: A:  35 :  0.081:  28.53:   1.00: :
last_frame : :asp: A:  37 :  0.111:-142.50:   1.00: :
last_frame : :lys: A:  38 :  0.109: 126.70:   1.00: :
last_frame : :arg: A:  39 :  0.066: 168.20:   1.00: :
last_frame : :tyr: A:  40 :  0.261: 115.58:   1.00: :
last_frame : :asn: A:  41 :  0.163: -59.16:   1.00: :
last_frame : :cys: A:  42 :  0.120: 145.08:   1.00: :
last_frame : :glu: A:  43 :  0.192: -82.35:   1.00: :
last_frame : :tyr: A:  44 :  0.086:  40.73:   1.00: :
last_frame : :ser: A:  45 :  0.082:-148.50:   1.00: :
last_frame : :pro: A:  47 :  0.032: 132.33:   1.00: :
last_frame : :pro: A:  48 :  0.082: 130.18:   1.00: :
last_frame : :lys: A:  49 :  0.161:  99.48:   1.00: :
last_frame : :pro: A:  50 :  0.163: -49.68:   1.00: :
last_frame : :leu: A:  51 :  0.046: 134.48:   1.00: :
last_frame : :pro: A:  52 :  0.058: 171.81:   1.00: :
last_frame : :lys: A:  53 :  0.166:-164.50:   1.00: :
last_frame : :asp: A:  54 :  0.033:-126.10:   1.00: :
last_frame : :tyr: A:  56 :  0.169:-126.16:   1.00: :
last_frame : :asp: A:  57 :  0.209:-163.48:   1.00: :
last_frame : :leu: A:  58 :  0.158:-149.74:   1.00: :
last_frame : :val: A:  59 :  0.286: -89.44:   1.00: :
last_frame : :gln: A:  60 :  0.067:-106.14:   1.00: :
last_frame : :glu: A:  61 :  0.157:  46.81:   1.00: :
last_frame : :leu: A:  62 :  0.205: 116.29:   1.00: :
last_frame : :cys: A:  63 :  0.215:  69.73:   1.00: :
last_frame : :pro: A:  64 :  0.063: 119.00:   1.00: :
last_frame : :phe: A:  66 :  0.168:  68.11:   1.00: :
last_frame : :phe: A:  67 :  0.071: -65.91:   1.00: :
last_frame : :phe: A:  68 :  0.035:  93.86:   1.00: :
last_frame : :asn: A:  70 :  0.076: 150.53:   1.00: :
last_frame : :val: A:  71 :  0.265:-115.36:   1.00: :
last_frame : :ser: A:  72 :  0.034:-134.73:   1.00: :
last_frame : :leu: A:  73 :  0.109:-143.45:   1.00: :
last_frame : :cys: A:  74 :  0.161:  77.01:   1.00: :
last_frame : :cys: A:  75 :  0.050:-150.96:   1.00: :
last_frame : :asp: A:  76 :  0.188:-135.92:   1.00: :
last_frame : :val: A:  77 :  0.270:  66.94:   1.00: :
last_frame : :arg: A:  78 :  0.124: 160.40:   1.00: :
last_frame : :gln: A:  79 :  0.185:-133.72:   1.00: :
last_frame : :leu: A:  80 :  0.100:-140.75:   1.00: :
last_frame : :gln: A:  81 :  0.072:-150.69:   1.00: :
last_frame : :thr: A:  82 :  0.150: -83.07:   1.00: :
last_frame : :leu: A:  83 :  0.275:-133.62:   1.00: :
last_frame : :lys: A:  84 :  0.088:-164.36:   1.00: :
last_frame : :asp: A:  85 :  0.118: 127.26:   1.00: :
last_frame : :asn: A:  86 :  0.185: 160.27:   1.00: :
last_frame : :leu: A:  87 :  0.099: 105.35:   1.00: :
last_frame : :gln: A:  88 :  0.085:-102.40:   1.00: :
last_frame : :leu: A:  89 :  0.101: -95.43:   1.00: :
last_frame : :pro: A:  90 :  0.112: 107.62:   1.00: :
last_frame : :leu: A:  91 :  0.204:  53.38:   1.00: :
last_frame : :gln: A:  92 :  0.184:-123.36:   1.00: :
last_frame : :phe: A:  93 :  0.041:  98.70:   1.00: :
last_frame : :leu: A:  94 :  0.021: 125.62:   1.00: :
last_frame : :ser: A:  95 :  0.057:  20.92:   1.00: :
last_frame : :arg: A:  96 :  0.129: 176.71:   1.00: :
last_frame : :cys: A:  97 :  0.097:  11.03:   1.00: :
last_frame : :pro: A:  98 :  0.151: -61.62:   1.00: :
last_frame : :ser: A:  99 :  0.146:-167.24:   1.00: :
last_frame : :cys: A: 100 :  0.207:  43.96:   1.00: :
last_frame : :phe: A: 101 :  0.073:  59.01:   1.00: :
last_frame : :tyr: A: 102 :  0.199: -95.61:   1.00: :
last_frame : :asn: A: 103 :  0.076:-126.75:   1.00: :
last_frame : :leu: A: 104 :  0.074:  93.82:   1.00: :
last_frame : :leu: A: 105 :  0.074:  39.85:   1.00: :
last_frame : :asn: A: 106 :  0.055: -53.33:   1.00: :
last_frame : :leu: A: 107 :  0.101: 168.04:   1.00: :
last_frame : :phe: A: 108 :  0.087: -72.16:   1.00: :
last_frame : :cys: A: 109 :  0.109: 147.30:   1.00: :
last_frame : :glu: A: 110 :  0.121: -93.88:   1.00: :
last_frame : :leu: A: 111 :  0.067:  96.68:   1.00: :
last_frame : :thr: A: 112 :  0.130:-141.20:   1.00: :
last_frame : :cys: A: 113 :  0.104:  35.16:   1.00: :
last_frame : :ser: A: 114 :  0.139: -95.75:   1.00: :
last_frame : :pro: A: 115 :  0.149: 123.35:   1.00: :
last_frame : :arg: A: 116 :  0.090:-113.56:   1.00: :
last_frame : :gln: A: 117 :  0.087: 154.09:   1.00: :
last_frame : :ser: A: 118 :  0.132:-134.66:   1.00: :
last_frame : :gln: A: 119 :  0.056:  69.18:   1.00: :
last_frame : :phe: A: 120 :  0.076: -90.31:   1.00: :
last_frame : :leu: A: 121 :  0.025: 113.01:   1.00: :
last_frame : :asn: A: 122 :  0.121:  73.30:   1.00: :
last_frame : :val: A: 123 :  0.064:  -7.47:   1.00: :
last_frame : :thr: A: 124 :  0.117:-111.64:   1.00: :
last_frame : :ala: A: 125 :  0.146: 100.88:   1.00: :
last_frame : :thr: A: 126 :  0.110:-174.16:   1.00: :
last_frame : :glu: A: 127 :  0.144:  84.03:   1.00: :
last_frame : :asp: A: 128 :  0.117:-153.77:   1.00: :
last_frame : :tyr: A: 129 :  0.058:  89.58:   1.00: :
last_frame : :val: A: 130 :  0.111: -10.43:   1.00: :
last_frame : :asp: A: 131 :  0.099:-155.84:   1.00: :
last_frame : :pro: A: 132 :  0.096:  55.79:   1.00: :
last_frame : :val: A: 133 :  0.097: -52.04:   1.00: :
last_frame : :thr: A: 134 :  0.078: -35.29:   1.00: :
last_frame : :asn: A: 135 :  0.133:-122.16:   1.00: :
last_frame : :gln: A: 136 :  0.159: 107.35:   1.00: :
last_frame : :thr: A: 137 :  0.115: -29.35:   1.00: :
last_frame : :lys: A: 138 :  0.161: -22.06:   1.00: :
last_frame : :thr: A: 139 :  0.108: 123.43:   1.00: :
last_frame : :asn: A: 140 :  0.248: 171.04:   1.00: :
last_frame : :val: A: 141 :  0.247:-176.16:   1.00: :
last_frame : :lys: A: 142 :  0.156:-104.31:   1.00: :
last_frame : :glu: A: 143 :  0.117:  98.90:   1.00: :
last_frame : :leu: A: 144 :  0.161: 177.08:   1.00: :
last_frame : :gln: A: 145 :  0.120:-169.85:   1.00: :
last_frame : :tyr: A: 146 :  0.120:  42.32:   1.00: :
last_frame : :tyr: A: 147 :  0.090:  62.23:   1.00: :
last_frame : :val: A: 148 :  0.135:-169.06:   1.00: :
last_frame : :gln: A: 150 :  0.157:-141.46:   1.00: :
last_frame : :ser: A: 151 :  0.113:-175.31:   1.00: :
last_frame : :phe: A: 152 :  0.112:  39.25:   1.00: :
last_frame : :ala: A: 153 :  0.123:  72.65:   1.00: :
last_frame : :asn: A: 154 :  0.237: 152.84:   1.00: :
last_frame : :ala: A: 155 :  0.099: 175.91:   1.00: :
last_frame : :met: A: 156 :  0.069:-146.28:   1.00: :
last_frame : :tyr: A: 157 :  0.065:  36.14:   1.00: :
last_frame : :asn: A: 158 :  0.096:-130.69:   1.00: :
last_frame : :ala: A: 159 :  0.085:  42.88:   1.00: :
last_frame : :cys: A: 160 :  0.191:  69.76:   1.00: :
last_frame : :arg: A: 161 :  0.088: -73.48:   1.00: :
last_frame : :asp: A: 162 :  0.114: 154.38:   1.00: :
last_frame : :val: A: 163 :  0.130:-107.97:   1.00: :
last_frame : :glu: A: 164 :  0.058: 138.73:   1.00: :
last_frame : :ala: A: 165 :  0.268:  84.81:   1.00: :
last_frame : :pro: A: 166 :  0.068:  77.82:   1.00: :
last_frame : :ser: A: 167 :  0.126:-136.35:   1.00: :
last_frame : :ser: A: 168 :  0.165: 135.48:   1.00: :
last_frame : :asn: A: 169 :  0.121: 114.95:   1.00: :
last_frame : :asp: A: 170 :  0.034: -54.76:   1.00: :
last_frame : :lys: A: 171 :  0.142: 114.96:   1.00: :
last_frame : :ala: A: 172 :  0.135: 146.12:   1.00: :
last_frame : :leu: A: 173 :  0.244:-119.15:   1.00: :
last_frame : :leu: A: 175 :  0.146:  86.67:   1.00: :
last_frame : :leu: A: 176 :  0.125:-127.63:   1.00: :
last_frame : :cys: A: 177 :  0.232: 108.46:   1.00: :
last_frame : :lys: A: 179 :  0.209: 110.92:   1.00: :
last_frame : :asp: A: 180 :  0.140: 148.90:   1.00: :
last_frame : :ala: A: 181 :  0.034: -54.49:   1.00: :
last_frame : :asp: A: 182 :  0.209:-105.63:   1.00: :
last_frame : :ala: A: 183 :  0.067: -32.96:   1.00: :
last_frame : :cys: A: 184 :  0.118:-117.79:   1.00: :
last_frame : :asn: A: 185 :  0.031:-160.75:   1.00: :
last_frame : :ala: A: 186 :  0.114: 126.15:   1.00: :
last_frame : :thr: A: 187 :  0.080:  79.38:   1.00: :
last_frame : :asn: A: 188 :  0.332: -89.29:   1.00: :
last_frame : :trp: A: 189 :  0.167:-134.44:   1.00: :
last_frame : :ile: A: 190 :  0.155: -74.87:   1.00: :
last_frame : :glu: A: 191 :  0.190: -66.79:   1.00: :
last_frame : :tyr: A: 192 :  0.061:-110.73:   1.00: :
last_frame : :met: A: 193 :  0.150: -90.62:   1.00: :
last_frame : :phe: A: 194 :  0.093:  82.59:   1.00: :
last_frame : :asn: A: 195 :  0.076:  53.94:   1.00: :
last_frame : :lys: A: 196 :  0.058:-178.14:   1.00: :
last_frame : :asp: A: 197 :  0.182: 108.46:   1.00: :
last_frame : :asn: A: 198 :  0.201:-115.51:   1.00: :
last_frame : :gln: A: 200 :  0.179:-145.91:   1.00: :
last_frame : :ala: A: 201 :  0.072: -67.78:   1.00: :
last_frame : :pro: A: 202 :  0.209:  99.73:   1.00: :
last_frame : :phe: A: 203 :  0.139: 174.62:   1.00: :
last_frame : :thr: A: 204 :  0.142:-159.91:   1.00: :
last_frame : :ile: A: 205 :  0.184:  59.29:   1.00: :
last_frame : :thr: A: 206 :  0.097:-115.93:   1.00: :
last_frame : :pro: A: 207 :  0.111: -97.79:   1.00: :
last_frame : :val: A: 208 :  0.027: 166.53:   1.00: :
last_frame : :phe: A: 209 :  0.122:  89.81:   1.00: :
last_frame : :ser: A: 210 :  0.095: 104.12:   1.00: :
last_frame : :asp: A: 211 :  0.107:-150.49:   1.00: :
last_frame : :phe: A: 212 :  0.090: 173.66:   1.00: :
last_frame : :pro: A: 213 :  0.106: 168.97:   1.00: :
last_frame : :val: A: 214 :  0.010: -25.98:   1.00: :
last_frame : :his: A: 215 :  0.123:-135.98:   1.00: :
last_frame : :met: A: 217 :  0.223: 112.79:   1.00: :
last_frame : :glu: A: 218 :  0.060:-175.68:   1.00: :
last_frame : :pro: A: 219 :  0.051: 105.46:   1.00: :
last_frame : :met: A: 220 :  0.101:-137.36:   1.00: :
last_frame : :asn: A: 221 :  0.148:-145.39:   1.00: :
last_frame : :asn: A: 222 :  0.171: 154.46:   1.00: :
last_frame : :ala: A: 223 :  0.318:-123.39:   1.00: :
last_frame : :thr: A: 224 :  0.098: -53.54:   1.00: :
last_frame : :lys: A: 225 :  0.066:  94.36:   1.00: :
last_frame : :cys: A: 227 :  0.090:-127.74:   1.00: :
last_frame : :asp: A: 228 :  0.074:-170.92:   1.00: :
last_frame : :glu: A: 229 :  0.228: 103.29:   1.00: :
last_frame : :ser: A: 230 :  0.158: 162.56:   1.00: :
last_frame : :val: A: 231 :  0.119:  19.68:   1.00: :
last_frame : :asp: A: 232 :  0.218:-152.62:   1.00: :
last_frame : :glu: A: 233 :  0.099:  32.68:   1.00: :
last_frame : :val: A: 234 :  0.146: -55.62:   1.00: :
last_frame : :thr: A: 235 :  0.146:-159.44:   1.00: :
last_frame : :ala: A: 236 :  0.100: 164.45:   1.00: :
last_frame : :pro: A: 237 :  0.110: 150.44:   1.00: :
last_frame : :cys: A: 238 :  0.039: -86.92:   1.00: :
last_frame : :ser: A: 239 :  0.125: 141.04:   1.00: :
last_frame : :cys: A: 240 :  0.090:-126.42:   1.00: :
last_frame : :gln: A: 241 :  0.119:  99.42:   1.00: :
last_frame : :asp: A: 242 :  0.035:  -7.07:   1.00: :
last_frame : :cys: A: 243 :  0.161: 114.36:   1.00: :
last_frame : :ser: A: 244 :  0.077:-126.70:   1.00: :
last_frame : :ile: A: 245 :  0.126: -67.96:   1.00: :
last_frame : :val: A: 246 :  0.154:-108.33:   1.00: :
last_frame : :cys: A: 247 :  0.335: 109.81:   1.00: :
last_frame : :pro: A: 249 :  0.148:-171.36:   1.00: :
last_frame : :lys: A: 250 :  0.217:-113.63:   1.00: :
last_frame : :pro: A: 251 :  0.077: 123.07:   1.00: :
last_frame : :gln: A: 252 :  0.149:-103.54:   1.00: :
last_frame : :pro: A: 253 :  0.137:   3.82:   1.00: :
last_frame : :pro: A: 254 :  0.145: 137.92:   1.00: :
last_frame : :pro: A: 255 :  0.041: -98.92:   1.00: :
last_frame : :pro: A: 256 :  0.113:  61.26:   1.00: :
last_frame : :pro: A: 257 :  0.129:  15.10:   1.00: :
last_frame : :ala: A: 258 :  0.072: 124.77:   1.00: :
last_frame : :pro: A: 259 :  0.062:  84.21:   1.00: :
last_frame : :trp: A: 260 :  0.172:-160.54:   1.00: :
last_frame : :thr: A: 261 :  0.226:-114.49:   1.00: :
last_frame : :ile: A: 262 :  0.130:-102.85:   1.00: :
last_frame : :leu: A: 263 :  0.109:-109.74:   1.00: :
last_frame : :leu: A: 265 :  0.079:  55.36:   1.00: :
last_frame : :asp: A: 266 :  0.082: -91.20:   1.00: :
last_frame : :ala: A: 267 :  0.110: 153.37:   1.00: :
last_frame : :met: A: 268 :  0.056: -34.63:   1.00: :
last_frame : :tyr: A: 269 :  0.267:-131.43:   1.00: :
last_frame : :val: A: 270 :  0.305:-104.67:   1.00: :
last_frame : :ile: A: 271 :  0.294: -91.98:   1.00: :
last_frame : :met: A: 272 :  0.141: -90.77:   1.00: :
last_frame : :trp: A: 273 :  0.212:-127.22:   1.00: :
last_frame : :ile: A: 274 :  0.104:-113.85:   1.00: :
last_frame : :thr: A: 275 :  0.087: 129.93:   1.00: :
last_frame : :tyr: A: 276 :  0.056:-122.54:   1.00: :
last_frame : :met: A: 277 :  0.198:-163.07:   1.00: :
last_frame : :ala: A: 278 :  0.075:  58.11:   1.00: :
last_frame : :phe: A: 279 :  0.031:-145.80:   1.00: :
last_frame : :leu: A: 280 :  0.168: 165.72:   1.00: :
last_frame : :leu: A: 281 :  0.240:-115.54:   1.00: :
last_frame : :val: A: 282 :  0.207:-114.26:   1.00: :
last_frame : :phe: A: 283 :  0.133: -93.74:   1.00: :
last_frame : :phe: A: 284 :  0.103: 158.89:   1.00: :
last_frame : :ala: A: 286 :  0.064:-171.15:   1.00: :
last_frame : :phe: A: 287 :  0.109: -76.72:   1.00: :
last_frame : :phe: A: 288 :  0.146:  83.76:   1.00: :
last_frame : :ala: A: 330 :  0.101:  24.06:   1.00: :
last_frame : :phe: A: 331 :  0.139: 165.11:   1.00: :
last_frame : :glu: A: 332 :  0.136: 166.13:   1.00: :
last_frame : :cys: A: 334 :  0.206: 179.04:   1.00: :
last_frame : :leu: A: 335 :  0.143:-167.07:   1.00: :
last_frame : :arg: A: 336 :  0.166:  -2.61:   1.00: :
last_frame : :arg: A: 337 :  0.067:  42.59:   1.00: :
last_frame : :leu: A: 338 :  0.136:  90.37:   1.00: :
last_frame : :phe: A: 339 :  0.197:-120.12:   1.00: :
last_frame : :thr: A: 340 :  0.063: -94.44:   1.00: :
last_frame : :arg: A: 341 :  0.239:-117.70:   1.00: :
last_frame : :trp: A: 342 :  0.244:-113.71:   1.00: :
last_frame : :ser: A: 344 :  0.138: -87.95:   1.00: :
last_frame : :phe: A: 345 :  0.168: -32.01:   1.00: :
last_frame : :cys: A: 346 :  0.077: -23.44:   1.00: :
last_frame : :val: A: 347 :  0.192: -75.05:   1.00: :
last_frame : :arg: A: 348 :  0.225:-141.63:   1.00: :
last_frame : :asn: A: 349 :  0.139: -24.11:   1.00: :
last_frame : :pro: A: 350 :  0.174: 144.57:   1.00: :
last_frame : :cys: A: 352 :  0.093:  -9.28:   1.00: :
last_frame : :val: A: 353 :  0.077: -81.17:   1.00: :
last_frame : :ile: A: 354 :  0.117: -39.49:   1.00: :
last_frame : :phe: A: 355 :  0.108: 178.44:   1.00: :
last_frame : :phe: A: 356 :  0.211:-143.58:   1.00: :
last_frame : :ser: A: 357 :  0.127:  65.28:   1.00: :
last_frame : :leu: A: 358 :  0.063:-174.49:   1.00: :
last_frame : :val: A: 359 :  0.153:-129.41:   1.00: :
last_frame : :phe: A: 360 :  0.175: -78.13:   1.00: :
last_frame : :ile: A: 361 :  0.134:-107.95:   1.00: :
last_frame : :thr: A: 362 :  0.147:-137.43:   1.00: :
last_frame : :ala: A: 363 :  0.105: 177.93:   1.00: :
last_frame : :cys: A: 364 :  0.233: 162.29:   1.00: :
last_frame : :ser: A: 365 :  0.065:  22.78:   1.00: :
last_frame : :ser: A: 366 :  0.063: 105.91:   1.00: :
last_frame : :leu: A: 368 :  0.208:-143.91:   1.00: :
last_frame : :val: A: 369 :  0.146:  19.09:   1.00: :
last_frame : :phe: A: 370 :  0.071:  -7.87:   1.00: :
last_frame : :val: A: 371 :  0.216: -71.45:   1.00: :
last_frame : :arg: A: 372 :  0.106:  15.08:   1.00: :
last_frame : :val: A: 373 :  0.180:  75.98:   1.00: :
last_frame : :thr: A: 374 :  0.036: -19.36:   1.00: :
last_frame : :thr: A: 375 :  0.075:  95.98:   1.00: :
last_frame : :asn: A: 376 :  0.181:-122.66:   1.00: :
last_frame : :pro: A: 377 :  0.135: 165.99:   1.00: :
last_frame : :val: A: 378 :  0.157:   7.84:   1.00: :
last_frame : :asp: A: 379 :  0.051: 103.94:   1.00: :
last_frame : :leu: A: 380 :  0.194: -91.01:   1.00: :
last_frame : :trp: A: 381 :  0.133:  97.13:   1.00: :
last_frame : :ser: A: 382 :  0.114:  31.80:   1.00: :
last_frame : :ala: A: 383 :  0.327:-149.41:   1.00: :
last_frame : :pro: A: 384 :  0.066:  19.72:   1.00: :
last_frame : :ser: A: 385 :  0.267:-123.29:   1.00: :
last_frame : :ser: A: 386 :  0.082:-134.30:   1.00: :
last_frame : :gln: A: 387 :  0.028:  30.22:   1.00: :
last_frame : :ala: A: 388 :  0.074:-150.42:   1.00: :
last_frame : :arg: A: 389 :  0.084:-125.02:   1.00: :
last_frame : :leu: A: 390 :  0.232:-120.88:   1.00: :
last_frame : :glu: A: 391 :  0.151: 173.83:   1.00: :
last_frame : :lys: A: 392 :  0.096:-139.40:   1.00: :
last_frame : :glu: A: 393 :  0.133:-175.91:   1.00: :
last_frame : :tyr: A: 394 :  0.060: 136.60:   1.00: :
last_frame : :phe: A: 395 :  0.105:  29.05:   1.00: :
last_frame : :asp: A: 396 :  0.047:-135.05:   1.00: :
last_frame : :gln: A: 397 :  0.232:-133.28:   1.00: :
last_frame : :his: A: 398 :  0.118: -77.88:   1.00: :
last_frame : :phe: A: 399 :  0.317: 118.95:   1.00: :
last_frame : :pro: A: 401 :  0.051:-125.62:   1.00: :
last_frame : :phe: A: 402 :  0.212:-125.75:   1.00: :
last_frame : :phe: A: 403 :  0.236:-174.76:   1.00: :
last_frame : :arg: A: 404 :  0.134:  49.28:   1.00: :
last_frame : :thr: A: 405 :  0.149: 137.31:   1.00: :
last_frame : :glu: A: 406 :  0.153:  67.20:   1.00: :
last_frame : :gln: A: 407 :  0.176:  29.88:   1.00: :
last_frame : :leu: A: 408 :  0.137:  89.15:   1.00: :
last_frame : :ile: A: 409 :  0.181: -92.60:   1.00: :
last_frame : :ile: A: 410 :  0.153:   9.82:   1.00: :
last_frame : :arg: A: 411 :  0.236:  76.80:   1.00: :
last_frame : :ala: A: 412 :  0.144: 101.40:   1.00: :
last_frame : :pro: A: 413 :  0.226:  98.27:   1.00: :
last_frame : :leu: A: 414 :  0.201:-167.63:   1.00: :
last_frame : :thr: A: 415 :  0.083:  -8.10:   1.00: :
last_frame : :asp: A: 416 :  0.133:  96.24:   1.00: :
last_frame : :lys: A: 417 :  0.111:-118.51:   1.00: :
last_frame : :his: A: 418 :  0.113:  72.09:   1.00: :
last_frame : :ile: A: 419 :  0.207:-104.04:   1.00: :
last_frame : :tyr: A: 420 :  0.084:  78.39:   1.00: :
last_frame : :gln: A: 421 :  0.198: 102.73:   1.00: :
last_frame : :pro: A: 422 :  0.064: 142.27:   1.00: :
last_frame : :tyr: A: 423 :  0.102: 163.33:   1.00: :
last_frame : :pro: A: 424 :  0.206:  74.36:   1.00: :
last_frame : :ser: A: 425 :  0.126:-122.77:   1.00: :
last_frame : :ala: A: 427 :  0.105: 152.81:   1.00: :
last_frame : :asp: A: 428 :  0.057:-170.30:   1.00: :
last_frame : :val: A: 429 :  0.075: -77.96:   1.00: :
last_frame : :pro: A: 430 :  0.039:  62.94:   1.00: :
last_frame : :phe: A: 431 :  0.048:-119.62:   1.00: :
last_frame : :pro: A: 433 :  0.080:  16.87:   1.00: :
last_frame : :pro: A: 434 :  0.066: 135.48:   1.00: :
last_frame : :leu: A: 435 :  0.170:  81.04:   1.00: :
last_frame : :asp: A: 436 :  0.080:-158.52:   1.00: :
last_frame : :ile: A: 437 :  0.074: -22.08:   1.00: :
last_frame : :gln: A: 438 :  0.070:  85.97:   1.00: :
last_frame : :ile: A: 439 :  0.365:-110.07:   1.00: :
last_frame : :leu: A: 440 :  0.129: 118.39:   1.00: :
last_frame : :his: A: 441 :  0.172:-169.21:   1.00: :
last_frame : :gln: A: 442 :  0.051:-130.98:   1.00: :
last_frame : :val: A: 443 :  0.140: -61.64:   1.00: :
last_frame : :leu: A: 444 :  0.222:-142.28:   1.00: :
last_frame : :asp: A: 445 :  0.201: 114.93:   1.00: :
last_frame : :leu: A: 446 :  0.290: -60.68:   1.00: :
last_frame : :gln: A: 447 :  0.043:-142.29:   1.00: :
last_frame : :ile: A: 448 :  0.144: -73.03:   1.00: :
last_frame : :ala: A: 449 :  0.127: 171.89:   1.00: :
last_frame : :ile: A: 450 :  0.108:-132.24:   1.00: :
last_frame : :glu: A: 451 :  0.107:-135.59:   1.00: :
last_frame : :asn: A: 452 :  0.148:  30.16:   1.00: :
last_frame : :ile: A: 453 :  0.118:-124.39:   1.00: :
last_frame : :thr: A: 454 :  0.120: 143.43:   1.00: :
last_frame : :ala: A: 455 :  0.146:  51.73:   1.00: :
last_frame : :ser: A: 456 :  0.070:-115.30:   1.00: :
last_frame : :tyr: A: 457 :  0.156:  65.33:   1.00: :
last_frame : :asp: A: 458 :  0.134:-149.47:   1.00: :
last_frame : :asn: A: 459 :  0.207:-103.29:   1.00: :
last_frame : :glu: A: 460 :  0.198: 109.95:   1.00: :
last_frame : :thr: A: 461 :  0.086:-121.07:   1.00: :
last_frame : :val: A: 462 :  0.059:  17.33:   1.00: :
last_frame : :thr: A: 463 :  0.076: 178.99:   1.00: :
last_frame : :leu: A: 464 :  0.135:  69.40:   1.00: :
last_frame : :gln: A: 465 :  0.151:-111.02:   1.00: :
last_frame : :asp: A: 466 :  0.160:-173.66:   1.00: :
last_frame : :ile: A: 467 :  0.050: 120.41:   1.00: :
last_frame : :cys: A: 468 :  0.200:-141.22:   1.00: :
last_frame : :leu: A: 469 :  0.124:-102.09:   1.00: :
last_frame : :ala: A: 470 :  0.099: 138.97:   1.00: :
last_frame : :pro: A: 471 :  0.081:-167.26:   1.00: :
last_frame : :leu: A: 472 :  0.143: -77.35:   1.00: :
last_frame : :ser: A: 473 :  0.189:  89.92:   1.00: :
last_frame : :pro: A: 474 :  0.083:  47.52:   1.00: :
last_frame : :tyr: A: 475 :  0.239: -86.13:   1.00: :
last_frame : :asn: A: 476 :  0.030: -61.45:   1.00: :
last_frame : :thr: A: 477 :  0.058: -65.43:   1.00: :
last_frame : :asn: A: 478 :  0.127:  75.80:   1.00: :
last_frame : :cys: A: 479 :  0.209:-158.65:   1.00: :
last_frame : :thr: A: 480 :  0.108:  29.09:   1.00: :
last_frame : :ile: A: 481 :  0.089:  71.44:   1.00: :
last_frame : :leu: A: 482 :  0.156: -38.54:   1.00: :
last_frame : :ser: A: 483 :  0.223:  77.13:   1.00: :
last_frame : :val: A: 484 :  0.100: -92.03:   1.00: :
last_frame : :leu: A: 485 :  0.160: 167.52:   1.00: :
last_frame : :asn: A: 486 :  0.113:-138.71:   1.00: :
last_frame : :tyr: A: 487 :  0.332:-179.60:   1.00: :
last_frame : :phe: A: 488 :  0.081:   7.15:   1.00: :
last_frame : :gln: A: 489 :  0.171:-132.18:   1.00: :
last_frame : :asn: A: 490 :  0.270:-112.55:   1.00: :
last_frame : :ser: A: 491 :  0.263: -99.68:   1.00: :
last_frame : :his: A: 492 :  0.128: 177.60:   1.00: :
last_frame : :ser: A: 493 :  0.099: 175.76:   1.00: :
last_frame : :val: A: 494 :  0.045: -16.54:   1.00: :
last_frame : :leu: A: 495 :  0.171: -41.25:   1.00: :
last_frame : :asp: A: 496 :  0.063:  77.74:   1.00: :
last_frame : :his: A: 497 :  0.092:-130.42:   1.00: :
last_frame : :lys: A: 498 :  0.062:  65.56:   1.00: :
last_frame : :lys: A: 499 :  0.098:  62.30:   1.00: :
last_frame : :asp: A: 501 :  0.095: -68.24:   1.00: :
last_frame : :asp: A: 502 :  0.119:  94.18:   1.00: :
last_frame : :phe: A: 503 :  0.250: 114.77:   1.00: :
last_frame : :phe: A: 504 :  0.199: 121.35:   1.00: :
last_frame : :val: A: 505 :  0.083:  72.03:   1.00: :
last_frame : :tyr: A: 506 :  0.054:  35.81:   1.00: :
last_frame : :ala: A: 507 :  0.033: -37.13:   1.00: :
last_frame : :asp: A: 508 :  0.245:-143.57:   1.00: :
last_frame : :tyr: A: 509 :  0.218:  -8.67:   1.00: :
last_frame : :his: A: 510 :  0.146:-164.69:   1.00: :
last_frame : :thr: A: 511 :  0.095: -99.46:   1.00: :
last_frame : :his: A: 512 :  0.158: 162.13:   1.00: :
last_frame : :phe: A: 513 :  0.142:-142.42:   1.00: :
last_frame : :leu: A: 514 :  0.158: 145.49:   1.00: :
last_frame : :tyr: A: 515 :  0.104: -73.29:   1.00: :
last_frame : :cys: A: 516 :  0.123: 154.76:   1.00: :
last_frame : :val: A: 517 :  0.192:-106.90:   1.00: :
last_frame : :arg: A: 518 :  0.226: 104.15:   1.00: :
last_frame : :ala: A: 519 :  0.101: 140.38:   1.00: :
last_frame : :pro: A: 520 :  0.103: -61.95:   1.00: :
last_frame : :ala: A: 521 :  0.179: 157.02:   1.00: :
last_frame : :ser: A: 522 :  0.064: -54.80:   1.00: :
last_frame : :leu: A: 523 :  0.096:  32.38:   1.00: :
last_frame : :asn: A: 524 :  0.201: 122.53:   1.00: :
last_frame : :asp: A: 525 :  0.192: 117.60:   1.00: :
last_frame : :thr: A: 526 :  0.167: -53.74:   1.00: :
last_frame : :ser: A: 527 :  0.084: -98.37:   1.00: :
last_frame : :leu: A: 528 :  0.177:-160.11:   1.00: :
last_frame : :leu: A: 529 :  0.233: 158.37:   1.00: :
last_frame : :his: A: 530 :  0.186: -44.90:   1.00: :
last_frame : :asp: A: 531 :  0.243: 112.59:   1.00: :
last_frame : :pro: A: 532 :  0.095: -72.77:   1.00: :
last_frame : :cys: A: 533 :  0.090: -55.28:   1.00: :
last_frame : :leu: A: 534 :  0.105:  35.50:   1.00: :
last_frame : :thr: A: 536 :  0.130: 129.87:   1.00: :
last_frame : :phe: A: 537 :  0.157: -85.84:   1.00: :
last_frame : :pro: A: 540 :  0.135: -58.79:   1.00: :
last_frame : :val: A: 541 :  0.032: 115.75:   1.00: :
last_frame : :phe: A: 542 :  0.052:  40.76:   1.00: :
last_frame : :pro: A: 543 :  0.194:-144.98:   1.00: :
last_frame : :trp: A: 544 :  0.109:-153.05:   1.00: :
last_frame : :leu: A: 545 :  0.073:  92.94:   1.00: :
last_frame : :val: A: 546 :  0.254:-114.27:   1.00: :
last_frame : :leu: A: 547 :  0.216:  46.71:   1.00: :
last_frame : :tyr: A: 550 :  0.181: -22.45:   1.00: :
last_frame : :asp: A: 551 :  0.089:-174.95:   1.00: :
last_frame : :asp: A: 552 :  0.147:-129.94:   1.00: :
last_frame : :gln: A: 553 :  0.228: 118.62:   1.00: :
last_frame : :asn: A: 554 :  0.098: -24.84:   1.00: :
last_frame : :tyr: A: 555 :  0.062:  55.37:   1.00: :
last_frame : :asn: A: 556 :  0.126:-145.16:   1.00: :
last_frame : :asn: A: 557 :  0.096: -48.27:   1.00: :
last_frame : :ala: A: 558 :  0.189: 130.92:   1.00: :
last_frame : :thr: A: 559 :  0.115:  -4.45:   1.00: :
last_frame : :ala: A: 560 :  0.105:-131.68:   1.00: :
last_frame : :leu: A: 561 :  0.071:  73.13:   1.00: :
last_frame : :val: A: 562 :  0.024: 109.43:   1.00: :
last_frame : :ile: A: 563 :  0.087: 139.01:   1.00: :
last_frame : :thr: A: 564 :  0.218:  30.52:   1.00: :
last_frame : :phe: A: 565 :  0.284:  92.45:   1.00: :
last_frame : :pro: A: 566 :  0.213:  91.98:   1.00: :
last_frame : :val: A: 567 :  0.181: 168.48:   1.00: :
last_frame : :asn: A: 568 :  0.158:-120.25:   1.00: :
last_frame : :asn: A: 569 :  0.089: 102.06:   1.00: :
last_frame : :tyr: A: 570 :  0.211: 160.01:   1.00: :
last_frame : :tyr: A: 571 :  0.144: 114.58:   1.00: :
last_frame : :asn: A: 572 :  0.219:  40.54:   1.00: :
last_frame : :asp: A: 573 :  0.230: -72.66:   1.00: :
last_frame : :thr: A: 574 :  0.074:  14.61:   1.00: :
last_frame : :glu: A: 575 :  0.090:-156.18:   1.00: :
last_frame : :lys: A: 576 :  0.160:-131.62:   1.00: :
last_frame : :leu: A: 577 :  0.085: -54.80:   1.00: :
last_frame : :gln: A: 578 :  0.138:-139.32:   1.00: :
last_frame : :arg: A: 579 :  0.130: 169.25:   1.00: :
last_frame : :ala: A: 580 :  0.097:  -6.97:   1.00: :
last_frame : :gln: A: 581 :  0.285: -69.44:   1.00: :
last_frame : :ala: A: 582 :  0.099: 123.32:   1.00: :
last_frame : :trp: A: 583 :  0.098: 142.63:   1.00: :
last_frame : :glu: A: 584 :  0.060:-135.83:   1.00: :
last_frame : :lys: A: 585 :  0.161: 107.92:   1.00: :
last_frame : :glu: A: 586 :  0.135:-154.05:   1.00: :
last_frame : :phe: A: 587 :  0.187:-105.35:   1.00: :
last_frame : :ile: A: 588 :  0.055: 174.31:   1.00: :
last_frame : :asn: A: 589 :  0.137: 120.86:   1.00: :
last_frame : :phe: A: 590 :  0.089:   0.43:   1.00: :
last_frame : :val: A: 591 :  0.151: -84.83:   1.00: :
last_frame : :lys: A: 592 :  0.044: -78.01:   1.00: :
last_frame : :asn: A: 593 :  0.319:  80.86:   1.00: :
last_frame : :tyr: A: 594 :  0.106: -71.71:   1.00: :
last_frame : :lys: A: 595 :  0.146:   0.51:   1.00: :
last_frame : :asn: A: 596 :  0.130: 116.14:   1.00: :
last_frame : :pro: A: 597 :  0.046:  70.59:   1.00: :
last_frame : :asn: A: 598 :  0.130: 165.41:   1.00: :
last_frame : :leu: A: 599 :  0.249: 145.62:   1.00: :
last_frame : :thr: A: 600 :  0.193: 103.65:   1.00: :
last_frame : :ile: A: 601 :  0.189: 133.47:   1.00: :
last_frame : :ser: A: 602 :  0.203:  96.95:   1.00: :
last_frame : :phe: A: 603 :  0.042:  91.40:   1.00: :
last_frame : :thr: A: 604 :  0.069:-136.51:   1.00: :
last_frame : :ala: A: 605 :  0.237: 144.79:   1.00: :
last_frame : :glu: A: 606 :  0.051:  35.65:   1.00: :
last_frame : :arg: A: 607 :  0.080: -39.68:   1.00: :
last_frame : :ser: A: 608 :  0.147:-132.87:   1.00: :
last_frame : :ile: A: 609 :  0.194: -70.02:   1.00: :
last_frame : :glu: A: 610 :  0.197:-164.50:   1.00: :
last_frame : :asp: A: 611 :  0.239:-179.96:   1.00: :
last_frame : :glu: A: 612 :  0.296:-138.82:   1.00: :
last_frame : :leu: A: 613 :  0.176:-161.65:   1.00: :
last_frame : :asn: A: 614 :  0.127:  72.01:   1.00: :
last_frame : :arg: A: 615 :  0.098:-170.32:   1.00: :
last_frame : :glu: A: 616 :  0.130:-117.86:   1.00: :
last_frame : :ser: A: 617 :  0.100:  77.43:   1.00: :
last_frame : :asp: A: 618 :  0.184: 125.26:   1.00: :
last_frame : :ser: A: 619 :  0.093: 123.78:   1.00: :
last_frame : :asp: A: 620 :  0.204:-149.13:   1.00: :
last_frame : :val: A: 621 :  0.066: -64.82:   1.00: :
last_frame : :phe: A: 622 :  0.137:-118.72:   1.00: :
last_frame : :thr: A: 623 :  0.242: -92.60:   1.00: :
last_frame : :val: A: 624 :  0.063: -16.65:   1.00: :
last_frame : :val: A: 625 :  0.179:  27.44:   1.00: :
last_frame : :ile: A: 626 :  0.227:-104.56:   1.00: :
last_frame : :ser: A: 627 :  0.111: 107.17:   1.00: :
last_frame : :tyr: A: 628 :  0.124: -77.78:   1.00: :
last_frame : :ala: A: 629 :  0.136: 122.93:   1.00: :
last_frame : :ile: A: 630 :  0.159:  90.31:   1.00: :
last_frame : :met: A: 631 :  0.203:-147.94:   1.00: :
last_frame : :phe: A: 632 :  0.194:  26.37:   1.00: :
last_frame : :leu: A: 633 :  0.125:-166.88:   1.00: :
last_frame : :tyr: A: 634 :  0.084: 146.34:   1.00: :
last_frame : :ile: A: 635 :  0.283: -19.48:   1.00: :
last_frame : :ser: A: 636 :  0.206: -85.43:   1.00: :
last_frame : :leu: A: 637 :  0.160:-152.38:   1.00: :
last_frame : :ala: A: 638 :  0.346:-106.90:   1.00: :
last_frame : :leu: A: 639 :  0.117:  -6.52:   1.00: :
last_frame : :his: A: 641 :  0.152: 133.86:   1.00: :
last_frame : :met: A: 642 :  0.055:-153.92:   1.00: :
last_frame : :lys: A: 643 :  0.088: -99.99:   1.00: :
last_frame : :ser: A: 644 :  0.132: 163.95:   1.00: :
last_frame : :cys: A: 645 :  0.067: 127.93:   1.00: :
last_frame : :arg: A: 646 :  0.341:-125.15:   1.00: :
last_frame : :arg: A: 647 :  0.154: 110.71:   1.00: :
last_frame : :leu: A: 648 :  0.182:-177.53:   1.00: :
last_frame : :leu: A: 649 :  0.106: 161.96:   1.00: :
last_frame : :val: A: 650 :  0.090: 108.85:   1.00: :
last_frame : :asp: A: 651 :  0.177: -41.64:   1.00: :
last_frame : :ser: A: 652 :  0.131: 134.28:   1.00: :
last_frame : :lys: A: 653 :  0.311:-131.84:   1.00: :
last_frame : :val: A: 654 :  0.098: -18.88:   1.00: :
last_frame : :ser: A: 655 :  0.224:-117.68:   1.00: :
last_frame : :leu: A: 656 :  0.338: -73.38:   1.00: :
last_frame : :ile: A: 658 :  0.260:-134.13:   1.00: :
last_frame : :ala: A: 659 :  0.330:-179.00:   1.00: :
last_frame : :ile: A: 661 :  0.065:  90.58:   1.00: :
last_frame : :leu: A: 662 :  0.185: -86.62:   1.00: :
last_frame : :ile: A: 663 :  0.120: -90.50:   1.00: :
last_frame : :val: A: 664 :  0.237: -98.67:   1.00: :
last_frame : :leu: A: 665 :  0.128: 121.07:   1.00: :
last_frame : :ser: A: 666 :  0.047: 137.49:   1.00: :
last_frame : :ser: A: 667 :  0.107:  91.76:   1.00: :
last_frame : :val: A: 668 :  0.320:-104.59:   1.00: :
last_frame : :ala: A: 669 :  0.138: 114.49:   1.00: :
last_frame : :cys: A: 670 :  0.159: 140.14:   1.00: :
last_frame : :ser: A: 671 :  0.095:-140.54:   1.00: :
last_frame : :leu: A: 672 :  0.191:-110.39:   1.00: :
last_frame : :val: A: 674 :  0.258: -85.12:   1.00: :
last_frame : :phe: A: 675 :  0.190:  78.96:   1.00: :
last_frame : :ser: A: 676 :  0.186: -77.98:   1.00: :
last_frame : :tyr: A: 677 :  0.073: -26.04:   1.00: :
last_frame : :ile: A: 678 :  0.211:-144.63:   1.00: :
last_frame : :leu: A: 680 :  0.055:  98.90:   1.00: :
last_frame : :pro: A: 681 :  0.092:-138.97:   1.00: :
last_frame : :leu: A: 682 :  0.092: 148.69:   1.00: :
last_frame : :thr: A: 683 :  0.247: -60.78:   1.00: :
last_frame : :leu: A: 684 :  0.123: -22.84:   1.00: :
last_frame : :ile: A: 685 :  0.099: 159.96:   1.00: :
last_frame : :val: A: 686 :  0.119: -88.08:   1.00: :
last_frame : :ile: A: 687 :  0.082: -13.52:   1.00: :
last_frame : :glu: A: 688 :  0.094:-161.53:   1.00: :
last_frame : :val: A: 689 :  0.123: -25.52:   1.00: :
last_frame : :ile: A: 690 :  0.112: -55.98:   1.00: :
last_frame : :pro: A: 691 :  0.204: 151.77:   1.00: :
last_frame : :phe: A: 692 :  0.077:  -0.41:   1.00: :
last_frame : :leu: A: 693 :  0.042:-116.61:   1.00: :
last_frame : :val: A: 694 :  0.173: -97.74:   1.00: :
last_frame : :leu: A: 695 :  0.056:  94.62:   1.00: :
last_frame : :ala: A: 696 :  0.099:  99.52:   1.00: :
last_frame : :val: A: 697 :  0.185: -68.89:   1.00: :
last_frame : :val: A: 699 :  0.107: 179.51:   1.00: :
last_frame : :asp: A: 700 :  0.022: -70.41:   1.00: :
last_frame : :asn: A: 701 :  0.275: -37.07:   1.00: :
last_frame : :ile: A: 702 :  0.096:-127.37:   1.00: :
last_frame : :phe: A: 703 :  0.165: 143.61:   1.00: :
last_frame : :ile: A: 704 :  0.131:-138.79:   1.00: :
last_frame : :leu: A: 705 :  0.075: -91.05:   1.00: :
last_frame : :val: A: 706 :  0.226:-113.58:   1.00: :
last_frame : :gln: A: 707 :  0.102:  35.50:   1.00: :
last_frame : :ala: A: 708 :  0.111:  72.40:   1.00: :
last_frame : :tyr: A: 709 :  0.049: -11.95:   1.00: :
last_frame : :gln: A: 710 :  0.062:-162.88:   1.00: :
last_frame : :arg: A: 711 :  0.155:  75.81:   1.00: :
last_frame : :asp: A: 712 :  0.148: 120.41:   1.00: :
last_frame : :glu: A: 713 :  0.044:  93.91:   1.00: :
last_frame : :arg: A: 714 :  0.120:  55.29:   1.00: :
last_frame : :leu: A: 715 :  0.072:  63.83:   1.00: :
last_frame : :gln: A: 716 :  0.107:-150.29:   1.00: :
last_frame : :glu: A: 718 :  0.062:  29.63:   1.00: :
last_frame : :thr: A: 719 :  0.188:-122.64:   1.00: :
last_frame : :leu: A: 720 :  0.235:-133.11:   1.00: :
last_frame : :asp: A: 721 :  0.087:  29.94:   1.00: :
last_frame : :gln: A: 722 :  0.039:-158.14:   1.00: :
last_frame : :gln: A: 723 :  0.226:-132.71:   1.00: :
last_frame : :leu: A: 724 :  0.113: 130.41:   1.00: :
last_frame : :arg: A: 726 :  0.105:-107.04:   1.00: :
last_frame : :val: A: 727 :  0.131:  75.01:   1.00: :
last_frame : :leu: A: 728 :  0.199:-147.71:   1.00: :
last_frame : :glu: A: 730 :  0.261:-132.87:   1.00: :
last_frame : :val: A: 731 :  0.066: -24.96:   1.00: :
last_frame : :ala: A: 732 :  0.061:  11.28:   1.00: :
last_frame : :pro: A: 733 :  0.031: -91.41:   1.00: :
last_frame : :ser: A: 734 :  0.158:  96.70:   1.00: :
last_frame : :met: A: 735 :  0.188:  95.07:   1.00: :
last_frame : :phe: A: 736 :  0.084: -30.15:   1.00: :
last_frame : :leu: A: 737 :  0.245: 107.70:   1.00: :
last_frame : :ser: A: 738 :  0.084:-164.31:   1.00: :
last_frame : :ser: A: 739 :  0.063: 119.73:   1.00: :
last_frame : :phe: A: 740 :  0.067:  -8.10:   1.00: :
last_frame : :ser: A: 741 :  0.126:  19.62:   1.00: :
last_frame : :glu: A: 742 :  0.151: -65.91:   1.00: :
last_frame : :thr: A: 743 :  0.341:-122.56:   1.00: :
last_frame : :val: A: 744 :  0.039:  92.64:   1.00: :
last_frame : :ala: A: 745 :  0.103:-143.61:   1.00: :
last_frame : :phe: A: 746 :  0.303: -98.67:   1.00: :
last_frame : :phe: A: 747 :  0.098: -75.39:   1.00: :
last_frame : :leu: A: 748 :  0.261:-104.60:   1.00: :
last_frame : :ala: A: 750 :  0.124: 102.05:   1.00: :
last_frame : :leu: A: 751 :  0.128: 125.65:   1.00: :
last_frame : :ser: A: 752 :  0.158:-170.51:   1.00: :
last_frame : :val: A: 753 :  0.299:-142.77:   1.00: :
last_frame : :met: A: 754 :  0.249:-121.36:   1.00: :
last_frame : :pro: A: 755 :  0.079:-162.51:   1.00: :
last_frame : :ala: A: 756 :  0.023: 103.64:   1.00: :
last_frame : :val: A: 757 :  0.197:-147.33:   1.00: :
last_frame : :his: A: 758 :  0.315:-132.02:   1.00: :
last_frame : :thr: A: 759 :  0.138: -72.71:   1.00: :
last_frame : :phe: A: 760 :  0.084:-126.45:   1.00: :
last_frame : :ser: A: 761 :  0.186:-115.39:   1.00: :
last_frame : :leu: A: 762 :  0.286:-167.38:   1.00: :
last_frame : :phe: A: 763 :  0.157: -82.00:   1.00: :
last_frame : :ala: A: 764 :  0.122: 109.23:   1.00: :
last_frame : :leu: A: 766 :  0.095:-111.47:   1.00: :
last_frame : :ala: A: 767 :  0.063:-150.55:   1.00: :
last_frame : :val: A: 768 :  0.158:  50.49:   1.00: :
last_frame : :phe: A: 769 :  0.075: -76.07:   1.00: :
last_frame : :ile: A: 770 :  0.154:-146.21:   1.00: :
last_frame : :asp: A: 771 :  0.102:-109.32:   1.00: :
last_frame : :phe: A: 772 :  0.120:  43.36:   1.00: :
last_frame : :ala: A: 804 :  0.070:-149.76:   1.00: :
last_frame : :glu: A: 805 :  0.163: -76.91:   1.00: :
last_frame : :asp: A: 806 :  0.122: -19.46:   1.00: :
last_frame : :thr: A: 808 :  0.062:-145.21:   1.00: :
last_frame : :ser: A: 809 :  0.114:-117.64:   1.00: :
last_frame : :val: A: 810 :  0.230:-127.72:   1.00: :
last_frame : :gln: A: 811 :  0.191:-116.62:   1.00: :
last_frame : :ala: A: 812 :  0.037:  97.86:   1.00: :
last_frame : :ser: A: 813 :  0.242:  11.29:   1.00: :
last_frame : :glu: A: 814 :  0.062: 131.34:   1.00: :
last_frame : :ser: A: 815 :  0.090: 138.51:   1.00: :
last_frame : :cys: A: 816 :  0.058: 179.33:   1.00: :
last_frame : :leu: A: 817 :  0.144: -93.98:   1.00: :
last_frame : :phe: A: 818 :  0.170:  62.18:   1.00: :
last_frame : :arg: A: 819 :  0.078: 165.91:   1.00: :
last_frame : :phe: A: 820 :  0.308:-129.98:   1.00: :
last_frame : :phe: A: 821 :  0.157: -94.99:   1.00: :
last_frame : :lys: A: 822 :  0.169:-101.94:   1.00: :
last_frame : :asn: A: 823 :  0.135: 141.15:   1.00: :
last_frame : :ser: A: 824 :  0.251:-147.40:   1.00: :
last_frame : :tyr: A: 825 :  0.074:-101.70:   1.00: :
last_frame : :ser: A: 826 :  0.245:-100.52:   1.00: :
last_frame : :pro: A: 827 :  0.045: -63.59:   1.00: :
last_frame : :leu: A: 828 :  0.146:-139.51:   1.00: :
last_frame : :leu: A: 829 :  0.107:-103.47:   1.00: :
last_frame : :leu: A: 830 :  0.128:  58.93:   1.00: :
last_frame : :lys: A: 831 :  0.088: 113.25:   1.00: :
last_frame : :asp: A: 832 :  0.119: -29.56:   1.00: :
last_frame : :trp: A: 833 :  0.246: -96.75:   1.00: :
last_frame : :met: A: 834 :  0.166: -95.82:   1.00: :
last_frame : :arg: A: 835 :  0.062: -80.49:   1.00: :
last_frame : :pro: A: 836 :  0.126:-145.74:   1.00: :
last_frame : :ile: A: 837 :  0.149: -98.30:   1.00: :
last_frame : :val: A: 838 :  0.053: -80.70:   1.00: :
last_frame : :ile: A: 839 :  0.285:-120.06:   1.00: :
last_frame : :ala: A: 840 :  0.091:-164.43:   1.00: :
last_frame : :ile: A: 841 :  0.236: -96.65:   1.00: :
last_frame : :phe: A: 842 :  0.058:-116.79:   1.00: :
last_frame : :val: A: 843 :  0.154: -93.95:   1.00: :
last_frame : :val: A: 845 :  0.219: -99.58:   1.00: :
last_frame : :leu: A: 846 :  0.141: 114.87:   1.00: :
last_frame : :ser: A: 847 :  0.102:  74.97:   1.00: :
last_frame : :phe: A: 848 :  0.110:  37.02:   1.00: :
last_frame : :ser: A: 849 :  0.060: -43.21:   1.00: :
last_frame : :ile: A: 850 :  0.022: -25.07:   1.00: :
last_frame : :ala: A: 851 :  0.037: 151.44:   1.00: :
last_frame : :val: A: 852 :  0.140:-124.63:   1.00: :
last_frame : :leu: A: 853 :  0.094:   2.05:   1.00: :
last_frame : :asn: A: 854 :  0.162: 114.35:   1.00: :
last_frame : :lys: A: 855 :  0.168:  14.56:   1.00: :
last_frame : :val: A: 856 :  0.110:-133.49:   1.00: :
last_frame : :asp: A: 857 :  0.155:  76.69:   1.00: :
last_frame : :ile: A: 858 :  0.120: -54.47:   1.00: :
last_frame : :leu: A: 860 :  0.081:-126.54:   1.00: :
last_frame : :asp: A: 861 :  0.118:-130.42:   1.00: :
last_frame : :gln: A: 862 :  0.055: -30.44:   1.00: :
last_frame : :ser: A: 863 :  0.069: -80.93:   1.00: :
last_frame : :leu: A: 864 :  0.171: 154.97:   1.00: :
last_frame : :ser: A: 865 :  0.245:-121.99:   1.00: :
last_frame : :met: A: 866 :  0.229:-170.63:   1.00: :
last_frame : :pro: A: 867 :  0.256: -93.29:   1.00: :
last_frame : :asp: A: 868 :  0.266:-110.49:   1.00: :
last_frame : :asp: A: 869 :  0.107: -60.20:   1.00: :
last_frame : :ser: A: 870 :  0.094:-148.51:   1.00: :
last_frame : :tyr: A: 871 :  0.082:  66.26:   1.00: :
last_frame : :met: A: 872 :  0.071:-112.83:   1.00: :
last_frame : :val: A: 873 :  0.145:-130.53:   1.00: :
last_frame : :asp: A: 874 :  0.214: 179.82:   1.00: :
last_frame : :tyr: A: 875 :  0.107: -42.17:   1.00: :
last_frame : :phe: A: 876 :  0.082: 161.49:   1.00: :
last_frame : :lys: A: 877 :  0.141:-165.36:   1.00: :
last_frame : :ser: A: 878 :  0.193: 169.37:   1.00: :
last_frame : :ile: A: 879 :  0.095:-108.94:   1.00: :
last_frame : :ser: A: 880 :  0.137:  38.38:   1.00: :
last_frame : :gln: A: 881 :  0.134: -89.12:   1.00: :
last_frame : :tyr: A: 882 :  0.122:  13.30:   1.00: :
last_frame : :leu: A: 883 :  0.108: 114.37:   1.00: :
last_frame : :his: A: 884 :  0.188: 166.04:   1.00: :
last_frame : :ala: A: 885 :  0.122: 151.34:   1.00: :
last_frame : :pro: A: 887 :  0.743:-150.85:   1.00: :
last_frame : :pro: A: 888 :  0.349:-129.59:   1.00: :
last_frame : :val: A: 889 :  0.098:  85.46:   1.00: :
last_frame : :tyr: A: 890 :  0.225:-126.53:   1.00: :
last_frame : :phe: A: 891 :  0.178:-158.49:   1.00: :
last_frame : :val: A: 892 :  0.138: -45.09:   1.00: :
last_frame : :leu: A: 893 :  0.069: -37.24:   1.00: :
last_frame : :glu: A: 894 :  0.133:  71.27:   1.00: :
last_frame : :glu: A: 895 :  0.063: -21.90:   1.00: :
last_frame : :his: A: 897 :  0.109:-171.27:   1.00: :
last_frame : :asp: A: 898 :  0.138:-120.09:   1.00: :
last_frame : :tyr: A: 899 :  0.049: 144.17:   1.00: :
last_frame : :thr: A: 900 :  0.147: -95.83:   1.00: :
last_frame : :ser: A: 901 :  0.089: 165.91:   1.00: :
last_frame : :ser: A: 902 :  0.109: -40.14:   1.00: :
last_frame : :lys: A: 903 :  0.105:  35.87:   1.00: :
last_frame : :gln: A: 905 :  0.095:-118.46:   1.00: :
last_frame : :asn: A: 906 :  0.072:  26.85:   1.00: :
last_frame : :met: A: 907 :  0.067:-164.32:   1.00: :
last_frame : :val: A: 908 :  0.059: 154.76:   1.00: :
last_frame : :cys: A: 909 :  0.057:-147.93:   1.00: :
last_frame : :met: A: 912 :  0.156:  87.15:   1.00: :
last_frame : :cys: A: 914 :  0.079: 108.35:   1.00: :
last_frame : :asn: A: 915 :  0.141:  90.99:   1.00: :
last_frame : :asn: A: 916 :  0.178: 107.81:   1.00: :
last_frame : :asp: A: 917 :  0.210:-103.57:   1.00: :
last_frame : :ser: A: 918 :  0.038:  42.14:   1.00: :
last_frame : :leu: A: 919 :  0.128: 116.01:   1.00: :
last_frame : :val: A: 920 :  0.144:  28.23:   1.00: :
last_frame : :gln: A: 921 :  0.205:  90.37:   1.00: :
last_frame : :gln: A: 922 :  0.131: -75.29:   1.00: :
last_frame : :ile: A: 923 :  0.321: -86.52:   1.00: :
last_frame : :phe: A: 924 :  0.176: -95.42:   1.00: :
last_frame : :asn: A: 925 :  0.076:  23.81:   1.00: :
last_frame : :ala: A: 926 :  0.202:-173.84:   1.00: :
last_frame : :ala: A: 927 :  0.169:-179.86:   1.00: :
last_frame : :gln: A: 928 :  0.095:  61.89:   1.00: :
last_frame : :leu: A: 929 :  0.204: -24.81:   1.00: :
last_frame : :asp: A: 930 :  0.180:  93.91:   1.00: :
last_frame : :asn: A: 931 :  0.081:  -0.68:   1.00: :
last_frame : :tyr: A: 932 :  0.174:-130.15:   1.00: :
last_frame : :thr: A: 933 :  0.200:-159.08:   1.00: :
last_frame : :arg: A: 934 :  0.080:-135.78:   1.00: :
last_frame : :ile: A: 935 :  0.332: -90.18:   1.00: :
last_frame : :phe: A: 937 :  0.270:-101.02:   1.00: :
last_frame : :ala: A: 938 :  0.083: -17.21:   1.00: :
last_frame : :pro: A: 939 :  0.221: 109.31:   1.00: :
last_frame : :ser: A: 940 :  0.048: -58.41:   1.00: :
last_frame : :ser: A: 941 :  0.143:  -3.00:   1.00: :
last_frame : :trp: A: 942 :  0.108:-165.62:   1.00: :
last_frame : :ile: A: 943 :  0.355: -97.27:   1.00: :
last_frame : :asp: A: 944 :  0.101: -82.61:   1.00: :
last_frame : :asp: A: 945 :  0.069: -24.31:   1.00: :
last_frame : :tyr: A: 946 :  0.125: 177.38:   1.00: :
last_frame : :phe: A: 947 :  0.125:-126.93:   1.00: :
last_frame : :asp: A: 948 :  0.199:  22.64:   1.00: :
last_frame : :trp: A: 949 :  0.064:  -8.88:   1.00: :
last_frame : :val: A: 950 :  0.012:-132.17:   1.00: :
last_frame : :lys: A: 951 :  0.187: 147.48:   1.00: :
last_frame : :pro: A: 952 :  0.251:-115.95:   1.00: :
last_frame : :gln: A: 953 :  0.116:-122.08:   1.00: :
last_frame : :ser: A: 954 :  0.097: -31.90:   1.00: :
last_frame : :ser: A: 955 :  0.080:-125.17:   1.00: :
last_frame : :cys: A: 956 :  0.109: 124.14:   1.00: :
last_frame : :cys: A: 957 :  0.230: 130.53:   1.00: :
last_frame : :arg: A: 958 :  0.072:-176.94:   1.00: :
last_frame : :val: A: 959 :  0.188:  44.20:   1.00: :
last_frame : :pro: A: 984 :  0.071:-159.93:   1.00: :
last_frame : :glu: A: 985 :  0.082:  88.23:   1.00: :
last_frame : :lys: A: 987 :  0.061: 116.59:   1.00: :
last_frame : :gln: A: 988 :  0.035:-128.25:   1.00: :
last_frame : :arg: A: 989 :  0.135:-107.80:   1.00: :
last_frame : :pro: A: 990 :  0.144: 177.75:   1.00: :
last_frame : :gln: A: 991 :  0.116:   5.23:   1.00: :
last_frame : :asp: A: 994 :  0.052: -94.74:   1.00: :
last_frame : :phe: A: 995 :  0.024: -52.00:   1.00: :
last_frame : :met: A: 996 :  0.155: 134.65:   1.00: :
last_frame : :arg: A: 997 :  0.218: -47.83:   1.00: :
last_frame : :phe: A: 998 :  0.067:-118.04:   1.00: :
last_frame : :leu: A: 999 :  0.275:-104.79:   1.00: :
last_frame : :pro: A:1000 :  0.037: -88.39:   1.00: :
last_frame : :met: A:1001 :  0.081:-105.76:   1.00: :
last_frame : :phe: A:1002 :  0.198:-109.09:   1.00: :
last_frame : :leu: A:1003 :  0.081: -66.42:   1.00: :
last_frame : :ser: A:1004 :  0.066:-116.80:   1.00: :
last_frame : :asp: A:1005 :  0.041: -18.42:   1.00: :
last_frame : :asn: A:1006 :  0.138:   7.64:   1.00: :
last_frame : :pro: A:1007 :  0.144: 173.16:   1.00: :
last_frame : :asn: A:1008 :  0.230:-136.09:   1.00: :
last_frame : :pro: A:1009 :  0.077: 139.74:   1.00: :
last_frame : :lys: A:1010 :  0.144:  76.19:   1.00: :
last_frame : :cys: A:1011 :  0.158:-166.62:   1.00: :
last_frame : :lys: A:1013 :  0.066: 161.85:   1.00: :
last_frame : :his: A:1016 :  0.027: 119.20:   1.00: :
last_frame : :ala: A:1017 :  0.123:-133.71:   1.00: :
last_frame : :ala: A:1018 :  0.159:  46.86:   1.00: :
last_frame : :tyr: A:1019 :  0.050: 107.17:   1.00: :
last_frame : :ser: A:1020 :  0.298:   7.15:   1.00: :
last_frame : :ser: A:1021 :  0.160:-148.37:   1.00: :
last_frame : :ala: A:1022 :  0.051:  40.96:   1.00: :
last_frame : :val: A:1023 :  0.124: -61.12:   1.00: :
last_frame : :asn: A:1024 :  0.105: -88.24:   1.00: :
last_frame : :ile: A:1025 :  0.169: -85.35:   1.00: :
last_frame : :leu: A:1026 :  0.178: 154.63:   1.00: :
last_frame : :leu: A:1027 :  0.107:-130.10:   1.00: :
last_frame : :his: A:1029 :  0.076:-151.26:   1.00: :
last_frame : :thr: A:1031 :  0.160:  20.73:   1.00: :
last_frame : :arg: A:1032 :  0.119: -30.38:   1.00: :
last_frame : :val: A:1033 :  0.107:  67.73:   1.00: :
last_frame : :ala: A:1035 :  0.193: 119.38:   1.00: :
last_frame : :thr: A:1036 :  0.108: 107.60:   1.00: :
last_frame : :tyr: A:1037 :  0.084:  29.83:   1.00: :
last_frame : :phe: A:1038 :  0.259:  90.88:   1.00: :
last_frame : :met: A:1039 :  0.139: -91.21:   1.00: :
last_frame : :thr: A:1040 :  0.109: 130.06:   1.00: :
last_frame : :tyr: A:1041 :  0.338:-102.39:   1.00: :
last_frame : :his: A:1042 :  0.142: 133.71:   1.00: :
last_frame : :thr: A:1043 :  0.100:  -9.56:   1.00: :
last_frame : :val: A:1044 :  0.150:  66.57:   1.00: :
last_frame : :leu: A:1045 :  0.195:-158.88:   1.00: :
last_frame : :gln: A:1046 :  0.084:-167.03:   1.00: :
last_frame : :thr: A:1047 :  0.054:  22.39:   1.00: :
last_frame : :ser: A:1048 :  0.080:-106.25:   1.00: :
last_frame : :ala: A:1049 :  0.172: 105.98:   1.00: :
last_frame : :asp: A:1050 :  0.033: 106.84:   1.00: :
last_frame : :phe: A:1051 :  0.106: 123.58:   1.00: :
last_frame : :ile: A:1052 :  0.065:-104.14:   1.00: :
last_frame : :asp: A:1053 :  0.166:-176.24:   1.00: :
last_frame : :ala: A:1054 :  0.143: 131.35:   1.00: :
last_frame : :leu: A:1055 :  0.108: -39.21:   1.00: :
last_frame : :lys: A:1056 :  0.228: 151.87:   1.00: :
last_frame : :lys: A:1057 :  0.279:-122.79:   1.00: :
last_frame : :ala: A:1058 :  0.125:-165.58:   1.00: :
last_frame : :arg: A:1059 :  0.175: -51.85:   1.00: :
last_frame : :leu: A:1060 :  0.130:-156.50:   1.00: :
last_frame : :ile: A:1061 :  0.100:-155.48:   1.00: :
last_frame : :ala: A:1062 :  0.193:-113.86:   1.00: :
last_frame : :ser: A:1063 :  0.162:-111.69:   1.00: :
last_frame : :asn: A:1064 :  0.242:-166.92:   1.00: :
last_frame : :val: A:1065 :  0.074: -50.79:   1.00: :
last_frame : :thr: A:1066 :  0.060:-146.17:   1.00: :
last_frame : :glu: A:1067 :  0.172:-112.87:   1.00: :
last_frame : :thr: A:1068 :  0.239:-104.17:   1.00: :
last_frame : :met: A:1069 :  0.185:-169.14:   1.00: :
last_frame : :ile: A:1071 :  0.188:-117.91:   1.00: :
last_frame : :asn: A:1072 :  0.179: 168.93:   1.00: :
last_frame : :ser: A:1074 :  0.086:  96.04:   1.00: :
last_frame : :ala: A:1075 :  0.216: 107.04:   1.00: :
last_frame : :tyr: A:1076 :  0.267:-133.03:   1.00: :
last_frame : :arg: A:1077 :  0.118: -50.68:   1.00: :
last_frame : :val: A:1078 :  0.044:-148.31:   1.00: :
last_frame : :phe: A:1079 :  0.054: 158.97:   1.00: :
last_frame : :pro: A:1080 :  0.128: -98.33:   1.00: :
last_frame : :tyr: A:1081 :  0.156:  81.27:   1.00: :
last_frame : :ser: A:1082 :  0.153:  61.47:   1.00: :
last_frame : :val: A:1083 :  0.147:-122.36:   1.00: :
last_frame : :phe: A:1084 :  0.105: -54.69:   1.00: :
last_frame : :tyr: A:1085 :  0.161:-123.60:   1.00: :
last_frame : :val: A:1086 :  0.087:  51.51:   1.00: :
last_frame : :phe: A:1087 :  0.037: 131.50:   1.00: :
last_frame : :tyr: A:1088 :  0.153:-161.29:   1.00: :
last_frame : :glu: A:1089 :  0.069: 118.00:   1.00: :
last_frame : :gln: A:1090 :  0.098:  66.82:   1.00: :
last_frame : :tyr: A:1091 :  0.099: -45.75:   1.00: :
last_frame : :leu: A:1092 :  0.068:  95.04:   1.00: :
last_frame : :thr: A:1093 :  0.141:  52.26:   1.00: :
last_frame : :ile: A:1094 :  0.122: -20.50:   1.00: :
last_frame : :ile: A:1095 :  0.088: -69.29:   1.00: :
last_frame : :asp: A:1096 :  0.068:-121.02:   1.00: :
last_frame : :asp: A:1097 :  0.048:-154.53:   1.00: :
last_frame : :thr: A:1098 :  0.140:-124.57:   1.00: :
last_frame : :ile: A:1099 :  0.138:-120.49:   1.00: :
last_frame : :phe: A:1100 :  0.105:-124.24:   1.00: :
last_frame : :asn: A:1101 :  0.223:-125.08:   1.00: :
last_frame : :leu: A:1102 :  0.153:-128.01:   1.00: :
last_frame : :val: A:1104 :  0.191:-102.96:   1.00: :
last_frame : :ser: A:1105 :  0.190:-146.99:   1.00: :
last_frame : :leu: A:1106 :  0.171: 157.07:   1.00: :
last_frame : :ala: A:1108 :  0.191: 100.04:   1.00: :
last_frame : :ile: A:1109 :  0.092: -12.14:   1.00: :
last_frame : :phe: A:1110 :  0.046: 137.70:   1.00: :
last_frame : :leu: A:1111 :  0.054:  47.84:   1.00: :
last_frame : :val: A:1112 :  0.164:-133.07:   1.00: :
last_frame : :thr: A:1113 :  0.248:-132.55:   1.00: :
last_frame : :met: A:1114 :  0.146:   3.75:   1.00: :
last_frame : :val: A:1115 :  0.104:-118.61:   1.00: :
last_frame : :leu: A:1116 :  0.161: 126.95:   1.00: :
last_frame : :leu: A:1117 :  0.033:  50.95:   1.00: :
last_frame : :cys: A:1119 :  0.209:  82.13:   1.00: :
last_frame : :glu: A:1120 :  0.196:-153.54:   1.00: :
last_frame : :leu: A:1121 :  0.189:  61.84:   1.00: :
last_frame : :trp: A:1122 :  0.195:-149.93:   1.00: :
last_frame : :ser: A:1123 :  0.073:  46.22:   1.00: :
last_frame : :ala: A:1124 :  0.166:-178.33:   1.00: :
last_frame : :val: A:1125 :  0.166:-155.12:   1.00: :
last_frame : :ile: A:1126 :  0.390:-134.98:   1.00: :
last_frame : :met: A:1127 :  0.158:-122.79:   1.00: :
last_frame : :cys: A:1128 :  0.233:-153.06:   1.00: :
last_frame : :ala: A:1129 :  0.169: -74.86:   1.00: :
last_frame : :thr: A:1130 :  0.122:-162.69:   1.00: :
last_frame : :ile: A:1131 :  0.297:-106.83:   1.00: :
last_frame : :ala: A:1132 :  0.073: 164.26:   1.00: :
last_frame : :met: A:1133 :  0.248:-107.01:   1.00: :
last_frame : :val: A:1134 :  0.040: -52.08:   1.00: :
last_frame : :leu: A:1135 :  0.018:  42.66:   1.00: :
last_frame : :val: A:1136 :  0.125:-101.80:   1.00: :
last_frame : :asn: A:1137 :  0.186:-136.51:   1.00: :
last_frame : :met: A:1138 :  0.274: 151.81:   1.00: :
last_frame : :phe: A:1139 :  0.053:  10.09:   1.00: :
last_frame : :val: A:1141 :  0.159:-136.87:   1.00: :
last_frame : :met: A:1142 :  0.203: 141.04:   1.00: :
last_frame : :trp: A:1143 :  0.138:-179.79:   1.00: :
last_frame : :leu: A:1144 :  0.087: 121.47:   1.00: :
last_frame : :trp: A:1145 :  0.130:-123.94:   1.00: :
last_frame : :ile: A:1147 :  0.098:   4.82:   1.00: :
last_frame : :ser: A:1148 :  0.085: 130.20:   1.00: :
last_frame : :leu: A:1149 :  0.117: -10.84:   1.00: :
last_frame : :asn: A:1150 :  0.225:-157.65:   1.00: :
last_frame : :ala: A:1151 :  0.028: 148.26:   1.00: :
last_frame : :val: A:1152 :  0.100: -59.79:   1.00: :
last_frame : :ser: A:1153 :  0.026: 127.36:   1.00: :
last_frame : :leu: A:1154 :  0.304:  70.36:   1.00: :
last_frame : :val: A:1155 :  0.205:-110.37:   1.00: :
last_frame : :asn: A:1156 :  0.191:-132.51:   1.00: :
last_frame : :leu: A:1157 :  0.094: 170.65:   1.00: :
last_frame : :val: A:1158 :  0.251:-138.72:   1.00: :
last_frame : :met: A:1159 :  0.171:-141.33:   1.00: :
last_frame : :ser: A:1160 :  0.067: -97.87:   1.00: :
last_frame : :cys: A:1161 :  0.130: 170.85:   1.00: :
last_frame : :ile: A:1163 :  0.147: -93.24:   1.00: :
last_frame : :ser: A:1164 :  0.135:-170.90:   1.00: :
last_frame : :val: A:1165 :  0.100:-136.30:   1.00: :
last_frame : :glu: A:1166 :  0.303:-106.61:   1.00: :
last_frame : :phe: A:1167 :  0.276:-147.43:   1.00: :
last_frame : :cys: A:1168 :  0.049:-172.98:   1.00: :
last_frame : :ser: A:1169 :  0.301:-154.22:   1.00: :
last_frame : :his: A:1170 :  0.109:  -4.93:   1.00: :
last_frame : :ile: A:1171 :  0.214: -62.99:   1.00: :
last_frame : :thr: A:1172 :  0.082:-127.47:   1.00: :
last_frame : :arg: A:1173 :  0.248:-118.32:   1.00: :
last_frame : :ala: A:1174 :  0.156:  78.09:   1.00: :
last_frame : :phe: A:1175 :  0.123:-139.51:   1.00: :
last_frame : :thr: A:1176 :  0.244: -97.65:   1.00: :
last_frame : :val: A:1177 :  0.119: -74.81:   1.00: :
last_frame : :ser: A:1178 :  0.215: -99.94:   1.00: :
last_frame : :met: A:1179 :  0.112:-109.22:   1.00: :
last_frame : :lys: A:1180 :  0.064: 150.55:   1.00: :
last_frame : :ser: A:1182 :  0.088:   8.87:   1.00: :
last_frame : :arg: A:1183 :  0.217: 146.87:   1.00: :
last_frame : :val: A:1184 :  0.100: 160.11:   1.00: :
last_frame : :glu: A:1185 :  0.143: 125.37:   1.00: :
last_frame : :arg: A:1186 :  0.176: -68.37:   1.00: :
last_frame : :ala: A:1187 :  0.072:  59.30:   1.00: :
last_frame : :glu: A:1188 :  0.055:  16.70:   1.00: :
last_frame : :glu: A:1189 :  0.092: 105.59:   1.00: :
last_frame : :ala: A:1190 :  0.086:  25.06:   1.00: :
last_frame : :leu: A:1191 :  0.097:  32.26:   1.00: :
last_frame : :ala: A:1192 :  0.075: -41.85:   1.00: :
last_frame : :his: A:1193 :  0.060: 144.97:   1.00: :
last_frame : :met: A:1194 :  0.034:  39.56:   1.00: :
last_frame : :ser: A:1196 :  0.238:  37.87:   1.00: :
last_frame : :ser: A:1197 :  0.073:  68.96:   1.00: :
last_frame : :val: A:1198 :  0.088: -91.73:   1.00: :
last_frame : :phe: A:1199 :  0.175: -67.34:   1.00: :
last_frame : :ser: A:1200 :  0.261:-115.80:   1.00: :
last_frame : :ile: A:1202 :  0.121: -19.93:   1.00: :
last_frame : :thr: A:1203 :  0.215:-119.98:   1.00: :
last_frame : :leu: A:1204 :  0.156:-144.76:   1.00: :
last_frame : :thr: A:1205 :  0.212: 144.76:   1.00: :
last_frame : :lys: A:1206 :  0.062: -90.92:   1.00: :
last_frame : :phe: A:1207 :  0.097:-128.62:   1.00: :
last_frame : :ile: A:1210 :  0.301: -79.07:   1.00: :
last_frame : :val: A:1211 :  0.138: -75.53:   1.00: :
last_frame : :val: A:1212 :  0.047: 168.73:   1.00: :
last_frame : :leu: A:1213 :  0.240:   0.24:   1.00: :
last_frame : :ala: A:1214 :  0.099: 153.06:   1.00: :
last_frame : :phe: A:1215 :  0.098:  -2.95:   1.00: :
last_frame : :ala: A:1216 :  0.114:-154.16:   1.00: :
last_frame : :lys: A:1217 :  0.160:  76.69:   1.00: :
last_frame : :ser: A:1218 :  0.091: -41.52:   1.00: :
last_frame : :gln: A:1219 :  0.308:-160.12:   1.00: :
last_frame : :ile: A:1220 :  0.070:-130.75:   1.00: :
last_frame : :phe: A:1221 :  0.327:-146.27:   1.00: :
last_frame : :gln: A:1222 :  0.103:-111.58:   1.00: :
last_frame : :ile: A:1223 :  0.317:-107.59:   1.00: :
last_frame : :phe: A:1224 :  0.157: 100.81:   1.00: :
last_frame : :tyr: A:1225 :  0.166: -23.35:   1.00: :
last_frame : :phe: A:1226 :  0.159: 124.42:   1.00: :
last_frame : :arg: A:1227 :  0.134:  11.89:   1.00: :
last_frame : :met: A:1228 :  0.096: 154.22:   1.00: :
last_frame : :tyr: A:1229 :  0.202:-133.68:   1.00: :
last_frame : :leu: A:1230 :  0.121:  94.84:   1.00: :
last_frame : :ala: A:1231 :  0.022:  73.11:   1.00: :
last_frame : :met: A:1232 :  0.093:-176.62:   1.00: :
last_frame : :val: A:1233 :  0.099: -11.48:   1.00: :
last_frame : :leu: A:1234 :  0.155:  30.73:   1.00: :
last_frame : :leu: A:1235 :  0.220: -95.19:   1.00: :
last_frame : :ala: A:1237 :  0.121:-153.94:   1.00: :
last_frame : :thr: A:1238 :  0.287:-157.76:   1.00: :
last_frame : :his: A:1239 :  0.092:  98.28:   1.00: :
last_frame : :leu: A:1241 :  0.136: 122.63:   1.00: :
last_frame : :ile: A:1242 :  0.164: -91.04:   1.00: :
last_frame : :phe: A:1243 :  0.271:-137.96:   1.00: :
last_frame : :leu: A:1244 :  0.135:-143.16:   1.00: :
last_frame : :pro: A:1245 :  0.189:-130.25:   1.00: :
last_frame : :val: A:1246 :  0.076: -36.01:   1.00: :
last_frame : :leu: A:1247 :  0.081: 159.51:   1.00: :
last_frame : :leu: A:1248 :  0.062: -70.89:   1.00: :
last_frame : :ser: A:1249 :  0.229: 149.45:   1.00: :
last_frame : :tyr: A:1250 :  0.083:-104.56:   1.00: :
last_frame : :ile: A:1251 :  0.067:-106.78:   1.00: :
SUMMARY: 76 C-beta deviations >= 0.25 Angstrom (Goal: 0)
