pdb:alt:res:chainID:resnum:dev:dihedralNABB:Occ:ALT:
3jd8_cryst_altered : :gln: A:  23 :  0.018:  84.12:   1.00: :
3jd8_cryst_altered : :ser: A:  24 :  0.035: 169.95:   1.00: :
3jd8_cryst_altered : :cys: A:  25 :  0.095:  55.82:   1.00: :
3jd8_cryst_altered : :val: A:  26 :  0.127:-124.24:   1.00: :
3jd8_cryst_altered : :trp: A:  27 :  0.106:-108.98:   1.00: :
3jd8_cryst_altered : :tyr: A:  28 :  0.039:-104.86:   1.00: :
3jd8_cryst_altered : :glu: A:  30 :  0.014: 113.69:   1.00: :
3jd8_cryst_altered : :cys: A:  31 :  0.169: -90.01:   1.00: :
3jd8_cryst_altered : :ile: A:  33 :  0.045: -99.53:   1.00: :
3jd8_cryst_altered : :ala: A:  34 :  0.061: -27.03:   1.00: :
3jd8_cryst_altered : :tyr: A:  35 :  0.053:  69.61:   1.00: :
3jd8_cryst_altered : :asp: A:  37 :  0.146:-118.64:   1.00: :
3jd8_cryst_altered : :lys: A:  38 :  0.075: -68.27:   1.00: :
3jd8_cryst_altered : :arg: A:  39 :  0.087: 105.29:   1.00: :
3jd8_cryst_altered : :tyr: A:  40 :  0.174:  82.36:   1.00: :
3jd8_cryst_altered : :asn: A:  41 :  0.026:   6.92:   1.00: :
3jd8_cryst_altered : :cys: A:  42 :  0.099:  92.06:   1.00: :
3jd8_cryst_altered : :glu: A:  43 :  0.014: 124.40:   1.00: :
3jd8_cryst_altered : :tyr: A:  44 :  0.034:  97.82:   1.00: :
3jd8_cryst_altered : :ser: A:  45 :  0.059:-100.99:   1.00: :
3jd8_cryst_altered : :pro: A:  47 :  0.029:  93.84:   1.00: :
3jd8_cryst_altered : :pro: A:  48 :  0.073: 102.16:   1.00: :
3jd8_cryst_altered : :lys: A:  49 :  0.039:  64.33:   1.00: :
3jd8_cryst_altered : :pro: A:  50 :  0.078:  83.57:   1.00: :
3jd8_cryst_altered : :leu: A:  51 :  0.015:  82.86:   1.00: :
3jd8_cryst_altered : :pro: A:  52 :  0.067:  86.66:   1.00: :
3jd8_cryst_altered : :lys: A:  53 :  0.108: -96.58:   1.00: :
3jd8_cryst_altered : :asp: A:  54 :  0.139:-125.29:   1.00: :
3jd8_cryst_altered : :tyr: A:  56 :  0.064:-124.74:   1.00: :
3jd8_cryst_altered : :asp: A:  57 :  0.052:-153.54:   1.00: :
3jd8_cryst_altered : :leu: A:  58 :  0.012: 122.83:   1.00: :
3jd8_cryst_altered : :val: A:  59 :  0.221:-105.83:   1.00: :
3jd8_cryst_altered : :gln: A:  60 :  0.097:  85.69:   1.00: :
3jd8_cryst_altered : :glu: A:  61 :  0.061:  54.22:   1.00: :
3jd8_cryst_altered : :leu: A:  62 :  0.058: 103.17:   1.00: :
3jd8_cryst_altered : :cys: A:  63 :  0.021:  64.34:   1.00: :
3jd8_cryst_altered : :pro: A:  64 :  0.041: 172.88:   1.00: :
3jd8_cryst_altered : :phe: A:  66 :  0.080:  68.39:   1.00: :
3jd8_cryst_altered : :phe: A:  67 :  0.086: -94.27:   1.00: :
3jd8_cryst_altered : :phe: A:  68 :  0.049:-104.08:   1.00: :
3jd8_cryst_altered : :asn: A:  70 :  0.027:-118.88:   1.00: :
3jd8_cryst_altered : :val: A:  71 :  0.058:-102.37:   1.00: :
3jd8_cryst_altered : :ser: A:  72 :  0.024: 118.74:   1.00: :
3jd8_cryst_altered : :leu: A:  73 :  0.051:  26.82:   1.00: :
3jd8_cryst_altered : :cys: A:  74 :  0.022: -21.68:   1.00: :
3jd8_cryst_altered : :cys: A:  75 :  0.048:  69.85:   1.00: :
3jd8_cryst_altered : :asp: A:  76 :  0.107:-111.25:   1.00: :
3jd8_cryst_altered : :val: A:  77 :  0.068: -80.52:   1.00: :
3jd8_cryst_altered : :arg: A:  78 :  0.037:-103.82:   1.00: :
3jd8_cryst_altered : :gln: A:  79 :  0.036:  22.10:   1.00: :
3jd8_cryst_altered : :leu: A:  80 :  0.016: -64.13:   1.00: :
3jd8_cryst_altered : :gln: A:  81 :  0.014: -21.51:   1.00: :
3jd8_cryst_altered : :thr: A:  82 :  0.062: -37.14:   1.00: :
3jd8_cryst_altered : :leu: A:  83 :  0.065: -84.78:   1.00: :
3jd8_cryst_altered : :lys: A:  84 :  0.045:-154.61:   1.00: :
3jd8_cryst_altered : :asp: A:  85 :  0.069: -77.46:   1.00: :
3jd8_cryst_altered : :asn: A:  86 :  0.060:-113.50:   1.00: :
3jd8_cryst_altered : :leu: A:  87 :  0.031:-122.45:   1.00: :
3jd8_cryst_altered : :gln: A:  88 :  0.054:-115.15:   1.00: :
3jd8_cryst_altered : :leu: A:  89 :  0.209:-116.96:   1.00: :
3jd8_cryst_altered : :pro: A:  90 :  0.064: 108.36:   1.00: :
3jd8_cryst_altered : :leu: A:  91 :  0.066:  51.53:   1.00: :
3jd8_cryst_altered : :gln: A:  92 :  0.023:  54.36:   1.00: :
3jd8_cryst_altered : :phe: A:  93 :  0.073: -93.67:   1.00: :
3jd8_cryst_altered : :leu: A:  94 :  0.015: 103.56:   1.00: :
3jd8_cryst_altered : :ser: A:  95 :  0.077:-125.88:   1.00: :
3jd8_cryst_altered : :arg: A:  96 :  0.016:-118.07:   1.00: :
3jd8_cryst_altered : :cys: A:  97 :  0.011:  84.08:   1.00: :
3jd8_cryst_altered : :pro: A:  98 :  0.072:-116.99:   1.00: :
3jd8_cryst_altered : :ser: A:  99 :  0.039:-162.30:   1.00: :
3jd8_cryst_altered : :cys: A: 100 :  0.034:   7.62:   1.00: :
3jd8_cryst_altered : :phe: A: 101 :  0.030: -73.36:   1.00: :
3jd8_cryst_altered : :tyr: A: 102 :  0.037:   7.35:   1.00: :
3jd8_cryst_altered : :asn: A: 103 :  0.025:-155.33:   1.00: :
3jd8_cryst_altered : :leu: A: 104 :  0.037: -39.24:   1.00: :
3jd8_cryst_altered : :leu: A: 105 :  0.035:  15.42:   1.00: :
3jd8_cryst_altered : :asn: A: 106 :  0.122:-107.30:   1.00: :
3jd8_cryst_altered : :leu: A: 107 :  0.034: -32.47:   1.00: :
3jd8_cryst_altered : :phe: A: 108 :  0.105: -80.64:   1.00: :
3jd8_cryst_altered : :cys: A: 109 :  0.116:  81.18:   1.00: :
3jd8_cryst_altered : :glu: A: 110 :  0.026:  67.69:   1.00: :
3jd8_cryst_altered : :leu: A: 111 :  0.089:  52.11:   1.00: :
3jd8_cryst_altered : :thr: A: 112 :  0.059: -52.70:   1.00: :
3jd8_cryst_altered : :cys: A: 113 :  0.058: 113.43:   1.00: :
3jd8_cryst_altered : :ser: A: 114 :  0.045:-173.25:   1.00: :
3jd8_cryst_altered : :pro: A: 115 :  0.058:  99.86:   1.00: :
3jd8_cryst_altered : :arg: A: 116 :  0.168:-124.49:   1.00: :
3jd8_cryst_altered : :gln: A: 117 :  0.169:  99.82:   1.00: :
3jd8_cryst_altered : :ser: A: 118 :  0.089:-135.39:   1.00: :
3jd8_cryst_altered : :gln: A: 119 :  0.045: 145.15:   1.00: :
3jd8_cryst_altered : :phe: A: 120 :  0.151:-112.52:   1.00: :
3jd8_cryst_altered : :leu: A: 121 :  0.084: 100.68:   1.00: :
3jd8_cryst_altered : :asn: A: 122 :  0.006:-128.77:   1.00: :
3jd8_cryst_altered : :val: A: 123 :  0.027: -84.48:   1.00: :
3jd8_cryst_altered : :thr: A: 124 :  0.068:-140.45:   1.00: :
3jd8_cryst_altered : :ala: A: 125 :  0.013: 138.21:   1.00: :
3jd8_cryst_altered : :thr: A: 126 :  0.058: 108.89:   1.00: :
3jd8_cryst_altered : :glu: A: 127 :  0.102: -89.77:   1.00: :
3jd8_cryst_altered : :asp: A: 128 :  0.029: 125.08:   1.00: :
3jd8_cryst_altered : :tyr: A: 129 :  0.037: 166.49:   1.00: :
3jd8_cryst_altered : :val: A: 130 :  0.079:-104.05:   1.00: :
3jd8_cryst_altered : :asp: A: 131 :  0.050:  13.71:   1.00: :
3jd8_cryst_altered : :pro: A: 132 :  0.040: 150.69:   1.00: :
3jd8_cryst_altered : :val: A: 133 :  0.171:-117.49:   1.00: :
3jd8_cryst_altered : :thr: A: 134 :  0.059:-129.77:   1.00: :
3jd8_cryst_altered : :asn: A: 135 :  0.155:-117.26:   1.00: :
3jd8_cryst_altered : :gln: A: 136 :  0.029:-175.48:   1.00: :
3jd8_cryst_altered : :thr: A: 137 :  0.063: -78.87:   1.00: :
3jd8_cryst_altered : :lys: A: 138 :  0.027: -80.92:   1.00: :
3jd8_cryst_altered : :thr: A: 139 :  0.079: -10.62:   1.00: :
3jd8_cryst_altered : :asn: A: 140 :  0.139:  97.13:   1.00: :
3jd8_cryst_altered : :val: A: 141 :  0.102: -99.39:   1.00: :
3jd8_cryst_altered : :lys: A: 142 :  0.070:-115.17:   1.00: :
3jd8_cryst_altered : :glu: A: 143 :  0.058:  57.16:   1.00: :
3jd8_cryst_altered : :leu: A: 144 :  0.015:-111.08:   1.00: :
3jd8_cryst_altered : :gln: A: 145 :  0.084:  29.23:   1.00: :
3jd8_cryst_altered : :tyr: A: 146 :  0.135:  54.55:   1.00: :
3jd8_cryst_altered : :tyr: A: 147 :  0.069: -54.69:   1.00: :
3jd8_cryst_altered : :val: A: 148 :  0.035:  72.32:   1.00: :
3jd8_cryst_altered : :gln: A: 150 :  0.056:  35.16:   1.00: :
3jd8_cryst_altered : :ser: A: 151 :  0.024: -37.15:   1.00: :
3jd8_cryst_altered : :phe: A: 152 :  0.046:-162.19:   1.00: :
3jd8_cryst_altered : :ala: A: 153 :  0.065: -99.88:   1.00: :
3jd8_cryst_altered : :asn: A: 154 :  0.085:  37.87:   1.00: :
3jd8_cryst_altered : :ala: A: 155 :  0.038:  60.27:   1.00: :
3jd8_cryst_altered : :met: A: 156 :  0.040: -31.48:   1.00: :
3jd8_cryst_altered : :tyr: A: 157 :  0.054:  11.91:   1.00: :
3jd8_cryst_altered : :asn: A: 158 :  0.023:-119.57:   1.00: :
3jd8_cryst_altered : :ala: A: 159 :  0.067:-127.25:   1.00: :
3jd8_cryst_altered : :cys: A: 160 :  0.076: 108.17:   1.00: :
3jd8_cryst_altered : :arg: A: 161 :  0.072:-109.69:   1.00: :
3jd8_cryst_altered : :asp: A: 162 :  0.084: 130.95:   1.00: :
3jd8_cryst_altered : :val: A: 163 :  0.025: 173.65:   1.00: :
3jd8_cryst_altered : :glu: A: 164 :  0.001: 146.88:   1.00: :
3jd8_cryst_altered : :ala: A: 165 :  0.018: -63.26:   1.00: :
3jd8_cryst_altered : :pro: A: 166 :  0.060: 114.02:   1.00: :
3jd8_cryst_altered : :ser: A: 167 :  0.002:-106.88:   1.00: :
3jd8_cryst_altered : :ser: A: 168 :  0.002:  66.92:   1.00: :
3jd8_cryst_altered : :asn: A: 169 :  0.014:-122.30:   1.00: :
3jd8_cryst_altered : :asp: A: 170 :  0.002:  49.06:   1.00: :
3jd8_cryst_altered : :lys: A: 171 :  0.001:-140.67:   1.00: :
3jd8_cryst_altered : :ala: A: 172 :  0.011:-137.63:   1.00: :
3jd8_cryst_altered : :leu: A: 173 :  0.115:-114.47:   1.00: :
3jd8_cryst_altered : :leu: A: 175 :  0.013:-105.78:   1.00: :
3jd8_cryst_altered : :leu: A: 176 :  0.016: 118.77:   1.00: :
3jd8_cryst_altered : :cys: A: 177 :  0.033:   2.31:   1.00: :
3jd8_cryst_altered : :lys: A: 179 :  0.039:  98.71:   1.00: :
3jd8_cryst_altered : :asp: A: 180 :  0.047: -98.96:   1.00: :
3jd8_cryst_altered : :ala: A: 181 :  0.018: -80.54:   1.00: :
3jd8_cryst_altered : :asp: A: 182 :  0.158:-117.08:   1.00: :
3jd8_cryst_altered : :ala: A: 183 :  0.023:  64.18:   1.00: :
3jd8_cryst_altered : :cys: A: 184 :  0.039: -74.92:   1.00: :
3jd8_cryst_altered : :asn: A: 185 :  0.020:  63.16:   1.00: :
3jd8_cryst_altered : :ala: A: 186 :  0.045:-146.67:   1.00: :
3jd8_cryst_altered : :thr: A: 187 :  0.044: -95.57:   1.00: :
3jd8_cryst_altered : :asn: A: 188 :  0.267:-116.73:   1.00: :
3jd8_cryst_altered : :trp: A: 189 :  0.031:   3.34:   1.00: :
3jd8_cryst_altered : :ile: A: 190 :  0.088: -84.06:   1.00: :
3jd8_cryst_altered : :glu: A: 191 :  0.003:-112.64:   1.00: :
3jd8_cryst_altered : :tyr: A: 192 :  0.037: 132.13:   1.00: :
3jd8_cryst_altered : :met: A: 193 :  0.031: 137.04:   1.00: :
3jd8_cryst_altered : :phe: A: 194 :  0.085:  70.95:   1.00: :
3jd8_cryst_altered : :asn: A: 195 :  0.002:  72.35:   1.00: :
3jd8_cryst_altered : :lys: A: 196 :  0.010:-111.78:   1.00: :
3jd8_cryst_altered : :asp: A: 197 :  0.002:  67.68:   1.00: :
3jd8_cryst_altered : :asn: A: 198 :  0.185:-119.97:   1.00: :
3jd8_cryst_altered : :gln: A: 200 :  0.063:-137.93:   1.00: :
3jd8_cryst_altered : :ala: A: 201 :  0.133:  50.66:   1.00: :
3jd8_cryst_altered : :pro: A: 202 :  0.037: 153.81:   1.00: :
3jd8_cryst_altered : :phe: A: 203 :  0.053:  99.35:   1.00: :
3jd8_cryst_altered : :thr: A: 204 :  0.097: -85.00:   1.00: :
3jd8_cryst_altered : :ile: A: 205 :  0.070:  61.21:   1.00: :
3jd8_cryst_altered : :thr: A: 206 :  0.051: -20.05:   1.00: :
3jd8_cryst_altered : :pro: A: 207 :  0.064:  98.25:   1.00: :
3jd8_cryst_altered : :val: A: 208 :  0.083:  54.64:   1.00: :
3jd8_cryst_altered : :phe: A: 209 :  0.037:  83.20:   1.00: :
3jd8_cryst_altered : :ser: A: 210 :  0.055:  67.20:   1.00: :
3jd8_cryst_altered : :asp: A: 211 :  0.012:-138.79:   1.00: :
3jd8_cryst_altered : :phe: A: 212 :  0.152:  58.67:   1.00: :
3jd8_cryst_altered : :pro: A: 213 :  0.020: 155.44:   1.00: :
3jd8_cryst_altered : :val: A: 214 :  0.071:  53.04:   1.00: :
3jd8_cryst_altered : :his: A: 215 :  0.042: -70.42:   1.00: :
3jd8_cryst_altered : :met: A: 217 :  0.091: 103.93:   1.00: :
3jd8_cryst_altered : :glu: A: 218 :  0.065:  46.08:   1.00: :
3jd8_cryst_altered : :pro: A: 219 :  0.026: 149.64:   1.00: :
3jd8_cryst_altered : :met: A: 220 :  0.073:   6.70:   1.00: :
3jd8_cryst_altered : :asn: A: 221 :  0.069: -89.78:   1.00: :
3jd8_cryst_altered : :asn: A: 222 :  0.024:  60.94:   1.00: :
3jd8_cryst_altered : :ala: A: 223 :  0.008: 108.63:   1.00: :
3jd8_cryst_altered : :thr: A: 224 :  0.066:  71.92:   1.00: :
3jd8_cryst_altered : :lys: A: 225 :  0.039: 101.56:   1.00: :
3jd8_cryst_altered : :cys: A: 227 :  0.086:-114.17:   1.00: :
3jd8_cryst_altered : :asp: A: 228 :  0.088: -86.49:   1.00: :
3jd8_cryst_altered : :glu: A: 229 :  0.055:  87.54:   1.00: :
3jd8_cryst_altered : :ser: A: 230 :  0.042:  71.02:   1.00: :
3jd8_cryst_altered : :val: A: 231 :  0.073:-114.33:   1.00: :
3jd8_cryst_altered : :asp: A: 232 :  0.055: -98.70:   1.00: :
3jd8_cryst_altered : :glu: A: 233 :  0.012: -99.75:   1.00: :
3jd8_cryst_altered : :val: A: 234 :  0.094:-104.89:   1.00: :
3jd8_cryst_altered : :thr: A: 235 :  0.027:   8.90:   1.00: :
3jd8_cryst_altered : :ala: A: 236 :  0.021: -30.49:   1.00: :
3jd8_cryst_altered : :pro: A: 237 :  0.065:  93.13:   1.00: :
3jd8_cryst_altered : :cys: A: 238 :  0.037:  41.50:   1.00: :
3jd8_cryst_altered : :ser: A: 239 :  0.052:  67.66:   1.00: :
3jd8_cryst_altered : :cys: A: 240 :  0.034:-118.22:   1.00: :
3jd8_cryst_altered : :gln: A: 241 :  0.026:  14.67:   1.00: :
3jd8_cryst_altered : :asp: A: 242 :  0.074:  93.13:   1.00: :
3jd8_cryst_altered : :cys: A: 243 :  0.003:-119.31:   1.00: :
3jd8_cryst_altered : :ser: A: 244 :  0.001:  92.57:   1.00: :
3jd8_cryst_altered : :ile: A: 245 :  0.001: -84.43:   1.00: :
3jd8_cryst_altered : :val: A: 246 :  0.003: -82.69:   1.00: :
3jd8_cryst_altered : :cys: A: 247 :  0.001: 144.92:   1.00: :
3jd8_cryst_altered : :pro: A: 249 :  0.066:  88.17:   1.00: :
3jd8_cryst_altered : :lys: A: 250 :  0.001:  44.74:   1.00: :
3jd8_cryst_altered : :pro: A: 251 :  0.066:  86.88:   1.00: :
3jd8_cryst_altered : :gln: A: 252 :  0.002:  92.17:   1.00: :
3jd8_cryst_altered : :pro: A: 253 :  0.053:  85.77:   1.00: :
3jd8_cryst_altered : :pro: A: 254 :  0.065:  88.27:   1.00: :
3jd8_cryst_altered : :pro: A: 255 :  0.068:  86.91:   1.00: :
3jd8_cryst_altered : :pro: A: 256 :  0.103:  85.46:   1.00: :
3jd8_cryst_altered : :pro: A: 257 :  0.103:  80.43:   1.00: :
3jd8_cryst_altered : :ala: A: 258 :  0.061:-112.24:   1.00: :
3jd8_cryst_altered : :pro: A: 259 :  0.104:  79.65:   1.00: :
3jd8_cryst_altered : :trp: A: 260 :  0.013: -81.06:   1.00: :
3jd8_cryst_altered : :thr: A: 261 :  0.045: -41.12:   1.00: :
3jd8_cryst_altered : :ile: A: 262 :  0.070: -33.91:   1.00: :
3jd8_cryst_altered : :leu: A: 263 :  0.038: -41.35:   1.00: :
3jd8_cryst_altered : :leu: A: 265 :  0.036: -37.10:   1.00: :
3jd8_cryst_altered : :asp: A: 266 :  0.038: -37.48:   1.00: :
3jd8_cryst_altered : :ala: A: 267 :  0.074:  67.73:   1.00: :
3jd8_cryst_altered : :met: A: 268 :  0.071:  69.65:   1.00: :
3jd8_cryst_altered : :tyr: A: 269 :  0.073:  71.91:   1.00: :
3jd8_cryst_altered : :val: A: 270 :  0.078:  43.27:   1.00: :
3jd8_cryst_altered : :ile: A: 271 :  0.077:  43.90:   1.00: :
3jd8_cryst_altered : :met: A: 272 :  0.070:  70.71:   1.00: :
3jd8_cryst_altered : :trp: A: 273 :  0.070:  70.45:   1.00: :
3jd8_cryst_altered : :ile: A: 274 :  0.076:  42.98:   1.00: :
3jd8_cryst_altered : :thr: A: 275 :  0.075:  43.97:   1.00: :
3jd8_cryst_altered : :tyr: A: 276 :  0.070:  70.36:   1.00: :
3jd8_cryst_altered : :met: A: 277 :  0.070:  71.69:   1.00: :
3jd8_cryst_altered : :ala: A: 278 :  0.074:  68.33:   1.00: :
3jd8_cryst_altered : :phe: A: 279 :  0.071:  70.37:   1.00: :
3jd8_cryst_altered : :leu: A: 280 :  0.070:  68.98:   1.00: :
3jd8_cryst_altered : :leu: A: 281 :  0.070:  71.43:   1.00: :
3jd8_cryst_altered : :val: A: 282 :  0.078:  43.60:   1.00: :
3jd8_cryst_altered : :phe: A: 283 :  0.069:  70.10:   1.00: :
3jd8_cryst_altered : :phe: A: 284 :  0.001: 125.14:   1.00: :
3jd8_cryst_altered : :ala: A: 286 :  0.019: -71.33:   1.00: :
3jd8_cryst_altered : :phe: A: 287 :  0.001:-151.86:   1.00: :
3jd8_cryst_altered : :phe: A: 288 :  0.001: -31.07:   1.00: :
3jd8_cryst_altered : :ala: A: 330 :  0.018: -56.56:   1.00: :
3jd8_cryst_altered : :phe: A: 331 :  0.014: -77.26:   1.00: :
3jd8_cryst_altered : :glu: A: 332 :  0.014: -74.74:   1.00: :
3jd8_cryst_altered : :cys: A: 334 :  0.013: -73.01:   1.00: :
3jd8_cryst_altered : :leu: A: 335 :  0.014: -74.77:   1.00: :
3jd8_cryst_altered : :arg: A: 336 :  0.012: -69.12:   1.00: :
3jd8_cryst_altered : :arg: A: 337 :  0.013: -79.48:   1.00: :
3jd8_cryst_altered : :leu: A: 338 :  0.013: -69.99:   1.00: :
3jd8_cryst_altered : :phe: A: 339 :  0.013: -73.15:   1.00: :
3jd8_cryst_altered : :thr: A: 340 :  0.043: -41.47:   1.00: :
3jd8_cryst_altered : :arg: A: 341 :  0.015: -76.15:   1.00: :
3jd8_cryst_altered : :trp: A: 342 :  0.013: -64.75:   1.00: :
3jd8_cryst_altered : :ser: A: 344 :  0.015: -83.73:   1.00: :
3jd8_cryst_altered : :phe: A: 345 :  0.014: -78.95:   1.00: :
3jd8_cryst_altered : :cys: A: 346 :  0.014: -82.69:   1.00: :
3jd8_cryst_altered : :val: A: 347 :  0.043: -40.08:   1.00: :
3jd8_cryst_altered : :arg: A: 348 :  0.014: -77.35:   1.00: :
3jd8_cryst_altered : :asn: A: 349 :  0.015: -75.29:   1.00: :
3jd8_cryst_altered : :pro: A: 350 :  0.202:-162.53:   1.00: :
3jd8_cryst_altered : :cys: A: 352 :  0.015: -75.33:   1.00: :
3jd8_cryst_altered : :val: A: 353 :  0.043: -40.04:   1.00: :
3jd8_cryst_altered : :ile: A: 354 :  0.042: -37.47:   1.00: :
3jd8_cryst_altered : :phe: A: 355 :  0.013: -76.06:   1.00: :
3jd8_cryst_altered : :phe: A: 356 :  0.014: -75.96:   1.00: :
3jd8_cryst_altered : :ser: A: 357 :  0.014: -78.36:   1.00: :
3jd8_cryst_altered : :leu: A: 358 :  0.014: -82.76:   1.00: :
3jd8_cryst_altered : :val: A: 359 :  0.042: -38.76:   1.00: :
3jd8_cryst_altered : :phe: A: 360 :  0.014: -76.70:   1.00: :
3jd8_cryst_altered : :ile: A: 361 :  0.043: -42.31:   1.00: :
3jd8_cryst_altered : :thr: A: 362 :  0.042: -41.47:   1.00: :
3jd8_cryst_altered : :ala: A: 363 :  0.146: 117.05:   1.00: :
3jd8_cryst_altered : :cys: A: 364 :  0.014: -80.73:   1.00: :
3jd8_cryst_altered : :ser: A: 365 :  0.012: -76.37:   1.00: :
3jd8_cryst_altered : :ser: A: 366 :  0.001:-156.32:   1.00: :
3jd8_cryst_altered : :leu: A: 368 :  0.001:  93.11:   1.00: :
3jd8_cryst_altered : :val: A: 369 :  0.000:-138.61:   1.00: :
3jd8_cryst_altered : :phe: A: 370 :  0.001:  75.60:   1.00: :
3jd8_cryst_altered : :val: A: 371 :  0.043: -40.43:   1.00: :
3jd8_cryst_altered : :arg: A: 372 :  0.016: -83.81:   1.00: :
3jd8_cryst_altered : :val: A: 373 :  0.043: -40.16:   1.00: :
3jd8_cryst_altered : :thr: A: 374 :  0.043: -41.24:   1.00: :
3jd8_cryst_altered : :thr: A: 375 :  0.044: -40.61:   1.00: :
3jd8_cryst_altered : :asn: A: 376 :  0.015: -76.28:   1.00: :
3jd8_cryst_altered : :pro: A: 377 :  0.205:-162.63:   1.00: :
3jd8_cryst_altered : :val: A: 378 :  0.044: -41.97:   1.00: :
3jd8_cryst_altered : :asp: A: 379 :  0.024:-103.99:   1.00: :
3jd8_cryst_altered : :leu: A: 380 :  0.013:-122.48:   1.00: :
3jd8_cryst_altered : :trp: A: 381 :  0.084:-107.36:   1.00: :
3jd8_cryst_altered : :ser: A: 382 :  0.003: 135.92:   1.00: :
3jd8_cryst_altered : :ala: A: 383 :  0.020: -67.37:   1.00: :
3jd8_cryst_altered : :pro: A: 384 :  0.068:  87.30:   1.00: :
3jd8_cryst_altered : :ser: A: 385 :  0.001:-162.16:   1.00: :
3jd8_cryst_altered : :ser: A: 386 :  0.001: 105.73:   1.00: :
3jd8_cryst_altered : :gln: A: 387 :  0.001:  71.56:   1.00: :
3jd8_cryst_altered : :ala: A: 388 :  0.019: -65.46:   1.00: :
3jd8_cryst_altered : :arg: A: 389 :  0.001:  12.23:   1.00: :
3jd8_cryst_altered : :leu: A: 390 :  0.001: -90.86:   1.00: :
3jd8_cryst_altered : :glu: A: 391 :  0.000:  66.16:   1.00: :
3jd8_cryst_altered : :lys: A: 392 :  0.005:  58.12:   1.00: :
3jd8_cryst_altered : :glu: A: 393 :  0.001:   6.14:   1.00: :
3jd8_cryst_altered : :tyr: A: 394 :  0.002:-124.23:   1.00: :
3jd8_cryst_altered : :phe: A: 395 :  0.001:-122.15:   1.00: :
3jd8_cryst_altered : :asp: A: 396 :  0.001:-161.81:   1.00: :
3jd8_cryst_altered : :gln: A: 397 :  0.001:  95.17:   1.00: :
3jd8_cryst_altered : :his: A: 398 :  0.001:-119.68:   1.00: :
3jd8_cryst_altered : :phe: A: 399 :  0.000:-169.13:   1.00: :
3jd8_cryst_altered : :pro: A: 401 :  0.065:  87.99:   1.00: :
3jd8_cryst_altered : :phe: A: 402 :  0.024:  57.78:   1.00: :
3jd8_cryst_altered : :phe: A: 403 :  0.009:-119.05:   1.00: :
3jd8_cryst_altered : :arg: A: 404 :  0.007:  65.24:   1.00: :
3jd8_cryst_altered : :thr: A: 405 :  0.019: 106.56:   1.00: :
3jd8_cryst_altered : :glu: A: 406 :  0.047:  58.27:   1.00: :
3jd8_cryst_altered : :gln: A: 407 :  0.037: -25.89:   1.00: :
3jd8_cryst_altered : :leu: A: 408 :  0.066:  71.09:   1.00: :
3jd8_cryst_altered : :ile: A: 409 :  0.181:-107.40:   1.00: :
3jd8_cryst_altered : :ile: A: 410 :  0.035: -34.81:   1.00: :
3jd8_cryst_altered : :arg: A: 411 :  0.004:  70.17:   1.00: :
3jd8_cryst_altered : :ala: A: 412 :  0.030: -66.52:   1.00: :
3jd8_cryst_altered : :pro: A: 413 :  0.029: 164.69:   1.00: :
3jd8_cryst_altered : :leu: A: 414 :  0.027:  80.89:   1.00: :
3jd8_cryst_altered : :thr: A: 415 :  0.029:  31.11:   1.00: :
3jd8_cryst_altered : :asp: A: 416 :  0.053:  98.06:   1.00: :
3jd8_cryst_altered : :lys: A: 417 :  0.045:-108.11:   1.00: :
3jd8_cryst_altered : :his: A: 418 :  0.065:-117.77:   1.00: :
3jd8_cryst_altered : :ile: A: 419 :  0.001: -85.87:   1.00: :
3jd8_cryst_altered : :tyr: A: 420 :  0.001:-107.68:   1.00: :
3jd8_cryst_altered : :gln: A: 421 :  0.001:-130.49:   1.00: :
3jd8_cryst_altered : :pro: A: 422 :  0.067:  87.86:   1.00: :
3jd8_cryst_altered : :tyr: A: 423 :  0.006:-123.83:   1.00: :
3jd8_cryst_altered : :pro: A: 424 :  0.065:  88.65:   1.00: :
3jd8_cryst_altered : :ser: A: 425 :  0.001:-149.27:   1.00: :
3jd8_cryst_altered : :ala: A: 427 :  0.020: -63.02:   1.00: :
3jd8_cryst_altered : :asp: A: 428 :  0.023: 138.43:   1.00: :
3jd8_cryst_altered : :val: A: 429 :  0.038: -77.70:   1.00: :
3jd8_cryst_altered : :pro: A: 430 :  0.031: 114.22:   1.00: :
3jd8_cryst_altered : :phe: A: 431 :  0.022:  16.57:   1.00: :
3jd8_cryst_altered : :pro: A: 433 :  0.041:-169.25:   1.00: :
3jd8_cryst_altered : :pro: A: 434 :  0.055: 166.28:   1.00: :
3jd8_cryst_altered : :leu: A: 435 :  0.058: -87.07:   1.00: :
3jd8_cryst_altered : :asp: A: 436 :  0.043:  21.59:   1.00: :
3jd8_cryst_altered : :ile: A: 437 :  0.087: -98.88:   1.00: :
3jd8_cryst_altered : :gln: A: 438 :  0.057:-124.95:   1.00: :
3jd8_cryst_altered : :ile: A: 439 :  0.361:-114.10:   1.00: :
3jd8_cryst_altered : :leu: A: 440 :  0.078:-136.76:   1.00: :
3jd8_cryst_altered : :his: A: 441 :  0.038: 146.50:   1.00: :
3jd8_cryst_altered : :gln: A: 442 :  0.018:-115.61:   1.00: :
3jd8_cryst_altered : :val: A: 443 :  0.115: -88.42:   1.00: :
3jd8_cryst_altered : :leu: A: 444 :  0.061:-130.42:   1.00: :
3jd8_cryst_altered : :asp: A: 445 :  0.045:-137.73:   1.00: :
3jd8_cryst_altered : :leu: A: 446 :  0.012:  74.66:   1.00: :
3jd8_cryst_altered : :gln: A: 447 :  0.017:  25.46:   1.00: :
3jd8_cryst_altered : :ile: A: 448 :  0.056: -88.86:   1.00: :
3jd8_cryst_altered : :ala: A: 449 :  0.037: -88.16:   1.00: :
3jd8_cryst_altered : :ile: A: 450 :  0.085: -97.86:   1.00: :
3jd8_cryst_altered : :glu: A: 451 :  0.062: 132.38:   1.00: :
3jd8_cryst_altered : :asn: A: 452 :  0.016: -84.15:   1.00: :
3jd8_cryst_altered : :ile: A: 453 :  0.049: 143.00:   1.00: :
3jd8_cryst_altered : :thr: A: 454 :  0.012: -83.92:   1.00: :
3jd8_cryst_altered : :ala: A: 455 :  0.065:  44.24:   1.00: :
3jd8_cryst_altered : :ser: A: 456 :  0.060:-114.79:   1.00: :
3jd8_cryst_altered : :tyr: A: 457 :  0.012:  10.52:   1.00: :
3jd8_cryst_altered : :asp: A: 458 :  0.108: -97.82:   1.00: :
3jd8_cryst_altered : :asn: A: 459 :  0.025:-117.52:   1.00: :
3jd8_cryst_altered : :glu: A: 460 :  0.031:-119.05:   1.00: :
3jd8_cryst_altered : :thr: A: 461 :  0.041:-150.31:   1.00: :
3jd8_cryst_altered : :val: A: 462 :  0.011:  79.84:   1.00: :
3jd8_cryst_altered : :thr: A: 463 :  0.092:  81.15:   1.00: :
3jd8_cryst_altered : :leu: A: 464 :  0.013:-108.82:   1.00: :
3jd8_cryst_altered : :gln: A: 465 :  0.062:-104.98:   1.00: :
3jd8_cryst_altered : :asp: A: 466 :  0.034: 142.28:   1.00: :
3jd8_cryst_altered : :ile: A: 467 :  0.075:-104.48:   1.00: :
3jd8_cryst_altered : :cys: A: 468 :  0.033: 173.51:   1.00: :
3jd8_cryst_altered : :leu: A: 469 :  0.048:  35.68:   1.00: :
3jd8_cryst_altered : :ala: A: 470 :  0.035:  15.66:   1.00: :
3jd8_cryst_altered : :pro: A: 471 :  0.036: 128.87:   1.00: :
3jd8_cryst_altered : :leu: A: 472 :  0.020: -68.07:   1.00: :
3jd8_cryst_altered : :ser: A: 473 :  0.025: 126.37:   1.00: :
3jd8_cryst_altered : :pro: A: 474 :  0.032:  80.41:   1.00: :
3jd8_cryst_altered : :tyr: A: 475 :  0.001:-124.77:   1.00: :
3jd8_cryst_altered : :asn: A: 476 :  0.017:-117.97:   1.00: :
3jd8_cryst_altered : :thr: A: 477 :  0.001:-104.81:   1.00: :
3jd8_cryst_altered : :asn: A: 478 :  0.018:-118.19:   1.00: :
3jd8_cryst_altered : :cys: A: 479 :  0.001:-147.98:   1.00: :
3jd8_cryst_altered : :thr: A: 480 :  0.001: 102.46:   1.00: :
3jd8_cryst_altered : :ile: A: 481 :  0.036:  85.02:   1.00: :
3jd8_cryst_altered : :leu: A: 482 :  0.034:-105.63:   1.00: :
3jd8_cryst_altered : :ser: A: 483 :  0.100:  31.76:   1.00: :
3jd8_cryst_altered : :val: A: 484 :  0.176:-154.25:   1.00: :
3jd8_cryst_altered : :leu: A: 485 :  0.064:-132.53:   1.00: :
3jd8_cryst_altered : :asn: A: 486 :  0.131:-123.55:   1.00: :
3jd8_cryst_altered : :tyr: A: 487 :  0.046:-175.98:   1.00: :
3jd8_cryst_altered : :phe: A: 488 :  0.049: -20.56:   1.00: :
3jd8_cryst_altered : :gln: A: 489 :  0.111:-105.49:   1.00: :
3jd8_cryst_altered : :asn: A: 490 :  0.046: -79.18:   1.00: :
3jd8_cryst_altered : :ser: A: 491 :  0.050:  80.34:   1.00: :
3jd8_cryst_altered : :his: A: 492 :  0.002:  85.41:   1.00: :
3jd8_cryst_altered : :ser: A: 493 :  0.001:-163.67:   1.00: :
3jd8_cryst_altered : :val: A: 494 :  0.003:  55.82:   1.00: :
3jd8_cryst_altered : :leu: A: 495 :  0.001:  19.73:   1.00: :
3jd8_cryst_altered : :asp: A: 496 :  0.001: 116.79:   1.00: :
3jd8_cryst_altered : :his: A: 497 :  0.001:  25.55:   1.00: :
3jd8_cryst_altered : :lys: A: 498 :  0.001:-118.68:   1.00: :
3jd8_cryst_altered : :lys: A: 499 :  0.001:  -1.59:   1.00: :
3jd8_cryst_altered : :asp: A: 501 :  0.023: -95.30:   1.00: :
3jd8_cryst_altered : :asp: A: 502 :  0.031: 145.20:   1.00: :
3jd8_cryst_altered : :phe: A: 503 :  0.009:-119.14:   1.00: :
3jd8_cryst_altered : :phe: A: 504 :  0.046: 133.74:   1.00: :
3jd8_cryst_altered : :val: A: 505 :  0.016:  58.64:   1.00: :
3jd8_cryst_altered : :tyr: A: 506 :  0.008: 101.22:   1.00: :
3jd8_cryst_altered : :ala: A: 507 :  0.019:  79.88:   1.00: :
3jd8_cryst_altered : :asp: A: 508 :  0.001:  97.58:   1.00: :
3jd8_cryst_altered : :tyr: A: 509 :  0.001: -67.29:   1.00: :
3jd8_cryst_altered : :his: A: 510 :  0.001: 137.34:   1.00: :
3jd8_cryst_altered : :thr: A: 511 :  0.001: -86.46:   1.00: :
3jd8_cryst_altered : :his: A: 512 :  0.001: 156.28:   1.00: :
3jd8_cryst_altered : :phe: A: 513 :  0.001: 119.23:   1.00: :
3jd8_cryst_altered : :leu: A: 514 :  0.050:-134.00:   1.00: :
3jd8_cryst_altered : :tyr: A: 515 :  0.048:-114.15:   1.00: :
3jd8_cryst_altered : :cys: A: 516 :  0.080:-122.45:   1.00: :
3jd8_cryst_altered : :val: A: 517 :  0.120:-120.82:   1.00: :
3jd8_cryst_altered : :arg: A: 518 :  0.019:-118.17:   1.00: :
3jd8_cryst_altered : :ala: A: 519 :  0.038:  -3.98:   1.00: :
3jd8_cryst_altered : :pro: A: 520 :  0.050:-151.08:   1.00: :
3jd8_cryst_altered : :ala: A: 521 :  0.019:-124.70:   1.00: :
3jd8_cryst_altered : :ser: A: 522 :  0.048:  92.74:   1.00: :
3jd8_cryst_altered : :leu: A: 523 :  0.016:  58.09:   1.00: :
3jd8_cryst_altered : :asn: A: 524 :  0.043:   3.39:   1.00: :
3jd8_cryst_altered : :asp: A: 525 :  0.090:  35.78:   1.00: :
3jd8_cryst_altered : :thr: A: 526 :  0.098: -85.16:   1.00: :
3jd8_cryst_altered : :ser: A: 527 :  0.018:-135.31:   1.00: :
3jd8_cryst_altered : :leu: A: 528 :  0.005:-164.71:   1.00: :
3jd8_cryst_altered : :leu: A: 529 :  0.008:  84.33:   1.00: :
3jd8_cryst_altered : :his: A: 530 :  0.067:-121.93:   1.00: :
3jd8_cryst_altered : :asp: A: 531 :  0.050: 108.22:   1.00: :
3jd8_cryst_altered : :pro: A: 532 :  0.038: 100.05:   1.00: :
3jd8_cryst_altered : :cys: A: 533 :  0.012: -53.87:   1.00: :
3jd8_cryst_altered : :leu: A: 534 :  0.040:  68.61:   1.00: :
3jd8_cryst_altered : :thr: A: 536 :  0.032: 176.49:   1.00: :
3jd8_cryst_altered : :phe: A: 537 :  0.065:-119.35:   1.00: :
3jd8_cryst_altered : :pro: A: 540 :  0.059:  90.74:   1.00: :
3jd8_cryst_altered : :val: A: 541 :  0.070:  27.81:   1.00: :
3jd8_cryst_altered : :phe: A: 542 :  0.044: -87.01:   1.00: :
3jd8_cryst_altered : :pro: A: 543 :  0.031: 177.26:   1.00: :
3jd8_cryst_altered : :trp: A: 544 :  0.018:-119.75:   1.00: :
3jd8_cryst_altered : :leu: A: 545 :  0.044:-119.18:   1.00: :
3jd8_cryst_altered : :val: A: 546 :  0.094: -90.98:   1.00: :
3jd8_cryst_altered : :leu: A: 547 :  0.047:  68.35:   1.00: :
3jd8_cryst_altered : :tyr: A: 550 :  0.028:  78.80:   1.00: :
3jd8_cryst_altered : :asp: A: 551 :  0.040:  65.28:   1.00: :
3jd8_cryst_altered : :asp: A: 552 :  0.107: -87.73:   1.00: :
3jd8_cryst_altered : :gln: A: 553 :  0.046: -86.25:   1.00: :
3jd8_cryst_altered : :asn: A: 554 :  0.016:  -4.71:   1.00: :
3jd8_cryst_altered : :tyr: A: 555 :  0.022:-108.96:   1.00: :
3jd8_cryst_altered : :asn: A: 556 :  0.012: -72.99:   1.00: :
3jd8_cryst_altered : :asn: A: 557 :  0.166: -91.00:   1.00: :
3jd8_cryst_altered : :ala: A: 558 :  0.018:  71.13:   1.00: :
3jd8_cryst_altered : :thr: A: 559 :  0.022: -67.89:   1.00: :
3jd8_cryst_altered : :ala: A: 560 :  0.022:  65.49:   1.00: :
3jd8_cryst_altered : :leu: A: 561 :  0.068:  82.21:   1.00: :
3jd8_cryst_altered : :val: A: 562 :  0.040: -10.62:   1.00: :
3jd8_cryst_altered : :ile: A: 563 :  0.046:  28.43:   1.00: :
3jd8_cryst_altered : :thr: A: 564 :  0.045: -58.46:   1.00: :
3jd8_cryst_altered : :phe: A: 565 :  0.134:  93.54:   1.00: :
3jd8_cryst_altered : :pro: A: 566 :  0.056: 101.69:   1.00: :
3jd8_cryst_altered : :val: A: 567 :  0.040:-127.00:   1.00: :
3jd8_cryst_altered : :asn: A: 568 :  0.055: 111.84:   1.00: :
3jd8_cryst_altered : :asn: A: 569 :  0.266:-119.36:   1.00: :
3jd8_cryst_altered : :tyr: A: 570 :  0.056:-137.07:   1.00: :
3jd8_cryst_altered : :tyr: A: 571 :  0.052:  84.75:   1.00: :
3jd8_cryst_altered : :asn: A: 572 :  0.028:-117.17:   1.00: :
3jd8_cryst_altered : :asp: A: 573 :  0.048:-112.32:   1.00: :
3jd8_cryst_altered : :thr: A: 574 :  0.058: -42.46:   1.00: :
3jd8_cryst_altered : :glu: A: 575 :  0.062:-115.43:   1.00: :
3jd8_cryst_altered : :lys: A: 576 :  0.035:-117.62:   1.00: :
3jd8_cryst_altered : :leu: A: 577 :  0.020: 108.13:   1.00: :
3jd8_cryst_altered : :gln: A: 578 :  0.030:-125.62:   1.00: :
3jd8_cryst_altered : :arg: A: 579 :  0.044:-127.53:   1.00: :
3jd8_cryst_altered : :ala: A: 580 :  0.027:-121.54:   1.00: :
3jd8_cryst_altered : :gln: A: 581 :  0.046:-121.77:   1.00: :
3jd8_cryst_altered : :ala: A: 582 :  0.017: -98.33:   1.00: :
3jd8_cryst_altered : :trp: A: 583 :  0.049:-154.38:   1.00: :
3jd8_cryst_altered : :glu: A: 584 :  0.001: -58.62:   1.00: :
3jd8_cryst_altered : :lys: A: 585 :  0.034:-132.96:   1.00: :
3jd8_cryst_altered : :glu: A: 586 :  0.048:-140.07:   1.00: :
3jd8_cryst_altered : :phe: A: 587 :  0.030:-101.36:   1.00: :
3jd8_cryst_altered : :ile: A: 588 :  0.075: -86.31:   1.00: :
3jd8_cryst_altered : :asn: A: 589 :  0.045:-172.36:   1.00: :
3jd8_cryst_altered : :phe: A: 590 :  0.020:-108.62:   1.00: :
3jd8_cryst_altered : :val: A: 591 :  0.051: -92.22:   1.00: :
3jd8_cryst_altered : :lys: A: 592 :  0.014:-121.04:   1.00: :
3jd8_cryst_altered : :asn: A: 593 :  0.011:  -8.01:   1.00: :
3jd8_cryst_altered : :tyr: A: 594 :  0.017: 140.18:   1.00: :
3jd8_cryst_altered : :lys: A: 595 :  0.079: 106.94:   1.00: :
3jd8_cryst_altered : :asn: A: 596 :  0.013:-176.97:   1.00: :
3jd8_cryst_altered : :pro: A: 597 :  0.059: 144.92:   1.00: :
3jd8_cryst_altered : :asn: A: 598 :  0.046: 120.82:   1.00: :
3jd8_cryst_altered : :leu: A: 599 :  0.075:  88.77:   1.00: :
3jd8_cryst_altered : :thr: A: 600 :  0.085:-102.95:   1.00: :
3jd8_cryst_altered : :ile: A: 601 :  0.082:  58.10:   1.00: :
3jd8_cryst_altered : :ser: A: 602 :  0.524:  97.94:   1.00: :
3jd8_cryst_altered : :phe: A: 603 :  0.145:-114.47:   1.00: :
3jd8_cryst_altered : :thr: A: 604 :  0.027:  70.55:   1.00: :
3jd8_cryst_altered : :ala: A: 605 :  0.030: -88.64:   1.00: :
3jd8_cryst_altered : :glu: A: 606 :  0.002:  29.50:   1.00: :
3jd8_cryst_altered : :arg: A: 607 :  0.001: 179.81:   1.00: :
3jd8_cryst_altered : :ser: A: 608 :  0.001:  67.61:   1.00: :
3jd8_cryst_altered : :ile: A: 609 :  0.001:  52.98:   1.00: :
3jd8_cryst_altered : :glu: A: 610 :  0.001: 105.08:   1.00: :
3jd8_cryst_altered : :asp: A: 611 :  0.001:  28.69:   1.00: :
3jd8_cryst_altered : :glu: A: 612 :  0.001:  42.84:   1.00: :
3jd8_cryst_altered : :leu: A: 613 :  0.001: 162.98:   1.00: :
3jd8_cryst_altered : :asn: A: 614 :  0.010:-124.16:   1.00: :
3jd8_cryst_altered : :arg: A: 615 :  0.002:-151.69:   1.00: :
3jd8_cryst_altered : :glu: A: 616 :  0.001:  87.25:   1.00: :
3jd8_cryst_altered : :ser: A: 617 :  0.002:-124.01:   1.00: :
3jd8_cryst_altered : :asp: A: 618 :  0.002:-124.69:   1.00: :
3jd8_cryst_altered : :ser: A: 619 :  0.001:  47.87:   1.00: :
3jd8_cryst_altered : :asp: A: 620 :  0.001: -96.87:   1.00: :
3jd8_cryst_altered : :val: A: 621 :  0.002:  52.00:   1.00: :
3jd8_cryst_altered : :phe: A: 622 :  0.005:  57.92:   1.00: :
3jd8_cryst_altered : :thr: A: 623 :  0.005:  58.28:   1.00: :
3jd8_cryst_altered : :val: A: 624 :  0.005:  53.83:   1.00: :
3jd8_cryst_altered : :val: A: 625 :  0.001:  43.76:   1.00: :
3jd8_cryst_altered : :ile: A: 626 :  0.030: -27.96:   1.00: :
3jd8_cryst_altered : :ser: A: 627 :  0.003: 136.51:   1.00: :
3jd8_cryst_altered : :tyr: A: 628 :  0.004:  87.37:   1.00: :
3jd8_cryst_altered : :ala: A: 629 :  0.019: -73.71:   1.00: :
3jd8_cryst_altered : :ile: A: 630 :  0.030: -29.51:   1.00: :
3jd8_cryst_altered : :met: A: 631 :  0.002:-117.57:   1.00: :
3jd8_cryst_altered : :phe: A: 632 :  0.013:  59.52:   1.00: :
3jd8_cryst_altered : :leu: A: 633 :  0.001:-111.52:   1.00: :
3jd8_cryst_altered : :tyr: A: 634 :  0.003:-151.38:   1.00: :
3jd8_cryst_altered : :ile: A: 635 :  0.031: -29.47:   1.00: :
3jd8_cryst_altered : :ser: A: 636 :  0.004: 161.12:   1.00: :
3jd8_cryst_altered : :leu: A: 637 :  0.001:-156.56:   1.00: :
3jd8_cryst_altered : :ala: A: 638 :  0.023: -84.85:   1.00: :
3jd8_cryst_altered : :leu: A: 639 :  0.059: -96.07:   1.00: :
3jd8_cryst_altered : :his: A: 641 :  0.020:  32.98:   1.00: :
3jd8_cryst_altered : :met: A: 642 :  0.015: -80.18:   1.00: :
3jd8_cryst_altered : :lys: A: 643 :  0.015: -73.53:   1.00: :
3jd8_cryst_altered : :ser: A: 644 :  0.013: -78.00:   1.00: :
3jd8_cryst_altered : :cys: A: 645 :  0.015: -75.36:   1.00: :
3jd8_cryst_altered : :arg: A: 646 :  0.013: -76.48:   1.00: :
3jd8_cryst_altered : :arg: A: 647 :  0.001:  94.60:   1.00: :
3jd8_cryst_altered : :leu: A: 648 :  0.001:-141.44:   1.00: :
3jd8_cryst_altered : :leu: A: 649 :  0.001:  -4.36:   1.00: :
3jd8_cryst_altered : :val: A: 650 :  0.007:  56.42:   1.00: :
3jd8_cryst_altered : :asp: A: 651 :  0.008:  65.26:   1.00: :
3jd8_cryst_altered : :ser: A: 652 :  0.008:  58.43:   1.00: :
3jd8_cryst_altered : :lys: A: 653 :  0.010:  62.84:   1.00: :
3jd8_cryst_altered : :val: A: 654 :  0.001: 134.40:   1.00: :
3jd8_cryst_altered : :ser: A: 655 :  0.003: 138.15:   1.00: :
3jd8_cryst_altered : :leu: A: 656 :  0.001:  60.38:   1.00: :
3jd8_cryst_altered : :ile: A: 658 :  0.030: -27.74:   1.00: :
3jd8_cryst_altered : :ala: A: 659 :  0.018: -62.12:   1.00: :
3jd8_cryst_altered : :ile: A: 661 :  0.001:  11.76:   1.00: :
3jd8_cryst_altered : :leu: A: 662 :  0.001: 131.91:   1.00: :
3jd8_cryst_altered : :ile: A: 663 :  0.002:-101.62:   1.00: :
3jd8_cryst_altered : :val: A: 664 :  0.001:-176.78:   1.00: :
3jd8_cryst_altered : :leu: A: 665 :  0.002:  40.88:   1.00: :
3jd8_cryst_altered : :ser: A: 666 :  0.015: -73.88:   1.00: :
3jd8_cryst_altered : :ser: A: 667 :  0.014: -76.35:   1.00: :
3jd8_cryst_altered : :val: A: 668 :  0.043: -41.01:   1.00: :
3jd8_cryst_altered : :ala: A: 669 :  0.019: -65.95:   1.00: :
3jd8_cryst_altered : :cys: A: 670 :  0.015: -78.70:   1.00: :
3jd8_cryst_altered : :ser: A: 671 :  0.156:-112.60:   1.00: :
3jd8_cryst_altered : :leu: A: 672 :  0.014: -75.53:   1.00: :
3jd8_cryst_altered : :val: A: 674 :  0.044: -40.90:   1.00: :
3jd8_cryst_altered : :phe: A: 675 :  0.015: -76.94:   1.00: :
3jd8_cryst_altered : :ser: A: 676 :  0.018:  60.90:   1.00: :
3jd8_cryst_altered : :tyr: A: 677 :  0.002:-164.60:   1.00: :
3jd8_cryst_altered : :ile: A: 678 :  0.029: -26.87:   1.00: :
3jd8_cryst_altered : :leu: A: 680 :  0.003:  77.30:   1.00: :
3jd8_cryst_altered : :pro: A: 681 :  0.072:  85.47:   1.00: :
3jd8_cryst_altered : :leu: A: 682 :  0.002: 103.05:   1.00: :
3jd8_cryst_altered : :thr: A: 683 :  0.002:  29.04:   1.00: :
3jd8_cryst_altered : :leu: A: 684 :  0.002:  68.15:   1.00: :
3jd8_cryst_altered : :ile: A: 685 :  0.003:  62.01:   1.00: :
3jd8_cryst_altered : :val: A: 686 :  0.002:  80.07:   1.00: :
3jd8_cryst_altered : :ile: A: 687 :  0.030: -29.46:   1.00: :
3jd8_cryst_altered : :glu: A: 688 :  0.001:  20.88:   1.00: :
3jd8_cryst_altered : :val: A: 689 :  0.004:  46.51:   1.00: :
3jd8_cryst_altered : :ile: A: 690 :  0.002:  45.59:   1.00: :
3jd8_cryst_altered : :pro: A: 691 :  0.064:  87.66:   1.00: :
3jd8_cryst_altered : :phe: A: 692 :  0.003:  53.95:   1.00: :
3jd8_cryst_altered : :leu: A: 693 :  0.001: 135.06:   1.00: :
3jd8_cryst_altered : :val: A: 694 :  0.001:  54.99:   1.00: :
3jd8_cryst_altered : :leu: A: 695 :  0.001: 160.94:   1.00: :
3jd8_cryst_altered : :ala: A: 696 :  0.018: -61.13:   1.00: :
3jd8_cryst_altered : :val: A: 697 :  0.044: -40.11:   1.00: :
3jd8_cryst_altered : :val: A: 699 :  0.044: -46.87:   1.00: :
3jd8_cryst_altered : :asp: A: 700 :  0.013: -69.37:   1.00: :
3jd8_cryst_altered : :asn: A: 701 :  0.015: -76.99:   1.00: :
3jd8_cryst_altered : :ile: A: 702 :  0.043: -43.35:   1.00: :
3jd8_cryst_altered : :phe: A: 703 :  0.013: -67.04:   1.00: :
3jd8_cryst_altered : :ile: A: 704 :  0.045: -42.17:   1.00: :
3jd8_cryst_altered : :leu: A: 705 :  0.013: -76.40:   1.00: :
3jd8_cryst_altered : :val: A: 706 :  0.043: -41.19:   1.00: :
3jd8_cryst_altered : :gln: A: 707 :  0.014: -76.09:   1.00: :
3jd8_cryst_altered : :ala: A: 708 :  0.019: -64.10:   1.00: :
3jd8_cryst_altered : :tyr: A: 709 :  0.014: -77.06:   1.00: :
3jd8_cryst_altered : :gln: A: 710 :  0.014: -67.20:   1.00: :
3jd8_cryst_altered : :arg: A: 711 :  0.014: -77.42:   1.00: :
3jd8_cryst_altered : :asp: A: 712 :  0.015: -72.59:   1.00: :
3jd8_cryst_altered : :glu: A: 713 :  0.014: -80.88:   1.00: :
3jd8_cryst_altered : :arg: A: 714 :  0.014: -75.64:   1.00: :
3jd8_cryst_altered : :leu: A: 715 :  0.001: -65.63:   1.00: :
3jd8_cryst_altered : :gln: A: 716 :  0.001:  44.74:   1.00: :
3jd8_cryst_altered : :glu: A: 718 :  0.000: 106.22:   1.00: :
3jd8_cryst_altered : :thr: A: 719 :  0.001:  75.33:   1.00: :
3jd8_cryst_altered : :leu: A: 720 :  0.001: 152.64:   1.00: :
3jd8_cryst_altered : :asp: A: 721 :  0.002:  73.26:   1.00: :
3jd8_cryst_altered : :gln: A: 722 :  0.003:  74.68:   1.00: :
3jd8_cryst_altered : :gln: A: 723 :  0.001:  41.37:   1.00: :
3jd8_cryst_altered : :leu: A: 724 :  0.001:  58.07:   1.00: :
3jd8_cryst_altered : :arg: A: 726 :  0.001:  96.46:   1.00: :
3jd8_cryst_altered : :val: A: 727 :  0.001:  23.83:   1.00: :
3jd8_cryst_altered : :leu: A: 728 :  0.002: 120.52:   1.00: :
3jd8_cryst_altered : :glu: A: 730 :  0.001: -30.53:   1.00: :
3jd8_cryst_altered : :val: A: 731 :  0.001:  41.22:   1.00: :
3jd8_cryst_altered : :ala: A: 732 :  0.019: -62.53:   1.00: :
3jd8_cryst_altered : :pro: A: 733 :  0.202:-162.92:   1.00: :
3jd8_cryst_altered : :ser: A: 734 :  0.014: -78.41:   1.00: :
3jd8_cryst_altered : :met: A: 735 :  0.015: -77.83:   1.00: :
3jd8_cryst_altered : :phe: A: 736 :  0.296: -97.40:   1.00: :
3jd8_cryst_altered : :leu: A: 737 :  0.015: -80.07:   1.00: :
3jd8_cryst_altered : :ser: A: 738 :  0.013: -72.88:   1.00: :
3jd8_cryst_altered : :ser: A: 739 :  0.015: -81.02:   1.00: :
3jd8_cryst_altered : :phe: A: 740 :  0.014: -79.76:   1.00: :
3jd8_cryst_altered : :ser: A: 741 :  0.016: -84.25:   1.00: :
3jd8_cryst_altered : :glu: A: 742 :  0.013: -79.59:   1.00: :
3jd8_cryst_altered : :thr: A: 743 :  0.044: -39.94:   1.00: :
3jd8_cryst_altered : :val: A: 744 :  0.044: -40.30:   1.00: :
3jd8_cryst_altered : :ala: A: 745 :  0.019: -64.65:   1.00: :
3jd8_cryst_altered : :phe: A: 746 :  0.008:-111.92:   1.00: :
3jd8_cryst_altered : :phe: A: 747 :  0.002:  39.84:   1.00: :
3jd8_cryst_altered : :leu: A: 748 :  0.001:-170.34:   1.00: :
3jd8_cryst_altered : :ala: A: 750 :  0.018: -68.26:   1.00: :
3jd8_cryst_altered : :leu: A: 751 :  0.012:  62.72:   1.00: :
3jd8_cryst_altered : :ser: A: 752 :  0.182: 112.02:   1.00: :
3jd8_cryst_altered : :val: A: 753 :  0.010:  56.10:   1.00: :
3jd8_cryst_altered : :met: A: 754 :  0.002:-144.83:   1.00: :
3jd8_cryst_altered : :pro: A: 755 :  0.059:  95.29:   1.00: :
3jd8_cryst_altered : :ala: A: 756 :  0.020: -54.92:   1.00: :
3jd8_cryst_altered : :val: A: 757 :  0.001: -15.29:   1.00: :
3jd8_cryst_altered : :his: A: 758 :  0.000:-120.26:   1.00: :
3jd8_cryst_altered : :thr: A: 759 :  0.001: -54.98:   1.00: :
3jd8_cryst_altered : :phe: A: 760 :  0.001:  85.21:   1.00: :
3jd8_cryst_altered : :ser: A: 761 :  0.001: 146.26:   1.00: :
3jd8_cryst_altered : :leu: A: 762 :  0.001:-153.12:   1.00: :
3jd8_cryst_altered : :phe: A: 763 :  0.002: -93.78:   1.00: :
3jd8_cryst_altered : :ala: A: 764 :  0.019: -65.83:   1.00: :
3jd8_cryst_altered : :leu: A: 766 :  0.001:-164.41:   1.00: :
3jd8_cryst_altered : :ala: A: 767 :  0.018: -68.45:   1.00: :
3jd8_cryst_altered : :val: A: 768 :  0.000:  41.95:   1.00: :
3jd8_cryst_altered : :phe: A: 769 :  0.014: -74.03:   1.00: :
3jd8_cryst_altered : :ile: A: 770 :  0.043: -40.81:   1.00: :
3jd8_cryst_altered : :asp: A: 771 :  0.015: -77.28:   1.00: :
3jd8_cryst_altered : :phe: A: 772 :  0.015: -82.04:   1.00: :
3jd8_cryst_altered : :ala: A: 804 :  0.041: -31.35:   1.00: :
3jd8_cryst_altered : :glu: A: 805 :  0.037: -38.97:   1.00: :
3jd8_cryst_altered : :asp: A: 806 :  0.039: -38.06:   1.00: :
3jd8_cryst_altered : :thr: A: 808 :  0.070: -32.70:   1.00: :
3jd8_cryst_altered : :ser: A: 809 :  0.037: -37.61:   1.00: :
3jd8_cryst_altered : :val: A: 810 :  0.069: -32.55:   1.00: :
3jd8_cryst_altered : :gln: A: 811 :  0.037: -34.33:   1.00: :
3jd8_cryst_altered : :ala: A: 812 :  0.073:  69.35:   1.00: :
3jd8_cryst_altered : :ser: A: 813 :  0.072:  70.13:   1.00: :
3jd8_cryst_altered : :glu: A: 814 :  0.070:  70.95:   1.00: :
3jd8_cryst_altered : :ser: A: 815 :  0.070:  70.76:   1.00: :
3jd8_cryst_altered : :cys: A: 816 :  0.070:  72.11:   1.00: :
3jd8_cryst_altered : :leu: A: 817 :  0.070:  71.12:   1.00: :
3jd8_cryst_altered : :phe: A: 818 :  0.070:  70.42:   1.00: :
3jd8_cryst_altered : :arg: A: 819 :  0.069:  69.96:   1.00: :
3jd8_cryst_altered : :phe: A: 820 :  0.069:  70.72:   1.00: :
3jd8_cryst_altered : :phe: A: 821 :  0.070:  70.69:   1.00: :
3jd8_cryst_altered : :lys: A: 822 :  0.070:  70.32:   1.00: :
3jd8_cryst_altered : :asn: A: 823 :  0.069:  70.48:   1.00: :
3jd8_cryst_altered : :ser: A: 824 :  0.070:  70.22:   1.00: :
3jd8_cryst_altered : :tyr: A: 825 :  0.069:  69.17:   1.00: :
3jd8_cryst_altered : :ser: A: 826 :  0.070:  70.29:   1.00: :
3jd8_cryst_altered : :pro: A: 827 :  0.203:-162.72:   1.00: :
3jd8_cryst_altered : :leu: A: 828 :  0.014: -70.66:   1.00: :
3jd8_cryst_altered : :leu: A: 829 :  0.015: -81.40:   1.00: :
3jd8_cryst_altered : :leu: A: 830 :  0.014: -75.32:   1.00: :
3jd8_cryst_altered : :lys: A: 831 :  0.014: -73.56:   1.00: :
3jd8_cryst_altered : :asp: A: 832 :  0.013: -68.37:   1.00: :
3jd8_cryst_altered : :trp: A: 833 :  0.015: -84.77:   1.00: :
3jd8_cryst_altered : :met: A: 834 :  0.014: -78.56:   1.00: :
3jd8_cryst_altered : :arg: A: 835 :  0.014: -71.00:   1.00: :
3jd8_cryst_altered : :pro: A: 836 :  0.200:-164.17:   1.00: :
3jd8_cryst_altered : :ile: A: 837 :  0.043: -38.48:   1.00: :
3jd8_cryst_altered : :val: A: 838 :  0.042: -45.85:   1.00: :
3jd8_cryst_altered : :ile: A: 839 :  0.044: -42.46:   1.00: :
3jd8_cryst_altered : :ala: A: 840 :  0.018: -60.17:   1.00: :
3jd8_cryst_altered : :ile: A: 841 :  0.043: -39.77:   1.00: :
3jd8_cryst_altered : :phe: A: 842 :  0.014: -74.88:   1.00: :
3jd8_cryst_altered : :val: A: 843 :  0.044: -42.42:   1.00: :
3jd8_cryst_altered : :val: A: 845 :  0.045: -40.92:   1.00: :
3jd8_cryst_altered : :leu: A: 846 :  0.016: -78.24:   1.00: :
3jd8_cryst_altered : :ser: A: 847 :  0.014: -75.82:   1.00: :
3jd8_cryst_altered : :phe: A: 848 :  0.015: -85.32:   1.00: :
3jd8_cryst_altered : :ser: A: 849 :  0.014: -73.55:   1.00: :
3jd8_cryst_altered : :ile: A: 850 :  0.043: -40.28:   1.00: :
3jd8_cryst_altered : :ala: A: 851 :  0.018: -63.82:   1.00: :
3jd8_cryst_altered : :val: A: 852 :  0.089: -90.86:   1.00: :
3jd8_cryst_altered : :leu: A: 853 :  0.015: -79.39:   1.00: :
3jd8_cryst_altered : :asn: A: 854 :  0.014: -76.35:   1.00: :
3jd8_cryst_altered : :lys: A: 855 :  0.015: -79.24:   1.00: :
3jd8_cryst_altered : :val: A: 856 :  0.044: -39.66:   1.00: :
3jd8_cryst_altered : :asp: A: 857 :  0.015: -80.02:   1.00: :
3jd8_cryst_altered : :ile: A: 858 :  0.043: -40.39:   1.00: :
3jd8_cryst_altered : :leu: A: 860 :  0.013: -67.31:   1.00: :
3jd8_cryst_altered : :asp: A: 861 :  0.015: -76.26:   1.00: :
3jd8_cryst_altered : :gln: A: 862 :  0.015: -75.58:   1.00: :
3jd8_cryst_altered : :ser: A: 863 :  0.014: -83.42:   1.00: :
3jd8_cryst_altered : :leu: A: 864 :  0.014: -84.44:   1.00: :
3jd8_cryst_altered : :ser: A: 865 :  0.015: -79.52:   1.00: :
3jd8_cryst_altered : :met: A: 866 :  0.014: -72.78:   1.00: :
3jd8_cryst_altered : :pro: A: 867 :  0.203:-162.82:   1.00: :
3jd8_cryst_altered : :asp: A: 868 :  0.015: -81.57:   1.00: :
3jd8_cryst_altered : :asp: A: 869 :  0.014: -75.14:   1.00: :
3jd8_cryst_altered : :ser: A: 870 :  0.014: -75.86:   1.00: :
3jd8_cryst_altered : :tyr: A: 871 :  0.037: -38.28:   1.00: :
3jd8_cryst_altered : :met: A: 872 :  0.038: -36.36:   1.00: :
3jd8_cryst_altered : :val: A: 873 :  0.070: -33.84:   1.00: :
3jd8_cryst_altered : :asp: A: 874 :  0.038: -37.47:   1.00: :
3jd8_cryst_altered : :tyr: A: 875 :  0.015: -77.87:   1.00: :
3jd8_cryst_altered : :phe: A: 876 :  0.014: -82.98:   1.00: :
3jd8_cryst_altered : :lys: A: 877 :  0.015: -84.69:   1.00: :
3jd8_cryst_altered : :ser: A: 878 :  0.046:-108.05:   1.00: :
3jd8_cryst_altered : :ile: A: 879 :  0.079: -86.90:   1.00: :
3jd8_cryst_altered : :ser: A: 880 :  0.054:  62.54:   1.00: :
3jd8_cryst_altered : :gln: A: 881 :  0.139:-111.70:   1.00: :
3jd8_cryst_altered : :tyr: A: 882 :  0.014: -72.01:   1.00: :
3jd8_cryst_altered : :leu: A: 883 :  0.014: -70.08:   1.00: :
3jd8_cryst_altered : :his: A: 884 :  0.015: -85.91:   1.00: :
3jd8_cryst_altered : :ala: A: 885 :  0.019: -58.31:   1.00: :
3jd8_cryst_altered : :pro: A: 887 :  0.204:-163.96:   1.00: :
3jd8_cryst_altered : :pro: A: 888 :  0.195:-165.01:   1.00: :
3jd8_cryst_altered : :val: A: 889 :  0.046: -51.30:   1.00: :
3jd8_cryst_altered : :tyr: A: 890 :  0.023: -88.44:   1.00: :
3jd8_cryst_altered : :phe: A: 891 :  0.020: -91.73:   1.00: :
3jd8_cryst_altered : :val: A: 892 :  0.045: -45.21:   1.00: :
3jd8_cryst_altered : :leu: A: 893 :  0.014: -73.07:   1.00: :
3jd8_cryst_altered : :glu: A: 894 :  0.013: -77.79:   1.00: :
3jd8_cryst_altered : :glu: A: 895 :  0.014: -85.69:   1.00: :
3jd8_cryst_altered : :his: A: 897 :  0.014: -75.05:   1.00: :
3jd8_cryst_altered : :asp: A: 898 :  0.013: -74.79:   1.00: :
3jd8_cryst_altered : :tyr: A: 899 :  0.014: -72.60:   1.00: :
3jd8_cryst_altered : :thr: A: 900 :  0.042: -41.36:   1.00: :
3jd8_cryst_altered : :ser: A: 901 :  0.013: -74.89:   1.00: :
3jd8_cryst_altered : :ser: A: 902 :  0.014: -68.41:   1.00: :
3jd8_cryst_altered : :lys: A: 903 :  0.012: -69.77:   1.00: :
3jd8_cryst_altered : :gln: A: 905 :  0.013: -75.44:   1.00: :
3jd8_cryst_altered : :asn: A: 906 :  0.012: -71.42:   1.00: :
3jd8_cryst_altered : :met: A: 907 :  0.015: -82.25:   1.00: :
3jd8_cryst_altered : :val: A: 908 :  0.001:  67.10:   1.00: :
3jd8_cryst_altered : :cys: A: 909 :  0.001: -96.42:   1.00: :
3jd8_cryst_altered : :met: A: 912 :  0.001:-140.39:   1.00: :
3jd8_cryst_altered : :cys: A: 914 :  0.001:-110.43:   1.00: :
3jd8_cryst_altered : :asn: A: 915 :  0.016:-114.84:   1.00: :
3jd8_cryst_altered : :asn: A: 916 :  0.017:-116.20:   1.00: :
3jd8_cryst_altered : :asp: A: 917 :  0.001:  32.09:   1.00: :
3jd8_cryst_altered : :ser: A: 918 :  0.003: 145.84:   1.00: :
3jd8_cryst_altered : :leu: A: 919 :  0.000:  84.67:   1.00: :
3jd8_cryst_altered : :val: A: 920 :  0.001: 134.88:   1.00: :
3jd8_cryst_altered : :gln: A: 921 :  0.001: -69.72:   1.00: :
3jd8_cryst_altered : :gln: A: 922 :  0.001: -66.92:   1.00: :
3jd8_cryst_altered : :ile: A: 923 :  0.030: -27.22:   1.00: :
3jd8_cryst_altered : :phe: A: 924 :  0.002:  18.45:   1.00: :
3jd8_cryst_altered : :asn: A: 925 :  0.017:-116.44:   1.00: :
3jd8_cryst_altered : :ala: A: 926 :  0.018: -68.40:   1.00: :
3jd8_cryst_altered : :ala: A: 927 :  0.018: -60.46:   1.00: :
3jd8_cryst_altered : :gln: A: 928 :  0.001: -70.66:   1.00: :
3jd8_cryst_altered : :leu: A: 929 :  0.001: -53.20:   1.00: :
3jd8_cryst_altered : :asp: A: 930 :  0.001:  -0.26:   1.00: :
3jd8_cryst_altered : :asn: A: 931 :  0.017:-117.34:   1.00: :
3jd8_cryst_altered : :tyr: A: 932 :  0.002:-148.20:   1.00: :
3jd8_cryst_altered : :thr: A: 933 :  0.030: -29.52:   1.00: :
3jd8_cryst_altered : :arg: A: 934 :  0.001:  70.76:   1.00: :
3jd8_cryst_altered : :ile: A: 935 :  0.029: -28.65:   1.00: :
3jd8_cryst_altered : :phe: A: 937 :  0.002:  36.24:   1.00: :
3jd8_cryst_altered : :ala: A: 938 :  0.018: -60.56:   1.00: :
3jd8_cryst_altered : :pro: A: 939 :  0.058:  95.41:   1.00: :
3jd8_cryst_altered : :ser: A: 940 :  0.003: 160.41:   1.00: :
3jd8_cryst_altered : :ser: A: 941 :  0.003: 150.57:   1.00: :
3jd8_cryst_altered : :trp: A: 942 :  0.002: 108.34:   1.00: :
3jd8_cryst_altered : :ile: A: 943 :  0.030: -28.70:   1.00: :
3jd8_cryst_altered : :asp: A: 944 :  0.001:   6.76:   1.00: :
3jd8_cryst_altered : :asp: A: 945 :  0.001: -40.82:   1.00: :
3jd8_cryst_altered : :tyr: A: 946 :  0.002:-145.46:   1.00: :
3jd8_cryst_altered : :phe: A: 947 :  0.002:  18.91:   1.00: :
3jd8_cryst_altered : :asp: A: 948 :  0.001:  29.47:   1.00: :
3jd8_cryst_altered : :trp: A: 949 :  0.003:  90.10:   1.00: :
3jd8_cryst_altered : :val: A: 950 :  0.000:-143.97:   1.00: :
3jd8_cryst_altered : :lys: A: 951 :  0.002:  60.87:   1.00: :
3jd8_cryst_altered : :pro: A: 952 :  0.058:  96.00:   1.00: :
3jd8_cryst_altered : :gln: A: 953 :  0.001: -44.72:   1.00: :
3jd8_cryst_altered : :ser: A: 954 :  0.003: 143.43:   1.00: :
3jd8_cryst_altered : :ser: A: 955 :  0.003: 147.69:   1.00: :
3jd8_cryst_altered : :cys: A: 956 :  0.001:-121.90:   1.00: :
3jd8_cryst_altered : :cys: A: 957 :  0.001:-135.34:   1.00: :
3jd8_cryst_altered : :arg: A: 958 :  0.001:  68.65:   1.00: :
3jd8_cryst_altered : :val: A: 959 :  0.001:  80.84:   1.00: :
3jd8_cryst_altered : :pro: A: 984 :  0.066:  90.72:   1.00: :
3jd8_cryst_altered : :glu: A: 985 :  0.003:-107.41:   1.00: :
3jd8_cryst_altered : :lys: A: 987 :  0.002:  36.34:   1.00: :
3jd8_cryst_altered : :gln: A: 988 :  0.001:-102.08:   1.00: :
3jd8_cryst_altered : :arg: A: 989 :  0.001: 138.50:   1.00: :
3jd8_cryst_altered : :pro: A: 990 :  0.064:  90.80:   1.00: :
3jd8_cryst_altered : :gln: A: 991 :  0.002:-116.29:   1.00: :
3jd8_cryst_altered : :asp: A: 994 :  0.001: 175.17:   1.00: :
3jd8_cryst_altered : :phe: A: 995 :  0.162:-111.42:   1.00: :
3jd8_cryst_altered : :met: A: 996 :  0.022: -98.97:   1.00: :
3jd8_cryst_altered : :arg: A: 997 :  0.013: -69.23:   1.00: :
3jd8_cryst_altered : :phe: A: 998 :  0.013: -71.57:   1.00: :
3jd8_cryst_altered : :leu: A: 999 :  0.014: -76.31:   1.00: :
3jd8_cryst_altered : :pro: A:1000 :  0.203:-162.47:   1.00: :
3jd8_cryst_altered : :met: A:1001 :  0.013: -74.63:   1.00: :
3jd8_cryst_altered : :phe: A:1002 :  0.011: -70.09:   1.00: :
3jd8_cryst_altered : :leu: A:1003 :  0.013: -69.75:   1.00: :
3jd8_cryst_altered : :ser: A:1004 :  0.014: -75.27:   1.00: :
3jd8_cryst_altered : :asp: A:1005 :  0.014: -78.25:   1.00: :
3jd8_cryst_altered : :asn: A:1006 :  0.012: -75.24:   1.00: :
3jd8_cryst_altered : :pro: A:1007 :  0.204:-162.34:   1.00: :
3jd8_cryst_altered : :asn: A:1008 :  0.014: -84.32:   1.00: :
3jd8_cryst_altered : :pro: A:1009 :  0.203:-163.36:   1.00: :
3jd8_cryst_altered : :lys: A:1010 :  0.013: -69.24:   1.00: :
3jd8_cryst_altered : :cys: A:1011 :  0.016: -80.22:   1.00: :
3jd8_cryst_altered : :lys: A:1013 :  0.012: -72.05:   1.00: :
3jd8_cryst_altered : :his: A:1016 :  0.016: -79.66:   1.00: :
3jd8_cryst_altered : :ala: A:1017 :  0.018: -59.25:   1.00: :
3jd8_cryst_altered : :ala: A:1018 :  0.020: -65.91:   1.00: :
3jd8_cryst_altered : :tyr: A:1019 :  0.016: -73.40:   1.00: :
3jd8_cryst_altered : :ser: A:1020 :  0.013: -76.99:   1.00: :
3jd8_cryst_altered : :ser: A:1021 :  0.016: -79.65:   1.00: :
3jd8_cryst_altered : :ala: A:1022 :  0.016:   2.23:   1.00: :
3jd8_cryst_altered : :val: A:1023 :  0.041: -39.12:   1.00: :
3jd8_cryst_altered : :asn: A:1024 :  0.027:-101.99:   1.00: :
3jd8_cryst_altered : :ile: A:1025 :  0.043: -18.18:   1.00: :
3jd8_cryst_altered : :leu: A:1026 :  0.012: -70.33:   1.00: :
3jd8_cryst_altered : :leu: A:1027 :  0.014: -75.84:   1.00: :
3jd8_cryst_altered : :his: A:1029 :  0.015: -76.56:   1.00: :
3jd8_cryst_altered : :thr: A:1031 :  0.042: -42.03:   1.00: :
3jd8_cryst_altered : :arg: A:1032 :  0.016: -84.39:   1.00: :
3jd8_cryst_altered : :val: A:1033 :  0.050: -64.07:   1.00: :
3jd8_cryst_altered : :ala: A:1035 :  0.017: -27.98:   1.00: :
3jd8_cryst_altered : :thr: A:1036 :  0.014:  73.66:   1.00: :
3jd8_cryst_altered : :tyr: A:1037 :  0.087: -80.05:   1.00: :
3jd8_cryst_altered : :phe: A:1038 :  0.023:  59.71:   1.00: :
3jd8_cryst_altered : :met: A:1039 :  0.019:-116.58:   1.00: :
3jd8_cryst_altered : :thr: A:1040 :  0.030: -34.64:   1.00: :
3jd8_cryst_altered : :tyr: A:1041 :  0.004:-116.26:   1.00: :
3jd8_cryst_altered : :his: A:1042 :  0.002:  72.07:   1.00: :
3jd8_cryst_altered : :thr: A:1043 :  0.001:-148.76:   1.00: :
3jd8_cryst_altered : :val: A:1044 :  0.001:  -3.48:   1.00: :
3jd8_cryst_altered : :leu: A:1045 :  0.001: 161.23:   1.00: :
3jd8_cryst_altered : :gln: A:1046 :  0.002: -96.52:   1.00: :
3jd8_cryst_altered : :thr: A:1047 :  0.001:  51.91:   1.00: :
3jd8_cryst_altered : :ser: A:1048 :  0.001:-130.25:   1.00: :
3jd8_cryst_altered : :ala: A:1049 :  0.018: -62.45:   1.00: :
3jd8_cryst_altered : :asp: A:1050 :  0.001: -93.83:   1.00: :
3jd8_cryst_altered : :phe: A:1051 :  0.002:  43.01:   1.00: :
3jd8_cryst_altered : :ile: A:1052 :  0.030: -28.41:   1.00: :
3jd8_cryst_altered : :asp: A:1053 :  0.001:  -7.24:   1.00: :
3jd8_cryst_altered : :ala: A:1054 :  0.018: -61.46:   1.00: :
3jd8_cryst_altered : :leu: A:1055 :  0.015:  61.57:   1.00: :
3jd8_cryst_altered : :lys: A:1056 :  0.010:  61.93:   1.00: :
3jd8_cryst_altered : :lys: A:1057 :  0.013:-122.96:   1.00: :
3jd8_cryst_altered : :ala: A:1058 :  0.019: -58.80:   1.00: :
3jd8_cryst_altered : :arg: A:1059 :  0.017: -77.56:   1.00: :
3jd8_cryst_altered : :leu: A:1060 :  0.002:-128.00:   1.00: :
3jd8_cryst_altered : :ile: A:1061 :  0.030: -28.67:   1.00: :
3jd8_cryst_altered : :ala: A:1062 :  0.019: -76.68:   1.00: :
3jd8_cryst_altered : :ser: A:1063 :  0.004: 146.30:   1.00: :
3jd8_cryst_altered : :asn: A:1064 :  0.013:-113.83:   1.00: :
3jd8_cryst_altered : :val: A:1065 :  0.001:  95.79:   1.00: :
3jd8_cryst_altered : :thr: A:1066 :  0.001: -93.56:   1.00: :
3jd8_cryst_altered : :glu: A:1067 :  0.001:  62.92:   1.00: :
3jd8_cryst_altered : :thr: A:1068 :  0.001: 116.27:   1.00: :
3jd8_cryst_altered : :met: A:1069 :  0.001:  41.46:   1.00: :
3jd8_cryst_altered : :ile: A:1071 :  0.029: -28.61:   1.00: :
3jd8_cryst_altered : :asn: A:1072 :  0.017:-116.23:   1.00: :
3jd8_cryst_altered : :ser: A:1074 :  0.002:-132.21:   1.00: :
3jd8_cryst_altered : :ala: A:1075 :  0.018: -62.95:   1.00: :
3jd8_cryst_altered : :tyr: A:1076 :  0.001: 105.66:   1.00: :
3jd8_cryst_altered : :arg: A:1077 :  0.001:  37.39:   1.00: :
3jd8_cryst_altered : :val: A:1078 :  0.001: -21.47:   1.00: :
3jd8_cryst_altered : :phe: A:1079 :  0.002:  64.75:   1.00: :
3jd8_cryst_altered : :pro: A:1080 :  0.066:  90.67:   1.00: :
3jd8_cryst_altered : :tyr: A:1081 :  0.001: 137.00:   1.00: :
3jd8_cryst_altered : :ser: A:1082 :  0.001:-104.31:   1.00: :
3jd8_cryst_altered : :val: A:1083 :  0.012: -79.94:   1.00: :
3jd8_cryst_altered : :phe: A:1084 :  0.002: -93.30:   1.00: :
3jd8_cryst_altered : :tyr: A:1085 :  0.001:-131.89:   1.00: :
3jd8_cryst_altered : :val: A:1086 :  0.001: -24.81:   1.00: :
3jd8_cryst_altered : :phe: A:1087 :  0.002:  73.20:   1.00: :
3jd8_cryst_altered : :tyr: A:1088 :  0.001: 148.92:   1.00: :
3jd8_cryst_altered : :glu: A:1089 :  0.000: 171.42:   1.00: :
3jd8_cryst_altered : :gln: A:1090 :  0.002: -46.79:   1.00: :
3jd8_cryst_altered : :tyr: A:1091 :  0.001:-131.00:   1.00: :
3jd8_cryst_altered : :leu: A:1092 :  0.001:-163.63:   1.00: :
3jd8_cryst_altered : :thr: A:1093 :  0.001:-135.33:   1.00: :
3jd8_cryst_altered : :ile: A:1094 :  0.057: -93.50:   1.00: :
3jd8_cryst_altered : :ile: A:1095 :  0.051: -98.67:   1.00: :
3jd8_cryst_altered : :asp: A:1096 :  0.002:  12.49:   1.00: :
3jd8_cryst_altered : :asp: A:1097 :  0.001:  50.24:   1.00: :
3jd8_cryst_altered : :thr: A:1098 :  0.030: -29.45:   1.00: :
3jd8_cryst_altered : :ile: A:1099 :  0.001: 103.06:   1.00: :
3jd8_cryst_altered : :phe: A:1100 :  0.001:  35.86:   1.00: :
3jd8_cryst_altered : :asn: A:1101 :  0.018:-117.71:   1.00: :
3jd8_cryst_altered : :leu: A:1102 :  0.002: 138.82:   1.00: :
3jd8_cryst_altered : :val: A:1104 :  0.001: 151.85:   1.00: :
3jd8_cryst_altered : :ser: A:1105 :  0.003: 140.83:   1.00: :
3jd8_cryst_altered : :leu: A:1106 :  0.001:  61.89:   1.00: :
3jd8_cryst_altered : :ala: A:1108 :  0.019: -60.03:   1.00: :
3jd8_cryst_altered : :ile: A:1109 :  0.030: -28.47:   1.00: :
3jd8_cryst_altered : :phe: A:1110 :  0.001:  73.27:   1.00: :
3jd8_cryst_altered : :leu: A:1111 :  0.001:-173.06:   1.00: :
3jd8_cryst_altered : :val: A:1112 :  0.002:  26.67:   1.00: :
3jd8_cryst_altered : :thr: A:1113 :  0.001:  33.94:   1.00: :
3jd8_cryst_altered : :met: A:1114 :  0.002:-102.07:   1.00: :
3jd8_cryst_altered : :val: A:1115 :  0.002:  66.45:   1.00: :
3jd8_cryst_altered : :leu: A:1116 :  0.001: 134.60:   1.00: :
3jd8_cryst_altered : :leu: A:1117 :  0.001:-142.12:   1.00: :
3jd8_cryst_altered : :cys: A:1119 :  0.001: -55.29:   1.00: :
3jd8_cryst_altered : :glu: A:1120 :  0.001:  99.30:   1.00: :
3jd8_cryst_altered : :leu: A:1121 :  0.002:  71.35:   1.00: :
3jd8_cryst_altered : :trp: A:1122 :  0.001:-130.88:   1.00: :
3jd8_cryst_altered : :ser: A:1123 :  0.001:  88.55:   1.00: :
3jd8_cryst_altered : :ala: A:1124 :  0.020: -66.98:   1.00: :
3jd8_cryst_altered : :val: A:1125 :  0.001:-117.40:   1.00: :
3jd8_cryst_altered : :ile: A:1126 :  0.000: 151.94:   1.00: :
3jd8_cryst_altered : :met: A:1127 :  0.002:  38.01:   1.00: :
3jd8_cryst_altered : :cys: A:1128 :  0.001:-139.66:   1.00: :
3jd8_cryst_altered : :ala: A:1129 :  0.018: -57.90:   1.00: :
3jd8_cryst_altered : :thr: A:1130 :  0.030: -27.13:   1.00: :
3jd8_cryst_altered : :ile: A:1131 :  0.029: -27.94:   1.00: :
3jd8_cryst_altered : :ala: A:1132 :  0.018: -60.56:   1.00: :
3jd8_cryst_altered : :met: A:1133 :  0.006:-125.47:   1.00: :
3jd8_cryst_altered : :val: A:1134 :  0.001:-141.48:   1.00: :
3jd8_cryst_altered : :leu: A:1135 :  0.001: 164.80:   1.00: :
3jd8_cryst_altered : :val: A:1136 :  0.001: 121.21:   1.00: :
3jd8_cryst_altered : :asn: A:1137 :  0.016:-115.28:   1.00: :
3jd8_cryst_altered : :met: A:1138 :  0.007:  57.80:   1.00: :
3jd8_cryst_altered : :phe: A:1139 :  0.002:  37.99:   1.00: :
3jd8_cryst_altered : :val: A:1141 :  0.000:  50.18:   1.00: :
3jd8_cryst_altered : :met: A:1142 :  0.002:-105.49:   1.00: :
3jd8_cryst_altered : :trp: A:1143 :  0.015: -78.17:   1.00: :
3jd8_cryst_altered : :leu: A:1144 :  0.016: -78.53:   1.00: :
3jd8_cryst_altered : :trp: A:1145 :  0.014: -74.87:   1.00: :
3jd8_cryst_altered : :ile: A:1147 :  0.044: -41.31:   1.00: :
3jd8_cryst_altered : :ser: A:1148 :  0.014: -75.26:   1.00: :
3jd8_cryst_altered : :leu: A:1149 :  0.015: -83.36:   1.00: :
3jd8_cryst_altered : :asn: A:1150 :  0.016: -77.86:   1.00: :
3jd8_cryst_altered : :ala: A:1151 :  0.020: -61.62:   1.00: :
3jd8_cryst_altered : :val: A:1152 :  0.001:  20.48:   1.00: :
3jd8_cryst_altered : :ser: A:1153 :  0.008:  62.44:   1.00: :
3jd8_cryst_altered : :leu: A:1154 :  0.018:  61.49:   1.00: :
3jd8_cryst_altered : :val: A:1155 :  0.001:-124.79:   1.00: :
3jd8_cryst_altered : :asn: A:1156 :  0.005:-120.53:   1.00: :
3jd8_cryst_altered : :leu: A:1157 :  0.001: 132.71:   1.00: :
3jd8_cryst_altered : :val: A:1158 :  0.001: 165.12:   1.00: :
3jd8_cryst_altered : :met: A:1159 :  0.006:  65.86:   1.00: :
3jd8_cryst_altered : :ser: A:1160 :  0.009:  62.22:   1.00: :
3jd8_cryst_altered : :cys: A:1161 :  0.001:-126.07:   1.00: :
3jd8_cryst_altered : :ile: A:1163 :  0.030: -29.75:   1.00: :
3jd8_cryst_altered : :ser: A:1164 :  0.010:  62.88:   1.00: :
3jd8_cryst_altered : :val: A:1165 :  0.001:-158.58:   1.00: :
3jd8_cryst_altered : :glu: A:1166 :  0.007:  57.71:   1.00: :
3jd8_cryst_altered : :phe: A:1167 :  0.089:  74.09:   1.00: :
3jd8_cryst_altered : :cys: A:1168 :  0.001:-147.74:   1.00: :
3jd8_cryst_altered : :ser: A:1169 :  0.003: 145.95:   1.00: :
3jd8_cryst_altered : :his: A:1170 :  0.001:-124.35:   1.00: :
3jd8_cryst_altered : :ile: A:1171 :  0.030: -27.96:   1.00: :
3jd8_cryst_altered : :thr: A:1172 :  0.030: -30.50:   1.00: :
3jd8_cryst_altered : :arg: A:1173 :  0.001:  -0.32:   1.00: :
3jd8_cryst_altered : :ala: A:1174 :  0.019: -66.86:   1.00: :
3jd8_cryst_altered : :phe: A:1175 :  0.001: -83.60:   1.00: :
3jd8_cryst_altered : :thr: A:1176 :  0.001: -32.22:   1.00: :
3jd8_cryst_altered : :val: A:1177 :  0.044: -41.10:   1.00: :
3jd8_cryst_altered : :ser: A:1178 :  0.015: -74.77:   1.00: :
3jd8_cryst_altered : :met: A:1179 :  0.014: -72.72:   1.00: :
3jd8_cryst_altered : :lys: A:1180 :  0.037:  47.86:   1.00: :
3jd8_cryst_altered : :ser: A:1182 :  0.015: -74.77:   1.00: :
3jd8_cryst_altered : :arg: A:1183 :  0.015: -77.30:   1.00: :
3jd8_cryst_altered : :val: A:1184 :  0.001:  81.42:   1.00: :
3jd8_cryst_altered : :glu: A:1185 :  0.001:  -1.86:   1.00: :
3jd8_cryst_altered : :arg: A:1186 :  0.001: 105.53:   1.00: :
3jd8_cryst_altered : :ala: A:1187 :  0.020: -54.33:   1.00: :
3jd8_cryst_altered : :glu: A:1188 :  0.001:-113.15:   1.00: :
3jd8_cryst_altered : :glu: A:1189 :  0.002:  99.05:   1.00: :
3jd8_cryst_altered : :ala: A:1190 :  0.018: -64.35:   1.00: :
3jd8_cryst_altered : :leu: A:1191 :  0.001: 128.10:   1.00: :
3jd8_cryst_altered : :ala: A:1192 :  0.020: -76.06:   1.00: :
3jd8_cryst_altered : :his: A:1193 :  0.002:   4.04:   1.00: :
3jd8_cryst_altered : :met: A:1194 :  0.000:  93.78:   1.00: :
3jd8_cryst_altered : :ser: A:1196 :  0.000:  56.52:   1.00: :
3jd8_cryst_altered : :ser: A:1197 :  0.002:  54.42:   1.00: :
3jd8_cryst_altered : :val: A:1198 :  0.001:-101.94:   1.00: :
3jd8_cryst_altered : :phe: A:1199 :  0.000:-137.72:   1.00: :
3jd8_cryst_altered : :ser: A:1200 :  0.001:-166.71:   1.00: :
3jd8_cryst_altered : :ile: A:1202 :  0.001:-107.66:   1.00: :
3jd8_cryst_altered : :thr: A:1203 :  0.003: -96.54:   1.00: :
3jd8_cryst_altered : :leu: A:1204 :  0.001:-151.24:   1.00: :
3jd8_cryst_altered : :thr: A:1205 :  0.030: -29.48:   1.00: :
3jd8_cryst_altered : :lys: A:1206 :  0.019:  63.50:   1.00: :
3jd8_cryst_altered : :phe: A:1207 :  0.005:  55.44:   1.00: :
3jd8_cryst_altered : :ile: A:1210 :  0.005:-100.32:   1.00: :
3jd8_cryst_altered : :val: A:1211 :  0.019:  57.98:   1.00: :
3jd8_cryst_altered : :val: A:1212 :  0.001: -73.84:   1.00: :
3jd8_cryst_altered : :leu: A:1213 :  0.015: -75.79:   1.00: :
3jd8_cryst_altered : :ala: A:1214 :  0.019: -72.38:   1.00: :
3jd8_cryst_altered : :phe: A:1215 :  0.015: -78.18:   1.00: :
3jd8_cryst_altered : :ala: A:1216 :  0.020: -70.76:   1.00: :
3jd8_cryst_altered : :lys: A:1217 :  0.014: -79.00:   1.00: :
3jd8_cryst_altered : :ser: A:1218 :  0.014: -67.79:   1.00: :
3jd8_cryst_altered : :gln: A:1219 :  0.014: -72.59:   1.00: :
3jd8_cryst_altered : :ile: A:1220 :  0.044: -42.53:   1.00: :
3jd8_cryst_altered : :phe: A:1221 :  0.001: 131.16:   1.00: :
3jd8_cryst_altered : :gln: A:1222 :  0.001: -49.10:   1.00: :
3jd8_cryst_altered : :ile: A:1223 :  0.001: 179.39:   1.00: :
3jd8_cryst_altered : :phe: A:1224 :  0.002: -95.34:   1.00: :
3jd8_cryst_altered : :tyr: A:1225 :  0.001: 125.02:   1.00: :
3jd8_cryst_altered : :phe: A:1226 :  0.001:-119.66:   1.00: :
3jd8_cryst_altered : :arg: A:1227 :  0.002:-118.62:   1.00: :
3jd8_cryst_altered : :met: A:1228 :  0.017:  64.06:   1.00: :
3jd8_cryst_altered : :tyr: A:1229 :  0.102:  43.21:   1.00: :
3jd8_cryst_altered : :leu: A:1230 :  0.005:  55.14:   1.00: :
3jd8_cryst_altered : :ala: A:1231 :  0.018: -48.08:   1.00: :
3jd8_cryst_altered : :met: A:1232 :  0.003:  62.92:   1.00: :
3jd8_cryst_altered : :val: A:1233 :  0.001:  -5.13:   1.00: :
3jd8_cryst_altered : :leu: A:1234 :  0.001: 167.53:   1.00: :
3jd8_cryst_altered : :leu: A:1235 :  0.001:-103.25:   1.00: :
3jd8_cryst_altered : :ala: A:1237 :  0.042: -29.15:   1.00: :
3jd8_cryst_altered : :thr: A:1238 :  0.029: -30.97:   1.00: :
3jd8_cryst_altered : :his: A:1239 :  0.001: 103.03:   1.00: :
3jd8_cryst_altered : :leu: A:1241 :  0.001:   4.43:   1.00: :
3jd8_cryst_altered : :ile: A:1242 :  0.000: -56.70:   1.00: :
3jd8_cryst_altered : :phe: A:1243 :  0.001: -80.15:   1.00: :
3jd8_cryst_altered : :leu: A:1244 :  0.000:-158.63:   1.00: :
3jd8_cryst_altered : :pro: A:1245 :  0.059:  96.06:   1.00: :
3jd8_cryst_altered : :val: A:1246 :  0.000:   3.99:   1.00: :
3jd8_cryst_altered : :leu: A:1247 :  0.000:-149.94:   1.00: :
3jd8_cryst_altered : :leu: A:1248 :  0.000:-168.98:   1.00: :
3jd8_cryst_altered : :ser: A:1249 :  0.003: 142.37:   1.00: :
3jd8_cryst_altered : :tyr: A:1250 :  0.002:-172.57:   1.00: :
3jd8_cryst_altered : :ile: A:1251 :  0.030: -28.61:   1.00: :
SUMMARY: 5 C-beta deviations >= 0.25 Angstrom (Goal: 0)
