pdb:alt:res:chainID:resnum:dev:dihedralNABB:Occ:ALT:
last_frame_rsr : :gln: A:  23 :  0.008:  15.99:   1.00: :
last_frame_rsr : :ser: A:  24 :  0.015: 150.10:   1.00: :
last_frame_rsr : :cys: A:  25 :  0.021:  26.00:   1.00: :
last_frame_rsr : :val: A:  26 :  0.061: -93.77:   1.00: :
last_frame_rsr : :trp: A:  27 :  0.036: 167.56:   1.00: :
last_frame_rsr : :tyr: A:  28 :  0.018: 127.62:   1.00: :
last_frame_rsr : :glu: A:  30 :  0.026: 165.61:   1.00: :
last_frame_rsr : :cys: A:  31 :  0.085: -89.70:   1.00: :
last_frame_rsr : :ile: A:  33 :  0.053: -33.04:   1.00: :
last_frame_rsr : :ala: A:  34 :  0.014: -34.21:   1.00: :
last_frame_rsr : :tyr: A:  35 :  0.024:-137.47:   1.00: :
last_frame_rsr : :asp: A:  37 :  0.021:-118.28:   1.00: :
last_frame_rsr : :lys: A:  38 :  0.017: -69.55:   1.00: :
last_frame_rsr : :arg: A:  39 :  0.065:  95.71:   1.00: :
last_frame_rsr : :tyr: A:  40 :  0.037: 132.86:   1.00: :
last_frame_rsr : :asn: A:  41 :  0.021:  20.75:   1.00: :
last_frame_rsr : :cys: A:  42 :  0.023: 108.93:   1.00: :
last_frame_rsr : :glu: A:  43 :  0.010: -11.62:   1.00: :
last_frame_rsr : :tyr: A:  44 :  0.047: -18.68:   1.00: :
last_frame_rsr : :ser: A:  45 :  0.018: -56.26:   1.00: :
last_frame_rsr : :pro: A:  47 :  0.049:  80.57:   1.00: :
last_frame_rsr : :pro: A:  48 :  0.018: 138.00:   1.00: :
last_frame_rsr : :lys: A:  49 :  0.034:  86.17:   1.00: :
last_frame_rsr : :pro: A:  50 :  0.010:-167.60:   1.00: :
last_frame_rsr : :leu: A:  51 :  0.028:   3.65:   1.00: :
last_frame_rsr : :pro: A:  52 :  0.013: 154.43:   1.00: :
last_frame_rsr : :lys: A:  53 :  0.039: -36.05:   1.00: :
last_frame_rsr : :asp: A:  54 :  0.014: -40.54:   1.00: :
last_frame_rsr : :tyr: A:  56 :  0.038:-100.58:   1.00: :
last_frame_rsr : :asp: A:  57 :  0.006: 168.59:   1.00: :
last_frame_rsr : :leu: A:  58 :  0.023: -37.50:   1.00: :
last_frame_rsr : :val: A:  59 :  0.117: -77.95:   1.00: :
last_frame_rsr : :gln: A:  60 :  0.014:  27.30:   1.00: :
last_frame_rsr : :glu: A:  61 :  0.033:   0.27:   1.00: :
last_frame_rsr : :leu: A:  62 :  0.009: -61.94:   1.00: :
last_frame_rsr : :cys: A:  63 :  0.012: -16.71:   1.00: :
last_frame_rsr : :pro: A:  64 :  0.023: 133.25:   1.00: :
last_frame_rsr : :phe: A:  66 :  0.011: 132.82:   1.00: :
last_frame_rsr : :phe: A:  67 :  0.020:-172.67:   1.00: :
last_frame_rsr : :phe: A:  68 :  0.056: 145.54:   1.00: :
last_frame_rsr : :asn: A:  70 :  0.067: -76.86:   1.00: :
last_frame_rsr : :val: A:  71 :  0.066: -55.05:   1.00: :
last_frame_rsr : :ser: A:  72 :  0.036:  64.70:   1.00: :
last_frame_rsr : :leu: A:  73 :  0.031:-177.83:   1.00: :
last_frame_rsr : :cys: A:  74 :  0.008:-155.26:   1.00: :
last_frame_rsr : :cys: A:  75 :  0.039: 161.44:   1.00: :
last_frame_rsr : :asp: A:  76 :  0.023:-113.51:   1.00: :
last_frame_rsr : :val: A:  77 :  0.086: -42.76:   1.00: :
last_frame_rsr : :arg: A:  78 :  0.026: -50.62:   1.00: :
last_frame_rsr : :gln: A:  79 :  0.032:-109.46:   1.00: :
last_frame_rsr : :leu: A:  80 :  0.008:  65.81:   1.00: :
last_frame_rsr : :gln: A:  81 :  0.028:  -4.29:   1.00: :
last_frame_rsr : :thr: A:  82 :  0.081: -40.28:   1.00: :
last_frame_rsr : :leu: A:  83 :  0.019:   8.76:   1.00: :
last_frame_rsr : :lys: A:  84 :  0.046: -17.89:   1.00: :
last_frame_rsr : :asp: A:  85 :  0.014:  72.04:   1.00: :
last_frame_rsr : :asn: A:  86 :  0.049:  97.52:   1.00: :
last_frame_rsr : :leu: A:  87 :  0.059:  -7.69:   1.00: :
last_frame_rsr : :gln: A:  88 :  0.041: -10.83:   1.00: :
last_frame_rsr : :leu: A:  89 :  0.044:-100.92:   1.00: :
last_frame_rsr : :pro: A:  90 :  0.010: 179.63:   1.00: :
last_frame_rsr : :leu: A:  91 :  0.009: -28.10:   1.00: :
last_frame_rsr : :gln: A:  92 :  0.023: -18.82:   1.00: :
last_frame_rsr : :phe: A:  93 :  0.012: 133.02:   1.00: :
last_frame_rsr : :leu: A:  94 :  0.029:-111.51:   1.00: :
last_frame_rsr : :ser: A:  95 :  0.019:  27.49:   1.00: :
last_frame_rsr : :arg: A:  96 :  0.042:  53.92:   1.00: :
last_frame_rsr : :cys: A:  97 :  0.008: -36.12:   1.00: :
last_frame_rsr : :pro: A:  98 :  0.015: 125.38:   1.00: :
last_frame_rsr : :ser: A:  99 :  0.017: -39.18:   1.00: :
last_frame_rsr : :cys: A: 100 :  0.024:   2.77:   1.00: :
last_frame_rsr : :phe: A: 101 :  0.055:   2.78:   1.00: :
last_frame_rsr : :tyr: A: 102 :  0.022: -22.64:   1.00: :
last_frame_rsr : :asn: A: 103 :  0.007:-108.09:   1.00: :
last_frame_rsr : :leu: A: 104 :  0.040:  32.20:   1.00: :
last_frame_rsr : :leu: A: 105 :  0.048:  59.94:   1.00: :
last_frame_rsr : :asn: A: 106 :  0.054:  42.89:   1.00: :
last_frame_rsr : :leu: A: 107 :  0.038:   8.89:   1.00: :
last_frame_rsr : :phe: A: 108 :  0.017: -21.51:   1.00: :
last_frame_rsr : :cys: A: 109 :  0.006:-115.04:   1.00: :
last_frame_rsr : :glu: A: 110 :  0.016: -21.87:   1.00: :
last_frame_rsr : :leu: A: 111 :  0.025:  58.53:   1.00: :
last_frame_rsr : :thr: A: 112 :  0.063: -37.25:   1.00: :
last_frame_rsr : :cys: A: 113 :  0.041: 139.53:   1.00: :
last_frame_rsr : :ser: A: 114 :  0.024:  69.96:   1.00: :
last_frame_rsr : :pro: A: 115 :  0.018: 145.70:   1.00: :
last_frame_rsr : :arg: A: 116 :  0.046: -72.71:   1.00: :
last_frame_rsr : :gln: A: 117 :  0.017: -40.37:   1.00: :
last_frame_rsr : :ser: A: 118 :  0.006: -41.79:   1.00: :
last_frame_rsr : :gln: A: 119 :  0.018:  93.75:   1.00: :
last_frame_rsr : :phe: A: 120 :  0.036:-158.08:   1.00: :
last_frame_rsr : :leu: A: 121 :  0.009: 170.10:   1.00: :
last_frame_rsr : :asn: A: 122 :  0.012: 148.28:   1.00: :
last_frame_rsr : :val: A: 123 :  0.070: -48.00:   1.00: :
last_frame_rsr : :thr: A: 124 :  0.023: -70.83:   1.00: :
last_frame_rsr : :ala: A: 125 :  0.029: 173.67:   1.00: :
last_frame_rsr : :thr: A: 126 :  0.047: 134.18:   1.00: :
last_frame_rsr : :glu: A: 127 :  0.036:-170.10:   1.00: :
last_frame_rsr : :asp: A: 128 :  0.020: 152.11:   1.00: :
last_frame_rsr : :tyr: A: 129 :  0.014:-147.16:   1.00: :
last_frame_rsr : :val: A: 130 :  0.065: -88.57:   1.00: :
last_frame_rsr : :asp: A: 131 :  0.049:  29.35:   1.00: :
last_frame_rsr : :pro: A: 132 :  0.025: 153.30:   1.00: :
last_frame_rsr : :val: A: 133 :  0.087: -66.30:   1.00: :
last_frame_rsr : :thr: A: 134 :  0.019: -96.07:   1.00: :
last_frame_rsr : :asn: A: 135 :  0.073:-124.08:   1.00: :
last_frame_rsr : :gln: A: 136 :  0.018:-177.61:   1.00: :
last_frame_rsr : :thr: A: 137 :  0.046:  -0.02:   1.00: :
last_frame_rsr : :lys: A: 138 :  0.061: -40.62:   1.00: :
last_frame_rsr : :thr: A: 139 :  0.028:  -1.64:   1.00: :
last_frame_rsr : :asn: A: 140 :  0.033:  80.82:   1.00: :
last_frame_rsr : :val: A: 141 :  0.043: -73.43:   1.00: :
last_frame_rsr : :lys: A: 142 :  0.033: -26.42:   1.00: :
last_frame_rsr : :glu: A: 143 :  0.029:  76.52:   1.00: :
last_frame_rsr : :leu: A: 144 :  0.065:-130.80:   1.00: :
last_frame_rsr : :gln: A: 145 :  0.058:  52.57:   1.00: :
last_frame_rsr : :tyr: A: 146 :  0.031: -96.89:   1.00: :
last_frame_rsr : :tyr: A: 147 :  0.032: -36.61:   1.00: :
last_frame_rsr : :val: A: 148 :  0.041:  53.14:   1.00: :
last_frame_rsr : :gln: A: 150 :  0.006:  31.51:   1.00: :
last_frame_rsr : :ser: A: 151 :  0.029: -17.07:   1.00: :
last_frame_rsr : :phe: A: 152 :  0.036:  25.38:   1.00: :
last_frame_rsr : :ala: A: 153 :  0.018: -15.83:   1.00: :
last_frame_rsr : :asn: A: 154 :  0.031:-104.78:   1.00: :
last_frame_rsr : :ala: A: 155 :  0.010:-144.64:   1.00: :
last_frame_rsr : :met: A: 156 :  0.012:  24.08:   1.00: :
last_frame_rsr : :tyr: A: 157 :  0.046:  -8.16:   1.00: :
last_frame_rsr : :asn: A: 158 :  0.027:  -8.70:   1.00: :
last_frame_rsr : :ala: A: 159 :  0.019: 166.61:   1.00: :
last_frame_rsr : :cys: A: 160 :  0.014:-124.87:   1.00: :
last_frame_rsr : :arg: A: 161 :  0.008:  -4.60:   1.00: :
last_frame_rsr : :asp: A: 162 :  0.008:-177.27:   1.00: :
last_frame_rsr : :val: A: 163 :  0.053: -30.77:   1.00: :
last_frame_rsr : :glu: A: 164 :  0.032: 101.19:   1.00: :
last_frame_rsr : :ala: A: 165 :  0.024:   0.13:   1.00: :
last_frame_rsr : :pro: A: 166 :  0.016: 126.06:   1.00: :
last_frame_rsr : :ser: A: 167 :  0.058:-118.80:   1.00: :
last_frame_rsr : :ser: A: 168 :  0.041: 150.97:   1.00: :
last_frame_rsr : :asn: A: 169 :  0.023: -41.98:   1.00: :
last_frame_rsr : :asp: A: 170 :  0.015:  90.03:   1.00: :
last_frame_rsr : :lys: A: 171 :  0.007: -59.08:   1.00: :
last_frame_rsr : :ala: A: 172 :  0.019: -72.68:   1.00: :
last_frame_rsr : :leu: A: 173 :  0.024: 112.32:   1.00: :
last_frame_rsr : :leu: A: 175 :  0.012:  86.08:   1.00: :
last_frame_rsr : :leu: A: 176 :  0.016:  -1.18:   1.00: :
last_frame_rsr : :cys: A: 177 :  0.018: -87.63:   1.00: :
last_frame_rsr : :lys: A: 179 :  0.041: 151.71:   1.00: :
last_frame_rsr : :asp: A: 180 :  0.009: -23.58:   1.00: :
last_frame_rsr : :ala: A: 181 :  0.016:  36.20:   1.00: :
last_frame_rsr : :asp: A: 182 :  0.034: -37.56:   1.00: :
last_frame_rsr : :ala: A: 183 :  0.020: 115.84:   1.00: :
last_frame_rsr : :cys: A: 184 :  0.041: -28.39:   1.00: :
last_frame_rsr : :asn: A: 185 :  0.049: 123.92:   1.00: :
last_frame_rsr : :ala: A: 186 :  0.017: -27.07:   1.00: :
last_frame_rsr : :thr: A: 187 :  0.046:   0.74:   1.00: :
last_frame_rsr : :asn: A: 188 :  0.024: -53.01:   1.00: :
last_frame_rsr : :trp: A: 189 :  0.045:   9.63:   1.00: :
last_frame_rsr : :ile: A: 190 :  0.079: -41.14:   1.00: :
last_frame_rsr : :glu: A: 191 :  0.027: -49.94:   1.00: :
last_frame_rsr : :tyr: A: 192 :  0.014:   0.48:   1.00: :
last_frame_rsr : :met: A: 193 :  0.018: -68.54:   1.00: :
last_frame_rsr : :phe: A: 194 :  0.016:-112.46:   1.00: :
last_frame_rsr : :asn: A: 195 :  0.006:-107.25:   1.00: :
last_frame_rsr : :lys: A: 196 :  0.026: -31.36:   1.00: :
last_frame_rsr : :asp: A: 197 :  0.030:  -9.93:   1.00: :
last_frame_rsr : :asn: A: 198 :  0.052: -90.82:   1.00: :
last_frame_rsr : :gln: A: 200 :  0.002:   4.25:   1.00: :
last_frame_rsr : :ala: A: 201 :  0.035:  56.17:   1.00: :
last_frame_rsr : :pro: A: 202 :  0.017:-137.53:   1.00: :
last_frame_rsr : :phe: A: 203 :  0.062:-112.34:   1.00: :
last_frame_rsr : :thr: A: 204 :  0.044:  -3.50:   1.00: :
last_frame_rsr : :ile: A: 205 :  0.003: -67.84:   1.00: :
last_frame_rsr : :thr: A: 206 :  0.044:  -3.55:   1.00: :
last_frame_rsr : :pro: A: 207 :  0.024: 100.83:   1.00: :
last_frame_rsr : :val: A: 208 :  0.036: -71.01:   1.00: :
last_frame_rsr : :phe: A: 209 :  0.039:  30.78:   1.00: :
last_frame_rsr : :ser: A: 210 :  0.048: 124.39:   1.00: :
last_frame_rsr : :asp: A: 211 :  0.008:  78.47:   1.00: :
last_frame_rsr : :phe: A: 212 :  0.043:  91.79:   1.00: :
last_frame_rsr : :pro: A: 213 :  0.021: 138.40:   1.00: :
last_frame_rsr : :val: A: 214 :  0.062: -71.18:   1.00: :
last_frame_rsr : :his: A: 215 :  0.069:-121.94:   1.00: :
last_frame_rsr : :met: A: 217 :  0.014: -48.09:   1.00: :
last_frame_rsr : :glu: A: 218 :  0.029:  36.73:   1.00: :
last_frame_rsr : :pro: A: 219 :  0.031: 102.65:   1.00: :
last_frame_rsr : :met: A: 220 :  0.004:  77.03:   1.00: :
last_frame_rsr : :asn: A: 221 :  0.029: -17.88:   1.00: :
last_frame_rsr : :asn: A: 222 :  0.037: 172.42:   1.00: :
last_frame_rsr : :ala: A: 223 :  0.017:  77.92:   1.00: :
last_frame_rsr : :thr: A: 224 :  0.028:  -0.06:   1.00: :
last_frame_rsr : :lys: A: 225 :  0.006: 150.26:   1.00: :
last_frame_rsr : :cys: A: 227 :  0.021:-105.33:   1.00: :
last_frame_rsr : :asp: A: 228 :  0.008: -19.54:   1.00: :
last_frame_rsr : :glu: A: 229 :  0.052: 112.75:   1.00: :
last_frame_rsr : :ser: A: 230 :  0.038:  60.10:   1.00: :
last_frame_rsr : :val: A: 231 :  0.067: -57.86:   1.00: :
last_frame_rsr : :asp: A: 232 :  0.036: -94.75:   1.00: :
last_frame_rsr : :glu: A: 233 :  0.008:  46.70:   1.00: :
last_frame_rsr : :val: A: 234 :  0.052: -93.64:   1.00: :
last_frame_rsr : :thr: A: 235 :  0.035:  -6.95:   1.00: :
last_frame_rsr : :ala: A: 236 :  0.034:  57.04:   1.00: :
last_frame_rsr : :pro: A: 237 :  0.020: 114.13:   1.00: :
last_frame_rsr : :cys: A: 238 :  0.015:  30.52:   1.00: :
last_frame_rsr : :ser: A: 239 :  0.029:  68.81:   1.00: :
last_frame_rsr : :cys: A: 240 :  0.034:  -2.28:   1.00: :
last_frame_rsr : :gln: A: 241 :  0.028:  37.83:   1.00: :
last_frame_rsr : :asp: A: 242 :  0.038: -85.98:   1.00: :
last_frame_rsr : :cys: A: 243 :  0.054: 156.90:   1.00: :
last_frame_rsr : :ser: A: 244 :  0.010:  91.14:   1.00: :
last_frame_rsr : :ile: A: 245 :  0.077: -53.74:   1.00: :
last_frame_rsr : :val: A: 246 :  0.080: -88.19:   1.00: :
last_frame_rsr : :cys: A: 247 :  0.055: 146.44:   1.00: :
last_frame_rsr : :pro: A: 249 :  0.027: 141.76:   1.00: :
last_frame_rsr : :lys: A: 250 :  0.025: -35.02:   1.00: :
last_frame_rsr : :pro: A: 251 :  0.021: 174.79:   1.00: :
last_frame_rsr : :gln: A: 252 :  0.081: -47.35:   1.00: :
last_frame_rsr : :pro: A: 253 :  0.020: 140.14:   1.00: :
last_frame_rsr : :pro: A: 254 :  0.017: 154.91:   1.00: :
last_frame_rsr : :pro: A: 255 :  0.018:  92.67:   1.00: :
last_frame_rsr : :pro: A: 256 :  0.031:  96.83:   1.00: :
last_frame_rsr : :pro: A: 257 :  0.013: 107.53:   1.00: :
last_frame_rsr : :ala: A: 258 :  0.039: 142.86:   1.00: :
last_frame_rsr : :pro: A: 259 :  0.020: 128.35:   1.00: :
last_frame_rsr : :trp: A: 260 :  0.051: 154.91:   1.00: :
last_frame_rsr : :thr: A: 261 :  0.075: -51.17:   1.00: :
last_frame_rsr : :ile: A: 262 :  0.107: -62.43:   1.00: :
last_frame_rsr : :leu: A: 263 :  0.009:-161.69:   1.00: :
last_frame_rsr : :leu: A: 265 :  0.028: -36.39:   1.00: :
last_frame_rsr : :asp: A: 266 :  0.031: -29.39:   1.00: :
last_frame_rsr : :ala: A: 267 :  0.019:   1.62:   1.00: :
last_frame_rsr : :met: A: 268 :  0.033:  -7.25:   1.00: :
last_frame_rsr : :tyr: A: 269 :  0.038:  26.09:   1.00: :
last_frame_rsr : :val: A: 270 :  0.070: -51.72:   1.00: :
last_frame_rsr : :ile: A: 271 :  0.097: -74.62:   1.00: :
last_frame_rsr : :met: A: 272 :  0.019: -87.46:   1.00: :
last_frame_rsr : :trp: A: 273 :  0.014:-141.13:   1.00: :
last_frame_rsr : :ile: A: 274 :  0.056: -41.92:   1.00: :
last_frame_rsr : :thr: A: 275 :  0.054: -15.44:   1.00: :
last_frame_rsr : :tyr: A: 276 :  0.045:  26.80:   1.00: :
last_frame_rsr : :met: A: 277 :  0.028: -40.28:   1.00: :
last_frame_rsr : :ala: A: 278 :  0.010:-118.17:   1.00: :
last_frame_rsr : :phe: A: 279 :  0.011: -98.24:   1.00: :
last_frame_rsr : :leu: A: 280 :  0.021: -19.38:   1.00: :
last_frame_rsr : :leu: A: 281 :  0.031: -45.66:   1.00: :
last_frame_rsr : :val: A: 282 :  0.070: -45.28:   1.00: :
last_frame_rsr : :phe: A: 283 :  0.022: -23.11:   1.00: :
last_frame_rsr : :phe: A: 284 :  0.018: -75.53:   1.00: :
last_frame_rsr : :ala: A: 286 :  0.007: 154.63:   1.00: :
last_frame_rsr : :phe: A: 287 :  0.034: 128.61:   1.00: :
last_frame_rsr : :phe: A: 288 :  0.033:  -6.53:   1.00: :
last_frame_rsr : :ala: A: 330 :  0.023:  22.43:   1.00: :
last_frame_rsr : :phe: A: 331 :  0.016:  29.89:   1.00: :
last_frame_rsr : :glu: A: 332 :  0.024:  11.43:   1.00: :
last_frame_rsr : :cys: A: 334 :  0.014: -48.20:   1.00: :
last_frame_rsr : :leu: A: 335 :  0.038:  40.85:   1.00: :
last_frame_rsr : :arg: A: 336 :  0.039: -21.03:   1.00: :
last_frame_rsr : :arg: A: 337 :  0.043: -15.84:   1.00: :
last_frame_rsr : :leu: A: 338 :  0.022:  43.92:   1.00: :
last_frame_rsr : :phe: A: 339 :  0.021: -22.38:   1.00: :
last_frame_rsr : :thr: A: 340 :  0.053: -14.18:   1.00: :
last_frame_rsr : :arg: A: 341 :  0.022: -55.46:   1.00: :
last_frame_rsr : :trp: A: 342 :  0.017:-129.68:   1.00: :
last_frame_rsr : :ser: A: 344 :  0.025:  67.01:   1.00: :
last_frame_rsr : :phe: A: 345 :  0.057:   1.81:   1.00: :
last_frame_rsr : :cys: A: 346 :  0.012: -43.21:   1.00: :
last_frame_rsr : :val: A: 347 :  0.111: -58.06:   1.00: :
last_frame_rsr : :arg: A: 348 :  0.082:  -2.25:   1.00: :
last_frame_rsr : :asn: A: 349 :  0.114: -81.75:   1.00: :
last_frame_rsr : :pro: A: 350 :  0.067: 112.09:   1.00: :
last_frame_rsr : :cys: A: 352 :  0.010: -10.47:   1.00: :
last_frame_rsr : :val: A: 353 :  0.046: -65.41:   1.00: :
last_frame_rsr : :ile: A: 354 :  0.114: -72.04:   1.00: :
last_frame_rsr : :phe: A: 355 :  0.017: -25.72:   1.00: :
last_frame_rsr : :phe: A: 356 :  0.013:  16.20:   1.00: :
last_frame_rsr : :ser: A: 357 :  0.023: -22.73:   1.00: :
last_frame_rsr : :leu: A: 358 :  0.026:  19.82:   1.00: :
last_frame_rsr : :val: A: 359 :  0.080: -49.76:   1.00: :
last_frame_rsr : :phe: A: 360 :  0.020: 174.37:   1.00: :
last_frame_rsr : :ile: A: 361 :  0.097: -73.20:   1.00: :
last_frame_rsr : :thr: A: 362 :  0.052: -38.12:   1.00: :
last_frame_rsr : :ala: A: 363 :  0.019: -53.94:   1.00: :
last_frame_rsr : :cys: A: 364 :  0.012:-140.08:   1.00: :
last_frame_rsr : :ser: A: 365 :  0.027: -79.25:   1.00: :
last_frame_rsr : :ser: A: 366 :  0.005:-141.48:   1.00: :
last_frame_rsr : :leu: A: 368 :  0.056: -69.49:   1.00: :
last_frame_rsr : :val: A: 369 :  0.172: -61.03:   1.00: :
last_frame_rsr : :phe: A: 370 :  0.043:-128.40:   1.00: :
last_frame_rsr : :val: A: 371 :  0.058: -48.43:   1.00: :
last_frame_rsr : :arg: A: 372 :  0.053: -17.48:   1.00: :
last_frame_rsr : :val: A: 373 :  0.070: -44.23:   1.00: :
last_frame_rsr : :thr: A: 374 :  0.022: -18.21:   1.00: :
last_frame_rsr : :thr: A: 375 :  0.047:-117.43:   1.00: :
last_frame_rsr : :asn: A: 376 :  0.034: -83.37:   1.00: :
last_frame_rsr : :pro: A: 377 :  0.026: 167.99:   1.00: :
last_frame_rsr : :val: A: 378 :  0.041: -58.58:   1.00: :
last_frame_rsr : :asp: A: 379 :  0.047:  89.61:   1.00: :
last_frame_rsr : :leu: A: 380 :  0.014:   1.65:   1.00: :
last_frame_rsr : :trp: A: 381 :  0.064:-101.63:   1.00: :
last_frame_rsr : :ser: A: 382 :  0.035:  84.35:   1.00: :
last_frame_rsr : :ala: A: 383 :  0.056:-137.64:   1.00: :
last_frame_rsr : :pro: A: 384 :  0.038:-155.17:   1.00: :
last_frame_rsr : :ser: A: 385 :  0.025:  66.83:   1.00: :
last_frame_rsr : :ser: A: 386 :  0.116: -34.19:   1.00: :
last_frame_rsr : :gln: A: 387 :  0.038:-148.94:   1.00: :
last_frame_rsr : :ala: A: 388 :  0.029: -28.04:   1.00: :
last_frame_rsr : :arg: A: 389 :  0.020: -90.59:   1.00: :
last_frame_rsr : :leu: A: 390 :  0.018:  65.19:   1.00: :
last_frame_rsr : :glu: A: 391 :  0.069:  17.01:   1.00: :
last_frame_rsr : :lys: A: 392 :  0.048:  11.23:   1.00: :
last_frame_rsr : :glu: A: 393 :  0.036:  67.31:   1.00: :
last_frame_rsr : :tyr: A: 394 :  0.045:  75.38:   1.00: :
last_frame_rsr : :phe: A: 395 :  0.072:   1.81:   1.00: :
last_frame_rsr : :asp: A: 396 :  0.056: -25.66:   1.00: :
last_frame_rsr : :gln: A: 397 :  0.062:  77.14:   1.00: :
last_frame_rsr : :his: A: 398 :  0.027:  18.94:   1.00: :
last_frame_rsr : :phe: A: 399 :  0.083:  86.69:   1.00: :
last_frame_rsr : :pro: A: 401 :  0.023:  24.13:   1.00: :
last_frame_rsr : :phe: A: 402 :  0.165: -83.45:   1.00: :
last_frame_rsr : :phe: A: 403 :  0.097:-166.25:   1.00: :
last_frame_rsr : :arg: A: 404 :  0.011: -91.57:   1.00: :
last_frame_rsr : :thr: A: 405 :  0.077: 107.06:   1.00: :
last_frame_rsr : :glu: A: 406 :  0.011: -38.64:   1.00: :
last_frame_rsr : :gln: A: 407 :  0.019:  56.56:   1.00: :
last_frame_rsr : :leu: A: 408 :  0.050:  68.32:   1.00: :
last_frame_rsr : :ile: A: 409 :  0.094: -79.87:   1.00: :
last_frame_rsr : :ile: A: 410 :  0.026: -45.36:   1.00: :
last_frame_rsr : :arg: A: 411 :  0.077: 122.32:   1.00: :
last_frame_rsr : :ala: A: 412 :  0.016:  84.25:   1.00: :
last_frame_rsr : :pro: A: 413 :  0.040:  92.59:   1.00: :
last_frame_rsr : :leu: A: 414 :  0.023:  87.31:   1.00: :
last_frame_rsr : :thr: A: 415 :  0.056: -16.13:   1.00: :
last_frame_rsr : :asp: A: 416 :  0.014:  28.05:   1.00: :
last_frame_rsr : :lys: A: 417 :  0.016:-166.53:   1.00: :
last_frame_rsr : :his: A: 418 :  0.008: -56.11:   1.00: :
last_frame_rsr : :ile: A: 419 :  0.077: -46.98:   1.00: :
last_frame_rsr : :tyr: A: 420 :  0.050:   9.66:   1.00: :
last_frame_rsr : :gln: A: 421 :  0.036:  86.57:   1.00: :
last_frame_rsr : :pro: A: 422 :  0.027: 102.48:   1.00: :
last_frame_rsr : :tyr: A: 423 :  0.044:  50.60:   1.00: :
last_frame_rsr : :pro: A: 424 :  0.084:  84.45:   1.00: :
last_frame_rsr : :ser: A: 425 :  0.006:   9.67:   1.00: :
last_frame_rsr : :ala: A: 427 :  0.011:  58.32:   1.00: :
last_frame_rsr : :asp: A: 428 :  0.013:  52.42:   1.00: :
last_frame_rsr : :val: A: 429 :  0.025: -63.30:   1.00: :
last_frame_rsr : :pro: A: 430 :  0.015: 100.93:   1.00: :
last_frame_rsr : :phe: A: 431 :  0.016: -83.85:   1.00: :
last_frame_rsr : :pro: A: 433 :  0.042:-133.64:   1.00: :
last_frame_rsr : :pro: A: 434 :  0.040: 173.13:   1.00: :
last_frame_rsr : :leu: A: 435 :  0.018:-173.49:   1.00: :
last_frame_rsr : :asp: A: 436 :  0.018:-156.59:   1.00: :
last_frame_rsr : :ile: A: 437 :  0.091: -50.54:   1.00: :
last_frame_rsr : :gln: A: 438 :  0.022: -40.11:   1.00: :
last_frame_rsr : :ile: A: 439 :  0.102: -60.72:   1.00: :
last_frame_rsr : :leu: A: 440 :  0.033: -42.06:   1.00: :
last_frame_rsr : :his: A: 441 :  0.010: 159.72:   1.00: :
last_frame_rsr : :gln: A: 442 :  0.009:-167.04:   1.00: :
last_frame_rsr : :val: A: 443 :  0.057: -39.77:   1.00: :
last_frame_rsr : :leu: A: 444 :  0.017: -67.02:   1.00: :
last_frame_rsr : :asp: A: 445 :  0.013: -61.25:   1.00: :
last_frame_rsr : :leu: A: 446 :  0.015:  11.01:   1.00: :
last_frame_rsr : :gln: A: 447 :  0.048:   9.70:   1.00: :
last_frame_rsr : :ile: A: 448 :  0.084: -46.20:   1.00: :
last_frame_rsr : :ala: A: 449 :  0.019:  -6.55:   1.00: :
last_frame_rsr : :ile: A: 450 :  0.078: -43.20:   1.00: :
last_frame_rsr : :glu: A: 451 :  0.028:  37.82:   1.00: :
last_frame_rsr : :asn: A: 452 :  0.032:  -5.57:   1.00: :
last_frame_rsr : :ile: A: 453 :  0.049: -34.59:   1.00: :
last_frame_rsr : :thr: A: 454 :  0.017:   6.56:   1.00: :
last_frame_rsr : :ala: A: 455 :  0.027: 167.75:   1.00: :
last_frame_rsr : :ser: A: 456 :  0.011: 172.65:   1.00: :
last_frame_rsr : :tyr: A: 457 :  0.056:  82.63:   1.00: :
last_frame_rsr : :asp: A: 458 :  0.018: 101.99:   1.00: :
last_frame_rsr : :asn: A: 459 :  0.024: 132.34:   1.00: :
last_frame_rsr : :glu: A: 460 :  0.069:  68.67:   1.00: :
last_frame_rsr : :thr: A: 461 :  0.015:  21.10:   1.00: :
last_frame_rsr : :val: A: 462 :  0.035: -59.89:   1.00: :
last_frame_rsr : :thr: A: 463 :  0.032:  69.76:   1.00: :
last_frame_rsr : :leu: A: 464 :  0.021: -24.71:   1.00: :
last_frame_rsr : :gln: A: 465 :  0.012: 143.40:   1.00: :
last_frame_rsr : :asp: A: 466 :  0.029:  55.80:   1.00: :
last_frame_rsr : :ile: A: 467 :  0.056: -98.77:   1.00: :
last_frame_rsr : :cys: A: 468 :  0.048: 131.50:   1.00: :
last_frame_rsr : :leu: A: 469 :  0.036:  10.50:   1.00: :
last_frame_rsr : :ala: A: 470 :  0.034: 119.40:   1.00: :
last_frame_rsr : :pro: A: 471 :  0.037:  73.80:   1.00: :
last_frame_rsr : :leu: A: 472 :  0.019:-162.55:   1.00: :
last_frame_rsr : :ser: A: 473 :  0.043:  23.05:   1.00: :
last_frame_rsr : :pro: A: 474 :  0.077:  88.73:   1.00: :
last_frame_rsr : :tyr: A: 475 :  0.015: -39.42:   1.00: :
last_frame_rsr : :asn: A: 476 :  0.033: 162.44:   1.00: :
last_frame_rsr : :thr: A: 477 :  0.037: -28.16:   1.00: :
last_frame_rsr : :asn: A: 478 :  0.042:  47.66:   1.00: :
last_frame_rsr : :cys: A: 479 :  0.022: 109.94:   1.00: :
last_frame_rsr : :thr: A: 480 :  0.041: -49.00:   1.00: :
last_frame_rsr : :ile: A: 481 :  0.038: -10.46:   1.00: :
last_frame_rsr : :leu: A: 482 :  0.040: -54.98:   1.00: :
last_frame_rsr : :ser: A: 483 :  0.048: 110.72:   1.00: :
last_frame_rsr : :val: A: 484 :  0.083: -44.04:   1.00: :
last_frame_rsr : :leu: A: 485 :  0.012:  97.13:   1.00: :
last_frame_rsr : :asn: A: 486 :  0.015: -24.72:   1.00: :
last_frame_rsr : :tyr: A: 487 :  0.053: 105.70:   1.00: :
last_frame_rsr : :phe: A: 488 :  0.045:  -1.30:   1.00: :
last_frame_rsr : :gln: A: 489 :  0.078:-103.27:   1.00: :
last_frame_rsr : :asn: A: 490 :  0.052: -75.78:   1.00: :
last_frame_rsr : :ser: A: 491 :  0.016: 107.73:   1.00: :
last_frame_rsr : :his: A: 492 :  0.015:  24.45:   1.00: :
last_frame_rsr : :ser: A: 493 :  0.015: -20.00:   1.00: :
last_frame_rsr : :val: A: 494 :  0.073: -40.89:   1.00: :
last_frame_rsr : :leu: A: 495 :  0.038:  -1.95:   1.00: :
last_frame_rsr : :asp: A: 496 :  0.009: 147.66:   1.00: :
last_frame_rsr : :his: A: 497 :  0.029:-157.13:   1.00: :
last_frame_rsr : :lys: A: 498 :  0.023:  46.49:   1.00: :
last_frame_rsr : :lys: A: 499 :  0.009: 149.82:   1.00: :
last_frame_rsr : :asp: A: 501 :  0.094: -99.75:   1.00: :
last_frame_rsr : :asp: A: 502 :  0.026:  34.43:   1.00: :
last_frame_rsr : :phe: A: 503 :  0.020:  14.37:   1.00: :
last_frame_rsr : :phe: A: 504 :  0.063: 133.91:   1.00: :
last_frame_rsr : :val: A: 505 :  0.036: -79.54:   1.00: :
last_frame_rsr : :tyr: A: 506 :  0.035:  33.85:   1.00: :
last_frame_rsr : :ala: A: 507 :  0.011: 124.45:   1.00: :
last_frame_rsr : :asp: A: 508 :  0.022: -96.25:   1.00: :
last_frame_rsr : :tyr: A: 509 :  0.017: -38.56:   1.00: :
last_frame_rsr : :his: A: 510 :  0.037:  98.03:   1.00: :
last_frame_rsr : :thr: A: 511 :  0.068:   0.38:   1.00: :
last_frame_rsr : :his: A: 512 :  0.011:  59.22:   1.00: :
last_frame_rsr : :phe: A: 513 :  0.031:  30.33:   1.00: :
last_frame_rsr : :leu: A: 514 :  0.012:  29.46:   1.00: :
last_frame_rsr : :tyr: A: 515 :  0.015: -84.65:   1.00: :
last_frame_rsr : :cys: A: 516 :  0.008: 118.09:   1.00: :
last_frame_rsr : :val: A: 517 :  0.044: -69.69:   1.00: :
last_frame_rsr : :arg: A: 518 :  0.006:  88.77:   1.00: :
last_frame_rsr : :ala: A: 519 :  0.021: 117.01:   1.00: :
last_frame_rsr : :pro: A: 520 :  0.049:  84.12:   1.00: :
last_frame_rsr : :ala: A: 521 :  0.014:  94.96:   1.00: :
last_frame_rsr : :ser: A: 522 :  0.026: 133.44:   1.00: :
last_frame_rsr : :leu: A: 523 :  0.047: 116.86:   1.00: :
last_frame_rsr : :asn: A: 524 :  0.085: 116.88:   1.00: :
last_frame_rsr : :asp: A: 525 :  0.050:  63.06:   1.00: :
last_frame_rsr : :thr: A: 526 :  0.063: -53.67:   1.00: :
last_frame_rsr : :ser: A: 527 :  0.026:  56.42:   1.00: :
last_frame_rsr : :leu: A: 528 :  0.015: 164.59:   1.00: :
last_frame_rsr : :leu: A: 529 :  0.030:-161.33:   1.00: :
last_frame_rsr : :his: A: 530 :  0.082:-108.77:   1.00: :
last_frame_rsr : :asp: A: 531 :  0.024:  67.74:   1.00: :
last_frame_rsr : :pro: A: 532 :  0.034: 110.60:   1.00: :
last_frame_rsr : :cys: A: 533 :  0.025: 125.87:   1.00: :
last_frame_rsr : :leu: A: 534 :  0.036:  60.10:   1.00: :
last_frame_rsr : :thr: A: 536 :  0.037:  70.15:   1.00: :
last_frame_rsr : :phe: A: 537 :  0.031: -13.78:   1.00: :
last_frame_rsr : :pro: A: 540 :  0.037: 100.84:   1.00: :
last_frame_rsr : :val: A: 541 :  0.034: -45.24:   1.00: :
last_frame_rsr : :phe: A: 542 :  0.050: -18.18:   1.00: :
last_frame_rsr : :pro: A: 543 :  0.003: 160.80:   1.00: :
last_frame_rsr : :trp: A: 544 :  0.024: -55.65:   1.00: :
last_frame_rsr : :leu: A: 545 :  0.017: 176.06:   1.00: :
last_frame_rsr : :val: A: 546 :  0.040:-105.59:   1.00: :
last_frame_rsr : :leu: A: 547 :  0.044: 173.94:   1.00: :
last_frame_rsr : :tyr: A: 550 :  0.019:-136.67:   1.00: :
last_frame_rsr : :asp: A: 551 :  0.041: -64.75:   1.00: :
last_frame_rsr : :asp: A: 552 :  0.042:  23.76:   1.00: :
last_frame_rsr : :gln: A: 553 :  0.035:-147.74:   1.00: :
last_frame_rsr : :asn: A: 554 :  0.046: -61.96:   1.00: :
last_frame_rsr : :tyr: A: 555 :  0.033:  25.32:   1.00: :
last_frame_rsr : :asn: A: 556 :  0.035: -15.89:   1.00: :
last_frame_rsr : :asn: A: 557 :  0.022: -63.01:   1.00: :
last_frame_rsr : :ala: A: 558 :  0.016:  54.81:   1.00: :
last_frame_rsr : :thr: A: 559 :  0.029:  25.65:   1.00: :
last_frame_rsr : :ala: A: 560 :  0.022: 154.76:   1.00: :
last_frame_rsr : :leu: A: 561 :  0.045:  97.80:   1.00: :
last_frame_rsr : :val: A: 562 :  0.021: -40.87:   1.00: :
last_frame_rsr : :ile: A: 563 :  0.041: -11.63:   1.00: :
last_frame_rsr : :thr: A: 564 :  0.047:  -1.19:   1.00: :
last_frame_rsr : :phe: A: 565 :  0.041:  43.53:   1.00: :
last_frame_rsr : :pro: A: 566 :  0.020:  92.71:   1.00: :
last_frame_rsr : :val: A: 567 :  0.040:-106.51:   1.00: :
last_frame_rsr : :asn: A: 568 :  0.035: -25.58:   1.00: :
last_frame_rsr : :asn: A: 569 :  0.066: -56.35:   1.00: :
last_frame_rsr : :tyr: A: 570 :  0.050:-142.55:   1.00: :
last_frame_rsr : :tyr: A: 571 :  0.066:  97.52:   1.00: :
last_frame_rsr : :asn: A: 572 :  0.030:  66.69:   1.00: :
last_frame_rsr : :asp: A: 573 :  0.025: -33.46:   1.00: :
last_frame_rsr : :thr: A: 574 :  0.057:  -6.54:   1.00: :
last_frame_rsr : :glu: A: 575 :  0.035:  24.25:   1.00: :
last_frame_rsr : :lys: A: 576 :  0.014:-109.55:   1.00: :
last_frame_rsr : :leu: A: 577 :  0.031:  -8.93:   1.00: :
last_frame_rsr : :gln: A: 578 :  0.024:   5.95:   1.00: :
last_frame_rsr : :arg: A: 579 :  0.025:  78.31:   1.00: :
last_frame_rsr : :ala: A: 580 :  0.023:   4.66:   1.00: :
last_frame_rsr : :gln: A: 581 :  0.015: -37.03:   1.00: :
last_frame_rsr : :ala: A: 582 :  0.020:  -5.42:   1.00: :
last_frame_rsr : :trp: A: 583 :  0.025: 116.31:   1.00: :
last_frame_rsr : :glu: A: 584 :  0.049:  81.74:   1.00: :
last_frame_rsr : :lys: A: 585 :  0.054: -10.84:   1.00: :
last_frame_rsr : :glu: A: 586 :  0.016: -77.61:   1.00: :
last_frame_rsr : :phe: A: 587 :  0.008:-123.48:   1.00: :
last_frame_rsr : :ile: A: 588 :  0.036: -19.75:   1.00: :
last_frame_rsr : :asn: A: 589 :  0.036: -79.99:   1.00: :
last_frame_rsr : :phe: A: 590 :  0.022: 115.73:   1.00: :
last_frame_rsr : :val: A: 591 :  0.089: -42.44:   1.00: :
last_frame_rsr : :lys: A: 592 :  0.032: -12.96:   1.00: :
last_frame_rsr : :asn: A: 593 :  0.016:-167.66:   1.00: :
last_frame_rsr : :tyr: A: 594 :  0.008:-153.20:   1.00: :
last_frame_rsr : :lys: A: 595 :  0.050: 136.63:   1.00: :
last_frame_rsr : :asn: A: 596 :  0.037: 161.46:   1.00: :
last_frame_rsr : :pro: A: 597 :  0.039: 103.58:   1.00: :
last_frame_rsr : :asn: A: 598 :  0.038:  30.08:   1.00: :
last_frame_rsr : :leu: A: 599 :  0.063: 107.42:   1.00: :
last_frame_rsr : :thr: A: 600 :  0.022: -19.40:   1.00: :
last_frame_rsr : :ile: A: 601 :  0.052:  -4.39:   1.00: :
last_frame_rsr : :ser: A: 602 :  0.024:-146.88:   1.00: :
last_frame_rsr : :phe: A: 603 :  0.078:  86.63:   1.00: :
last_frame_rsr : :thr: A: 604 :  0.056: 132.83:   1.00: :
last_frame_rsr : :ala: A: 605 :  0.056: 134.24:   1.00: :
last_frame_rsr : :glu: A: 606 :  0.013: -26.78:   1.00: :
last_frame_rsr : :arg: A: 607 :  0.029:  43.08:   1.00: :
last_frame_rsr : :ser: A: 608 :  0.022:  18.21:   1.00: :
last_frame_rsr : :ile: A: 609 :  0.048:-112.82:   1.00: :
last_frame_rsr : :glu: A: 610 :  0.055: 125.17:   1.00: :
last_frame_rsr : :asp: A: 611 :  0.038: -87.05:   1.00: :
last_frame_rsr : :glu: A: 612 :  0.054: -87.34:   1.00: :
last_frame_rsr : :leu: A: 613 :  0.038: -99.89:   1.00: :
last_frame_rsr : :asn: A: 614 :  0.015: -35.17:   1.00: :
last_frame_rsr : :arg: A: 615 :  0.060: 140.64:   1.00: :
last_frame_rsr : :glu: A: 616 :  0.062: -55.40:   1.00: :
last_frame_rsr : :ser: A: 617 :  0.038:  55.53:   1.00: :
last_frame_rsr : :asp: A: 618 :  0.030:-135.60:   1.00: :
last_frame_rsr : :ser: A: 619 :  0.014:  82.69:   1.00: :
last_frame_rsr : :asp: A: 620 :  0.047: -94.46:   1.00: :
last_frame_rsr : :val: A: 621 :  0.068: -45.30:   1.00: :
last_frame_rsr : :phe: A: 622 :  0.006: -42.33:   1.00: :
last_frame_rsr : :thr: A: 623 :  0.035: -24.59:   1.00: :
last_frame_rsr : :val: A: 624 :  0.068: -60.07:   1.00: :
last_frame_rsr : :val: A: 625 :  0.088: -67.80:   1.00: :
last_frame_rsr : :ile: A: 626 :  0.081: -81.95:   1.00: :
last_frame_rsr : :ser: A: 627 :  0.038: 115.62:   1.00: :
last_frame_rsr : :tyr: A: 628 :  0.015: -54.32:   1.00: :
last_frame_rsr : :ala: A: 629 :  0.024:-100.94:   1.00: :
last_frame_rsr : :ile: A: 630 :  0.061: -45.50:   1.00: :
last_frame_rsr : :met: A: 631 :  0.056: -93.39:   1.00: :
last_frame_rsr : :phe: A: 632 :  0.038: -32.98:   1.00: :
last_frame_rsr : :leu: A: 633 :  0.022:  79.84:   1.00: :
last_frame_rsr : :tyr: A: 634 :  0.013: -95.54:   1.00: :
last_frame_rsr : :ile: A: 635 :  0.091: -26.94:   1.00: :
last_frame_rsr : :ser: A: 636 :  0.023: -56.34:   1.00: :
last_frame_rsr : :leu: A: 637 :  0.018: -78.43:   1.00: :
last_frame_rsr : :ala: A: 638 :  0.010:  54.11:   1.00: :
last_frame_rsr : :leu: A: 639 :  0.053: -20.19:   1.00: :
last_frame_rsr : :his: A: 641 :  0.096:-112.72:   1.00: :
last_frame_rsr : :met: A: 642 :  0.126: -67.54:   1.00: :
last_frame_rsr : :lys: A: 643 :  0.050: -72.35:   1.00: :
last_frame_rsr : :ser: A: 644 :  0.013:-130.25:   1.00: :
last_frame_rsr : :cys: A: 645 :  0.023:  48.71:   1.00: :
last_frame_rsr : :arg: A: 646 :  0.012: -85.11:   1.00: :
last_frame_rsr : :arg: A: 647 :  0.057:  79.92:   1.00: :
last_frame_rsr : :leu: A: 648 :  0.039: -54.60:   1.00: :
last_frame_rsr : :leu: A: 649 :  0.040: 107.86:   1.00: :
last_frame_rsr : :val: A: 650 :  0.044: -46.84:   1.00: :
last_frame_rsr : :asp: A: 651 :  0.025: -50.34:   1.00: :
last_frame_rsr : :ser: A: 652 :  0.024:   6.45:   1.00: :
last_frame_rsr : :lys: A: 653 :  0.034: -61.91:   1.00: :
last_frame_rsr : :val: A: 654 :  0.092: -57.19:   1.00: :
last_frame_rsr : :ser: A: 655 :  0.054:  65.24:   1.00: :
last_frame_rsr : :leu: A: 656 :  0.073: -31.89:   1.00: :
last_frame_rsr : :ile: A: 658 :  0.109: -76.90:   1.00: :
last_frame_rsr : :ala: A: 659 :  0.012: 152.11:   1.00: :
last_frame_rsr : :ile: A: 661 :  0.074: -44.54:   1.00: :
last_frame_rsr : :leu: A: 662 :  0.036:   8.01:   1.00: :
last_frame_rsr : :ile: A: 663 :  0.072: -36.03:   1.00: :
last_frame_rsr : :val: A: 664 :  0.081: -60.78:   1.00: :
last_frame_rsr : :leu: A: 665 :  0.045: -73.31:   1.00: :
last_frame_rsr : :ser: A: 666 :  0.015:-148.98:   1.00: :
last_frame_rsr : :ser: A: 667 :  0.028: 134.65:   1.00: :
last_frame_rsr : :val: A: 668 :  0.096:-113.53:   1.00: :
last_frame_rsr : :ala: A: 669 :  0.051: 174.29:   1.00: :
last_frame_rsr : :cys: A: 670 :  0.061: 152.88:   1.00: :
last_frame_rsr : :ser: A: 671 :  0.053:-112.23:   1.00: :
last_frame_rsr : :leu: A: 672 :  0.019:  19.67:   1.00: :
last_frame_rsr : :val: A: 674 :  0.139: -31.75:   1.00: :
last_frame_rsr : :phe: A: 675 :  0.030:-131.49:   1.00: :
last_frame_rsr : :ser: A: 676 :  0.003: -81.06:   1.00: :
last_frame_rsr : :tyr: A: 677 :  0.032: -83.10:   1.00: :
last_frame_rsr : :ile: A: 678 :  0.057: -57.30:   1.00: :
last_frame_rsr : :leu: A: 680 :  0.108: -72.64:   1.00: :
last_frame_rsr : :pro: A: 681 :  0.036:-156.42:   1.00: :
last_frame_rsr : :leu: A: 682 :  0.060:-177.93:   1.00: :
last_frame_rsr : :thr: A: 683 :  0.057: -88.72:   1.00: :
last_frame_rsr : :leu: A: 684 :  0.028: -17.24:   1.00: :
last_frame_rsr : :ile: A: 685 :  0.089: -39.01:   1.00: :
last_frame_rsr : :val: A: 686 :  0.077: -39.42:   1.00: :
last_frame_rsr : :ile: A: 687 :  0.054:-114.28:   1.00: :
last_frame_rsr : :glu: A: 688 :  0.010:  24.47:   1.00: :
last_frame_rsr : :val: A: 689 :  0.091: -38.73:   1.00: :
last_frame_rsr : :ile: A: 690 :  0.087: -63.14:   1.00: :
last_frame_rsr : :pro: A: 691 :  0.042:  93.38:   1.00: :
last_frame_rsr : :phe: A: 692 :  0.026: -35.75:   1.00: :
last_frame_rsr : :leu: A: 693 :  0.037: -58.55:   1.00: :
last_frame_rsr : :val: A: 694 :  0.088: -39.25:   1.00: :
last_frame_rsr : :leu: A: 695 :  0.033: -57.61:   1.00: :
last_frame_rsr : :ala: A: 696 :  0.018:   8.38:   1.00: :
last_frame_rsr : :val: A: 697 :  0.087: -53.52:   1.00: :
last_frame_rsr : :val: A: 699 :  0.043: -60.48:   1.00: :
last_frame_rsr : :asp: A: 700 :  0.004:  32.72:   1.00: :
last_frame_rsr : :asn: A: 701 :  0.042: -20.94:   1.00: :
last_frame_rsr : :ile: A: 702 :  0.107: -54.09:   1.00: :
last_frame_rsr : :phe: A: 703 :  0.021:  89.22:   1.00: :
last_frame_rsr : :ile: A: 704 :  0.088: -91.07:   1.00: :
last_frame_rsr : :leu: A: 705 :  0.032: -13.01:   1.00: :
last_frame_rsr : :val: A: 706 :  0.032: -21.99:   1.00: :
last_frame_rsr : :gln: A: 707 :  0.025:  53.38:   1.00: :
last_frame_rsr : :ala: A: 708 :  0.014: 131.31:   1.00: :
last_frame_rsr : :tyr: A: 709 :  0.026:  86.53:   1.00: :
last_frame_rsr : :gln: A: 710 :  0.087: -53.52:   1.00: :
last_frame_rsr : :arg: A: 711 :  0.035:  61.11:   1.00: :
last_frame_rsr : :asp: A: 712 :  0.023: 149.31:   1.00: :
last_frame_rsr : :glu: A: 713 :  0.104:-112.91:   1.00: :
last_frame_rsr : :arg: A: 714 :  0.070: -52.53:   1.00: :
last_frame_rsr : :leu: A: 715 :  0.022:  52.91:   1.00: :
last_frame_rsr : :gln: A: 716 :  0.006: -62.20:   1.00: :
last_frame_rsr : :glu: A: 718 :  0.019:-160.61:   1.00: :
last_frame_rsr : :thr: A: 719 :  0.103: -77.81:   1.00: :
last_frame_rsr : :leu: A: 720 :  0.022: -25.21:   1.00: :
last_frame_rsr : :asp: A: 721 :  0.015: -14.72:   1.00: :
last_frame_rsr : :gln: A: 722 :  0.028: -96.55:   1.00: :
last_frame_rsr : :gln: A: 723 :  0.052:-122.78:   1.00: :
last_frame_rsr : :leu: A: 724 :  0.018:  21.73:   1.00: :
last_frame_rsr : :arg: A: 726 :  0.048:-108.91:   1.00: :
last_frame_rsr : :val: A: 727 :  0.063: -63.59:   1.00: :
last_frame_rsr : :leu: A: 728 :  0.032: -33.79:   1.00: :
last_frame_rsr : :glu: A: 730 :  0.095:-135.90:   1.00: :
last_frame_rsr : :val: A: 731 :  0.083: -69.24:   1.00: :
last_frame_rsr : :ala: A: 732 :  0.059: -77.50:   1.00: :
last_frame_rsr : :pro: A: 733 :  0.017: 115.85:   1.00: :
last_frame_rsr : :ser: A: 734 :  0.027: 175.04:   1.00: :
last_frame_rsr : :met: A: 735 :  0.018: 158.14:   1.00: :
last_frame_rsr : :phe: A: 736 :  0.129: -10.96:   1.00: :
last_frame_rsr : :leu: A: 737 :  0.021:  13.12:   1.00: :
last_frame_rsr : :ser: A: 738 :  0.018:  59.00:   1.00: :
last_frame_rsr : :ser: A: 739 :  0.046: 129.18:   1.00: :
last_frame_rsr : :phe: A: 740 :  0.027: 173.34:   1.00: :
last_frame_rsr : :ser: A: 741 :  0.017: -39.55:   1.00: :
last_frame_rsr : :glu: A: 742 :  0.015:  35.47:   1.00: :
last_frame_rsr : :thr: A: 743 :  0.073: -57.30:   1.00: :
last_frame_rsr : :val: A: 744 :  0.098: -37.36:   1.00: :
last_frame_rsr : :ala: A: 745 :  0.016: 150.80:   1.00: :
last_frame_rsr : :phe: A: 746 :  0.043:  30.29:   1.00: :
last_frame_rsr : :phe: A: 747 :  0.015:-112.17:   1.00: :
last_frame_rsr : :leu: A: 748 :  0.027:-111.87:   1.00: :
last_frame_rsr : :ala: A: 750 :  0.015: -43.52:   1.00: :
last_frame_rsr : :leu: A: 751 :  0.052: -31.31:   1.00: :
last_frame_rsr : :ser: A: 752 :  0.011:-128.50:   1.00: :
last_frame_rsr : :val: A: 753 :  0.063: -37.54:   1.00: :
last_frame_rsr : :met: A: 754 :  0.074: -87.47:   1.00: :
last_frame_rsr : :pro: A: 755 :  0.023: 145.47:   1.00: :
last_frame_rsr : :ala: A: 756 :  0.020:   7.27:   1.00: :
last_frame_rsr : :val: A: 757 :  0.112: -86.17:   1.00: :
last_frame_rsr : :his: A: 758 :  0.073: 149.56:   1.00: :
last_frame_rsr : :thr: A: 759 :  0.027:-131.71:   1.00: :
last_frame_rsr : :phe: A: 760 :  0.070: 151.39:   1.00: :
last_frame_rsr : :ser: A: 761 :  0.008: 106.56:   1.00: :
last_frame_rsr : :leu: A: 762 :  0.048: -78.03:   1.00: :
last_frame_rsr : :phe: A: 763 :  0.013:  82.60:   1.00: :
last_frame_rsr : :ala: A: 764 :  0.019: -48.49:   1.00: :
last_frame_rsr : :leu: A: 766 :  0.047: -64.14:   1.00: :
last_frame_rsr : :ala: A: 767 :  0.014: -32.40:   1.00: :
last_frame_rsr : :val: A: 768 :  0.050: -44.55:   1.00: :
last_frame_rsr : :phe: A: 769 :  0.049:  10.66:   1.00: :
last_frame_rsr : :ile: A: 770 :  0.082: -62.06:   1.00: :
last_frame_rsr : :asp: A: 771 :  0.027: 110.16:   1.00: :
last_frame_rsr : :phe: A: 772 :  0.022: -31.06:   1.00: :
last_frame_rsr : :ala: A: 804 :  0.025:  25.76:   1.00: :
last_frame_rsr : :glu: A: 805 :  0.030: -27.91:   1.00: :
last_frame_rsr : :asp: A: 806 :  0.028: -11.59:   1.00: :
last_frame_rsr : :thr: A: 808 :  0.044: -10.11:   1.00: :
last_frame_rsr : :ser: A: 809 :  0.022: -78.05:   1.00: :
last_frame_rsr : :val: A: 810 :  0.063: -50.54:   1.00: :
last_frame_rsr : :gln: A: 811 :  0.045: -77.23:   1.00: :
last_frame_rsr : :ala: A: 812 :  0.014: -52.61:   1.00: :
last_frame_rsr : :ser: A: 813 :  0.015:  -1.20:   1.00: :
last_frame_rsr : :glu: A: 814 :  0.021:  -0.48:   1.00: :
last_frame_rsr : :ser: A: 815 :  0.009: -17.49:   1.00: :
last_frame_rsr : :cys: A: 816 :  0.017:  45.43:   1.00: :
last_frame_rsr : :leu: A: 817 :  0.034:  -2.58:   1.00: :
last_frame_rsr : :phe: A: 818 :  0.021:  14.82:   1.00: :
last_frame_rsr : :arg: A: 819 :  0.027: -14.25:   1.00: :
last_frame_rsr : :phe: A: 820 :  0.006:-177.41:   1.00: :
last_frame_rsr : :phe: A: 821 :  0.036: -62.85:   1.00: :
last_frame_rsr : :lys: A: 822 :  0.010:  23.75:   1.00: :
last_frame_rsr : :asn: A: 823 :  0.027: -60.08:   1.00: :
last_frame_rsr : :ser: A: 824 :  0.006: -21.83:   1.00: :
last_frame_rsr : :tyr: A: 825 :  0.036: -43.97:   1.00: :
last_frame_rsr : :ser: A: 826 :  0.087: -93.31:   1.00: :
last_frame_rsr : :pro: A: 827 :  0.028: 167.42:   1.00: :
last_frame_rsr : :leu: A: 828 :  0.032: -36.92:   1.00: :
last_frame_rsr : :leu: A: 829 :  0.028:  -1.79:   1.00: :
last_frame_rsr : :leu: A: 830 :  0.056: 137.23:   1.00: :
last_frame_rsr : :lys: A: 831 :  0.078: -47.91:   1.00: :
last_frame_rsr : :asp: A: 832 :  0.030: -23.30:   1.00: :
last_frame_rsr : :trp: A: 833 :  0.025: -49.51:   1.00: :
last_frame_rsr : :met: A: 834 :  0.040: -55.20:   1.00: :
last_frame_rsr : :arg: A: 835 :  0.142: -99.66:   1.00: :
last_frame_rsr : :pro: A: 836 :  0.030:-170.45:   1.00: :
last_frame_rsr : :ile: A: 837 :  0.113: -81.17:   1.00: :
last_frame_rsr : :val: A: 838 :  0.085: -56.40:   1.00: :
last_frame_rsr : :ile: A: 839 :  0.112: -81.90:   1.00: :
last_frame_rsr : :ala: A: 840 :  0.014:-178.25:   1.00: :
last_frame_rsr : :ile: A: 841 :  0.097: -72.18:   1.00: :
last_frame_rsr : :phe: A: 842 :  0.042:  27.12:   1.00: :
last_frame_rsr : :val: A: 843 :  0.080: -57.00:   1.00: :
last_frame_rsr : :val: A: 845 :  0.113: -52.53:   1.00: :
last_frame_rsr : :leu: A: 846 :  0.021:  43.01:   1.00: :
last_frame_rsr : :ser: A: 847 :  0.015: -43.65:   1.00: :
last_frame_rsr : :phe: A: 848 :  0.068:  13.77:   1.00: :
last_frame_rsr : :ser: A: 849 :  0.039: 128.36:   1.00: :
last_frame_rsr : :ile: A: 850 :  0.095: -62.46:   1.00: :
last_frame_rsr : :ala: A: 851 :  0.050: -73.96:   1.00: :
last_frame_rsr : :val: A: 852 :  0.042: -72.49:   1.00: :
last_frame_rsr : :leu: A: 853 :  0.069:  29.24:   1.00: :
last_frame_rsr : :asn: A: 854 :  0.031:  -3.28:   1.00: :
last_frame_rsr : :lys: A: 855 :  0.089: -11.32:   1.00: :
last_frame_rsr : :val: A: 856 :  0.046: -45.49:   1.00: :
last_frame_rsr : :asp: A: 857 :  0.016:  32.28:   1.00: :
last_frame_rsr : :ile: A: 858 :  0.086: -38.02:   1.00: :
last_frame_rsr : :leu: A: 860 :  0.052: -13.99:   1.00: :
last_frame_rsr : :asp: A: 861 :  0.051: -72.67:   1.00: :
last_frame_rsr : :gln: A: 862 :  0.026: -79.46:   1.00: :
last_frame_rsr : :ser: A: 863 :  0.016: 146.63:   1.00: :
last_frame_rsr : :leu: A: 864 :  0.036:  97.10:   1.00: :
last_frame_rsr : :ser: A: 865 :  0.016:  -4.26:   1.00: :
last_frame_rsr : :met: A: 866 :  0.080: -59.14:   1.00: :
last_frame_rsr : :pro: A: 867 :  0.021:-151.44:   1.00: :
last_frame_rsr : :asp: A: 868 :  0.037:  27.96:   1.00: :
last_frame_rsr : :asp: A: 869 :  0.017:  -9.26:   1.00: :
last_frame_rsr : :ser: A: 870 :  0.027:   7.75:   1.00: :
last_frame_rsr : :tyr: A: 871 :  0.023:  52.29:   1.00: :
last_frame_rsr : :met: A: 872 :  0.036: -58.06:   1.00: :
last_frame_rsr : :val: A: 873 :  0.093: -45.04:   1.00: :
last_frame_rsr : :asp: A: 874 :  0.016: -66.72:   1.00: :
last_frame_rsr : :tyr: A: 875 :  0.013:  83.81:   1.00: :
last_frame_rsr : :phe: A: 876 :  0.048: 121.60:   1.00: :
last_frame_rsr : :lys: A: 877 :  0.009:-133.21:   1.00: :
last_frame_rsr : :ser: A: 878 :  0.053:-120.33:   1.00: :
last_frame_rsr : :ile: A: 879 :  0.088: -27.85:   1.00: :
last_frame_rsr : :ser: A: 880 :  0.055: 155.28:   1.00: :
last_frame_rsr : :gln: A: 881 :  0.033:  20.39:   1.00: :
last_frame_rsr : :tyr: A: 882 :  0.072: -36.29:   1.00: :
last_frame_rsr : :leu: A: 883 :  0.032:  -6.84:   1.00: :
last_frame_rsr : :his: A: 884 :  0.028: 136.66:   1.00: :
last_frame_rsr : :ala: A: 885 :  0.067:  84.38:   1.00: :
last_frame_rsr : :pro: A: 887 :  0.019:   1.52:   1.00: :
last_frame_rsr : :pro: A: 888 :  0.064:-127.00:   1.00: :
last_frame_rsr : :val: A: 889 :  0.041: -42.24:   1.00: :
last_frame_rsr : :tyr: A: 890 :  0.063:-131.99:   1.00: :
last_frame_rsr : :phe: A: 891 :  0.142:-147.55:   1.00: :
last_frame_rsr : :val: A: 892 :  0.078: -61.42:   1.00: :
last_frame_rsr : :leu: A: 893 :  0.032:  -8.48:   1.00: :
last_frame_rsr : :glu: A: 894 :  0.073: -99.94:   1.00: :
last_frame_rsr : :glu: A: 895 :  0.014:  19.33:   1.00: :
last_frame_rsr : :his: A: 897 :  0.074: -10.02:   1.00: :
last_frame_rsr : :asp: A: 898 :  0.020:-169.78:   1.00: :
last_frame_rsr : :tyr: A: 899 :  0.023:  46.42:   1.00: :
last_frame_rsr : :thr: A: 900 :  0.073:  -5.01:   1.00: :
last_frame_rsr : :ser: A: 901 :  0.018: -32.20:   1.00: :
last_frame_rsr : :ser: A: 902 :  0.033: -68.90:   1.00: :
last_frame_rsr : :lys: A: 903 :  0.027:  44.48:   1.00: :
last_frame_rsr : :gln: A: 905 :  0.050: -27.45:   1.00: :
last_frame_rsr : :asn: A: 906 :  0.031:  30.72:   1.00: :
last_frame_rsr : :met: A: 907 :  0.028:  25.29:   1.00: :
last_frame_rsr : :val: A: 908 :  0.063: -34.20:   1.00: :
last_frame_rsr : :cys: A: 909 :  0.020: -16.26:   1.00: :
last_frame_rsr : :met: A: 912 :  0.065:   3.81:   1.00: :
last_frame_rsr : :cys: A: 914 :  0.047: 133.15:   1.00: :
last_frame_rsr : :asn: A: 915 :  0.049:-155.36:   1.00: :
last_frame_rsr : :asn: A: 916 :  0.048:-175.59:   1.00: :
last_frame_rsr : :asp: A: 917 :  0.014: -92.15:   1.00: :
last_frame_rsr : :ser: A: 918 :  0.042: 113.53:   1.00: :
last_frame_rsr : :leu: A: 919 :  0.026:  34.72:   1.00: :
last_frame_rsr : :val: A: 920 :  0.056: -25.45:   1.00: :
last_frame_rsr : :gln: A: 921 :  0.009:  82.30:   1.00: :
last_frame_rsr : :gln: A: 922 :  0.089:  26.48:   1.00: :
last_frame_rsr : :ile: A: 923 :  0.196: -53.70:   1.00: :
last_frame_rsr : :phe: A: 924 :  0.132:-104.50:   1.00: :
last_frame_rsr : :asn: A: 925 :  0.056:  87.26:   1.00: :
last_frame_rsr : :ala: A: 926 :  0.031:  91.88:   1.00: :
last_frame_rsr : :ala: A: 927 :  0.014: 112.45:   1.00: :
last_frame_rsr : :gln: A: 928 :  0.034: 100.14:   1.00: :
last_frame_rsr : :leu: A: 929 :  0.091:  65.88:   1.00: :
last_frame_rsr : :asp: A: 930 :  0.108:  11.71:   1.00: :
last_frame_rsr : :asn: A: 931 :  0.045:  38.54:   1.00: :
last_frame_rsr : :tyr: A: 932 :  0.017:  40.82:   1.00: :
last_frame_rsr : :thr: A: 933 :  0.045: -28.60:   1.00: :
last_frame_rsr : :arg: A: 934 :  0.035: 125.14:   1.00: :
last_frame_rsr : :ile: A: 935 :  0.113: -65.54:   1.00: :
last_frame_rsr : :phe: A: 937 :  0.042:-111.80:   1.00: :
last_frame_rsr : :ala: A: 938 :  0.096: -85.74:   1.00: :
last_frame_rsr : :pro: A: 939 :  0.040: 153.50:   1.00: :
last_frame_rsr : :ser: A: 940 :  0.049: -21.62:   1.00: :
last_frame_rsr : :ser: A: 941 :  0.028:  84.06:   1.00: :
last_frame_rsr : :trp: A: 942 :  0.053:-113.19:   1.00: :
last_frame_rsr : :ile: A: 943 :  0.086: -49.65:   1.00: :
last_frame_rsr : :asp: A: 944 :  0.098:   0.95:   1.00: :
last_frame_rsr : :asp: A: 945 :  0.037:  96.12:   1.00: :
last_frame_rsr : :tyr: A: 946 :  0.025:  45.39:   1.00: :
last_frame_rsr : :phe: A: 947 :  0.023:-159.85:   1.00: :
last_frame_rsr : :asp: A: 948 :  0.060:  48.67:   1.00: :
last_frame_rsr : :trp: A: 949 :  0.013: 140.17:   1.00: :
last_frame_rsr : :val: A: 950 :  0.013: -28.10:   1.00: :
last_frame_rsr : :lys: A: 951 :  0.020: 141.62:   1.00: :
last_frame_rsr : :pro: A: 952 :  0.036:-163.10:   1.00: :
last_frame_rsr : :gln: A: 953 :  0.030:  20.22:   1.00: :
last_frame_rsr : :ser: A: 954 :  0.016:  21.27:   1.00: :
last_frame_rsr : :ser: A: 955 :  0.036:-173.12:   1.00: :
last_frame_rsr : :cys: A: 956 :  0.011: 138.52:   1.00: :
last_frame_rsr : :cys: A: 957 :  0.066: 123.69:   1.00: :
last_frame_rsr : :arg: A: 958 :  0.040:  55.34:   1.00: :
last_frame_rsr : :val: A: 959 :  0.024:-173.48:   1.00: :
last_frame_rsr : :pro: A: 984 :  0.030:  98.29:   1.00: :
last_frame_rsr : :glu: A: 985 :  0.031: -32.92:   1.00: :
last_frame_rsr : :lys: A: 987 :  0.052:   8.73:   1.00: :
last_frame_rsr : :gln: A: 988 :  0.065:   5.36:   1.00: :
last_frame_rsr : :arg: A: 989 :  0.107: -75.34:   1.00: :
last_frame_rsr : :pro: A: 990 :  0.019: 162.34:   1.00: :
last_frame_rsr : :gln: A: 991 :  0.037:   4.66:   1.00: :
last_frame_rsr : :asp: A: 994 :  0.050: -73.51:   1.00: :
last_frame_rsr : :phe: A: 995 :  0.058:-100.42:   1.00: :
last_frame_rsr : :met: A: 996 :  0.098:-136.50:   1.00: :
last_frame_rsr : :arg: A: 997 :  0.011: 135.14:   1.00: :
last_frame_rsr : :phe: A: 998 :  0.032:  39.62:   1.00: :
last_frame_rsr : :leu: A: 999 :  0.123: -82.00:   1.00: :
last_frame_rsr : :pro: A:1000 :  0.038: 152.34:   1.00: :
last_frame_rsr : :met: A:1001 :  0.019:  78.35:   1.00: :
last_frame_rsr : :phe: A:1002 :  0.011:  49.49:   1.00: :
last_frame_rsr : :leu: A:1003 :  0.033: -73.40:   1.00: :
last_frame_rsr : :ser: A:1004 :  0.033:-143.52:   1.00: :
last_frame_rsr : :asp: A:1005 :  0.071: 106.87:   1.00: :
last_frame_rsr : :asn: A:1006 :  0.017:   7.17:   1.00: :
last_frame_rsr : :pro: A:1007 :  0.018:  53.48:   1.00: :
last_frame_rsr : :asn: A:1008 :  0.067:-129.65:   1.00: :
last_frame_rsr : :pro: A:1009 :  0.037: 167.44:   1.00: :
last_frame_rsr : :lys: A:1010 :  0.048:-175.18:   1.00: :
last_frame_rsr : :cys: A:1011 :  0.020: 148.27:   1.00: :
last_frame_rsr : :lys: A:1013 :  0.059: -69.41:   1.00: :
last_frame_rsr : :his: A:1016 :  0.033: -10.37:   1.00: :
last_frame_rsr : :ala: A:1017 :  0.033:  26.74:   1.00: :
last_frame_rsr : :ala: A:1018 :  0.038:  89.95:   1.00: :
last_frame_rsr : :tyr: A:1019 :  0.020:  17.06:   1.00: :
last_frame_rsr : :ser: A:1020 :  0.087: -80.02:   1.00: :
last_frame_rsr : :ser: A:1021 :  0.059: 101.85:   1.00: :
last_frame_rsr : :ala: A:1022 :  0.050: -17.33:   1.00: :
last_frame_rsr : :val: A:1023 :  0.094: -13.48:   1.00: :
last_frame_rsr : :asn: A:1024 :  0.020:  48.00:   1.00: :
last_frame_rsr : :ile: A:1025 :  0.059: -50.43:   1.00: :
last_frame_rsr : :leu: A:1026 :  0.067:-115.58:   1.00: :
last_frame_rsr : :leu: A:1027 :  0.049: -28.22:   1.00: :
last_frame_rsr : :his: A:1029 :  0.041: -51.48:   1.00: :
last_frame_rsr : :thr: A:1031 :  0.023:  27.09:   1.00: :
last_frame_rsr : :arg: A:1032 :  0.061: -30.18:   1.00: :
last_frame_rsr : :val: A:1033 :  0.080: 100.39:   1.00: :
last_frame_rsr : :ala: A:1035 :  0.020:   6.34:   1.00: :
last_frame_rsr : :thr: A:1036 :  0.021: -60.87:   1.00: :
last_frame_rsr : :tyr: A:1037 :  0.083: -46.65:   1.00: :
last_frame_rsr : :phe: A:1038 :  0.018:  77.92:   1.00: :
last_frame_rsr : :met: A:1039 :  0.086: -90.63:   1.00: :
last_frame_rsr : :thr: A:1040 :  0.071:  14.25:   1.00: :
last_frame_rsr : :tyr: A:1041 :  0.051: -72.80:   1.00: :
last_frame_rsr : :his: A:1042 :  0.065: 119.96:   1.00: :
last_frame_rsr : :thr: A:1043 :  0.057: -71.34:   1.00: :
last_frame_rsr : :val: A:1044 :  0.101: -65.73:   1.00: :
last_frame_rsr : :leu: A:1045 :  0.064:-162.48:   1.00: :
last_frame_rsr : :gln: A:1046 :  0.043: -55.65:   1.00: :
last_frame_rsr : :thr: A:1047 :  0.047: 137.53:   1.00: :
last_frame_rsr : :ser: A:1048 :  0.018:-126.39:   1.00: :
last_frame_rsr : :ala: A:1049 :  0.015:  27.22:   1.00: :
last_frame_rsr : :asp: A:1050 :  0.037: -19.50:   1.00: :
last_frame_rsr : :phe: A:1051 :  0.083: 111.87:   1.00: :
last_frame_rsr : :ile: A:1052 :  0.069: -36.82:   1.00: :
last_frame_rsr : :asp: A:1053 :  0.053: -36.28:   1.00: :
last_frame_rsr : :ala: A:1054 :  0.040:  67.74:   1.00: :
last_frame_rsr : :leu: A:1055 :  0.036: -26.29:   1.00: :
last_frame_rsr : :lys: A:1056 :  0.014:  43.32:   1.00: :
last_frame_rsr : :lys: A:1057 :  0.008: -76.63:   1.00: :
last_frame_rsr : :ala: A:1058 :  0.017:  -8.31:   1.00: :
last_frame_rsr : :arg: A:1059 :  0.023: -49.45:   1.00: :
last_frame_rsr : :leu: A:1060 :  0.010: 162.33:   1.00: :
last_frame_rsr : :ile: A:1061 :  0.049: -32.74:   1.00: :
last_frame_rsr : :ala: A:1062 :  0.022:  69.59:   1.00: :
last_frame_rsr : :ser: A:1063 :  0.026: -22.51:   1.00: :
last_frame_rsr : :asn: A:1064 :  0.008:-108.44:   1.00: :
last_frame_rsr : :val: A:1065 :  0.077: -56.57:   1.00: :
last_frame_rsr : :thr: A:1066 :  0.057: -25.84:   1.00: :
last_frame_rsr : :glu: A:1067 :  0.056: -58.44:   1.00: :
last_frame_rsr : :thr: A:1068 :  0.123: -92.99:   1.00: :
last_frame_rsr : :met: A:1069 :  0.070:-107.98:   1.00: :
last_frame_rsr : :ile: A:1071 :  0.051: -55.66:   1.00: :
last_frame_rsr : :asn: A:1072 :  0.069: -47.16:   1.00: :
last_frame_rsr : :ser: A:1074 :  0.062:  85.20:   1.00: :
last_frame_rsr : :ala: A:1075 :  0.016:  57.73:   1.00: :
last_frame_rsr : :tyr: A:1076 :  0.113:-143.95:   1.00: :
last_frame_rsr : :arg: A:1077 :  0.116: -23.47:   1.00: :
last_frame_rsr : :val: A:1078 :  0.056: 178.56:   1.00: :
last_frame_rsr : :phe: A:1079 :  0.012:  60.97:   1.00: :
last_frame_rsr : :pro: A:1080 :  0.007:-109.28:   1.00: :
last_frame_rsr : :tyr: A:1081 :  0.008: 108.86:   1.00: :
last_frame_rsr : :ser: A:1082 :  0.110: 120.79:   1.00: :
last_frame_rsr : :val: A:1083 :  0.051:   9.69:   1.00: :
last_frame_rsr : :phe: A:1084 :  0.035:-113.37:   1.00: :
last_frame_rsr : :tyr: A:1085 :  0.035:-133.11:   1.00: :
last_frame_rsr : :val: A:1086 :  0.096: -39.81:   1.00: :
last_frame_rsr : :phe: A:1087 :  0.020: 119.89:   1.00: :
last_frame_rsr : :tyr: A:1088 :  0.047: -71.68:   1.00: :
last_frame_rsr : :glu: A:1089 :  0.034:  91.87:   1.00: :
last_frame_rsr : :gln: A:1090 :  0.040:  -7.46:   1.00: :
last_frame_rsr : :tyr: A:1091 :  0.010:  84.92:   1.00: :
last_frame_rsr : :leu: A:1092 :  0.026:  46.96:   1.00: :
last_frame_rsr : :thr: A:1093 :  0.103: -13.13:   1.00: :
last_frame_rsr : :ile: A:1094 :  0.111: -66.32:   1.00: :
last_frame_rsr : :ile: A:1095 :  0.058: -44.60:   1.00: :
last_frame_rsr : :asp: A:1096 :  0.052:  -2.00:   1.00: :
last_frame_rsr : :asp: A:1097 :  0.015: -95.05:   1.00: :
last_frame_rsr : :thr: A:1098 :  0.041:  66.36:   1.00: :
last_frame_rsr : :ile: A:1099 :  0.090: -45.82:   1.00: :
last_frame_rsr : :phe: A:1100 :  0.022:-146.66:   1.00: :
last_frame_rsr : :asn: A:1101 :  0.009: -46.25:   1.00: :
last_frame_rsr : :leu: A:1102 :  0.034: -85.71:   1.00: :
last_frame_rsr : :val: A:1104 :  0.063: -40.69:   1.00: :
last_frame_rsr : :ser: A:1105 :  0.028:  61.42:   1.00: :
last_frame_rsr : :leu: A:1106 :  0.042:  80.39:   1.00: :
last_frame_rsr : :ala: A:1108 :  0.016: -55.57:   1.00: :
last_frame_rsr : :ile: A:1109 :  0.063: -24.76:   1.00: :
last_frame_rsr : :phe: A:1110 :  0.044: -25.04:   1.00: :
last_frame_rsr : :leu: A:1111 :  0.020:  70.69:   1.00: :
last_frame_rsr : :val: A:1112 :  0.088: -66.23:   1.00: :
last_frame_rsr : :thr: A:1113 :  0.029:  21.40:   1.00: :
last_frame_rsr : :met: A:1114 :  0.008:-168.07:   1.00: :
last_frame_rsr : :val: A:1115 :  0.054: -52.04:   1.00: :
last_frame_rsr : :leu: A:1116 :  0.039: -44.64:   1.00: :
last_frame_rsr : :leu: A:1117 :  0.018: -64.54:   1.00: :
last_frame_rsr : :cys: A:1119 :  0.021: -74.32:   1.00: :
last_frame_rsr : :glu: A:1120 :  0.058: -50.28:   1.00: :
last_frame_rsr : :leu: A:1121 :  0.014:-113.55:   1.00: :
last_frame_rsr : :trp: A:1122 :  0.025:  27.11:   1.00: :
last_frame_rsr : :ser: A:1123 :  0.026: -39.08:   1.00: :
last_frame_rsr : :ala: A:1124 :  0.031:  48.07:   1.00: :
last_frame_rsr : :val: A:1125 :  0.109: -57.35:   1.00: :
last_frame_rsr : :ile: A:1126 :  0.064: -79.45:   1.00: :
last_frame_rsr : :met: A:1127 :  0.038:-144.54:   1.00: :
last_frame_rsr : :cys: A:1128 :  0.036: -62.56:   1.00: :
last_frame_rsr : :ala: A:1129 :  0.013:  71.73:   1.00: :
last_frame_rsr : :thr: A:1130 :  0.055:  72.55:   1.00: :
last_frame_rsr : :ile: A:1131 :  0.062: -25.32:   1.00: :
last_frame_rsr : :ala: A:1132 :  0.012:  16.56:   1.00: :
last_frame_rsr : :met: A:1133 :  0.048: -75.29:   1.00: :
last_frame_rsr : :val: A:1134 :  0.068: -50.61:   1.00: :
last_frame_rsr : :leu: A:1135 :  0.009: -27.72:   1.00: :
last_frame_rsr : :val: A:1136 :  0.105: -29.25:   1.00: :
last_frame_rsr : :asn: A:1137 :  0.023: -66.91:   1.00: :
last_frame_rsr : :met: A:1138 :  0.032:-167.65:   1.00: :
last_frame_rsr : :phe: A:1139 :  0.015: -68.05:   1.00: :
last_frame_rsr : :val: A:1141 :  0.098: -22.82:   1.00: :
last_frame_rsr : :met: A:1142 :  0.062: -49.82:   1.00: :
last_frame_rsr : :trp: A:1143 :  0.036:-148.56:   1.00: :
last_frame_rsr : :leu: A:1144 :  0.017: 164.67:   1.00: :
last_frame_rsr : :trp: A:1145 :  0.101: -17.39:   1.00: :
last_frame_rsr : :ile: A:1147 :  0.059: -90.25:   1.00: :
last_frame_rsr : :ser: A:1148 :  0.021: -26.11:   1.00: :
last_frame_rsr : :leu: A:1149 :  0.030: -94.64:   1.00: :
last_frame_rsr : :asn: A:1150 :  0.032:-128.34:   1.00: :
last_frame_rsr : :ala: A:1151 :  0.030: 133.92:   1.00: :
last_frame_rsr : :val: A:1152 :  0.037: -40.64:   1.00: :
last_frame_rsr : :ser: A:1153 :  0.016:  16.47:   1.00: :
last_frame_rsr : :leu: A:1154 :  0.032:   9.59:   1.00: :
last_frame_rsr : :val: A:1155 :  0.095: -37.66:   1.00: :
last_frame_rsr : :asn: A:1156 :  0.055:  29.41:   1.00: :
last_frame_rsr : :leu: A:1157 :  0.023: -88.30:   1.00: :
last_frame_rsr : :val: A:1158 :  0.055: -43.00:   1.00: :
last_frame_rsr : :met: A:1159 :  0.056: -26.62:   1.00: :
last_frame_rsr : :ser: A:1160 :  0.016:-126.08:   1.00: :
last_frame_rsr : :cys: A:1161 :  0.011: 128.74:   1.00: :
last_frame_rsr : :ile: A:1163 :  0.088: -38.60:   1.00: :
last_frame_rsr : :ser: A:1164 :  0.019: -40.35:   1.00: :
last_frame_rsr : :val: A:1165 :  0.062: -47.05:   1.00: :
last_frame_rsr : :glu: A:1166 :  0.047: -86.94:   1.00: :
last_frame_rsr : :phe: A:1167 :  0.069: 103.97:   1.00: :
last_frame_rsr : :cys: A:1168 :  0.027: -43.52:   1.00: :
last_frame_rsr : :ser: A:1169 :  0.025: -11.61:   1.00: :
last_frame_rsr : :his: A:1170 :  0.041:  42.83:   1.00: :
last_frame_rsr : :ile: A:1171 :  0.150: -36.31:   1.00: :
last_frame_rsr : :thr: A:1172 :  0.042:  20.69:   1.00: :
last_frame_rsr : :arg: A:1173 :  0.024: -95.67:   1.00: :
last_frame_rsr : :ala: A:1174 :  0.024: 112.52:   1.00: :
last_frame_rsr : :phe: A:1175 :  0.013: 120.89:   1.00: :
last_frame_rsr : :thr: A:1176 :  0.082: -78.28:   1.00: :
last_frame_rsr : :val: A:1177 :  0.065: -76.64:   1.00: :
last_frame_rsr : :ser: A:1178 :  0.013: 121.26:   1.00: :
last_frame_rsr : :met: A:1179 :  0.017:-107.92:   1.00: :
last_frame_rsr : :lys: A:1180 :  0.013: 139.76:   1.00: :
last_frame_rsr : :ser: A:1182 :  0.017: -14.59:   1.00: :
last_frame_rsr : :arg: A:1183 :  0.016:  73.44:   1.00: :
last_frame_rsr : :val: A:1184 :  0.033:  10.96:   1.00: :
last_frame_rsr : :glu: A:1185 :  0.045:  11.65:   1.00: :
last_frame_rsr : :arg: A:1186 :  0.048: -71.29:   1.00: :
last_frame_rsr : :ala: A:1187 :  0.015:-135.65:   1.00: :
last_frame_rsr : :glu: A:1188 :  0.013:-166.29:   1.00: :
last_frame_rsr : :glu: A:1189 :  0.018:  50.61:   1.00: :
last_frame_rsr : :ala: A:1190 :  0.020: -35.76:   1.00: :
last_frame_rsr : :leu: A:1191 :  0.031:  39.35:   1.00: :
last_frame_rsr : :ala: A:1192 :  0.013:   8.95:   1.00: :
last_frame_rsr : :his: A:1193 :  0.057: -49.38:   1.00: :
last_frame_rsr : :met: A:1194 :  0.037:-142.62:   1.00: :
last_frame_rsr : :ser: A:1196 :  0.030:  25.80:   1.00: :
last_frame_rsr : :ser: A:1197 :  0.028: 103.81:   1.00: :
last_frame_rsr : :val: A:1198 :  0.125: -38.96:   1.00: :
last_frame_rsr : :phe: A:1199 :  0.048: 117.48:   1.00: :
last_frame_rsr : :ser: A:1200 :  0.040: 118.32:   1.00: :
last_frame_rsr : :ile: A:1202 :  0.047: -44.74:   1.00: :
last_frame_rsr : :thr: A:1203 :  0.101: -86.50:   1.00: :
last_frame_rsr : :leu: A:1204 :  0.050: -75.90:   1.00: :
last_frame_rsr : :thr: A:1205 :  0.036: -96.82:   1.00: :
last_frame_rsr : :lys: A:1206 :  0.010:-144.42:   1.00: :
last_frame_rsr : :phe: A:1207 :  0.019: -68.18:   1.00: :
last_frame_rsr : :ile: A:1210 :  0.119: -86.65:   1.00: :
last_frame_rsr : :val: A:1211 :  0.066: -61.38:   1.00: :
last_frame_rsr : :val: A:1212 :  0.056: -29.83:   1.00: :
last_frame_rsr : :leu: A:1213 :  0.049: -38.11:   1.00: :
last_frame_rsr : :ala: A:1214 :  0.026: -70.68:   1.00: :
last_frame_rsr : :phe: A:1215 :  0.030:  11.15:   1.00: :
last_frame_rsr : :ala: A:1216 :  0.019: -78.53:   1.00: :
last_frame_rsr : :lys: A:1217 :  0.036: -23.92:   1.00: :
last_frame_rsr : :ser: A:1218 :  0.027: 119.09:   1.00: :
last_frame_rsr : :gln: A:1219 :  0.063:-100.45:   1.00: :
last_frame_rsr : :ile: A:1220 :  0.092: -63.84:   1.00: :
last_frame_rsr : :phe: A:1221 :  0.047: 149.16:   1.00: :
last_frame_rsr : :gln: A:1222 :  0.054: -69.25:   1.00: :
last_frame_rsr : :ile: A:1223 :  0.031: -69.69:   1.00: :
last_frame_rsr : :phe: A:1224 :  0.069: 130.71:   1.00: :
last_frame_rsr : :tyr: A:1225 :  0.079: -27.77:   1.00: :
last_frame_rsr : :phe: A:1226 :  0.032: -49.62:   1.00: :
last_frame_rsr : :arg: A:1227 :  0.071:-106.65:   1.00: :
last_frame_rsr : :met: A:1228 :  0.080: -88.52:   1.00: :
last_frame_rsr : :tyr: A:1229 :  0.022:-178.79:   1.00: :
last_frame_rsr : :leu: A:1230 :  0.031: -32.17:   1.00: :
last_frame_rsr : :ala: A:1231 :  0.017:  31.83:   1.00: :
last_frame_rsr : :met: A:1232 :  0.050: -97.03:   1.00: :
last_frame_rsr : :val: A:1233 :  0.075: -43.91:   1.00: :
last_frame_rsr : :leu: A:1234 :  0.047: -19.62:   1.00: :
last_frame_rsr : :leu: A:1235 :  0.013: -78.43:   1.00: :
last_frame_rsr : :ala: A:1237 :  0.023: -16.96:   1.00: :
last_frame_rsr : :thr: A:1238 :  0.050:   1.95:   1.00: :
last_frame_rsr : :his: A:1239 :  0.024:  48.16:   1.00: :
last_frame_rsr : :leu: A:1241 :  0.037:  51.09:   1.00: :
last_frame_rsr : :ile: A:1242 :  0.104: -74.20:   1.00: :
last_frame_rsr : :phe: A:1243 :  0.038: 178.33:   1.00: :
last_frame_rsr : :leu: A:1244 :  0.114: -88.82:   1.00: :
last_frame_rsr : :pro: A:1245 :  0.021:-164.98:   1.00: :
last_frame_rsr : :val: A:1246 :  0.083: -46.60:   1.00: :
last_frame_rsr : :leu: A:1247 :  0.028: -41.24:   1.00: :
last_frame_rsr : :leu: A:1248 :  0.038: -21.10:   1.00: :
last_frame_rsr : :ser: A:1249 :  0.025: -59.64:   1.00: :
last_frame_rsr : :tyr: A:1250 :  0.019: -33.32:   1.00: :
last_frame_rsr : :ile: A:1251 :  0.054: -69.24:   1.00: :
SUMMARY: 0 C-beta deviations >= 0.25 Angstrom (Goal: 0)
