Info) VMD for LINUXAMD64, version 1.9.3 (November 30, 2016)
Info) http://www.ks.uiuc.edu/Research/vmd/                         
Info) Email questions and bug reports to vmd@ks.uiuc.edu           
Info) Please include this reference in published work using VMD:   
Info)    Humphrey, W., Dalke, A. and Schulten, K., `VMD - Visual   
Info)    Molecular Dynamics', J. Molec. Graphics 1996, 14.1, 33-38.
Info) -------------------------------------------------------------
Info) Multithreading available, 20 CPUs detected.
Info)   CPU features: SSE2 AVX AVX2 FMA 
Info) Free system memory: 10GB (32%)
Info) Creating CUDA device pool and initializing hardware...
Info) Detected 1 available CUDA accelerator:
Info) [0] GeForce GTX 1080   20 SM_6.1 @ 1.73 GHz, 7.9GB RAM, KTO, AE2, ZCP
Info) Detected 1 available TachyonL/OptiX ray tracing accelerator
Info)   Compiling 1 OptiX shaders on 1 target GPU...
Info) Dynamically loaded 2 plugins in directory:
Info) /opt/bioxray/programs/vmd-1.93/lib/plugins/LINUXAMD64/molfile
Info) File loading in progress, please wait.
Warning) Unable to ascertain filetype from filename 'eofexit'; assuming pdb.
ERROR) Could not read file eofexit
ERROR) Loading of startup molecule files aborted.
after#0
1.3
Info) Using plugin pdb for structure file 3jd8_cryst_altered.pdb
Info) Using plugin pdb for coordinates from file 3jd8_cryst_altered.pdb
Info) Determining bond structure from distance search ...
Info) Analyzing structure ...
Info)    Atoms: 7695
Info)    Bonds: 7865
Info)    Angles: 0  Dihedrals: 0  Impropers: 0  Cross-terms: 0
Info)    Bondtypes: 0  Angletypes: 0  Dihedraltypes: 0  Impropertypes: 0
Info)    Residues: 1133
Info)    Waters: 0
Info)    Segments: 1
Info)    Fragments: 2   Protein: 4   Nucleic: 0
0
Info) Finished with coordinate file 3jd8_cryst_altered.pdb.
file23
cispeptide) Found cis peptide bond between residues 225 and 226:
  residue 225, resid 248, resname GLY, chain A, segname A
  residue 226, resid 249, resname PRO, chain A, segname A
  Current cis peptide bond number is 0.

cispeptide) Found cis peptide bond between residues 313 and 314:
  residue 313, resid 377, resname PRO, chain A, segname A
  residue 314, resid 378, resname VAL, chain A, segname A
  Current cis peptide bond number is 1.

cispeptide) Found cis peptide bond between residues 359 and 360:
  residue 359, resid 423, resname TYR, chain A, segname A
  residue 360, resid 424, resname PRO, chain A, segname A
  Current cis peptide bond number is 2.

cispeptide) Found cis peptide bond between residues 409 and 410:
  residue 409, resid 473, resname SER, chain A, segname A
  residue 410, resid 474, resname PRO, chain A, segname A
  Current cis peptide bond number is 3.

cispeptide) Found cis peptide bond between residues 829 and 830:
  residue 829, resid 924, resname PHE, chain A, segname A
  residue 830, resid 925, resname ASN, chain A, segname A
  Current cis peptide bond number is 4.

cispeptide) Found cis peptide bond between residues 853 and 854:
  residue 853, resid 948, resname ASP, chain A, segname A
  residue 854, resid 949, resname TRP, chain A, segname A
  Current cis peptide bond number is 5.

cispeptide) Found cis peptide bond between residues 866 and 867:
  residue 866, resid 985, resname GLU, chain A, segname A
  residue 867, resid 986, resname GLY, chain A, segname A
  Current cis peptide bond number is 6.

cispeptide) Found cis peptide bond between residues 915 and 916:
  residue 915, resid 1034, resname GLY, chain A, segname A
  residue 916, resid 1035, resname ALA, chain A, segname A
  Current cis peptide bond number is 7.

Info) Using plugin pdb for structure file last_frame.pdb
Info) Using plugin pdb for coordinates from file last_frame.pdb
Info) Determining bond structure from distance search ...
Info) Analyzing structure ...
Info)    Atoms: 8876
Info)    Bonds: 9106
Info)    Angles: 0  Dihedrals: 0  Impropers: 0  Cross-terms: 0
Info)    Bondtypes: 0  Angletypes: 0  Dihedraltypes: 0  Impropertypes: 0
Info)    Residues: 1580
Info)    Waters: 0
Warning) Unusual bond between residues:  287 (protein) and 288 (none)
Warning) Unusual bond between residues:  771 (protein) and 772 (none)
Warning) Unusual bond between residues:  886 (protein) and 887 (none)
Warning) Unusual bond between residues:  887 (none) and 888 (protein)
Warning) Unusual bond between residues:  958 (protein) and 959 (none)
Warning) Unusual bond between residues:  1250 (protein) and 1251 (none)
Info)    Segments: 8
Info)    Fragments: 451   Protein: 5   Nucleic: 0
1
Info) Finished with coordinate file last_frame.pdb.
file23
cispeptide) Found cis peptide bond between residues 243 and 244:
  residue 243, resid 248, resname GLY, chain A, segname AP1
  residue 244, resid 249, resname PRO, chain A, segname AP1
  Current cis peptide bond number is 0.

cispeptide) Found cis peptide bond between residues 417 and 419:
  residue 417, resid 377, resname PRO, chain A, segname AP2
  residue 419, resid 378, resname VAL, chain A, segname AP2
  Current cis peptide bond number is 1.

cispeptide) Found cis peptide bond between residues 467 and 468:
  residue 467, resid 423, resname TYR, chain A, segname AP2
  residue 468, resid 424, resname PRO, chain A, segname AP2
  Current cis peptide bond number is 2.

cispeptide) Found cis peptide bond between residues 518 and 519:
  residue 518, resid 473, resname SER, chain A, segname AP2
  residue 519, resid 474, resname PRO, chain A, segname AP2
  Current cis peptide bond number is 3.

cispeptide) Found cis peptide bond between residues 1139 and 1141:
  residue 1139, resid 924, resname PHE, chain A, segname AP3
  residue 1141, resid 925, resname ASN, chain A, segname AP3
  Current cis peptide bond number is 4.

cispeptide) Found cis peptide bond between residues 1186 and 1188:
  residue 1186, resid 948, resname ASP, chain A, segname AP3
  residue 1188, resid 949, resname TRP, chain A, segname AP3
  Current cis peptide bond number is 5.

cispeptide) Found cis peptide bond between residues 1216 and 1218:
  residue 1216, resid 985, resname GLU, chain A, segname AP4
  residue 1218, resid 986, resname GLY, chain A, segname AP4
  Current cis peptide bond number is 6.

cispeptide) Found cis peptide bond between residues 1307 and 1308:
  residue 1307, resid 1034, resname GLY, chain A, segname AP4
  residue 1308, resid 1035, resname ALA, chain A, segname AP4
  Current cis peptide bond number is 7.

Info) Using plugin pdb for structure file last_frame_rsr.pdb
Info) Using plugin pdb for coordinates from file last_frame_rsr.pdb
Info) Determining bond structure from distance search ...
Info) Analyzing structure ...
Info)    Atoms: 8876
Info)    Bonds: 9121
Info)    Angles: 0  Dihedrals: 0  Impropers: 0  Cross-terms: 0
Info)    Bondtypes: 0  Angletypes: 0  Dihedraltypes: 0  Impropertypes: 0
Info)    Residues: 1133
Info)    Waters: 0
Info)    Segments: 4
Info)    Fragments: 4   Protein: 4   Nucleic: 0
2
Info) Finished with coordinate file last_frame_rsr.pdb.
file23
cispeptide) Found cis peptide bond between residues 225 and 226:
  residue 225, resid 248, resname GLY, chain A, segname AP1
  residue 226, resid 249, resname PRO, chain A, segname AP1
  Current cis peptide bond number is 0.

cispeptide) Found cis peptide bond between residues 313 and 314:
  residue 313, resid 377, resname PRO, chain A, segname AP2
  residue 314, resid 378, resname VAL, chain A, segname AP2
  Current cis peptide bond number is 1.

cispeptide) Found cis peptide bond between residues 359 and 360:
  residue 359, resid 423, resname TYR, chain A, segname AP2
  residue 360, resid 424, resname PRO, chain A, segname AP2
  Current cis peptide bond number is 2.

cispeptide) Found cis peptide bond between residues 409 and 410:
  residue 409, resid 473, resname SER, chain A, segname AP2
  residue 410, resid 474, resname PRO, chain A, segname AP2
  Current cis peptide bond number is 3.

cispeptide) Found cis peptide bond between residues 829 and 830:
  residue 829, resid 924, resname PHE, chain A, segname AP3
  residue 830, resid 925, resname ASN, chain A, segname AP3
  Current cis peptide bond number is 4.

cispeptide) Found cis peptide bond between residues 853 and 854:
  residue 853, resid 948, resname ASP, chain A, segname AP3
  residue 854, resid 949, resname TRP, chain A, segname AP3
  Current cis peptide bond number is 5.

cispeptide) Found cis peptide bond between residues 866 and 867:
  residue 866, resid 985, resname GLU, chain A, segname AP4
  residue 867, resid 986, resname GLY, chain A, segname AP4
  Current cis peptide bond number is 6.

cispeptide) Found cis peptide bond between residues 915 and 916:
  residue 915, resid 1034, resname GLY, chain A, segname AP4
  residue 916, resid 1035, resname ALA, chain A, segname AP4
  Current cis peptide bond number is 7.

Info) VMD for LINUXAMD64, version 1.9.3 (November 30, 2016)
Info) Exiting normally.
