
Using electron cloud x-H distances and vdW radii

No H/D atoms detected - forcing hydrogen addition!


Using input model H/D atoms...

Bad Clashes >= 0.4 Angstrom:
 A1143  TRP  CD1  A1143  TRP  CG  :1.718
 A1143  TRP  CD2  A1143  TRP  CG  :1.637
 A1143  TRP  CD2  A1143  TRP  CE2 :1.616
 A1199  PHE  CE2  A1199  PHE  CZ  :1.504
 A1199  PHE  CE1  A1199  PHE  CZ  :1.467
 A1143  TRP  CD1  A1143  TRP  NE1 :1.453
 A1199  PHE  CD2  A1199  PHE  CG  :1.443
 A1199  PHE  CD1  A1199  PHE  CG  :1.419
 A1199  PHE  CD2  A1199  PHE  CE2 :1.413
 A1199  PHE  CD1  A1199  PHE  CE1 :1.403
 A1143  TRP  CE2  A1143  TRP  NE1 :1.371
 A 852  VAL  HB   A1143  TRP  CG  :1.301
 A 852  VAL  CB   A1143  TRP  CE2 :1.269
 A 852  VAL  CB   A1143  TRP  CD2 :1.243
 A 887  PRO  CD   A 887  PRO  N   :1.220
 A 887  PRO  CD   A 887  PRO  CG  :1.189
 A 852  VAL  CB   A1143  TRP  CD1 :1.185
 A 852  VAL  CG1  A1143  TRP  CE2 :1.178
 A 852  VAL  CG1  A1143  TRP  CD2 :1.162
 A 887  PRO  CB   A 887  PRO  CG  :1.146
 A 852  VAL  CB   A1143  TRP  CG  :1.142
 A 887  PRO  CA   A1076  TYR  CZ  :1.125
 A 887  PRO  CA   A 887  PRO  N   :1.102
 A 852  VAL  CG1  A1143  TRP  CG  :1.100
 A 852  VAL  HB   A1143  TRP  CD2 :1.093
 A 819  ARG  CZ   A1199  PHE  CG  :1.093
 A 819  ARG  CZ   A1199  PHE  CZ  :1.083
 A 819  ARG  NH1  A1199  PHE  CD1 :1.079
 A 819  ARG  CZ   A1199  PHE  CD1 :1.075
 A 819  ARG  CZ   A 819  ARG  NH1 :1.071
 A 887  PRO  CA   A 887  PRO  CB  :1.067
 A 819  ARG  CZ   A1199  PHE  CE1 :1.063
 A 819  ARG  NH1  A1199  PHE  CD2 :1.060
 A 887  PRO  CD   A1076  TYR  CZ  :1.059
 A 819  ARG  CZ   A1199  PHE  CE2 :1.053
 A 852  VAL  CG1  A1143  TRP  CD1 :1.050
 A 887  PRO  CG   A1076  TYR  CZ  :1.049
 A 819  ARG  NH1  A1199  PHE  CG  :1.049
 A 887  PRO  CB   A1076  TYR  CZ  :1.046
 A 819  ARG  CZ   A1199  PHE  CD2 :1.035
 A 819  ARG  NH1  A1199  PHE  CE1 :1.032
 A 819  ARG  NH1  A1199  PHE  CE2 :1.010
 A 819  ARG  NH1  A1199  PHE  CZ  :1.008
 A 852  VAL  CB   A1143  TRP  NE1 :1.005
 A 887  PRO  N    A1076  TYR  CZ  :0.974
 A 852  VAL  CA   A1143  TRP  CE2 :0.900
 A 852  VAL  CG1  A1143  TRP  NE1 :0.877
 A 852  VAL  HA   A1143  TRP  CE2 :0.836
 A 852  VAL HG12  A1143  TRP  CD2 :0.831
 A 887  PRO  CA   A1076  TYR  OH  :0.828
 A 887  PRO  CB   A1076  TYR  OH  :0.828
 A 819  ARG  NH2  A1199  PHE  CE1 :0.827
 A 819  ARG  NE   A1199  PHE  CD2 :0.811
 A 819  ARG  NE   A1199  PHE  CE2 :0.811
 A 887  PRO  CD   A1076  TYR  OH  :0.795
 A 887  PRO  CG   A1076  TYR  OH  :0.792
 A 819  ARG  NH2  A1199  PHE  CD1 :0.780
 A 852  VAL  CG2  A1143  TRP  CD1 :0.777
 A 887  PRO  N    A1076  TYR  OH  :0.762
 A 852  VAL HG11  A1143  TRP  CD1 :0.722
 A 887  PRO  CB   A1076  TYR  CE1 :0.717
 A 852  VAL HG21  A1143  TRP  CD1 :0.707
 A1209  GLY  HA3  A1230  LEU HD13 :0.695
 A 887  PRO  N    A1076  TYR  CE2 :0.692
 A 887  PRO  CG   A1076  TYR  HH  :0.691
 A 887  PRO  CB   A1076  TYR  HH  :0.670
 A 887  PRO  CG   A1076  TYR  CE1 :0.655
 A 852  VAL HG11  A1143  TRP  CG  :0.641
 A 732  ALA  HB3  A 749  GLY  HA3 :0.626
 A 852  VAL  HB   A1143  TRP  CD1 :0.596
 A 341  ARG HH12  A 707  GLN  HG3 :0.576
 A 887  PRO  HB2  A1076  TYR  CE1 :0.574
 A 852  VAL HG13  A1143  TRP  CE2 :0.574
 A 548  GLY  HA3  A 876  PHE  CE1 :0.565
 A 919  LEU  HG   A 920  VAL  H   :0.553
 A 852  VAL  CG2  A1143  TRP  NE1 :0.544
 A1143  TRP  CD1  A1143  TRP  CD2 :0.544
 A 376  ASN  H    A 377  PRO  HD2 :0.543
 A 173  LEU HD22  A 189  TRP  CZ2 :0.543
 A 656  LEU HD21  A 755  PRO  HG3 :0.541
 A1199  PHE  CD1  A1199  PHE  HA  :0.524
 A1143  TRP  CD1  A1143  TRP  CE2 :0.523
 A1106  LEU HD13  A1131  ILE HG21 :0.513
 A 887  PRO  C    A1076  TYR  CZ  :0.508
 A 196  LYS  HA   A 201  ALA  HB3 :0.504
 A 887  PRO  HG2  A1076  TYR  CE1 :0.500
 A 942  TRP  HE1  A 955  SER  HA  :0.499
 A 631  MET  HE2  A1204  LEU  O   :0.499
 A 852  VAL HG13  A1143  TRP  NE1 :0.492
 A 887  PRO  C    A1076  TYR  CE2 :0.489
 A1143  TRP  CE2  A1143  TRP  CG  :0.481
 A 732  ALA  HB3  A 749  GLY  CA  :0.469
 A1102  LEU  O    A1106  LEU  HG  :0.462
 A 852  VAL  CA   A1143  TRP  CD2 :0.461
 A 893  LEU HD23  A 895  GLU  H   :0.455
 A 677  TYR  O    A 681  PRO  HD2 :0.452
 A1241  LEU  O    A1245  PRO  HD2 :0.450
 A 486  ASN  HB3  A 541  VAL HG21 :0.446
 A1083  VAL  O    A1083  VAL HG12 :0.443
 A  34  ALA  HA   A  40  TYR  CE2 :0.441
 A 887  PRO  CA   A1076  TYR  CE2 :0.441
 A 887  PRO  N    A1076  TYR  HE2 :0.440
 A1126  ILE  CD   A1172  THR HG23 :0.434
 A 899  TYR  CD1  A1069  MET  HE2 :0.427
 A 924  PHE  CG   A 925  ASN  HA  :0.427
 A1055  LEU HD23  A1085  TYR  CE1 :0.426
 A1106  LEU HD22  A1131  ILE HG23 :0.425
 A 524  ASN HD21  A 530  HSD  CE1 :0.424
 A 861  ASP  HB2  A1219  GLN  HA  :0.423
 A 835  ARG  HB2  A1246  VAL HG22 :0.420
 A 252  GLN  H    A 253  PRO  HD3 :0.408
 A 684  LEU HD12  A1166  GLU  CB  :0.406
 A 958  ARG  HG2  A 959  VAL  H   :0.405
 A 695  LEU HD11  A1193  HSD  O   :0.405
 A 369  VAL HG22  A 661  ILE HG21 :0.403
 A 631  MET  HA   A 631  MET  HE3 :0.402
 A1206  LYS  HG2  A1230  LEU HD11 :0.402
clashscore = 6.84
