
Using electron cloud x-H distances and vdW radii

No H/D atoms detected - forcing hydrogen addition!


Using input model H/D atoms...

Bad Clashes >= 0.4 Angstrom:
 A1143  TRP  CD2  A1143  TRP  CE2 :1.661
 A1143  TRP  CD2  A1143  TRP  CG  :1.631
 A1199  PHE  CE1  A1199  PHE  CZ  :1.488
 A1199  PHE  CD1  A1199  PHE  CE1 :1.478
 A1199  PHE  CE2  A1199  PHE  CZ  :1.473
 A1199  PHE  CD2  A1199  PHE  CG  :1.443
 A1143  TRP  CD1  A1143  TRP  NE1 :1.420
 A1199  PHE  CD2  A1199  PHE  CE2 :1.411
 A1199  PHE  CD1  A1199  PHE  CG  :1.380
 A1143  TRP  CE2  A1143  TRP  NE1 :1.371
 A 852  VAL  HB   A1143  TRP  CG  :1.272
 A 852  VAL  CB   A1143  TRP  CD2 :1.246
 A 852  VAL  CB   A1143  TRP  CE2 :1.240
 A 887  PRO  CD   A 887  PRO  CG  :1.179
 A 852  VAL  CB   A1143  TRP  CD1 :1.173
 A 887  PRO  CB   A 887  PRO  CG  :1.170
 A 852  VAL  CG1  A1143  TRP  CE2 :1.169
 A 852  VAL  CG1  A1143  TRP  CD2 :1.152
 A 887  PRO  CA   A 887  PRO  N   :1.150
 A 852  VAL  CB   A1143  TRP  CG  :1.127
 A 887  PRO  CD   A 887  PRO  N   :1.121
 A 819  ARG  CZ   A1199  PHE  CZ  :1.105
 A 887  PRO  CA   A 887  PRO  CB  :1.099
 A 819  ARG  CZ   A1199  PHE  CD2 :1.082
 A 819  ARG  CZ   A1199  PHE  CG  :1.080
 A 887  PRO  CD   A1076  TYR  CZ  :1.075
 A 852  VAL  CG1  A1143  TRP  CG  :1.074
 A 819  ARG  CZ   A1199  PHE  CE2 :1.073
 A 852  VAL  CG1  A1143  TRP  CD1 :1.072
 A 819  ARG  NH1  A1199  PHE  CD2 :1.057
 A 887  PRO  CG   A1076  TYR  CZ  :1.048
 A 887  PRO  CA   A1076  TYR  CZ  :1.047
 A 819  ARG  NH1  A1199  PHE  CE2 :1.047
 A 852  VAL  HB   A1143  TRP  CD2 :1.046
 A 819  ARG  NH1  A1199  PHE  CD1 :1.040
 A 819  ARG  CZ   A1199  PHE  CE1 :1.039
 A 819  ARG  CZ   A1199  PHE  CD1 :1.037
 A 819  ARG  CZ   A 819  ARG  NH1 :1.034
 A 819  ARG  NH1  A1199  PHE  CE1 :1.028
 A 887  PRO  CB   A1076  TYR  CZ  :1.025
 A 819  ARG  NH1  A1199  PHE  CZ  :1.022
 A 819  ARG  NH1  A1199  PHE  CG  :1.021
 A 852  VAL  CB   A1143  TRP  NE1 :0.996
 A 887  PRO  N    A1076  TYR  CZ  :0.887
 A 852  VAL  HA   A1143  TRP  CE2 :0.878
 A 852  VAL  CA   A1143  TRP  CE2 :0.870
 A 852  VAL  CG1  A1143  TRP  NE1 :0.864
 A 887  PRO  CA   A1076  TYR  OH  :0.833
 A 887  PRO  CG   A1076  TYR  OH  :0.822
 A 852  VAL HG12  A1143  TRP  CD2 :0.810
 A 819  ARG  NH2  A1199  PHE  CD1 :0.809
 A 887  PRO  CB   A1076  TYR  OH  :0.800
 A 852  VAL  CG2  A1143  TRP  CD1 :0.788
 A 887  PRO  CD   A1076  TYR  OH  :0.783
 A 819  ARG  NE   A1199  PHE  CE2 :0.773
 A 852  VAL HG21  A1143  TRP  CD1 :0.743
 A 887  PRO  N    A1076  TYR  OH  :0.729
 A 852  VAL HG11  A1143  TRP  CD1 :0.728
 A 887  PRO  N    A1076  TYR  CE2 :0.722
 A 887  PRO  CD   A1076  TYR  HH  :0.715
 A 819  ARG  NE   A1199  PHE  CD2 :0.706
 A 819  ARG  NH2  A1199  PHE  CE1 :0.694
 A 887  PRO  CB   A1076  TYR  CE1 :0.680
 A 887  PRO  CG   A1076  TYR  CE1 :0.622
 A 852  VAL HG13  A1143  TRP  CE2 :0.607
 A1143  TRP  CD1  A1143  TRP  CD2 :0.600
 A 887  PRO  CG   A1076  TYR  HH  :0.591
 A 893  LEU HD23  A 895  GLU  H   :0.579
 A 852  VAL HG11  A1143  TRP  CG  :0.575
 A 887  PRO  HB2  A1076  TYR  CE1 :0.566
 A  27  TRP  HA   A  42  CYS  O   :0.559
 A 852  VAL  CG2  A1143  TRP  NE1 :0.554
 A1143  TRP  CD1  A1143  TRP  CE2 :0.534
 A 852  VAL  CA   A1143  TRP  CD2 :0.528
 A 743  THR HG23  A 744  VAL  H   :0.522
 A 897  HSD  CE1  A 931  ASN HD22 :0.520
 A1138  MET  HE2  A1232  MET  HB2 :0.510
 A1143  TRP  CE2  A1143  TRP  CG  :0.499
 A 874  ASP  HA   A1046  GLN HE22 :0.494
 A1134  VAL HG12  A1138  MET  SD  :0.491
 A 883  LEU HD12  A1039  MET  HA  :0.485
 A  34  ALA  HA   A  40  TYR  CE2 :0.475
 A 887  PRO  HG2  A1076  TYR  CE1 :0.475
 A 841  ILE  O    A 845  VAL HG23 :0.470
 A1008  ASN  HA   A1017  ALA  HB2 :0.468
 A 341  ARG HH21  A 714  ARG  HD2 :0.461
 A 924  PHE  HB3  A 925  ASN  HA  :0.461
 A 924  PHE  CB   A 925  ASN  HA  :0.457
 A 692  PHE  CE1  A 717  GLY  HA3 :0.457
 A  49  LYS  HA   A  50  PRO  HD3 :0.456
 A 958  ARG  HG2  A 959  VAL  H   :0.454
 A 720  LEU  HA   A 723  GLN HE21 :0.449
 A 852  VAL HG13  A1143  TRP  NE1 :0.448
 A 664  VAL  CG2  A 669  ALA  HB3 :0.447
 A1055  LEU  C    A1055  LEU HD13 :0.445
 A  56  TYR  HA   A  59  VAL HG12 :0.444
 A1044  VAL HG12  A1045  LEU  H   :0.432
 A1008  ASN  H    A1009  PRO  CD  :0.429
 A 674  VAL  HA   A 677  TYR  HB3 :0.427
 A 341  ARG HH21  A 714  ARG  CD  :0.425
 A 518  ARG  O    A 519  ALA  HB2 :0.419
 A 268  MET  HA   A 271  ILE HG22 :0.418
 A 419  ILE HG22  A 420  TYR  N   :0.410
 A1142  MET  HA   A1146  GLY  O   :0.408
 A 349  ASN  H    A 350  PRO  HD2 :0.407
 A1175  PHE  CD2  A1244  LEU HD21 :0.403
 A  60  GLN  OE1  A 986  GLY  HA3 :0.401
 A 701  ASN  HA   A 701  ASN HD22 :0.400
clashscore = 6.32
