Info) VMD for LINUXAMD64, version 1.9.3 (November 30, 2016)
Info) http://www.ks.uiuc.edu/Research/vmd/                         
Info) Email questions and bug reports to vmd@ks.uiuc.edu           
Info) Please include this reference in published work using VMD:   
Info)    Humphrey, W., Dalke, A. and Schulten, K., `VMD - Visual   
Info)    Molecular Dynamics', J. Molec. Graphics 1996, 14.1, 33-38.
Info) -------------------------------------------------------------
Info) Multithreading available, 20 CPUs detected.
Info)   CPU features: SSE2 AVX AVX2 FMA 
Info) Free system memory: 10GB (32%)
Info) Creating CUDA device pool and initializing hardware...
Info) Detected 1 available CUDA accelerator:
Info) [0] GeForce GTX 1080   20 SM_6.1 @ 1.73 GHz, 7.9GB RAM, KTO, AE2, ZCP
Info) Detected 1 available TachyonL/OptiX ray tracing accelerator
Info)   Compiling 1 OptiX shaders on 1 target GPU...
Info) Dynamically loaded 2 plugins in directory:
Info) /opt/bioxray/programs/vmd-1.93/lib/plugins/LINUXAMD64/molfile
after#0
1.1
0.5
1.6
1.3
1.3
Info) Using plugin pdb for structure file 3jd8_cryst_altered.pdb
Info) Using plugin pdb for coordinates from file 3jd8_cryst_altered.pdb
Info) Determining bond structure from distance search ...
Info) Analyzing structure ...
Info)    Atoms: 7695
Info)    Bonds: 7865
Info)    Angles: 0  Dihedrals: 0  Impropers: 0  Cross-terms: 0
Info)    Bondtypes: 0  Angletypes: 0  Dihedraltypes: 0  Impropertypes: 0
Info)    Residues: 1133
Info)    Waters: 0
Info)    Segments: 1
Info)    Fragments: 2   Protein: 4   Nucleic: 0
0
Info) Finished with coordinate file 3jd8_cryst_altered.pdb.
Welcome to AUTOPSF!
The automatic structure builder.
psfgen) preserving case of names on input
WORKING ON: 0
Info) ======================
Info) Please cite TopoTools as:
Info) Axel Kohlmeyer, (2016). TopoTools: Release 1.7
Info) http://doi.org/10.5281/zenodo.50249
Info) ======================

Info) Analyzing structure ...
Info)    Atoms: 7695
Info)    Bonds: 6707
Info)    Angles: 0  Dihedrals: 0  Impropers: 0  Cross-terms: 0
Info)    Bondtypes: 1  Angletypes: 0  Dihedraltypes: 0  Impropertypes: 0
Info)    Residues: 1133
Info)    Waters: 0
Info)    Segments: 2
Info)    Fragments: 1133   Protein: 1133   Nucleic: 0
Info) Opened coordinate file 3jd8_cryst_altered_autopsf_preformat_protein.pdb for writing.
Info) Finished with coordinate file 3jd8_cryst_altered_autopsf_preformat_protein.pdb.
Info) Opened coordinate file 3jd8_cryst_altered_autopsf_preformat_glycan.pdb for writing.
Info) Finished with coordinate file 3jd8_cryst_altered_autopsf_preformat_glycan.pdb.
Info) Opened coordinate file 3jd8_cryst_altered_autopsf_preformat_other.pdb for writing.
Info) Finished with coordinate file 3jd8_cryst_altered_autopsf_preformat_other.pdb.
Info) Opened coordinate file 3jd8_cryst_altered_autopsf_preformat_ion.pdb for writing.
Info) Finished with coordinate file 3jd8_cryst_altered_autopsf_preformat_ion.pdb.
Info) Opened coordinate file 3jd8_cryst_altered_autopsf_preformat_water.pdb for writing.
Info) Finished with coordinate file 3jd8_cryst_altered_autopsf_preformat_water.pdb.

Step 3 done
Info) Using plugin pdb for structure file 3jd8_cryst_altered_autopsf_formatted.pdb
Info) Using plugin pdb for coordinates from file 3jd8_cryst_altered_autopsf_formatted.pdb
Info) Determining bond structure from distance search ...
Info) Analyzing structure ...
Info)    Atoms: 7695
Info)    Bonds: 7865
Info)    Angles: 0  Dihedrals: 0  Impropers: 0  Cross-terms: 0
Info)    Bondtypes: 0  Angletypes: 0  Dihedraltypes: 0  Impropertypes: 0
Info)    Residues: 1133
Info)    Waters: 0
Info)    Segments: 1
Info)    Fragments: 2   Protein: 4   Nucleic: 0
pfrag: false ofrag: false allfrag: true osel: protein or nucleic or glycan nfrag: false
Info) Opened coordinate file 3jd8_cryst_altered_autopsf-temp.pdb for writing.
Info) Finished with coordinate file 3jd8_cryst_altered_autopsf-temp.pdb.
Reading PDB CONECT records...
Info) Opened coordinate file 3jd8_cryst_altered_autopsf-temp.xbgf for writing.
Info) Finished with coordinate file 3jd8_cryst_altered_autopsf-temp.xbgf.
/opt/bioxray/programs/vmd-1.93/lib/plugins/noarch/tcl/readcharmmtop1.2/top_all36_prot.rtf /opt/bioxray/programs/vmd-1.93/lib/plugins/noarch/tcl/readcharmmtop1.2/top_all36_lipid.rtf /opt/bioxray/programs/vmd-1.93/lib/plugins/noarch/tcl/readcharmmtop1.2/top_all36_na.rtf /opt/bioxray/programs/vmd-1.93/lib/plugins/noarch/tcl/readcharmmtop1.2/top_all36_carb.rtf /opt/bioxray/programs/vmd-1.93/lib/plugins/noarch/tcl/readcharmmtop1.2/top_all36_cgenff.rtf /opt/bioxray/programs/vmd-1.93/lib/plugins/noarch/tcl/readcharmmtop1.2/toppar_all36_carb_glycopeptide.str /opt/bioxray/programs/vmd-1.93/lib/plugins/noarch/tcl/readcharmmtop1.2/toppar_water_ions_namd.str
DETECTED CHARMM36 NA
CRYST1
Current chain: A   Old chain: 
Curwater: 0 Curprot: 1 Curnuc: 0 Curo: 0 Curglyc: 0
Segment 1: Starting with resid 23, file 3jd8_cryst_altered_autopsf-temp.pdb_AP1.pdb
Current chain: A   Old chain: A
Curwater: 0 Curprot: 1 Curnuc: 0 Curo: 0 Curglyc: 0
Segment 2: Starting with resid 330, file 3jd8_cryst_altered_autopsf-temp.pdb_AP2.pdb
Current chain: A   Old chain: A
Curwater: 0 Curprot: 1 Curnuc: 0 Curo: 0 Curglyc: 0
Segment 3: Starting with resid 804, file 3jd8_cryst_altered_autopsf-temp.pdb_AP3.pdb
Current chain: A   Old chain: A
Curwater: 0 Curprot: 1 Curnuc: 0 Curo: 0 Curglyc: 0
Segment 4: Starting with resid 984, file 3jd8_cryst_altered_autopsf-temp.pdb_AP4.pdb
END

psfgen) reading topology file 3jd8_cryst_altered_autopsf-temp.top

psfgen) >>>>>>>>CHARMM36 All-Hydrogen Topology File for Proteins <<<<<<
psfgen) >>>>> Includes phi, psi cross term map (CMAP) correction <<<<<<<
psfgen) >>>>>>>>>>>>>>>>>>>>>>>>>> May 2011 <<<<<<<<<<<<<<<<<<<<<<<<<<<<
psfgen)  All comments to the CHARMM web site: www.charmm.org
psfgen)              parameter set discussion forum
psfgen) 
psfgen) Created by CHARMM version 36 1
psfgen) cross-term entries present in topology definitions
psfgen)   \\\\\\\ CHARMM36 All-Hydrogen Lipid Topology File ///////
psfgen)   All comments and questions should be submitted to the 
psfgen)   parameter forum at the CHARMM website: www.charmm.org
psfgen) 
psfgen) ERROR!  FAILED TO RECOGNIZE 36.  Line 1764: 36  1

psfgen)   \\\\ CHARMM36 All-Hydrogen Nucleic Acid Topology File ////
psfgen)    Alexander D. MacKerell Jr. and coworkers
psfgen)                       April 2011
psfgen)  All comments to the CHARMM web site: www.charmm.org
psfgen)            parameter set discussion forum
psfgen) 
psfgen) ERROR!  FAILED TO RECOGNIZE 36.  Line 13533: 36 1

psfgen) ERROR!  Failed to parse autogenerate statement.  Line 13638: AUTOGENERATE ANGLES DIHEDRALS PATCH

psfgen)  $Id: top_all36_carb.rtf,v 1.2 2015/04/20 17:05:20 ryanmcgreevy Exp $
psfgen) >>>>>>>>>>>> All-hydrogen topologies used in the <<<<<<<<<<<<<<<<
psfgen) >>>>> development of the CHARMM carbohydrate  force field<<<<<<<<
psfgen) >>>>>>>>>>>>>>>>>>>>>>>>> June 2009 <<<<<<<<<<<<<<<<<<<<<<<<<<<<<
psfgen) >>>>>>>> Direct comments to Alexander D. MacKerell Jr. <<<<<<<<<<
psfgen) >>>>>>>>>> via the CHARMM web site: www.charmm.org <<<<<<<<<<<<<<
psfgen) >>>>>>>>>>>>>>> parameter set discussion forum <<<<<<<<<<<<<<<<<<
psfgen) 
psfgen) ERROR!  FAILED TO RECOGNIZE 32.  Line 14391: 32 1

psfgen)   --------------------------------------------------------------------------  *
psfgen)           CGenFF: Topology for the Charmm General Force Field v. 3.0.1        *
psfgen)                     for Small Molecule Drug Design                            *
psfgen)   --------------------------------------------------------------------------  *
psfgen) 
psfgen) ERROR!  FAILED TO RECOGNIZE 36.  Line 20197: 36  1

psfgen) ERROR!  FAILED TO RECOGNIZE read.  Line 50210: read rtf card append

psfgen)  Topology for glycopeptide linkages
psfgen)  
psfgen) ERROR!  FAILED TO RECOGNIZE 32.  Line 50213: 32 1

psfgen) ERROR!  FAILED TO RECOGNIZE read.  Line 50458: read param card flex append

psfgen)     new parametes
psfgen) 
psfgen) ERROR!  Failed to parse bond statement.  Line 50461: BONDS

psfgen) ERROR!  FAILED TO RECOGNIZE CC311D.  Line 50464: CC311D   NC2D1   320.00  1.430   ! 320.00  1.430   ! par22 NH1 CT1

psfgen) ERROR!  FAILED TO RECOGNIZE CC3162.  Line 50465: CC3162   NC2D1   320.00  1.430   ! 320.00  1.430   ! par22 NH1 CT1 

psfgen) ERROR!  FAILED TO RECOGNIZE CC321.  Line 50467: CC321    CT1      222.500     1.5380  ! CT2  CT1   222.500     1.5380 ! ALLOW   ALI 

psfgen) ERROR!  FAILED TO RECOGNIZE CC2O1.  Line 50468: CC2O1    CC321    200.000     1.5220  ! CT2  CC    200.000     1.5220 ! ALLOW   POL 

psfgen) ERROR!  FAILED TO RECOGNIZE OC301.  Line 50471: OC301    CT2	360.00  1.425  ! CC311   OC301    360.00  1.415   ! par35 CC32A OC30A 

psfgen) ERROR!  FAILED TO RECOGNIZE OC301.  Line 50472: OC301    CT1	360.00  1.425  ! CC311   OC301    360.00  1.415   ! par35 CC32A OC30A 

psfgen) ERROR!  Failed to parse angle statement.  Line 50474: ANGLES

psfgen) ERROR!  FAILED TO RECOGNIZE NC2D1.  Line 50477: NC2D1    CC311D   OC3C61  90.00   110.00  ! 90.00   110.00  ! OC301   CC311D  OC3C61   90.00   110.00

psfgen) ERROR!  FAILED TO RECOGNIZE HCA1.  Line 50478: HCA1     CC311D   NC2D1   48.00   108.00  ! par22 NH1  CT1  HB

psfgen) ERROR!  FAILED TO RECOGNIZE NC2D1.  Line 50479: NC2D1    CC311D   CC321C  70.00   113.50  ! par22 NH1  CT1  CT1

psfgen) ERROR!  FAILED TO RECOGNIZE NC2D1.  Line 50480: NC2D1    CC311D   CC311D  70.00   113.50  ! par22 NH1  CT1  CT1

psfgen) ERROR!  FAILED TO RECOGNIZE CC311D.  Line 50481: CC311D   NC2D1    HCP1    35.00   117.00  ! par22 H    NH1  CT1

psfgen) ERROR!  FAILED TO RECOGNIZE CC311D.  Line 50482: CC311D   NC2D1    CC2O1   50.00   120.00  ! par22 CT1  NH1  C

psfgen) ERROR!  FAILED TO RECOGNIZE NC2D1.  Line 50483: NC2D1    CC3162   OC3C61  90.00   110.00  ! 90.00   110.00  ! OC301   CC311D  OC3C61   90.00   110.00  

psfgen) ERROR!  FAILED TO RECOGNIZE HCA1.  Line 50484: HCA1     CC3162   NC2D1   48.00   108.00  ! par22 NH1  CT1  HB   

psfgen) ERROR!  FAILED TO RECOGNIZE NC2D1.  Line 50485: NC2D1    CC3162   CC3161  70.00   113.50  ! par22 NH1  CT1  CT1  

psfgen) ERROR!  FAILED TO RECOGNIZE CC3162.  Line 50486: CC3162   NC2D1    HCP1    35.00   117.00  ! par22 H    NH1  CT1 

psfgen) ERROR!  FAILED TO RECOGNIZE CC3162.  Line 50487: CC3162   NC2D1    CC2O1   50.00   120.00  ! par22 CT1  NH1  C

psfgen) ERROR!  FAILED TO RECOGNIZE NH3.  Line 50489: NH3      CT1      CC321  67.700   110.0000 ! NH3  CT1  CT2    67.700   110.0000 ! ALLOW   ALI POL

psfgen) ERROR!  FAILED TO RECOGNIZE CC321.  Line 50490: CC321    CT1      CC     52.000   108.0000 ! CT2  CT1  CC     52.000   108.0000 ! ALLOW   ALI PEP POL ARO

psfgen) ERROR!  FAILED TO RECOGNIZE NH1.  Line 50491: NH1      CT1      CC321  70.000   113.5000 ! NH1  CT1  CT2    70.000   113.5000 ! ALLOW   ALI PEP POL ARO

psfgen) ERROR!  FAILED TO RECOGNIZE HB1.  Line 50492: HB1      CT1      CC321  35.000   111.0000 ! HB   CT1  CT2    35.000   111.0000 ! ALLOW  PEP 

psfgen) ERROR!  FAILED TO RECOGNIZE CC321.  Line 50493: CC321    CT1      C      52.000   108.0000 ! CT2  CT1  C      52.000   108.0000 ! ALLOW   ALI PEP POL ARO 

psfgen) ERROR!  FAILED TO RECOGNIZE CT1.  Line 50494: CT1      CC321    CC2O1  52.000   108.0000 ! CT1  CT2  CC     52.000   108.0000 ! ALLOW   ALI PEP POL ARO 

psfgen) ERROR!  FAILED TO RECOGNIZE CT1.  Line 50495: CT1      CC321    HCA2   33.430    110.10   22.53   2.17900 ! HA   CT2  CT1   33.430    110.10   22.53   2.17900 ! ALLOW   ALI 

psfgen) ERROR!  FAILED TO RECOGNIZE HCA2.  Line 50496: HCA2     CC321    CC2O1  33.000    109.50   30.00   2.16300 ! HA   CT2  CC    33.000    109.50   30.00   2.16300 ! ALLOW   ALI PEP POL ARO

psfgen) ERROR!  FAILED TO RECOGNIZE CC321.  Line 50497: CC321    CC2O1    OC2D1  15.000    121.00   50.00   2.44000 ! O    CC   CT2   15.000    121.00   50.00   2.44000 ! ALLOW   ALI PEP POL ARO

psfgen) ERROR!  FAILED TO RECOGNIZE CC321.  Line 50498: CC321    CC2O1    NC2D1  50.000    116.50   50.00   2.45000 ! NH2  CC   CT2   50.000    116.50   50.00   2.45000 ! ALLOW   ALI PEP POL ARO

psfgen) ERROR!  FAILED TO RECOGNIZE CT1.  Line 50501: CT1      CT2      OC301   45.000   107.00  !    OC301   CC311   CC331    45.00   111.50  ! par35 OC30A CC32A  CC33A

psfgen) ERROR!  FAILED TO RECOGNIZE CT1.  Line 50502: CT1      CT1      OC301   45.000   107.00  !    OC301   CC311   CC331    45.00   111.50  ! par35 OC30A CC32A  CC33A

psfgen) ERROR!  FAILED TO RECOGNIZE CT2.  Line 50503: CT2      OC301    CC311D  95.00    110.70  !    CC311D  OC301   CC331    95.00   109.70  ! par35 CC33A  OC30A CC32A

psfgen) ERROR!  FAILED TO RECOGNIZE CT1.  Line 50504: CT1      OC301    CC311D  95.00    110.70  !    CC311D  OC301   CC331    95.00   109.70  ! par35 CC33A  OC30A CC32A

psfgen) ERROR!  FAILED TO RECOGNIZE CT2.  Line 50505: CT2      OC301    CC3162  95.00    110.70  !    CC3162  OC301   CC331    95.00   109.70  ! par35 CC33A  OC30A CC32A

psfgen) ERROR!  FAILED TO RECOGNIZE CT1.  Line 50506: CT1      OC301    CC3162  95.00    110.70  !    CC3162  OC301   CC331    95.00   109.70  ! par35 CC33A  OC30A CC32A

psfgen) ERROR!  FAILED TO RECOGNIZE CT3.  Line 50507: CT3      CT1      OC301   45.000   110.00  !    OC301   CC311   CC331    45.00   111.50  ! par35 OC30A CC32A  CC33A

psfgen) ERROR!  FAILED TO RECOGNIZE HA.  Line 50508: HA       CT2      OC301   60.00    109.50  !    HCA1    CC311   OC301    60.00   109.50  ! par34 HCA2 CC32A OC30A

psfgen) ERROR!  FAILED TO RECOGNIZE HA2.  Line 50509: HA2      CT2      OC301   60.00    109.50  !    HCA1    CC311   OC301    60.00   109.50  ! par34 HCA2 CC32A OC30A

psfgen) ERROR!  FAILED TO RECOGNIZE HA.  Line 50510: HA       CT1      OC301   60.00    109.50  !    HCA1    CC311   OC301    60.00   109.50  ! par34 HCA2 CC32A OC30A

psfgen) ERROR!  FAILED TO RECOGNIZE HA1.  Line 50511: HA1      CT1      OC301   60.00    109.50  !    HCA1    CC311   OC301    60.00   109.50  ! par34 HCA2 CC32A OC30A

psfgen) ERROR!  Failed to parse dihedral statement.  Line 50513: DIHEDRALS

psfgen) ERROR!  FAILED TO RECOGNIZE CC321C.  Line 50516: CC321C  OC3C61  CC311D  NC2D1    0.62  1    0.0 ! og OMeTHP compounds 2 and 3

psfgen) ERROR!  FAILED TO RECOGNIZE CC321C.  Line 50517: CC321C  OC3C61  CC311D  NC2D1    1.54  2    0.0 ! OC301    CC311D   OC3C61   CC321C

psfgen) ERROR!  FAILED TO RECOGNIZE CC321C.  Line 50518: CC321C  OC3C61  CC311D  NC2D1    0.48  3    0.0 ! "  MP2/cc-pVTZ//MP2/6-31G*

psfgen) ERROR!  FAILED TO RECOGNIZE HCP1.  Line 50519: HCP1    NC2D1   CC311D  OC3C61   0.00  1    0.0 ! par22 H NH1 CT1 CT1 

psfgen) ERROR!  FAILED TO RECOGNIZE NC2D1.  Line 50520: NC2D1   CC311D  CC311D  NC2D1    0.59  1  180.0 ! OC301   CC3161  CC3162  OC301 ! par35 OC30A CC32A CC32A OC30A

psfgen) ERROR!  FAILED TO RECOGNIZE NC2D1.  Line 50521: NC2D1   CC311D  CC311D  NC2D1    1.16  2    0.0 ! OC301   CC3161  CC3162  OC301 ! " og/rmv RESMOR and FABYOW10

psfgen) ERROR!  FAILED TO RECOGNIZE CC311D.  Line 50522: CC311D  NC2D1   CC2O1   OC2D1    2.50  2  180.0 ! par22 O C NH1 CT1

psfgen) ERROR!  FAILED TO RECOGNIZE CC311D.  Line 50523: CC311D  NC2D1   CC2O1   CC331    1.60  1    0.0 ! par22 CT1 NH1 C CT3

psfgen) ERROR!  FAILED TO RECOGNIZE CC311D.  Line 50524: CC311D  NC2D1   CC2O1   CC331    2.50  2  180.0 ! "

psfgen) ERROR!  FAILED TO RECOGNIZE HCP1.  Line 50525: HCP1    NC2D1   CC311D  HCA1     0.00  1    0.0 ! par22 HB CT1 NH1 H

psfgen) ERROR!  FAILED TO RECOGNIZE CC2O1.  Line 50526: CC2O1   NC2D1   CC311D  HCA1     0.00  1    0.0 ! par22 HB CT1 NH1 C

psfgen) ERROR!  FAILED TO RECOGNIZE HCP1.  Line 50527: HCP1    NC2D1   CC311D  CC321C   0.00  1    0.0 ! par22 H NH1 CT1 CT1

psfgen) ERROR!  FAILED TO RECOGNIZE HCA2.  Line 50528: HCA2    CC321C  CC311D  NC2D1    0.20  3    0.0 ! par27 X CTL1 CTL1 X

psfgen) ERROR!  FAILED TO RECOGNIZE CC321C.  Line 50529: CC321C  CC321C  CC311D  NC2D1    0.20  3    0.0 ! par27 X CTL1 CTL1 X

psfgen) ERROR!  FAILED TO RECOGNIZE CC311D.  Line 50530: CC311D  CC311D  NC2D1   HCP1     0.00  1    0.0 ! par22 H NH1 CT1 CT1

psfgen) ERROR!  FAILED TO RECOGNIZE HCA1.  Line 50531: HCA1    CC311D  CC311D  NC2D1    0.20  3    0.0 ! par27 X CTL1 CTL1 X

psfgen) ERROR!  FAILED TO RECOGNIZE NC2D1.  Line 50532: NC2D1   CC311D  CC311D  CC321C   0.20  3    0.0 ! par27 X CTL1 CTL1 X

psfgen) ERROR!  FAILED TO RECOGNIZE OC3C61.  Line 50533: OC3C61  CC311D  CC311D  NC2D1    0.20  3    0.0 ! par27 X CTL1 CTL1 X

psfgen) ERROR!  FAILED TO RECOGNIZE NC2D1.  Line 50534: NC2D1   CC3162  OC3C61  CC3163   0.62  1    0.0 ! og OMeTHP compounds 2 and 3 

psfgen) ERROR!  FAILED TO RECOGNIZE NC2D1.  Line 50535: NC2D1   CC3162  OC3C61  CC3163   1.54  2    0.0 ! OC301    CC311D   OC3C61   CC321C

psfgen) ERROR!  FAILED TO RECOGNIZE NC2D1.  Line 50536: NC2D1   CC3162  OC3C61  CC3163   0.48  3    0.0 ! "  MP2/cc-pVTZ//MP2/6-31G*

psfgen) ERROR!  FAILED TO RECOGNIZE NC2D1.  Line 50537: NC2D1   CC3162  OC3C61  CC3263   0.62  1    0.0 ! og OMeTHP compounds 2 and 3 

psfgen) ERROR!  FAILED TO RECOGNIZE NC2D1.  Line 50538: NC2D1   CC3162  OC3C61  CC3263   1.54  2    0.0 ! OC301    CC311D   OC3C61   CC321C

psfgen) ERROR!  FAILED TO RECOGNIZE NC2D1.  Line 50539: NC2D1   CC3162  OC3C61  CC3263   0.48  3    0.0 ! "  MP2/cc-pVTZ//MP2/6-31G*

psfgen) ERROR!  FAILED TO RECOGNIZE HCP1.  Line 50540: HCP1    NC2D1   CC3162  OC3C61   0.00  1    0.0 ! par22 H NH1 CT1 CT1

psfgen) ERROR!  FAILED TO RECOGNIZE NC2D1.  Line 50541: NC2D1   CC3162  CC3161  NC2D1    0.59  1  180.0 ! OC301   CC3161  CC3162  OC301 ! par35 OC30A CC32A CC32A OC30A

psfgen) ERROR!  FAILED TO RECOGNIZE NC2D1.  Line 50542: NC2D1   CC3162  CC3161  NC2D1    1.16  2    0.0 ! OC301   CC3161  CC3162  OC301 ! " og/rmv RESMOR and FABYOW10

psfgen) ERROR!  FAILED TO RECOGNIZE CC3162.  Line 50543: CC3162  NC2D1   CC2O1   OC2D1    2.50  2  180.0 ! par22 O C NH1 CT1

psfgen) ERROR!  FAILED TO RECOGNIZE CC3162.  Line 50544: CC3162  NC2D1   CC2O1   CC331    1.60  1    0.0 ! par22 CT1 NH1 C CT3 

psfgen) ERROR!  FAILED TO RECOGNIZE CC3162.  Line 50545: CC3162  NC2D1   CC2O1   CC331    2.50  2  180.0 ! " 

psfgen) ERROR!  FAILED TO RECOGNIZE HCA1.  Line 50546: HCA1    CC3162  NC2D1   HCP1     0.00  1    0.0 ! par22 HB CT1 NH1 H 

psfgen) ERROR!  FAILED TO RECOGNIZE HCA1.  Line 50547: HCA1    CC3162  NC2D1   CC2O1    0.00  1    0.0 ! par22 HB CT1 NH1 C

psfgen) ERROR!  FAILED TO RECOGNIZE NC2D1.  Line 50548: NC2D1   CC3162  CC3161  HCA1     0.20  3    0.0 ! par27 X CTL1 CTL1 X 

psfgen) ERROR!  FAILED TO RECOGNIZE NC2D1.  Line 50549: NC2D1   CC3162  CC3161  CC3161   0.20  3    0.0 ! par27 X CTL1 CTL1 X 

psfgen) ERROR!  FAILED TO RECOGNIZE HCP1.  Line 50550: HCP1    NC2D1   CC3162  CC3161   0.00  1    0.0 ! par22 H NH1 CT1 CT1

psfgen) ERROR!  FAILED TO RECOGNIZE NC2D1.  Line 50551: NC2D1   CC3162  CC3161  OC311    0.20  3    0.0 ! par27 X CTL1 CTL1 X

psfgen) ERROR!  FAILED TO RECOGNIZE CC311D.  Line 50552: CC311D  CC311D  NC2D1   CC2O1    0.50  1  180.0 ! og fit to IPAA

psfgen) ERROR!  FAILED TO RECOGNIZE CC2O1.  Line 50553: CC2O1   NC2D1   CC311D  CC321C   0.50  1  180.0 ! og fit to IPAA

psfgen) ERROR!  FAILED TO RECOGNIZE CC2O1.  Line 50554: CC2O1   NC2D1  CC311D  OC3C61    2.70  1    180.0

psfgen) ERROR!  FAILED TO RECOGNIZE CC2O1.  Line 50555: CC2O1   NC2D1  CC311D  OC3C61    1.28  2      0.0

psfgen) ERROR!  FAILED TO RECOGNIZE CC2O1.  Line 50556: CC2O1   NC2D1   CC3162  CC3161   0.50  1  180.0 ! og fit to IPAA

psfgen) ERROR!  FAILED TO RECOGNIZE CC2O1.  Line 50557: CC2O1   NC2D1  CC3162  OC3C61    2.70  1    180.0

psfgen) ERROR!  FAILED TO RECOGNIZE CC2O1.  Line 50558: CC2O1   NC2D1  CC3162  OC3C61    1.28  2      0.0

psfgen) ERROR!  FAILED TO RECOGNIZE NH3.  Line 50560: NH3      CT1      CC321    HCA2    0.2000  3     0.0 ! X    CT1  CT2  X        0.2000  3     0.00 ! ALLOW   ALI

psfgen) ERROR!  FAILED TO RECOGNIZE NH1.  Line 50561: NH1      CT1      CC321    HCA2    0.2000  3     0.0 ! X    CT1  CT2  X        0.2000  3     0.00 ! ALLOW   AL

psfgen) ERROR!  FAILED TO RECOGNIZE NH3.  Line 50562: NH3      CT1      CC321    CC2O1   0.2000  3     0.0 ! X    CT1  CT2  X        0.2000  3     0.00 ! ALLOW   ALI   

psfgen) ERROR!  FAILED TO RECOGNIZE NH1.  Line 50563: NH1      CT1      CC321    CC2O1   0.2000  3     0.0 ! X    CT1  CT2  X        0.2000  3     0.00 ! ALLOW   ALI

psfgen) ERROR!  FAILED TO RECOGNIZE CT1.  Line 50564: CT1      CC321    CC2O1    OC2D1   0.0500  6   180.0 ! X    CT2  CC   X        0.0500  6   180.00 ! ALLOW   POL PEP

psfgen) ERROR!  FAILED TO RECOGNIZE CT1.  Line 50565: CT1      CC321    CC2O1    NC2D1   0.0500  6   180.0 ! X    CT2  CC   X        0.0500  6   180.00 ! ALLOW   POL PEP

psfgen) ERROR!  FAILED TO RECOGNIZE HB1.  Line 50566: HB1      CT1      CC321    HCA2    0.2000  3     0.0 ! X    CT1  CT2  X        0.2000  3     0.00 ! ALLOW   ALI    

psfgen) ERROR!  FAILED TO RECOGNIZE HB1.  Line 50567: HB1      CT1      CC321    CC2O1   0.2000  3     0.0 ! X    CT1  CT2  X        0.2000  3     0.00 ! ALLOW   ALI    

psfgen) ERROR!  FAILED TO RECOGNIZE CC321.  Line 50568: CC321    CC2O1    NC2D1    HCP1    2.50    2   180.0 ! HCP1    NC2D1   CC2O1   CC331    2.50  2  180.0 ! par22 H NH1 C   CT3

psfgen) ERROR!  FAILED TO RECOGNIZE CC321.  Line 50569: CC321    CC2O1    NC2D1    CC3162  1.60    1     0.0 ! CC3161  NC2D1   CC2O1   CC331    1.60  1    0.0 ! par22 CT1 NH1 C CT3

psfgen) ERROR!  FAILED TO RECOGNIZE CC321.  Line 50570: CC321    CC2O1    NC2D1    CC3162  2.50    2   180.0 ! CC3161  NC2D1   CC2O1   CC331    2.50  2  180.0 ! "

psfgen) ERROR!  FAILED TO RECOGNIZE HCA2.  Line 50571: HCA2     CC321    CT1      CC      0.2000  3     0.0 ! X    CT1  CT2  X        0.2000  3     0.00 ! ALLOW   ALI

psfgen) ERROR!  FAILED TO RECOGNIZE HCA2.  Line 50572: HCA2     CC321    CT1      C       0.2000  3     0.0 ! X    CT1  CT2  X        0.2000  3     0.00 ! ALLOW   ALI

psfgen) ERROR!  FAILED TO RECOGNIZE HCA2.  Line 50573: HCA2     CC321    CC2O1    OC2D1   0.00    3   180.0 ! HCA3    CC331   CC2O1   OC2D1    0.00  3  180.0 ! par22 O C    CT3  HA

psfgen) ERROR!  FAILED TO RECOGNIZE HCA2.  Line 50574: HCA2     CC321    CC2O1    NC2D1   0.00    3     0.0 ! NC2D1   CC2O1   CC331   HCA3     0.00  3    0.0 ! par22 NH1 C CT3 HA

psfgen) ERROR!  FAILED TO RECOGNIZE CC2O1.  Line 50575: CC2O1    CC321    CT1      CC      0.2000  3     0.0 ! X    CT1  CT2  X        0.2000  3     0.00 ! ALLOW   ALI 

psfgen) ERROR!  FAILED TO RECOGNIZE CC2O1.  Line 50576: CC2O1    CC321    CT1      C       0.2000  3     0.0 ! X    CT1  CT2  X        0.2000  3     0.00 ! ALLOW   ALI

psfgen) ERROR!  FAILED TO RECOGNIZE CC321.  Line 50577: CC321    CT1      C        O       1.4000  1     0.0 ! O    C    CT1  CT2      1.4000  1     0.00 !   ALLOW PEP

psfgen) ERROR!  FAILED TO RECOGNIZE H.  Line 50578: H        NH1      CT1      CC321   0.0000  1     0.0 ! H    NH1  CT1  CT2      0.0000  1     0.00 ! ALLOW PEP 

psfgen) ERROR!  FAILED TO RECOGNIZE C.  Line 50579: C        NH1      CT1      CC321   1.8000  1     0.0 ! CT2  CT1  NH1  C        1.8000  1     0.00 ! ALLOW PEP 

psfgen) ERROR!  FAILED TO RECOGNIZE CC321.  Line 50580: CC321    CT1      C        NH1     0.0000  1     0.0 ! NH1  C    CT1  CT2      0.0000  1     0.00 !   ALLOW PEP

psfgen) ERROR!  FAILED TO RECOGNIZE CC311D.  Line 50583: CC311D  OC301   CT2     HA       0.284 3    0.0   !CC311D  OC301   CC331   HCA3     0.284 3    0.0 ! par35 HCA3 CC33A OC30A CC32A

psfgen) ERROR!  FAILED TO RECOGNIZE CC311D.  Line 50584: CC311D  OC301   CT2     HA2      0.284 3    0.0   !CC311D  OC301   CC331   HCA3     0.284 3    0.0 ! par35 HCA3 CC33A OC30A CC32A

psfgen) ERROR!  FAILED TO RECOGNIZE HA.  Line 50585: HA      CT2     OC301   CC3162   0.284 3    0.0   !CC3162  OC301   CC331   HCA3     0.284 3    0.0 ! par35 HCA3 CC33A OC30A CC32A

psfgen) ERROR!  FAILED TO RECOGNIZE HA2.  Line 50586: HA2     CT2     OC301   CC3162   0.284 3    0.0   !CC3162  OC301   CC331   HCA3     0.284 3    0.0 ! par35 HCA3 CC33A OC30A CC32A

psfgen) ERROR!  FAILED TO RECOGNIZE CC311D.  Line 50587: CC311D  OC301   CT1     HA       0.284 3    0.0   !CC311D  OC301   CC331   HCA3     0.284 3    0.0 ! par35 HCA3 CC33A OC30A CC32A

psfgen) ERROR!  FAILED TO RECOGNIZE CC311D.  Line 50588: CC311D  OC301   CT1     HA1      0.284 3    0.0   !CC311D  OC301   CC331   HCA3     0.284 3    0.0 ! par35 HCA3 CC33A OC30A CC32A

psfgen) ERROR!  FAILED TO RECOGNIZE HA.  Line 50589: HA      CT1     OC301   CC3162   0.284 3    0.0   !CC3162  OC301   CC331   HCA3     0.284 3    0.0 ! par35 HCA3 CC33A OC30A CC32A

psfgen) ERROR!  FAILED TO RECOGNIZE HA1.  Line 50590: HA1     CT1     OC301   CC3162   0.284 3    0.0   !CC3162  OC301   CC331   HCA3     0.284 3    0.0 ! par35 HCA3 CC33A OC30A CC32A

psfgen) ERROR!  FAILED TO RECOGNIZE CT2.  Line 50591: CT2     OC301   CC311D  HCA1     0.284 3    0.0   !CC331   OC301   CC311D  HCA1     0.284 3    0.0 ! par35 HCA2 CC32A OC30A CC32A

psfgen) ERROR!  FAILED TO RECOGNIZE CT2.  Line 50592: CT2     OC301   CC3162  HCA1     0.284 3    0.0   !CC331   OC301   CC3162  HCA1     0.284 3    0.0 ! par35 HCA2 CC32A OC30A CC32A

psfgen) ERROR!  FAILED TO RECOGNIZE CT1.  Line 50593: CT1     OC301   CC311D  HCA1     0.284 3    0.0   !CC331   OC301   CC311D  HCA1     0.284 3    0.0 ! par35 HCA2 CC32A OC30A CC32A

psfgen) ERROR!  FAILED TO RECOGNIZE CT1.  Line 50594: CT1     OC301   CC3162  HCA1     0.284 3    0.0   !CC331   OC301   CC3162  HCA1     0.284 3    0.0 ! par35 HCA2 CC32A OC30A CC32A

psfgen) ERROR!  FAILED TO RECOGNIZE CC321C.  Line 50600: CC321C   CC311D    OC301      CT2     1.38  1    180.0

psfgen) ERROR!  FAILED TO RECOGNIZE CC321C.  Line 50601: CC321C   CC311D    OC301      CT2     1.23  2    180.0

psfgen) ERROR!  FAILED TO RECOGNIZE CC321C.  Line 50602: CC321C   CC311D    OC301      CT2     0.25  3      0.0

psfgen) ERROR!  FAILED TO RECOGNIZE CC321C.  Line 50603: CC321C   CC311D    OC301      CT1     1.15  1    180.0

psfgen) ERROR!  FAILED TO RECOGNIZE CC321C.  Line 50604: CC321C   CC311D    OC301      CT1     1.54  2    180.0

psfgen) ERROR!  FAILED TO RECOGNIZE CC321C.  Line 50605: CC321C   CC311D    OC301      CT1     0.39  3      0.0

psfgen) ERROR!  FAILED TO RECOGNIZE CT2.  Line 50608: CT2    OC301   CC311D   OC3C61     0.27  1      0.0

psfgen) ERROR!  FAILED TO RECOGNIZE CT2.  Line 50609: CT2    OC301   CC311D   OC3C61     0.22  2      0.0

psfgen) ERROR!  FAILED TO RECOGNIZE CT2.  Line 50610: CT2    OC301   CC311D   OC3C61     0.07  3      0.0

psfgen) ERROR!  FAILED TO RECOGNIZE CT1.  Line 50611: CT1    OC301   CC311D   OC3C61     0.43  1    180.0

psfgen) ERROR!  FAILED TO RECOGNIZE CT1.  Line 50612: CT1    OC301   CC311D   OC3C61     0.05  2      0.0

psfgen) ERROR!  FAILED TO RECOGNIZE CT1.  Line 50613: CT1    OC301   CC311D   OC3C61     0.56  3    180.0

psfgen) ERROR!  FAILED TO RECOGNIZE CC311D.  Line 50616: CC311D    OC301      CT1      CT3     1.52  1    180.0

psfgen) ERROR!  FAILED TO RECOGNIZE CC311D.  Line 50617: CC311D    OC301      CT1      CT3     0.04  2    180.0

psfgen) ERROR!  FAILED TO RECOGNIZE CC311D.  Line 50618: CC311D    OC301      CT1      CT3     0.45  3    180.0

psfgen) ERROR!  FAILED TO RECOGNIZE CC311D.  Line 50621: CC311D    OC301      CT2      CT1     2.02  1    180.0

psfgen) ERROR!  FAILED TO RECOGNIZE CC311D.  Line 50622: CC311D    OC301      CT2      CT1     0.04  2      0.0

psfgen) ERROR!  FAILED TO RECOGNIZE CC311D.  Line 50623: CC311D    OC301      CT2      CT1     0.97  3    180.0

psfgen) ERROR!  FAILED TO RECOGNIZE CC311D.  Line 50624: CC311D    OC301      CT1      CT1     2.21  1    180.0

psfgen) ERROR!  FAILED TO RECOGNIZE CC311D.  Line 50625: CC311D    OC301      CT1      CT1     0.01  2    180.0

psfgen) ERROR!  FAILED TO RECOGNIZE CC311D.  Line 50626: CC311D    OC301      CT1      CT1     0.03  3      0.0

psfgen) ERROR!  FAILED TO RECOGNIZE NH1.  Line 50629: NH1      CT1      CT2    OC301     0.42  1    180.0

psfgen) ERROR!  FAILED TO RECOGNIZE NH1.  Line 50630: NH1      CT1      CT2    OC301     0.68  2    180.0

psfgen) ERROR!  FAILED TO RECOGNIZE NH1.  Line 50631: NH1      CT1      CT2    OC301     1.06  3      0.0

psfgen) ERROR!  FAILED TO RECOGNIZE NH1.  Line 50632: NH1      CT1      CT1    OC301     0.47  1      0.0

psfgen) ERROR!  FAILED TO RECOGNIZE NH1.  Line 50633: NH1      CT1      CT1    OC301     1.60  2      0.0

psfgen) ERROR!  FAILED TO RECOGNIZE NH1.  Line 50634: NH1      CT1      CT1    OC301     0.39  3    180.0

psfgen) ERROR!  FAILED TO RECOGNIZE NH3.  Line 50636: NH3      CT1      CT2    OC301     0.42  1    180.0

psfgen) ERROR!  FAILED TO RECOGNIZE NH3.  Line 50637: NH3      CT1      CT2    OC301     0.68  2    180.0

psfgen) ERROR!  FAILED TO RECOGNIZE NH3.  Line 50638: NH3      CT1      CT2    OC301     1.06  3      0.0

psfgen) ERROR!  FAILED TO RECOGNIZE NH3.  Line 50639: NH3      CT1      CT1    OC301     0.47  1      0.0

psfgen) ERROR!  FAILED TO RECOGNIZE NH3.  Line 50640: NH3      CT1      CT1    OC301     1.60  2      0.0

psfgen) ERROR!  FAILED TO RECOGNIZE NH3.  Line 50641: NH3      CT1      CT1    OC301     0.39  3    180.0

psfgen) ERROR!  FAILED TO RECOGNIZE C.  Line 50644: C      CT1      CT2    OC301     0.41  1    180.0

psfgen) ERROR!  FAILED TO RECOGNIZE C.  Line 50645: C      CT1      CT2    OC301     0.32  2    180.0

psfgen) ERROR!  FAILED TO RECOGNIZE C.  Line 50646: C      CT1      CT2    OC301     1.19  3    180.0

psfgen) ERROR!  FAILED TO RECOGNIZE C.  Line 50647: C      CT1      CT1    OC301     1.03  1      0.0

psfgen) ERROR!  FAILED TO RECOGNIZE C.  Line 50648: C      CT1      CT1    OC301     1.41  2      0.0

psfgen) ERROR!  FAILED TO RECOGNIZE C.  Line 50649: C      CT1      CT1    OC301     0.66  3      0.0

psfgen) ERROR!  FAILED TO RECOGNIZE CC3161.  Line 50653: CC3161   CC3162    OC301      CT2     1.38  1    180.0

psfgen) ERROR!  FAILED TO RECOGNIZE CC3161.  Line 50654: CC3161   CC3162    OC301      CT2     1.23  2    180.0

psfgen) ERROR!  FAILED TO RECOGNIZE CC3161.  Line 50655: CC3161   CC3162    OC301      CT2     0.25  3      0.0

psfgen) ERROR!  FAILED TO RECOGNIZE CC3161.  Line 50656: CC3161   CC3162    OC301      CT1     1.15  1    180.0

psfgen) ERROR!  FAILED TO RECOGNIZE CC3161.  Line 50657: CC3161   CC3162    OC301      CT1     1.54  2    180.0

psfgen) ERROR!  FAILED TO RECOGNIZE CC3161.  Line 50658: CC3161   CC3162    OC301      CT1     0.39  3      0.0

psfgen) ERROR!  FAILED TO RECOGNIZE CT2.  Line 50661: CT2    OC301   CC3162   OC3C61     0.27  1      0.0

psfgen) ERROR!  FAILED TO RECOGNIZE CT2.  Line 50662: CT2    OC301   CC3162   OC3C61     0.22  2      0.0

psfgen) ERROR!  FAILED TO RECOGNIZE CT2.  Line 50663: CT2    OC301   CC3162   OC3C61     0.07  3      0.0

psfgen) ERROR!  FAILED TO RECOGNIZE CT1.  Line 50664: CT1    OC301   CC3162   OC3C61     0.43  1    180.0

psfgen) ERROR!  FAILED TO RECOGNIZE CT1.  Line 50665: CT1    OC301   CC3162   OC3C61     0.05  2      0.0

psfgen) ERROR!  FAILED TO RECOGNIZE CT1.  Line 50666: CT1    OC301   CC3162   OC3C61     0.56  3    180.0

psfgen) ERROR!  FAILED TO RECOGNIZE CC3162.  Line 50669: CC3162    OC301      CT1      CT3     1.52  1    180.0

psfgen) ERROR!  FAILED TO RECOGNIZE CC3162.  Line 50670: CC3162    OC301      CT1      CT3     0.04  2    180.0

psfgen) ERROR!  FAILED TO RECOGNIZE CC3162.  Line 50671: CC3162    OC301      CT1      CT3     0.45  3    180.0

psfgen) ERROR!  FAILED TO RECOGNIZE CC3162.  Line 50674: CC3162    OC301      CT2      CT1     2.02  1    180.0

psfgen) ERROR!  FAILED TO RECOGNIZE CC3162.  Line 50675: CC3162    OC301      CT2      CT1     0.04  2      0.0

psfgen) ERROR!  FAILED TO RECOGNIZE CC3162.  Line 50676: CC3162    OC301      CT2      CT1     0.97  3    180.0

psfgen) ERROR!  FAILED TO RECOGNIZE CC3162.  Line 50677: CC3162    OC301      CT1      CT1     2.21  1    180.0

psfgen) ERROR!  FAILED TO RECOGNIZE CC3162.  Line 50678: CC3162    OC301      CT1      CT1     0.01  2    180.0

psfgen) ERROR!  FAILED TO RECOGNIZE CC3162.  Line 50679: CC3162    OC301      CT1      CT1     0.03  3      0.0

psfgen) ERROR!  Failed to parse improper statement.  Line 50681: IMPROPER

psfgen) ERROR!  FAILED TO RECOGNIZE NC2D1.  Line 50683: NC2D1   CC2O1   CC311D  HCP1    20.00  0   0.00 ! par22 NH1  X    X    H

psfgen) ERROR!  FAILED TO RECOGNIZE NC2D1.  Line 50684: NC2D1   CC2O1   CC3162  HCP1    20.00  0   0.00 ! par22 NH1  X    X    H

psfgen) ERROR!  FAILED TO RECOGNIZE CC2O1.  Line 50686: CC2O1    NC2D1    CC321    OC2D1   45.0000         0      0.0000 ! O    CT2  NH2  CC     45.0000         0      0.0000 ! ALLOW PEP POL

psfgen) ERROR!  FAILED TO RECOGNIZE CC2O1.  Line 50687: CC2O1    CC321    NC2D1    OC2D1   45.0000         0      0.0000 ! O    NH2  CT2  CC     45.0000         0      0.0000 ! ALLOW PEP POL

psfgen)  Toplogy and parameter information for water and ions.
psfgen) 
psfgen) ERROR!  FAILED TO RECOGNIZE read.  Line 50724: read rtf card append

psfgen)  Topology for water and ions
psfgen) 
psfgen) 31  1
psfgen)  Parameters for water and ions
psfgen) 
psfgen) ERROR!  Failed to parse atom statement.  Line 50842: ATOMS

psfgen) duplicate type key HT
psfgen) duplicate type key HX
psfgen) duplicate type key OT
psfgen) duplicate type key OX
psfgen) duplicate type key LIT
psfgen) duplicate type key SOD
psfgen) duplicate type key MG
psfgen) duplicate type key POT
psfgen) duplicate type key CAL
psfgen) duplicate type key RUB
psfgen) duplicate type key CES
psfgen) duplicate type key BAR
psfgen) duplicate type key ZN
psfgen) duplicate type key CAD
psfgen) duplicate type key CLA
psfgen) ERROR!  Failed to parse bond statement.  Line 50859: BONDS

psfgen) ERROR!  FAILED TO RECOGNIZE HT.  Line 50868: HT    HT      0.0       1.5139  ! from TIPS3P geometry (for SHAKE w/PARAM)

psfgen) ERROR!  FAILED TO RECOGNIZE HT.  Line 50869: HT    OT    450.0       0.9572  ! from TIPS3P geometry

psfgen) ERROR!  FAILED TO RECOGNIZE OX.  Line 50870: OX    HX    545.0       0.9700  ! hydroxide ion

psfgen) ERROR!  Failed to parse angle statement.  Line 50872: ANGLES

psfgen) ERROR!  FAILED TO RECOGNIZE HT.  Line 50885: HT   OT   HT     55.0      104.52   ! FROM TIPS3P GEOMETRY

psfgen) ERROR!  Failed to parse dihedral statement.  Line 50887: DIHEDRALS

psfgen) ERROR!  Failed to parse improper statement.  Line 50900: IMPROPER

psfgen) ERROR!  FAILED TO RECOGNIZE NONBONDED.  Line 50911: NONBONDED nbxmod  5 atom cdiel shift vatom vdistance vswitch -

psfgen) ERROR!  FAILED TO RECOGNIZE cutnb.  Line 50912: cutnb 14.0 ctofnb 12.0 ctonnb 10.0 eps 1.0 e14fac 1.0 wmin 1.5

psfgen) ERROR!  FAILED TO RECOGNIZE HT.  Line 50915: HT       0.0       -0.046     0.2245

psfgen) ERROR!  FAILED TO RECOGNIZE OT.  Line 50916: OT       0.0       -0.1521    1.7682

psfgen) ERROR!  FAILED TO RECOGNIZE OX.  Line 50919: OX     0.000000  -0.120000     1.700000 ! ALLOW   POL ION

psfgen) ERROR!  FAILED TO RECOGNIZE HX.  Line 50921: HX     0.000000  -0.046000     0.224500 ! ALLOW PEP POL SUL ARO ALC

psfgen) ERROR!  FAILED TO RECOGNIZE LIT.  Line 50925: LIT      0.0      -0.00233       1.2975  ! Lithium

psfgen) ERROR!  FAILED TO RECOGNIZE SOD.  Line 50927: SOD      0.0       -0.0469    1.41075  ! new CHARMM Sodium 

psfgen) ERROR!  FAILED TO RECOGNIZE MG.  Line 50929: MG       0.0       -0.0150    1.18500   ! Magnesium

psfgen) ERROR!  FAILED TO RECOGNIZE POT.  Line 50931: POT      0.0       -0.0870    1.76375   ! Potassium

psfgen) ERROR!  FAILED TO RECOGNIZE CAL.  Line 50933: CAL      0.0       -0.120      1.367    ! Calcium

psfgen) ERROR!  FAILED TO RECOGNIZE RUB.  Line 50935: RUB      0.0000    -0.15      1.90      ! Rubidium

psfgen) ERROR!  FAILED TO RECOGNIZE CES.  Line 50937: CES      0.0       -0.1900    2.100     ! Cesium

psfgen) ERROR!  FAILED TO RECOGNIZE BAR.  Line 50939: BAR      0.0       -0.150     1.890     ! Barium

psfgen) ERROR!  FAILED TO RECOGNIZE ZN.  Line 50941: ZN     0.000000  -0.250000     1.090000 ! Zinc

psfgen) ERROR!  FAILED TO RECOGNIZE CAD.  Line 50943: CAD    0.000000  -0.120000     1.357000 ! Cadmium

psfgen) ERROR!  FAILED TO RECOGNIZE CLA.  Line 50945: CLA      0.0       -0.150      2.27     ! Chloride

psfgen) ERROR!  FAILED TO RECOGNIZE NBFIX.  Line 50948: NBFIX

psfgen) ERROR!  FAILED TO RECOGNIZE SOD.  Line 50951: SOD    CLA      -0.083875   3.731 !  From osmotic pressure calibration, J. Phys.Chem.Lett. 1:183-189

psfgen) ERROR!  FAILED TO RECOGNIZE POT.  Line 50952: POT    CLA      -0.114236   4.081 !  From osmotic pressure calibration, J. Phys.Chem.Lett. 1:183-189

psfgen)  NBFix between carboxylate and sodium
psfgen) 
psfgen) ERROR!  FAILED TO RECOGNIZE NBFIX.  Line 50959: NBFIX

psfgen) ERROR!  FAILED TO RECOGNIZE SOD.  Line 50960: SOD    OC       -0.075020   3.190 ! For prot carboxylate groups

psfgen) ERROR!  FAILED TO RECOGNIZE SOD.  Line 50961: SOD    OCL      -0.075020   3.190 ! For lipid carboxylate groups

psfgen) ERROR!  FAILED TO RECOGNIZE SOD.  Line 50962: SOD    OC2D2    -0.075020   3.190 ! For carb carboxylate groups

psfgen) ERROR!  FAILED TO RECOGNIZE SOD.  Line 50963: SOD    OG2D2    -0.075020   3.190 ! For CGenFF carboxylate groups

3jd8_cryst_altered_autopsf-temp.top
psfgen) aliasing residue G to GUA
psfgen) aliasing residue C to CYT
psfgen) aliasing residue A to ADE
psfgen) aliasing residue T to THY
psfgen) aliasing residue U to URA
psfgen) aliasing residue Gr to GUA
psfgen) aliasing residue Gd to GUA
psfgen) aliasing residue Cr to CYT
psfgen) aliasing residue Cd to CYT
psfgen) aliasing residue Ar to ADE
psfgen) aliasing residue Ad to ADE
psfgen) aliasing residue Ur to URA
psfgen) aliasing residue Td to THY
psfgen) aliasing residue DT to THY
psfgen) aliasing residue DG to GUA
psfgen) aliasing residue DC to CYT
psfgen) aliasing residue DA to ADE
psfgen) aliasing residue BMA to BMAN
psfgen) aliasing residue MAN to AMAN
psfgen) aliasing residue FUC to AFUC
psfgen) aliasing residue NAG to BGLN
psfgen) aliasing residue GUA atom O5* to O5'
psfgen) aliasing residue GUA atom C5* to C5'
psfgen) aliasing residue GUA atom O4* to O4'
psfgen) aliasing residue GUA atom C4* to C4'
psfgen) aliasing residue GUA atom C3* to C3'
psfgen) aliasing residue GUA atom O3* to O3'
psfgen) aliasing residue GUA atom C2* to C2'
psfgen) aliasing residue GUA atom O2* to O2'
psfgen) aliasing residue GUA atom C1* to C1'
psfgen) aliasing residue GUA atom OP1 to O1P
psfgen) aliasing residue GUA atom OP2 to O2P
psfgen) aliasing residue CYT atom O5* to O5'
psfgen) aliasing residue CYT atom C5* to C5'
psfgen) aliasing residue CYT atom O4* to O4'
psfgen) aliasing residue CYT atom C4* to C4'
psfgen) aliasing residue CYT atom C3* to C3'
psfgen) aliasing residue CYT atom O3* to O3'
psfgen) aliasing residue CYT atom C2* to C2'
psfgen) aliasing residue CYT atom O2* to O2'
psfgen) aliasing residue CYT atom C1* to C1'
psfgen) aliasing residue CYT atom OP1 to O1P
psfgen) aliasing residue CYT atom OP2 to O2P
psfgen) aliasing residue ADE atom O5* to O5'
psfgen) aliasing residue ADE atom C5* to C5'
psfgen) aliasing residue ADE atom O4* to O4'
psfgen) aliasing residue ADE atom C4* to C4'
psfgen) aliasing residue ADE atom C3* to C3'
psfgen) aliasing residue ADE atom O3* to O3'
psfgen) aliasing residue ADE atom C2* to C2'
psfgen) aliasing residue ADE atom O2* to O2'
psfgen) aliasing residue ADE atom C1* to C1'
psfgen) aliasing residue ADE atom OP1 to O1P
psfgen) aliasing residue ADE atom OP2 to O2P
psfgen) aliasing residue THY atom O5* to O5'
psfgen) aliasing residue THY atom C5* to C5'
psfgen) aliasing residue THY atom O4* to O4'
psfgen) aliasing residue THY atom C4* to C4'
psfgen) aliasing residue THY atom C3* to C3'
psfgen) aliasing residue THY atom O3* to O3'
psfgen) aliasing residue THY atom C2* to C2'
psfgen) aliasing residue THY atom O2* to O2'
psfgen) aliasing residue THY atom C1* to C1'
psfgen) aliasing residue THY atom OP1 to O1P
psfgen) aliasing residue THY atom OP2 to O2P
psfgen) aliasing residue URA atom O5* to O5'
psfgen) aliasing residue URA atom C5* to C5'
psfgen) aliasing residue URA atom O4* to O4'
psfgen) aliasing residue URA atom C4* to C4'
psfgen) aliasing residue URA atom C3* to C3'
psfgen) aliasing residue URA atom O3* to O3'
psfgen) aliasing residue URA atom C2* to C2'
psfgen) aliasing residue URA atom O2* to O2'
psfgen) aliasing residue URA atom C1* to C1'
psfgen) aliasing residue URA atom OP1 to O1P
psfgen) aliasing residue URA atom OP2 to O2P
psfgen) aliasing residue ILE atom CD1 to CD
psfgen) aliasing residue SER atom HG to HG1
psfgen) aliasing residue HIS to HSD
psfgen) aliasing residue HEM to HEME
psfgen) aliasing residue HEME atom N A to NA
psfgen) aliasing residue HEME atom N B to NB
psfgen) aliasing residue HEME atom N C to NC
psfgen) aliasing residue HEME atom N D to ND
psfgen) aliasing residue HOH to TIP3
psfgen) aliasing residue TIP3 atom O to OH2
psfgen) aliasing residue K to POT
psfgen) aliasing residue K atom K to POT
psfgen) aliasing residue ICL to CLA
psfgen) aliasing residue ICL atom CL to CLA
psfgen) aliasing residue INA to SOD
psfgen) aliasing residue INA atom NA to SOD
psfgen) aliasing residue CA to CAL
psfgen) aliasing residue CA atom CA to CAL
psfgen) aliasing residue ZN to ZN2
psfgen) aliasing residue LYS atom 1HZ to HZ1
psfgen) aliasing residue LYS atom 2HZ to HZ2
psfgen) aliasing residue LYS atom 3HZ to HZ3
psfgen) aliasing residue ARG atom 1HH1 to HH11
psfgen) aliasing residue ARG atom 2HH1 to HH12
psfgen) aliasing residue ARG atom 1HH2 to HH21
psfgen) aliasing residue ARG atom 2HH2 to HH22
psfgen) aliasing residue ASN atom 1HD2 to HD21
psfgen) aliasing residue ASN atom 2HD2 to HD22
segfiles 3jd8_cryst_altered_autopsf-temp.pdb_AP1.pdb 3jd8_cryst_altered_autopsf-temp.pdb_AP2.pdb 3jd8_cryst_altered_autopsf-temp.pdb_AP3.pdb 3jd8_cryst_altered_autopsf-temp.pdb_AP4.pdb
3jd8_cryst_altered_autopsf-temp.pdb_AP1.pdb
1 1973
psfgen) building segment AP1
psfgen) reading residues from pdb file 3jd8_cryst_altered_autopsf-temp.pdb_AP1.pdb
psfgen) extracted 266 residues from pdb file
psfgen) setting patch for first residue to NTER
psfgen) setting patch for last residue to CTER
psfgen) Info: generating structure...psfgen) Info: skipping improper N-C-CA-HN at beginning of segment.
psfgen) Info: skipping cross-term C-N-CA-C-N-CA-C-N at beginning of segment.
psfgen) Info: skipping conformation C-N-CA-C at beginning of segment.
psfgen) Info: skipping conformation C-CA-N-HN at beginning of segment.
psfgen) Info: skipping bond C-N at end of segment.
psfgen) Info: skipping improper C-CA-N-O at end of segment.
psfgen) Info: skipping cross-term C-N-CA-C-N-CA-C-N at end of segment.
psfgen) Info: skipping conformation CA-C-N-CA at end of segment.
psfgen) Info: skipping conformation N-CA-C-O at end of segment.
psfgen) Info: skipping conformation N-CA-C-N at end of segment.
segment complete.
psfgen) reading coordinates from pdb file 3jd8_cryst_altered_autopsf-temp.pdb_AP1.pdb for segment AP1
psfgen) Warning: failed to set coordinate for atom O	 PHE:288	  AP1
segfiles 3jd8_cryst_altered_autopsf-temp.pdb_AP1.pdb 3jd8_cryst_altered_autopsf-temp.pdb_AP2.pdb 3jd8_cryst_altered_autopsf-temp.pdb_AP3.pdb 3jd8_cryst_altered_autopsf-temp.pdb_AP4.pdb
3jd8_cryst_altered_autopsf-temp.pdb_AP2.pdb
1974 5141
psfgen) building segment AP2
psfgen) reading residues from pdb file 3jd8_cryst_altered_autopsf-temp.pdb_AP2.pdb
psfgen) extracted 443 residues from pdb file
psfgen) setting patch for first residue to NTER
psfgen) setting patch for last residue to CTER
psfgen) Info: generating structure...psfgen) Info: skipping improper N-C-CA-HN at beginning of segment.
psfgen) Info: skipping cross-term C-N-CA-C-N-CA-C-N at beginning of segment.
psfgen) Info: skipping conformation C-N-CA-C at beginning of segment.
psfgen) Info: skipping conformation C-CA-N-HN at beginning of segment.
psfgen) Info: skipping bond C-N at end of segment.
psfgen) Info: skipping improper C-CA-N-O at end of segment.
psfgen) Info: skipping cross-term C-N-CA-C-N-CA-C-N at end of segment.
psfgen) Info: skipping conformation CA-C-N-CA at end of segment.
psfgen) Info: skipping conformation N-CA-C-O at end of segment.
psfgen) Info: skipping conformation N-CA-C-N at end of segment.
segment complete.
psfgen) reading coordinates from pdb file 3jd8_cryst_altered_autopsf-temp.pdb_AP2.pdb for segment AP2
psfgen) Warning: failed to set coordinate for atom O	 PHE:772	  AP2
segfiles 3jd8_cryst_altered_autopsf-temp.pdb_AP1.pdb 3jd8_cryst_altered_autopsf-temp.pdb_AP2.pdb 3jd8_cryst_altered_autopsf-temp.pdb_AP3.pdb 3jd8_cryst_altered_autopsf-temp.pdb_AP4.pdb
3jd8_cryst_altered_autopsf-temp.pdb_AP3.pdb
5142 5913
psfgen) building segment AP3
psfgen) reading residues from pdb file 3jd8_cryst_altered_autopsf-temp.pdb_AP3.pdb
psfgen) extracted 156 residues from pdb file
psfgen) setting patch for first residue to NTER
psfgen) setting patch for last residue to CTER
psfgen) Info: generating structure...psfgen) Info: skipping improper N-C-CA-HN at beginning of segment.
psfgen) Info: skipping cross-term C-N-CA-C-N-CA-C-N at beginning of segment.
psfgen) Info: skipping conformation C-N-CA-C at beginning of segment.
psfgen) Info: skipping conformation C-CA-N-HN at beginning of segment.
psfgen) Info: skipping bond C-N at end of segment.
psfgen) Info: skipping improper C-CA-N-O at end of segment.
psfgen) Info: skipping cross-term C-N-CA-C-N-CA-C-N at end of segment.
psfgen) Info: skipping conformation CA-C-N-CA at end of segment.
psfgen) Info: skipping conformation N-CA-C-O at end of segment.
psfgen) Info: skipping conformation N-CA-C-N at end of segment.
segment complete.
psfgen) reading coordinates from pdb file 3jd8_cryst_altered_autopsf-temp.pdb_AP3.pdb for segment AP3
psfgen) Warning: failed to set coordinate for atom O	 VAL:959	  AP3
segfiles 3jd8_cryst_altered_autopsf-temp.pdb_AP1.pdb 3jd8_cryst_altered_autopsf-temp.pdb_AP2.pdb 3jd8_cryst_altered_autopsf-temp.pdb_AP3.pdb 3jd8_cryst_altered_autopsf-temp.pdb_AP4.pdb
3jd8_cryst_altered_autopsf-temp.pdb_AP4.pdb
5914 7694
psfgen) building segment AP4
psfgen) reading residues from pdb file 3jd8_cryst_altered_autopsf-temp.pdb_AP4.pdb
psfgen) extracted 268 residues from pdb file
psfgen) setting patch for first residue to PROP
psfgen) setting patch for last residue to CTER
psfgen) Info: generating structure...psfgen) Info: skipping improper N-C-CA-CD at beginning of segment.
psfgen) Info: skipping cross-term C-N-CA-C-N-CA-C-N at beginning of segment.
psfgen) Info: skipping conformation C-N-CA-C at beginning of segment.
psfgen) Info: skipping conformation C-CA-N-CD at beginning of segment.
psfgen) Info: skipping bond C-N at end of segment.
psfgen) Info: skipping improper C-CA-N-O at end of segment.
psfgen) Info: skipping cross-term C-N-CA-C-N-CA-C-N at end of segment.
psfgen) Info: skipping conformation CA-C-N-CA at end of segment.
psfgen) Info: skipping conformation N-CA-C-O at end of segment.
psfgen) Info: skipping conformation N-CA-C-N at end of segment.
segment complete.
psfgen) reading coordinates from pdb file 3jd8_cryst_altered_autopsf-temp.pdb_AP4.pdb for segment AP4
psfgen) Warning: failed to set coordinate for atom O	 ILE:1251	  AP4
Determine S-S bonds based on distance <3.0A
psfgen) applying patch DISU to 2 residues
psfgen) applying patch DISU to 2 residues
psfgen) applying patch DISU to 2 residues
psfgen) applying patch DISU to 2 residues
psfgen) applying patch DISU to 2 residues
psfgen) applying patch DISU to 2 residues
psfgen) applying patch DISU to 2 residues
psfgen) applying patch DISU to 2 residues
psfgen) applying patch DISU to 2 residues
psfgen) applying patch DISU to 2 residues
psfgen) applying patch DISU to 2 residues

psfgen) Info: guessing coordinates for 9868 atoms (1186 non-hydrogen)
psfgen) Warning: poorly guessed coordinates for 19 atoms (8 non-hydrogen):
psfgen) Warning: poorly guessed coordinate for atom HT1	 GLN:23	  AP1
psfgen) Warning: poorly guessed coordinate for atom HT2	 GLN:23	  AP1
psfgen) Warning: poorly guessed coordinate for atom HT3	 GLN:23	  AP1
psfgen) Warning: poorly guessed coordinate for atom OT1	 PHE:288	  AP1
psfgen) Warning: poorly guessed coordinate for atom OT2	 PHE:288	  AP1
psfgen) Warning: poorly guessed coordinate for atom HT1	 ALA:330	  AP2
psfgen) Warning: poorly guessed coordinate for atom HT2	 ALA:330	  AP2
psfgen) Warning: poorly guessed coordinate for atom HT3	 ALA:330	  AP2
psfgen) Warning: poorly guessed coordinate for atom OT1	 PHE:772	  AP2
psfgen) Warning: poorly guessed coordinate for atom OT2	 PHE:772	  AP2
psfgen) Warning: poorly guessed coordinate for atom HT1	 ALA:804	  AP3
psfgen) Warning: poorly guessed coordinate for atom HT2	 ALA:804	  AP3
psfgen) Warning: poorly guessed coordinate for atom HT3	 ALA:804	  AP3
psfgen) Warning: poorly guessed coordinate for atom OT1	 VAL:959	  AP3
psfgen) Warning: poorly guessed coordinate for atom OT2	 VAL:959	  AP3
psfgen) Warning: poorly guessed coordinate for atom HN1	 PRO:984	  AP4
psfgen) Warning: poorly guessed coordinate for atom HN2	 PRO:984	  AP4
psfgen) Warning: poorly guessed coordinate for atom OT1	 ILE:1251	  AP4
psfgen) Warning: poorly guessed coordinate for atom OT2	 ILE:1251	  AP4
psfgen) regenerating all angles
psfgen) regenerating all dihedrals
psfgen) Info: writing psf file 3jd8_cryst_altered_autopsf_tmpfile.psf
psfgen) total of 17558 atoms
psfgen) total of 17803 bonds
psfgen) total of 32118 angles
psfgen) total of 47194 dihedrals
psfgen) total of 2979 impropers
psfgen) total of 0 explicit exclusions
psfgen) total of 1125 cross-terms
psfgen) Info: psf file complete.
psfgen) Info: writing pdb file 3jd8_cryst_altered_autopsf_tmpfile.pdb
psfgen) Info: Atoms with guessed coordinates will have occupancy of 0.0.
psfgen) Info: pdb file complete.
AP1:288 
AP1:23 
AP2:772 
AP2:330 
AP3:959 
AP3:804 
AP4:1251 
AP4:984 
AP1:25 AP1:74 
AP1:31 AP1:42 
AP1:63 AP1:109 
AP1:75 AP1:113 
AP1:97 AP1:238 
AP1:100 AP1:160 
AP1:177 AP1:184 
AP1:227 AP1:243 
AP1:240 AP1:247 
AP2:468 AP2:479 
AP2:516 AP2:533 
psfplugin) Detected a Charmm PSF file
Info) Using plugin psf for structure file 3jd8_cryst_altered_autopsf_tmpfile.psf
Info) Analyzing structure ...
Info)    Atoms: 17558
Info)    Bonds: 17803
Info)    Angles: 32118  Dihedrals: 47194  Impropers: 2979  Cross-terms: 1125
Info)    Bondtypes: 0  Angletypes: 0  Dihedraltypes: 0  Impropertypes: 0
Info)    Residues: 1133
Info)    Waters: 0
Info)    Segments: 4
Info)    Fragments: 4   Protein: 4   Nucleic: 0
Info) Using plugin pdb for coordinates from file 3jd8_cryst_altered_autopsf_tmpfile.pdb
Info) Finished with coordinate file 3jd8_cryst_altered_autopsf_tmpfile.pdb.
psfplugin) Detected a Charmm PSF file
Info) Using plugin psf for structure file 3jd8_cryst_altered_autopsf.psf
Info) Analyzing structure ...
Info)    Atoms: 17558
Info)    Bonds: 17803
Info)    Angles: 32118  Dihedrals: 47194  Impropers: 2979  Cross-terms: 1125
Info)    Bondtypes: 0  Angletypes: 0  Dihedraltypes: 0  Impropertypes: 0
Info)    Residues: 1133
Info)    Waters: 0
Info)    Segments: 4
Info)    Fragments: 4   Protein: 4   Nucleic: 0
Info) Using plugin pdb for coordinates from file 3jd8_cryst_altered_autopsf.pdb
Info) Finished with coordinate file 3jd8_cryst_altered_autopsf.pdb.
Structure complete. Your structure is in
3jd8_cryst_altered_autopsf.pdb
3jd8_cryst_altered_autopsf.psf
 Please remember that while AutoPSF usually makes correct guesses about things, its accuracy cannot be guaranteed. You should always inspect your structure prior to simulations; in particular, please check that the appropriate termini were used in the appropriate places, and that the chains have been split properly.
0
cispeptide) Using fast algorithm for detecting peptide bonds...
psfplugin) Detected a Charmm PSF file
Info) Using plugin psf for structure file 3jd8_cryst_altered_autopsf.psf
Info) Analyzing structure ...
Info)    Atoms: 17558
Info)    Bonds: 17803
Info)    Angles: 32118  Dihedrals: 47194  Impropers: 2979  Cross-terms: 1125
Info)    Bondtypes: 0  Angletypes: 0  Dihedraltypes: 0  Impropertypes: 0
Info)    Residues: 1133
Info)    Waters: 0
Info)    Segments: 4
Info)    Fragments: 4   Protein: 4   Nucleic: 0
Info) Using plugin pdb for coordinates from file 3jd8_cryst_altered_autopsf.pdb
Info) Finished with coordinate file 3jd8_cryst_altered_autopsf.pdb.
psfplugin) Writing angles/dihedrals/impropers...
Info) Opened coordinate file tmp_stride_AP1.psf for writing.
Info) Finished with coordinate file tmp_stride_AP1.psf.
Info) Opened coordinate file tmp_stride_AP1.pdb for writing.
Info) Finished with coordinate file tmp_stride_AP1.pdb.
psfplugin) Detected a Charmm PSF file
Info) Using plugin psf for structure file tmp_stride_AP1.psf
Info) Analyzing structure ...
Info)    Atoms: 4031
Info)    Bonds: 4101
Info)    Angles: 7414  Dihedrals: 10962  Impropers: 704  Cross-terms: 264
Info)    Bondtypes: 0  Angletypes: 0  Dihedraltypes: 0  Impropertypes: 0
Info)    Residues: 266
Info)    Waters: 0
Info)    Segments: 1
Info)    Fragments: 1   Protein: 1   Nucleic: 0
Info) Using plugin pdb for coordinates from file tmp_stride_AP1.pdb
Info) Finished with coordinate file tmp_stride_AP1.pdb.
Info) In any publication of scientific results based in part or
Info) completely on the use of the program STRIDE, please reference:
Info)  Frishman,D & Argos,P. (1995) Knowledge-based secondary structure
Info)  assignment. Proteins: structure, function and genetics, 23, 566-579.
psfplugin) Writing angles/dihedrals/impropers...
Info) Opened coordinate file tmp_stride_AP2.psf for writing.
Info) Finished with coordinate file tmp_stride_AP2.psf.
Info) Opened coordinate file tmp_stride_AP2.pdb for writing.
Info) Finished with coordinate file tmp_stride_AP2.pdb.
psfplugin) Detected a Charmm PSF file
Info) Using plugin psf for structure file tmp_stride_AP2.psf
Info) Analyzing structure ...
Info)    Atoms: 6960
Info)    Bonds: 7054
Info)    Angles: 12730  Dihedrals: 18739  Impropers: 1191  Cross-terms: 441
Info)    Bondtypes: 0  Angletypes: 0  Dihedraltypes: 0  Impropertypes: 0
Info)    Residues: 443
Info)    Waters: 0
Info)    Segments: 1
Info)    Fragments: 1   Protein: 1   Nucleic: 0
Info) Using plugin pdb for coordinates from file tmp_stride_AP2.pdb
Info) Finished with coordinate file tmp_stride_AP2.pdb.
psfplugin) Writing angles/dihedrals/impropers...
Info) Opened coordinate file tmp_stride_AP3.psf for writing.
Info) Finished with coordinate file tmp_stride_AP3.psf.
Info) Opened coordinate file tmp_stride_AP3.pdb for writing.
Info) Finished with coordinate file tmp_stride_AP3.pdb.
psfplugin) Detected a Charmm PSF file
Info) Using plugin psf for structure file tmp_stride_AP3.psf
Info) Analyzing structure ...
Info)    Atoms: 2401
Info)    Bonds: 2433
Info)    Angles: 4371  Dihedrals: 6419  Impropers: 412  Cross-terms: 154
Info)    Bondtypes: 0  Angletypes: 0  Dihedraltypes: 0  Impropertypes: 0
Info)    Residues: 156
Info)    Waters: 0
Info)    Segments: 1
Info)    Fragments: 1   Protein: 1   Nucleic: 0
Info) Using plugin pdb for coordinates from file tmp_stride_AP3.pdb
Info) Finished with coordinate file tmp_stride_AP3.pdb.
psfplugin) Writing angles/dihedrals/impropers...
Info) Opened coordinate file tmp_stride_AP4.psf for writing.
Info) Finished with coordinate file tmp_stride_AP4.psf.
Info) Opened coordinate file tmp_stride_AP4.pdb for writing.
Info) Finished with coordinate file tmp_stride_AP4.pdb.
psfplugin) Detected a Charmm PSF file
Info) Using plugin psf for structure file tmp_stride_AP4.psf
Info) Analyzing structure ...
Info)    Atoms: 4166
Info)    Bonds: 4215
Info)    Angles: 7603  Dihedrals: 11074  Impropers: 672  Cross-terms: 266
Info)    Bondtypes: 0  Angletypes: 0  Dihedraltypes: 0  Impropertypes: 0
Info)    Residues: 268
Info)    Waters: 0
Info)    Segments: 1
Info)    Fragments: 1   Protein: 1   Nucleic: 0
Info) Using plugin pdb for coordinates from file tmp_stride_AP4.pdb
Info) Finished with coordinate file tmp_stride_AP4.pdb.
ssrestraints) Restraining protein residues...
ssrestraints) Warning: Phi dihedral angle of protein residue 266 will not be restrained due to missing previous C atom.
ssrestraints) Warning: Phi dihedral angle of protein residue 709 will not be restrained due to missing previous C atom.
ssrestraints) The given selection does not contain nucleic acid.
psfplugin) Detected a Charmm PSF file
Info) Using plugin psf for structure file 3jd8_cryst_altered_autopsf.psf
Info) Analyzing structure ...
Info)    Atoms: 17558
Info)    Bonds: 17803
Info)    Angles: 32118  Dihedrals: 47194  Impropers: 2979  Cross-terms: 1125
Info)    Bondtypes: 0  Angletypes: 0  Dihedraltypes: 0  Impropertypes: 0
Info)    Residues: 1133
Info)    Waters: 0
Info)    Segments: 4
Info)    Fragments: 4   Protein: 4   Nucleic: 0
Info) Using plugin pdb for coordinates from file 3jd8_cryst_altered_autopsf.pdb
Info) Finished with coordinate file 3jd8_cryst_altered_autopsf.pdb.
Info) Opened coordinate file 3jd8_cryst_altered-grid.pdb for writing.
Info) Finished with coordinate file 3jd8_cryst_altered-grid.pdb.
Warning) Temporary directory /usr/tmp is not writable. Defaulting to current directory /u/rtk/github/Namdinator
Warning) Temporary directory /usr/tmp is not writable. Defaulting to current directory /u/rtk/github/Namdinator
ccp4plugin) No IMOD stamp found.
ccp4plugin) voxel type: float (32-bit real)
ccp4plugin)    extent: 200 x 200 x 200
ccp4plugin) nxyzstart: 0 x 0 x 0
ccp4plugin)  origin2k: 0.000000 x 0.000000 x 0.000000
ccp4plugin)      grid: 200 x 200 x 200
ccp4plugin)   celldim: 261.308014 x 261.308014 x 261.308014
cpp4plugin)cellangles: 90.000000, 90.000000, 90.000000
ccp4plugin)   crs2xyz: 1 2 3
ccp4plugin)  symBytes: 0
ccp4plugin) using CCP4 n[xyz]start origin
ccp4plugin) reading float (32-bit real) voxel data
MAP <- "emd_6640.mrc"
MAP :: creating map for grid-based flexible docking with NAMD with max = 1
MAP :: clamp [0 .. 3.40282e+38]
MAP :: scale by -1
MAP :: fit to range [0 .. 1]
MAP -> "emd_6640-grid.dx"

Stats for MAP:
  WEIGHT:    1
  AVERAGE:   0.984357
  STDEV:     0.0463947
  MIN:       0
  MAX:       1
  PMF_AVG:   0.983178

starting xmdff section
starting IMD section
mdff) Writing NAMD configuration file /u/rtk/github/Namdinator/simulation-step1.namd ...
Info) VMD for LINUXAMD64, version 1.9.3 (November 30, 2016)
Info) Exiting normally.
