residue:score%:phi:psi:evaluation:type
 A  24  SER:28.86:-131.84:163.17:Favored:General
 A  25  CYS:13.69:-94.43:162.75:Favored:General
 A  26  VAL:9.38:-115.90:-15.84:Favored:Isoleucine or valine
 A  27  TRP:9.58:-145.96:176.60:Favored:General
 A  28  TYR:3.48:-159.00:121.05:Favored:General
 A  29  GLY:33.99:75.70:173.26:Favored:Glycine
 A  30  GLU:26.66:-104.82:148.42:Favored:General
 A  31  CYS:1.28:-118.69:-166.79:Allowed:General
 A  32  GLY:27.60:-68.77:177.16:Favored:Glycine
 A  33  ILE:30.63:-66.03:129.71:Favored:Isoleucine or valine
 A  34  ALA:2.26:-87.16:-59.43:Favored:General
 A  35  TYR:23.84:-154.95:147.19:Favored:General
 A  36  GLY:6.10:58.76:-114.52:Favored:Glycine
 A  37  ASP:21.96:-109.92:16.43:Favored:General
 A  38  LYS:28.75:-97.85:143.16:Favored:General
 A  39  ARG:35.38:-112.62:148.07:Favored:General
 A  40  TYR:17.59:-81.28:169.20:Favored:General
 A  41  ASN:19.73:-94.57:150.95:Favored:General
 A  42  CYS:25.40:-85.44:119.08:Favored:General
 A  43  GLU:34.32:-70.84:127.94:Favored:General
 A  44  TYR:44.77:-140.49:151.38:Favored:General
 A  45  SER:2.59:-138.36:7.17:Favored:General
 A  46  GLY:37.84:-87.15:-162.56:Favored:Glycine
 A  47  PRO:23.53:-79.96:156.32:Favored:Trans-proline
 A  48  PRO:69.56:-65.21:141.54:Favored:Trans-proline
 A  49  LYS:38.30:-106.50:149.41:Favored:Pre-proline
 A  50  PRO:31.86:-60.30:129.91:Favored:Trans-proline
 A  51  LEU:87.51:-72.72:128.97:Favored:Pre-proline
 A  52  PRO:93.55:-62.23:148.26:Favored:Trans-proline
 A  53  LYS:61.77:-71.67:-24.07:Favored:General
 A  54  ASP:63.86:-69.22:-18.11:Favored:General
 A  55  GLY:65.26:-95.86:3.77:Favored:Glycine
 A  56  TYR:63.88:-69.19:-22.73:Favored:General
 A  57  ASP:89.88:-61.97:-38.80:Favored:General
 A  58  LEU:44.81:-71.45:-49.10:Favored:General
 A  59  VAL:48.60:-72.13:-33.99:Favored:Isoleucine or valine
 A  60  GLN:78.26:-64.15:-34.52:Favored:General
 A  61  GLU:57.54:-75.92:-38.56:Favored:General
 A  62  LEU:4.88:-100.31:-47.59:Favored:General
 A  63  CYS:79.57:-132.34:68.31:Favored:Pre-proline
 A  64  PRO:41.14:-68.72:-15.66:Favored:Trans-proline
 A  65  GLY:67.07:-64.39:-22.00:Favored:Glycine
 A  66  PHE:57.33:-92.08:-1.20:Favored:General
 A  67  PHE:22.68:-106.55:110.47:Favored:General
 A  68  PHE:2.35:-172.44:150.79:Favored:General
 A  69  GLY:0.18:46.51:-107.24:Allowed:Glycine
 A  70  ASN:5.99:-83.28:61.19:Favored:General
 A  71  VAL:0.09:-47.65:-13.68:OUTLIER:Isoleucine or valine
 A  72  SER:22.63:-51.61:138.50:Favored:General
 A  73  LEU:14.33:-135.70:171.52:Favored:General
 A  74  CYS:2.30:-94.24:29.02:Favored:General
 A  75  CYS:37.49:-144.81:162.15:Favored:General
 A  76  ASP:3.06:-93.70:-173.06:Favored:General
 A  77  VAL:77.64:-64.62:-36.52:Favored:Isoleucine or valine
 A  78  ARG:97.43:-64.02:-41.53:Favored:General
 A  79  GLN:71.07:-66.99:-30.84:Favored:General
 A  80  LEU:96.84:-64.29:-41.52:Favored:General
 A  81  GLN:75.77:-65.92:-47.12:Favored:General
 A  82  THR:61.20:-75.28:-33.00:Favored:General
 A  83  LEU:89.89:-61.77:-38.94:Favored:General
 A  84  LYS:71.99:-62.52:-31.25:Favored:General
 A  85  ASP:78.85:-67.06:-34.99:Favored:General
 A  86  ASN:60.06:-76.17:-12.18:Favored:General
 A  87  LEU:57.97:-84.86:-9.60:Favored:General
 A  88  GLN:83.16:-66.58:-44.09:Favored:General
 A  89  LEU:8.72:-70.22:-38.45:Favored:Pre-proline
 A  90  PRO:80.94:-57.95:-40.08:Favored:Trans-proline
 A  91  LEU:71.39:-65.28:-30.51:Favored:General
 A  92  GLN:85.94:-59.48:-40.12:Favored:General
 A  93  PHE:12.96:-104.87:-23.80:Favored:General
 A  94  LEU:16.43:-115.10:11.66:Favored:General
 A  95  SER:67.17:-65.20:-23.76:Favored:General
 A  96  ARG:99.41:-61.78:-42.77:Favored:General
 A  97  CYS:52.52:-117.45:101.67:Favored:Pre-proline
 A  98  PRO:34.26:-66.11:-35.24:Favored:Trans-proline
 A  99  SER:90.38:-65.32:-38.51:Favored:General
 A 100  CYS:96.35:-62.70:-44.39:Favored:General
 A 101  PHE:73.86:-68.11:-33.09:Favored:General
 A 102  TYR:75.87:-68.63:-43.65:Favored:General
 A 103  ASN:69.33:-64.70:-28.04:Favored:General
 A 104  LEU:86.38:-63.31:-46.51:Favored:General
 A 105  LEU:94.93:-62.07:-40.18:Favored:General
 A 106  ASN:77.47:-66.07:-34.17:Favored:General
 A 107  LEU:92.28:-59.32:-42.80:Favored:General
 A 108  PHE:57.09:-76.87:-31.86:Favored:General
 A 109  CYS:27.47:-63.61:-54.97:Favored:General
 A 110  GLU:67.13:-67.09:-27.17:Favored:General
 A 111  LEU:9.78:-61.01:-58.11:Favored:General
 A 112  THR:16.03:-79.43:-47.24:Favored:General
 A 113  CYS:8.17:-124.79:3.13:Favored:General
 A 114  SER:98.03:-65.91:142.37:Favored:Pre-proline
 A 115  PRO:27.92:-70.24:-24.03:Favored:Trans-proline
 A 116  ARG:3.58:-93.87:25.56:Favored:General
 A 117  GLN:67.16:-53.51:-42.26:Favored:General
 A 118  SER:66.45:-64.06:-21.28:Favored:General
 A 119  GLN:62.09:-71.83:-18.31:Favored:General
 A 120  PHE:2.71:-138.57:19.32:Favored:General
 A 121  LEU:48.62:-133.53:143.24:Favored:General
 A 122  ASN:18.68:-131.69:117.46:Favored:General
 A 123  VAL:33.56:-68.40:130.51:Favored:Isoleucine or valine
 A 124  THR:11.71:-114.44:-17.63:Favored:General
 A 125  ALA:18.66:-155.93:142.51:Favored:General
 A 126  THR:22.43:-138.69:167.23:Favored:General
 A 127  GLU:33.77:-158.29:158.11:Favored:General
 A 128  ASP:39.64:-74.84:149.29:Favored:General
 A 129  TYR:51.65:-126.37:130.89:Favored:General
 A 130  VAL:54.31:-111.83:134.43:Favored:Isoleucine or valine
 A 131  ASP:52.22:-83.93:131.21:Favored:Pre-proline
 A 132  PRO:2.27:-85.17:15.18:Favored:Trans-proline
 A 133  VAL:1.89:-124.82:-24.83:Allowed:Isoleucine or valine
 A 134  THR:11.86:-113.23:-19.26:Favored:General
 A 135  ASN:21.06:53.55:48.72:Favored:General
 A 136  GLN:49.37:-106.56:134.66:Favored:General
 A 137  THR:28.95:-85.10:122.19:Favored:General
 A 138  LYS:7.10:-122.84:174.50:Favored:General
 A 139  THR:17.87:-126.27:114.13:Favored:General
 A 140  ASN:37.58:-78.57:136.65:Favored:General
 A 141  VAL:8.13:-86.31:99.56:Favored:Isoleucine or valine
 A 142  LYS:20.06:-86.44:-34.63:Favored:General
 A 143  GLU:8.02:-164.41:145.04:Favored:General
 A 144  LEU:8.62:-151.08:179.02:Favored:General
 A 145  GLN:53.59:-111.93:134.28:Favored:General
 A 146  TYR:51.21:-120.66:126.82:Favored:General
 A 147  TYR:26.50:-98.12:114.33:Favored:General
 A 148  VAL:60.09:-109.56:131.57:Favored:Isoleucine or valine
 A 149  GLY:15.22:-67.10:121.15:Favored:Glycine
 A 150  GLN:86.08:-66.77:-42.44:Favored:General
 A 151  SER:82.55:-62.74:-36.29:Favored:General
 A 152  PHE:95.46:-61.35:-40.76:Favored:General
 A 153  ALA:70.33:-70.90:-42.15:Favored:General
 A 154  ASN:73.35:-69.52:-33.80:Favored:General
 A 155  ALA:72.85:-70.67:-40.65:Favored:General
 A 156  MET:84.59:-67.25:-42.05:Favored:General
 A 157  TYR:84.96:-67.20:-38.22:Favored:General
 A 158  ASN:79.88:-61.97:-35.91:Favored:General
 A 159  ALA:57.98:-76.39:-19.59:Favored:General
 A 160  CYS:13.70:-113.53:-3.18:Favored:General
 A 161  ARG:63.88:-66.74:-15.92:Favored:General
 A 162  ASP:29.06:-98.69:-6.73:Favored:General
 A 163  VAL:38.53:-83.40:128.70:Favored:Isoleucine or valine
 A 164  GLU:14.48:-94.45:160.83:Favored:General
 A 165  ALA:77.00:-78.64:151.29:Favored:Pre-proline
 A 166  PRO:15.99:-67.21:127.04:Favored:Trans-proline
 A 167  SER:30.71:52.13:42.64:Favored:General
 A 168  SER:29.16:-156.89:154.06:Favored:General
 A 169  ASN:26.12:-93.33:-15.10:Favored:General
 A 170  ASP:30.59:-68.81:160.41:Favored:General
 A 171  LYS:26.17:-83.33:150.36:Favored:General
 A 172  ALA:67.34:-63.88:-23.42:Favored:General
 A 173  LEU:70.49:-60.47:-31.48:Favored:General
 A 174  GLY:63.65:-65.81:-16.37:Favored:Glycine
 A 175  LEU:18.75:-105.36:-7.56:Favored:General
 A 176  LEU:21.14:-109.60:3.46:Favored:General
 A 177  CYS:13.45:-111.01:-16.68:Favored:General
 A 178  GLY:51.83:80.21:27.61:Favored:Glycine
 A 179  LYS:3.97:-174.45:166.83:Favored:General
 A 180  ASP:40.85:-62.03:149.48:Favored:General
 A 181  ALA:79.97:-65.72:-35.17:Favored:General
 A 182  ASP:60.95:-74.03:-14.03:Favored:General
 A 183  ALA:17.13:-101.23:-15.99:Favored:General
 A 184  CYS:50.21:-71.45:140.88:Favored:General
 A 185  ASN:5.60:-100.88:175.49:Favored:General
 A 186  ALA:86.76:-63.46:-46.32:Favored:General
 A 187  THR:18.33:-85.71:-38.40:Favored:General
 A 188  ASN:64.29:-69.61:-26.14:Favored:General
 A 189  TRP:86.15:-66.77:-38.23:Favored:General
 A 190  ILE:82.68:-68.52:-40.89:Favored:Isoleucine or valine
 A 191  GLU:79.98:-66.46:-35.32:Favored:General
 A 192  TYR:91.65:-61.24:-39.79:Favored:General
 A 193  MET:65.40:-73.06:-33.01:Favored:General
 A 194  PHE:43.81:-85.18:2.41:Favored:General
 A 195  ASN:41.88:-103.32:121.02:Favored:General
 A 196  LYS:5.90:-64.15:-6.04:Favored:General
 A 197  ASP:70.23:-63.79:-28.97:Favored:General
 A 198  ASN:58.36:-79.03:-7.74:Favored:General
 A 199  GLY:36.69:80.98:30.93:Favored:Glycine
 A 200  GLN:2.65:-116.28:-50.46:Favored:General
 A 201  ALA:86.21:-74.69:149.92:Favored:Pre-proline
 A 202  PRO:8.75:-72.79:-32.83:Favored:Trans-proline
 A 203  PHE:10.35:-153.94:178.06:Favored:General
 A 204  THR:34.37:-85.07:127.79:Favored:General
 A 205  ILE:68.81:-128.22:128.64:Favored:Isoleucine or valine
 A 206  THR:68.92:-90.03:118.47:Favored:Pre-proline
 A 207  PRO:9.64:-81.45:136.01:Favored:Trans-proline
 A 208  VAL:69.78:-122.56:124.02:Favored:Isoleucine or valine
 A 209  PHE:35.97:-103.43:118.10:Favored:General
 A 210  SER:3.17:-167.49:139.37:Favored:General
 A 211  ASP:50.09:-87.92:3.03:Favored:General
 A 212  PHE:39.53:-112.22:148.64:Favored:Pre-proline
 A 213  PRO:6.41:-62.43:119.35:Favored:Trans-proline
 A 214  VAL:7.48:-94.32:97.89:Favored:Isoleucine or valine
 A 215  HIS:21.21:59.64:39.48:Favored:General
 A 216  GLY:70.96:94.74:-8.40:Favored:Glycine
 A 217  MET:39.18:-74.61:152.99:Favored:General
 A 218  GLU:36.79:-105.16:102.50:Favored:Pre-proline
 A 219  PRO:53.28:-66.93:139.95:Favored:Trans-proline
 A 220  MET:40.50:-77.00:141.10:Favored:General
 A 221  ASN:10.00:-158.71:136.04:Favored:General
 A 222  ASN:4.16:-132.81:-176.59:Favored:General
 A 223  ALA:7.35:-46.51:136.65:Favored:General
 A 224  THR:19.73:-101.23:153.31:Favored:General
 A 225  LYS:3.76:-132.95:96.35:Favored:General
 A 226  GLY:45.88:-72.38:173.72:Favored:Glycine
 A 227  CYS:40.06:-79.87:-1.65:Favored:General
 A 228  ASP:46.57:-99.15:3.51:Favored:General
 A 229  GLU:36.98:-111.07:146.32:Favored:General
 A 230  SER:32.82:-72.21:160.20:Favored:General
 A 231  VAL:16.63:-86.28:-44.42:Favored:Isoleucine or valine
 A 232  ASP:1.10:-151.58:-160.01:Allowed:General
 A 233  GLU:59.35:-73.58:-10.10:Favored:General
 A 234  VAL:10.57:-115.01:-2.77:Favored:Isoleucine or valine
 A 235  THR:34.00:-107.49:117.40:Favored:General
 A 236  ALA:85.41:-75.62:152.92:Favored:Pre-proline
 A 237  PRO:69.88:-64.16:154.59:Favored:Trans-proline
 A 238  CYS:54.85:-68.63:143.33:Favored:General
 A 239  SER:4.87:-69.63:174.61:Favored:General
 A 240  CYS:64.15:-64.78:-17.40:Favored:General
 A 241  GLN:89.92:-66.11:-39.43:Favored:General
 A 242  ASP:6.62:-124.65:28.24:Favored:General
 A 243  CYS:18.31:-154.45:140.44:Favored:General
 A 244  SER:15.53:-106.31:-12.95:Favored:General
 A 245  ILE:72.70:-71.49:-42.38:Favored:Isoleucine or valine
 A 246  VAL:52.95:-108.05:117.10:Favored:Isoleucine or valine
 A 247  CYS:4.57:-166.82:143.23:Favored:General
 A 248  GLY:53.05:70.18:-162.22:Favored:Glycine
 A 249  PRO:25.60:-63.25:137.48:Favored:Cis-proline
 A 250  LYS:94.87:-64.10:148.89:Favored:Pre-proline
 A 251  PRO:5.34:-56.55:118.50:Favored:Trans-proline
 A 252  GLN:6.38:-141.31:56.53:Favored:Pre-proline
 A 253  PRO:0.01:-107.03:57.86:OUTLIER:Trans-proline
 A 254  PRO:3.98:-85.64:131.51:Favored:Trans-proline
 A 255  PRO:0.09:-102.26:124.17:OUTLIER:Trans-proline
 A 256  PRO:0.02:-106.47:61.63:OUTLIER:Trans-proline
 A 257  PRO:9.64:-83.52:140.79:Favored:Trans-proline
 A 258  ALA:1.94:-162.86:76.30:Allowed:Pre-proline
 A 259  PRO:7.61:-77.99:125.95:Favored:Trans-proline
 A 260  TRP:2.00:-127.89:-36.35:Favored:General
 A 261  THR:65.05:-63.00:-20.17:Favored:General
 A 262  ILE:54.44:-62.18:-32.36:Favored:Isoleucine or valine
 A 263  LEU:3.10:-73.63:-58.73:Favored:General
 A 264  GLY:83.45:-65.61:-32.52:Favored:Glycine
 A 265  LEU:98.47:-61.89:-41.93:Favored:General
 A 266  ASP:84.62:-66.07:-36.97:Favored:General
 A 267  ALA:73.61:-65.40:-48.22:Favored:General
 A 268  MET:71.75:-64.23:-30.70:Favored:General
 A 269  TYR:1.95:-62.67:-62.13:Allowed:General
 A 270  VAL:66.26:-70.85:-36.89:Favored:Isoleucine or valine
 A 271  ILE:37.22:-66.43:-26.24:Favored:Isoleucine or valine
 A 272  MET:75.54:-70.00:-39.98:Favored:General
 A 273  TRP:77.08:-61.39:-35.29:Favored:General
 A 274  ILE:97.20:-62.99:-46.09:Favored:Isoleucine or valine
 A 275  THR:96.29:-64.70:-41.06:Favored:General
 A 276  TYR:97.96:-62.86:-43.75:Favored:General
 A 277  MET:70.44:-71.64:-35.63:Favored:General
 A 278  ALA:76.36:-66.74:-46.15:Favored:General
 A 279  PHE:92.35:-63.65:-38.76:Favored:General
 A 280  LEU:91.52:-61.85:-39.34:Favored:General
 A 281  LEU:95.87:-64.39:-42.93:Favored:General
 A 282  VAL:85.59:-64.25:-39.46:Favored:Isoleucine or valine
 A 283  PHE:91.84:-65.61:-42.24:Favored:General
 A 284  PHE:84.26:-64.34:-36.48:Favored:General
 A 285  GLY:64.54:-65.23:-18.03:Favored:Glycine
 A 286  ALA:21.97:-85.15:-35.04:Favored:General
 A 287  PHE:34.58:-79.68:-37.98:Favored:General
 A 331  PHE:96.56:-64.19:-42.67:Favored:General
 A 332  GLU:93.45:-61.02:-40.41:Favored:General
 A 333  GLY:77.83:-63.19:-48.64:Favored:Glycine
 A 334  CYS:79.59:-63.69:-35.14:Favored:General
 A 335  LEU:67.34:-56.45:-51.73:Favored:General
 A 336  ARG:76.08:-67.21:-33.78:Favored:General
 A 337  ARG:76.88:-63.96:-33.95:Favored:General
 A 338  LEU:68.28:-64.97:-49.95:Favored:General
 A 339  PHE:82.53:-65.43:-35.97:Favored:General
 A 340  THR:94.17:-65.31:-41.30:Favored:General
 A 341  ARG:85.45:-66.75:-42.88:Favored:General
 A 342  TRP:95.57:-64.78:-41.81:Favored:General
 A 343  GLY:96.07:-64.36:-43.97:Favored:Glycine
 A 344  SER:89.71:-60.08:-40.49:Favored:General
 A 345  PHE:89.76:-63.76:-38.08:Favored:General
 A 346  CYS:66.27:-70.09:-45.77:Favored:General
 A 347  VAL:44.98:-65.04:-28.54:Favored:Isoleucine or valine
 A 348  ARG:26.06:-85.72:6.82:Favored:General
 A 349  ASN:0.81:-82.67:-49.13:Allowed:Pre-proline
 A 350  PRO:7.81:-87.53:165.67:Favored:Trans-proline
 A 351  GLY:8.83:-94.01:-30.48:Favored:Glycine
 A 352  CYS:0.31:-50.83:-66.86:Allowed:General
 A 353  VAL:36.72:-56.97:-53.92:Favored:Isoleucine or valine
 A 354  ILE:83.44:-56.91:-45.31:Favored:Isoleucine or valine
 A 355  PHE:97.24:-61.58:-41.32:Favored:General
 A 356  PHE:97.69:-63.95:-40.99:Favored:General
 A 357  SER:74.07:-69.27:-33.99:Favored:General
 A 358  LEU:80.02:-67.29:-44.14:Favored:General
 A 359  VAL:76.68:-63.73:-36.48:Favored:Isoleucine or valine
 A 360  PHE:91.89:-61.68:-39.57:Favored:General
 A 361  ILE:56.19:-69.46:-33.21:Favored:Isoleucine or valine
 A 362  THR:69.91:-70.11:-43.98:Favored:General
 A 363  ALA:70.13:-70.08:-43.92:Favored:General
 A 364  CYS:74.48:-56.23:-40.68:Favored:General
 A 365  SER:1.95:-68.35:-61.20:Allowed:General
 A 366  SER:71.24:-59.67:-33.19:Favored:General
 A 367  GLY:59.66:-59.66:-51.33:Favored:Glycine
 A 368  LEU:46.38:-91.87:6.38:Favored:General
 A 369  VAL:4.09:-83.54:1.42:Favored:Isoleucine or valine
 A 370  PHE:6.51:-51.85:147.79:Favored:General
 A 371  VAL:0.02:-26.20:128.36:OUTLIER:Isoleucine or valine
 A 372  ARG:27.83:-111.23:114.54:Favored:General
 A 373  VAL:23.67:-120.53:156.16:Favored:Isoleucine or valine
 A 374  THR:44.32:-142.06:157.95:Favored:General
 A 375  THR:9.20:-141.47:115.40:Favored:General
 A 376  ASN:0.74:-83.37:-48.71:Allowed:Pre-proline
 A 377  PRO:81.30:-66.78:147.59:Favored:Trans-proline
 A 378  VAL:7.70:-107.24:-50.82:Favored:Isoleucine or valine
 A 379  ASP:10.70:-139.40:116.01:Favored:General
 A 380  LEU:1.78:-155.22:96.05:Allowed:General
 A 381  TRP:1.75:-140.99:33.22:Allowed:General
 A 382  SER:49.60:-93.08:-5.78:Favored:General
 A 383  ALA:0.23:58.24:82.91:Allowed:Pre-proline
 A 384  PRO:0.02:-57.08:-162.49:OUTLIER:Trans-proline
 A 385  SER:0.01:-16.19:-54.76:OUTLIER:General
 A 386  SER:0.13:-28.51:-58.55:Allowed:General
 A 387  GLN:1.76:-125.08:-47.88:Allowed:General
 A 388  ALA:3.80:-58.95:-60.48:Favored:General
 A 389  ARG:76.17:-66.76:-33.68:Favored:General
 A 390  LEU:79.75:-56.76:-42.66:Favored:General
 A 391  GLU:87.56:-66.94:-41.09:Favored:General
 A 392  LYS:62.40:-65.02:-51.30:Favored:General
 A 393  GLU:95.34:-64.75:-42.19:Favored:General
 A 394  TYR:99.39:-63.18:-42.59:Favored:General
 A 395  PHE:65.78:-56.47:-33.29:Favored:General
 A 396  ASP:38.35:-79.89:-35.21:Favored:General
 A 397  GLN:68.06:-55.53:-37.53:Favored:General
 A 398  HIS:10.89:-97.07:-35.20:Favored:General
 A 399  PHE:4.43:-130.13:-4.79:Favored:General
 A 400  GLY:21.05:73.71:170.48:Favored:Glycine
 A 401  PRO:69.54:-65.26:141.59:Favored:Trans-proline
 A 402  PHE:1.40:-82.88:-63.28:Allowed:General
 A 403  PHE:3.04:-174.73:172.23:Favored:General
 A 404  ARG:25.69:-122.53:160.41:Favored:General
 A 405  THR:49.28:-117.67:140.71:Favored:General
 A 406  GLU:27.95:-112.77:115.08:Favored:General
 A 407  GLN:44.05:-121.70:124.35:Favored:General
 A 408  LEU:48.03:-120.06:125.32:Favored:General
 A 409  ILE:58.04:-115.37:134.60:Favored:Isoleucine or valine
 A 410  ILE:68.66:-127.84:132.63:Favored:Isoleucine or valine
 A 411  ARG:32.83:-116.87:153.26:Favored:General
 A 412  ALA:65.46:-103.23:113.87:Favored:Pre-proline
 A 413  PRO:9.20:-83.42:-12.10:Favored:Trans-proline
 A 414  LEU:11.71:-111.17:-21.85:Favored:General
 A 415  THR:32.74:-79.78:145.63:Favored:General
 A 416  ASP:32.56:-118.79:154.61:Favored:General
 A 417  LYS:6.67:-60.30:161.90:Favored:General
 A 418  HIS:29.07:-147.94:146.64:Favored:General
 A 419  ILE:4.41:-106.49:164.64:Favored:Isoleucine or valine
 A 420  TYR:3.88:-155.23:115.90:Favored:General
 A 421  GLN:60.65:-95.85:112.85:Favored:Pre-proline
 A 422  PRO:28.05:-74.36:140.97:Favored:Trans-proline
 A 423  TYR:89.52:-69.83:131.18:Favored:Pre-proline
 A 424  PRO:4.38:-110.16:14.55:Favored:Cis-proline
 A 425  SER:79.50:-67.53:-35.65:Favored:General
 A 426  GLY:79.89:75.65:18.03:Favored:Glycine
 A 427  ALA:42.92:-75.48:142.42:Favored:General
 A 428  ASP:16.74:-78.28:113.96:Favored:General
 A 429  VAL:52.85:-109.81:103.25:Favored:Pre-proline
 A 430  PRO:19.65:-73.97:134.41:Favored:Trans-proline
 A 431  PHE:53.60:-120.59:138.98:Favored:General
 A 432  GLY:54.03:-71.02:163.20:Favored:Glycine
 A 433  PRO:95.95:-59.21:-36.14:Favored:Trans-proline
 A 434  PRO:2.88:-73.92:6.50:Favored:Trans-proline
 A 435  LEU:51.77:-96.78:4.41:Favored:General
 A 436  ASP:37.01:-77.94:144.22:Favored:General
 A 437  ILE:77.55:-60.88:-37.78:Favored:Isoleucine or valine
 A 438  GLN:40.24:-77.09:-41.92:Favored:General
 A 439  ILE:45.23:-69.83:-30.63:Favored:Isoleucine or valine
 A 440  LEU:81.67:-63.90:-35.75:Favored:General
 A 441  HIS:92.44:-59.89:-45.46:Favored:General
 A 442  GLN:89.33:-64.17:-37.96:Favored:General
 A 443  VAL:99.37:-62.82:-44.20:Favored:Isoleucine or valine
 A 444  LEU:90.75:-66.04:-40.15:Favored:General
 A 445  ASP:88.38:-63.35:-37.72:Favored:General
 A 446  LEU:98.34:-61.19:-43.78:Favored:General
 A 447  GLN:69.98:-69.49:-44.99:Favored:General
 A 448  ILE:54.95:-68.38:-32.29:Favored:Isoleucine or valine
 A 449  ALA:90.96:-63.46:-38.39:Favored:General
 A 450  ILE:80.96:-63.36:-37.98:Favored:Isoleucine or valine
 A 451  GLU:68.62:-64.75:-27.03:Favored:General
 A 452  ASN:56.84:-76.46:-8.28:Favored:General
 A 453  ILE:35.42:-71.91:128.93:Favored:Isoleucine or valine
 A 454  THR:29.79:-123.70:159.25:Favored:General
 A 455  ALA:6.95:-128.76:177.60:Favored:General
 A 456  SER:16.49:-120.94:110.61:Favored:General
 A 457  TYR:51.64:-129.84:149.29:Favored:General
 A 458  ASP:0.00:-13.06:-165.58:OUTLIER:General
 A 459  ASN:0.02:-54.55:0.88:OUTLIER:General
 A 460  GLU:9.10:-76.88:175.85:Favored:General
 A 461  THR:39.98:-108.96:142.18:Favored:General
 A 462  VAL:52.70:-106.33:117.76:Favored:Isoleucine or valine
 A 463  THR:11.95:-108.38:164.87:Favored:General
 A 464  LEU:90.48:-62.57:-38.54:Favored:General
 A 465  GLN:66.71:-65.87:-23.68:Favored:General
 A 466  ASP:76.64:-66.91:-33.92:Favored:General
 A 467  ILE:12.19:-115.29:-7.87:Favored:Isoleucine or valine
 A 468  CYS:41.38:-73.22:151.58:Favored:General
 A 469  LEU:39.31:-77.79:139.22:Favored:General
 A 470  ALA:2.00:-161.11:125.15:Allowed:Pre-proline
 A 471  PRO:2.98:-94.15:2.74:Favored:Trans-proline
 A 472  LEU:27.14:-102.24:-3.54:Favored:General
 A 473  SER:99.07:-66.35:146.88:Favored:Pre-proline
 A 474  PRO:61.08:-84.52:0.92:Favored:Cis-proline
 A 475  TYR:29.54:-76.78:-45.27:Favored:General
 A 476  ASN:28.16:-131.96:123.83:Favored:General
 A 477  THR:17.39:-111.64:20.16:Favored:General
 A 478  ASN:10.58:-62.72:120.10:Favored:General
 A 479  CYS:51.54:-69.01:147.47:Favored:General
 A 480  THR:13.55:-75.13:114.36:Favored:General
 A 481  ILE:53.00:-132.15:124.63:Favored:Isoleucine or valine
 A 482  LEU:23.60:-98.94:111.11:Favored:General
 A 483  SER:24.08:-158.52:152.78:Favored:General
 A 484  VAL:34.55:-65.86:-24.65:Favored:Isoleucine or valine
 A 485  LEU:62.52:-71.13:-18.28:Favored:General
 A 486  ASN:60.72:-74.17:-18.83:Favored:General
 A 487  TYR:79.84:-65.76:-35.13:Favored:General
 A 488  PHE:25.19:-95.30:13.57:Favored:General
 A 489  GLN:22.43:55.62:34.04:Favored:General
 A 490  ASN:9.66:57.12:51.97:Favored:General
 A 491  SER:34.28:-139.12:135.62:Favored:General
 A 492  HIS:71.70:-67.83:-46.49:Favored:General
 A 493  SER:91.45:-65.85:-41.66:Favored:General
 A 494  VAL:83.53:-62.66:-39.13:Favored:Isoleucine or valine
 A 495  LEU:80.03:-66.98:-35.47:Favored:General
 A 496  ASP:59.87:-76.15:-11.12:Favored:General
 A 497  HIS:26.35:-59.86:126.13:Favored:General
 A 498  LYS:2.28:-155.70:103.50:Favored:General
 A 499  LYS:17.96:-82.03:111.18:Favored:General
 A 500  GLY:27.83:-154.32:-177.56:Favored:Glycine
 A 501  ASP:1.25:-148.69:-160.97:Allowed:General
 A 502  ASP:94.39:-64.06:-39.58:Favored:General
 A 503  PHE:23.29:-80.73:-41.60:Favored:General
 A 504  PHE:41.97:-148.01:155.84:Favored:General
 A 505  VAL:27.84:-93.69:113.12:Favored:Isoleucine or valine
 A 506  TYR:40.73:-79.69:-27.86:Favored:General
 A 507  ALA:13.89:-158.47:140.44:Favored:General
 A 508  ASP:2.90:-144.75:-168.36:Favored:General
 A 509  TYR:61.65:-72.65:-17.61:Favored:General
 A 510  HIS:41.32:-72.83:-48.02:Favored:General
 A 511  THR:91.73:-60.43:-45.97:Favored:General
 A 512  HIS:83.91:-66.45:-36.89:Favored:General
 A 513  PHE:92.61:-61.18:-45.92:Favored:General
 A 514  LEU:65.05:-67.99:-23.67:Favored:General
 A 515  TYR:31.25:-78.75:-41.24:Favored:General
 A 516  CYS:70.57:-66.09:-30.12:Favored:General
 A 517  VAL:17.52:-71.43:-14.18:Favored:Isoleucine or valine
 A 518  ARG:33.30:-91.25:-13.13:Favored:General
 A 519  ALA:1.84:-159.89:90.23:Allowed:Pre-proline
 A 520  PRO:8.59:-86.30:-3.82:Favored:Trans-proline
 A 521  ALA:28.13:-101.75:-3.44:Favored:General
 A 522  SER:40.63:-74.88:147.90:Favored:General
 A 523  LEU:42.45:-79.73:-2.31:Favored:General
 A 524  ASN:23.26:-156.95:149.40:Favored:General
 A 525  ASP:40.46:-101.44:120.55:Favored:General
 A 526  THR:2.17:-83.79:17.88:Favored:General
 A 527  SER:0.60:-79.41:-164.18:Allowed:General
 A 528  LEU:55.61:-87.09:0.22:Favored:General
 A 529  LEU:19.94:-90.68:-25.72:Favored:General
 A 530  HIS:10.83:60.35:45.72:Favored:General
 A 531  ASP:31.71:-111.41:145.02:Favored:Pre-proline
 A 532  PRO:43.84:-71.77:161.85:Favored:Trans-proline
 A 533  CYS:22.19:-110.97:11.33:Favored:General
 A 534  LEU:21.97:-89.85:151.01:Favored:General
 A 535  GLY:44.13:-67.05:164.15:Favored:Glycine
 A 536  THR:69.36:-70.22:-31.78:Favored:General
 A 537  PHE:66.27:-68.10:-27.20:Favored:General
 A 538  GLY:2.82:105.85:36.22:Favored:Glycine
 A 539  GLY:29.06:-148.49:169.61:Favored:Glycine
 A 540  PRO:54.32:-71.78:149.47:Favored:Trans-proline
 A 541  VAL:16.71:-116.66:104.51:Favored:Isoleucine or valine
 A 542  PHE:81.53:-73.31:132.75:Favored:Pre-proline
 A 543  PRO:58.68:-64.79:-30.99:Favored:Trans-proline
 A 544  TRP:68.17:-65.38:-26.82:Favored:General
 A 545  LEU:54.74:-82.35:-3.06:Favored:General
 A 546  VAL:2.79:-129.39:-0.03:Favored:Isoleucine or valine
 A 547  LEU:51.36:-129.43:148.63:Favored:General
 A 548  GLY:27.13:-147.15:156.72:Favored:Glycine
 A 549  GLY:96.56:62.70:45.06:Favored:Glycine
 A 550  TYR:52.05:-121.14:140.39:Favored:General
 A 551  ASP:7.62:-68.30:171.12:Favored:General
 A 552  ASP:0.53:-37.54:-62.35:Allowed:General
 A 553  GLN:4.46:-130.82:31.71:Favored:General
 A 554  ASN:5.85:-91.59:75.51:Favored:General
 A 555  TYR:66.93:-66.06:-25.21:Favored:General
 A 556  ASN:68.43:-56.83:-35.11:Favored:General
 A 557  ASN:5.23:-94.08:23.07:Favored:General
 A 558  ALA:52.50:-68.06:147.34:Favored:General
 A 559  THR:16.79:-108.34:-5.32:Favored:General
 A 560  ALA:35.97:-149.79:152.92:Favored:General
 A 561  LEU:25.93:-100.58:147.45:Favored:General
 A 562  VAL:73.87:-120.23:125.13:Favored:Isoleucine or valine
 A 563  ILE:68.72:-117.91:132.10:Favored:Isoleucine or valine
 A 564  THR:34.02:-131.71:126.23:Favored:General
 A 565  PHE:41.31:-115.72:94.63:Favored:Pre-proline
 A 566  PRO:9.46:-76.81:127.42:Favored:Trans-proline
 A 567  VAL:33.90:-130.11:146.56:Favored:Isoleucine or valine
 A 568  ASN:15.31:-67.75:166.44:Favored:General
 A 569  ASN:3.04:-124.97:-32.35:Favored:General
 A 570  TYR:0.39:59.56:75.77:Allowed:General
 A 571  TYR:68.50:-64.62:-26.69:Favored:General
 A 572  ASN:12.99:-108.54:-20.75:Favored:General
 A 573  ASP:8.28:-98.20:96.72:Favored:General
 A 574  THR:83.65:-66.74:-36.94:Favored:General
 A 575  GLU:75.10:-66.93:-46.33:Favored:General
 A 576  LYS:62.75:-71.67:-26.96:Favored:General
 A 577  LEU:98.58:-62.43:-41.25:Favored:General
 A 578  GLN:84.63:-63.74:-36.67:Favored:General
 A 579  ARG:94.20:-61.85:-40.11:Favored:General
 A 580  ALA:73.14:-67.94:-45.84:Favored:General
 A 581  GLN:66.58:-71.11:-30.49:Favored:General
 A 582  ALA:88.05:-66.19:-38.45:Favored:General
 A 583  TRP:92.59:-65.69:-40.70:Favored:General
 A 584  GLU:68.60:-54.24:-41.31:Favored:General
 A 585  LYS:86.91:-60.68:-47.29:Favored:General
 A 586  GLU:71.01:-69.20:-32.02:Favored:General
 A 587  PHE:67.25:-63.67:-50.95:Favored:General
 A 588  ILE:71.67:-62.51:-51.48:Favored:Isoleucine or valine
 A 589  ASN:65.98:-67.06:-24.43:Favored:General
 A 590  PHE:25.43:-61.23:-56.02:Favored:General
 A 591  VAL:25.84:-73.40:-28.67:Favored:Isoleucine or valine
 A 592  LYS:82.53:-59.55:-38.99:Favored:General
 A 593  ASN:39.50:-102.84:6.97:Favored:General
 A 594  TYR:26.96:-83.69:148.66:Favored:General
 A 595  LYS:49.59:-130.99:138.21:Favored:General
 A 596  ASN:4.86:-148.85:123.52:Favored:Pre-proline
 A 597  PRO:1.00:-74.87:13.42:Allowed:Trans-proline
 A 598  ASN:11.78:-118.37:1.08:Favored:General
 A 599  LEU:30.51:-143.90:141.88:Favored:General
 A 600  THR:31.45:-116.08:117.93:Favored:General
 A 601  ILE:13.54:-108.53:147.08:Favored:Isoleucine or valine
 A 602  SER:22.07:-124.89:163.51:Favored:General
 A 603  PHE:50.15:-116.16:139.62:Favored:General
 A 604  THR:22.07:-132.69:166.48:Favored:General
 A 605  ALA:1.87:-175.40:177.15:Allowed:General
 A 606  GLU:27.39:-82.66:-34.62:Favored:General
 A 607  ARG:64.70:-68.46:-24.36:Favored:General
 A 608  SER:67.61:-57.60:-32.86:Favored:General
 A 609  ILE:5.64:-91.82:-23.84:Favored:Isoleucine or valine
 A 610  GLU:11.87:-89.74:-41.48:Favored:General
 A 611  ASP:56.30:-76.69:-29.46:Favored:General
 A 612  GLU:78.68:-64.90:-34.55:Favored:General
 A 613  LEU:66.73:-68.76:-28.37:Favored:General
 A 614  ASN:20.42:-89.97:-26.36:Favored:General
 A 615  ARG:10.85:-95.16:-37.87:Favored:General
 A 616  GLU:66.07:-72.99:-39.45:Favored:General
 A 617  SER:7.22:-80.43:77.31:Favored:General
 A 618  ASP:0.82:-140.08:-24.45:Allowed:General
 A 619  SER:69.33:-71.62:-33.87:Favored:General
 A 620  ASP:64.61:-68.49:-21.24:Favored:General
 A 621  VAL:82.60:-58.93:-41.29:Favored:Isoleucine or valine
 A 622  PHE:69.68:-66.53:-29.57:Favored:General
 A 623  THR:6.77:-73.15:-55.22:Favored:General
 A 624  VAL:76.51:-69.26:-46.87:Favored:Isoleucine or valine
 A 625  VAL:81.93:-62.26:-38.78:Favored:Isoleucine or valine
 A 626  ILE:77.90:-59.62:-50.99:Favored:Isoleucine or valine
 A 627  SER:84.02:-61.32:-37.65:Favored:General
 A 628  TYR:86.36:-64.68:-45.51:Favored:General
 A 629  ALA:66.21:-70.24:-29.41:Favored:General
 A 630  ILE:92.52:-59.35:-44.48:Favored:Isoleucine or valine
 A 631  MET:47.73:-78.58:-32.58:Favored:General
 A 632  PHE:68.52:-61.02:-27.71:Favored:General
 A 633  LEU:48.31:-66.47:-52.24:Favored:General
 A 634  TYR:86.31:-62.76:-37.36:Favored:General
 A 635  ILE:81.51:-62.36:-38.56:Favored:Isoleucine or valine
 A 636  SER:57.27:-77.01:-32.64:Favored:General
 A 637  LEU:65.55:-72.28:-42.42:Favored:General
 A 638  ALA:5.71:-47.91:-57.43:Favored:General
 A 639  LEU:35.31:-80.80:-32.50:Favored:General
 A 640  GLY:1.86:-96.66:-96.91:Allowed:Glycine
 A 641  HIS:1.47:80.34:7.77:Allowed:General
 A 642  MET:2.75:-147.71:-167.27:Favored:General
 A 643  LYS:2.81:-93.73:59.30:Favored:General
 A 644  SER:2.09:-124.64:-42.18:Favored:General
 A 645  CYS:50.73:-78.06:-33.69:Favored:General
 A 646  ARG:84.19:-59.59:-47.79:Favored:General
 A 647  ARG:15.64:-51.04:-55.81:Favored:General
 A 648  LEU:6.45:-49.63:-57.81:Favored:General
 A 649  LEU:3.56:-48.41:-59.32:Favored:General
 A 650  VAL:26.31:-50.37:-46.68:Favored:Isoleucine or valine
 A 651  ASP:63.42:-71.51:-27.75:Favored:General
 A 652  SER:52.79:-71.90:-47.43:Favored:General
 A 653  LYS:77.82:-69.40:-39.65:Favored:General
 A 654  VAL:52.78:-71.91:-34.96:Favored:Isoleucine or valine
 A 655  SER:69.36:-53.75:-43.72:Favored:General
 A 656  LEU:67.59:-72.64:-38.83:Favored:General
 A 657  GLY:85.97:-68.71:-39.66:Favored:Glycine
 A 658  ILE:25.36:-71.38:-25.63:Favored:Isoleucine or valine
 A 659  ALA:71.41:-66.75:-31.03:Favored:General
 A 660  GLY:20.97:-63.21:-56.32:Favored:Glycine
 A 661  ILE:62.87:-63.79:-33.59:Favored:Isoleucine or valine
 A 662  LEU:90.46:-63.44:-45.54:Favored:General
 A 663  ILE:70.00:-71.81:-41.10:Favored:Isoleucine or valine
 A 664  VAL:10.83:-81.88:-19.58:Favored:Isoleucine or valine
 A 665  LEU:52.22:-73.84:-7.44:Favored:General
 A 666  SER:63.38:-67.54:-14.94:Favored:General
 A 667  SER:0.38:-141.18:-41.80:Allowed:General
 A 668  VAL:0.01:168.75:142.12:OUTLIER:Isoleucine or valine
 A 669  ALA:31.13:-157.58:155.98:Favored:General
 A 670  CYS:2.29:-176.13:160.88:Favored:General
 A 671  SER:2.98:-145.78:-168.46:Favored:General
 A 672  LEU:1.87:-74.77:-61.46:Allowed:General
 A 673  GLY:72.33:-66.36:-24.76:Favored:Glycine
 A 674  VAL:19.43:-69.09:-15.21:Favored:Isoleucine or valine
 A 675  PHE:28.77:-77.02:-44.99:Favored:General
 A 676  SER:63.97:-71.70:-28.83:Favored:General
 A 677  TYR:60.31:-74.32:-26.68:Favored:General
 A 678  ILE:29.69:-67.48:-53.71:Favored:Isoleucine or valine
 A 679  GLY:93.05:-65.08:-36.49:Favored:Glycine
 A 680  LEU:0.95:-68.90:-25.06:Allowed:Pre-proline
 A 681  PRO:12.54:-81.40:-4.89:Favored:Trans-proline
 A 682  LEU:70.15:-63.93:-28.91:Favored:General
 A 683  THR:64.04:-68.99:-18.29:Favored:General
 A 684  LEU:88.64:-58.84:-42.17:Favored:General
 A 685  ILE:69.48:-69.02:-35.55:Favored:Isoleucine or valine
 A 686  VAL:79.95:-61.94:-38.14:Favored:Isoleucine or valine
 A 687  ILE:33.98:-56.88:-54.10:Favored:Isoleucine or valine
 A 688  GLU:95.69:-62.14:-40.36:Favored:General
 A 689  VAL:18.14:-81.31:-40.38:Favored:Isoleucine or valine
 A 690  ILE:51.79:-63.78:-39.99:Favored:Pre-proline
 A 691  PRO:7.07:-83.04:-16.96:Favored:Trans-proline
 A 692  PHE:95.39:-62.42:-40.08:Favored:General
 A 693  LEU:59.40:-75.64:-37.78:Favored:General
 A 694  VAL:67.78:-69.20:-35.38:Favored:Isoleucine or valine
 A 695  LEU:68.59:-72.39:-36.09:Favored:General
 A 696  ALA:76.53:-63.67:-33.84:Favored:General
 A 697  VAL:83.10:-67.48:-39.74:Favored:Isoleucine or valine
 A 698  GLY:43.41:-72.15:-0.26:Favored:Glycine
 A 699  VAL:75.50:-118.59:128.57:Favored:Isoleucine or valine
 A 700  ASP:37.37:-126.68:123.36:Favored:General
 A 701  ASN:2.00:-92.73:-168.64:Allowed:General
 A 702  ILE:66.59:-62.36:-34.86:Favored:Isoleucine or valine
 A 703  PHE:8.98:-103.47:168.71:Favored:General
 A 704  ILE:49.06:-136.59:134.10:Favored:Isoleucine or valine
 A 705  LEU:0.25:71.76:-19.92:Allowed:General
 A 706  VAL:0.81:-67.40:-64.09:Allowed:Isoleucine or valine
 A 707  GLN:9.61:-116.64:-20.33:Favored:General
 A 708  ALA:63.47:-69.83:-24.51:Favored:General
 A 709  TYR:25.95:-83.15:-34.76:Favored:General
 A 710  GLN:57.55:-78.99:-15.97:Favored:General
 A 711  ARG:68.73:-64.64:-27.15:Favored:General
 A 712  ASP:21.98:-101.04:-8.83:Favored:General
 A 713  GLU:9.45:-86.30:-47.38:Favored:General
 A 714  ARG:7.80:-79.27:7.41:Favored:General
 A 715  LEU:2.38:-105.26:-55.07:Favored:General
 A 716  GLN:2.31:-122.35:-43.26:Favored:General
 A 717  GLY:64.24:-79.88:-22.23:Favored:Glycine
 A 718  GLU:37.29:-66.84:-52.97:Favored:General
 A 719  THR:19.12:-68.55:-54.05:Favored:General
 A 720  LEU:32.90:-51.84:-54.09:Favored:General
 A 721  ASP:99.69:-61.85:-42.97:Favored:General
 A 722  GLN:79.46:-68.45:-36.74:Favored:General
 A 723  GLN:63.99:-73.99:-33.89:Favored:General
 A 724  LEU:70.42:-69.62:-44.57:Favored:General
 A 725  GLY:64.60:-61.65:-24.77:Favored:Glycine
 A 726  ARG:5.19:-74.11:-56.20:Favored:General
 A 727  VAL:90.10:-60.80:-41.84:Favored:Isoleucine or valine
 A 728  LEU:49.60:-78.15:-34.81:Favored:General
 A 729  GLY:76.57:-69.78:-21.52:Favored:Glycine
 A 730  GLU:39.16:-95.94:-6.39:Favored:General
 A 731  VAL:10.28:-95.75:-51.77:Favored:Isoleucine or valine
 A 732  ALA:5.58:-73.42:-40.58:Favored:Pre-proline
 A 733  PRO:2.38:-89.86:13.22:Favored:Trans-proline
 A 734  SER:14.24:-104.09:-19.23:Favored:General
 A 735  MET:13.41:-75.85:113.50:Favored:General
 A 736  PHE:3.10:-136.78:23.69:Favored:General
 A 737  LEU:12.24:-97.32:164.99:Favored:General
 A 738  SER:1.04:-68.67:99.70:Allowed:General
 A 739  SER:1.63:-178.22:163.09:Allowed:General
 A 740  PHE:9.52:-86.58:76.70:Favored:General
 A 741  SER:1.27:-144.12:4.78:Allowed:General
 A 742  GLU:82.94:-58.38:-40.67:Favored:General
 A 743  THR:1.15:-61.26:-63.84:Allowed:General
 A 744  VAL:47.74:-74.32:-38.63:Favored:Isoleucine or valine
 A 745  ALA:14.90:-61.21:-56.94:Favored:General
 A 746  PHE:10.66:-45.48:-42.48:Favored:General
 A 747  PHE:65.89:-62.54:-51.82:Favored:General
 A 748  LEU:60.92:-73.40:-19.68:Favored:General
 A 749  GLY:96.39:-65.54:-40.95:Favored:Glycine
 A 750  ALA:87.52:-64.95:-37.40:Favored:General
 A 751  LEU:62.05:-70.02:-13.06:Favored:General
 A 752  SER:45.46:-78.87:-31.24:Favored:General
 A 753  VAL:88.50:-66.23:-41.06:Favored:Isoleucine or valine
 A 754  MET:46.11:-55.87:-54.98:Favored:Pre-proline
 A 755  PRO:31.95:-68.23:-29.81:Favored:Trans-proline
 A 756  ALA:67.94:-62.67:-51.26:Favored:General
 A 757  VAL:19.21:-71.56:-16.78:Favored:Isoleucine or valine
 A 758  HIS:1.32:-69.82:-62.61:Allowed:General
 A 759  THR:4.65:-66.15:-2.88:Favored:General
 A 760  PHE:0.41:-62.91:-67.54:Allowed:General
 A 761  SER:10.01:-109.85:-26.04:Favored:General
 A 762  LEU:26.83:-78.09:-44.23:Favored:General
 A 763  PHE:34.69:-73.35:-48.38:Favored:General
 A 764  ALA:82.25:-66.84:-43.98:Favored:General
 A 765  GLY:95.16:-60.41:-45.99:Favored:Glycine
 A 766  LEU:66.22:-69.15:-28.19:Favored:General
 A 767  ALA:80.94:-63.94:-35.52:Favored:General
 A 768  VAL:24.60:-76.08:-49.77:Favored:Isoleucine or valine
 A 769  PHE:82.76:-58.42:-40.54:Favored:General
 A 770  ILE:7.88:-111.13:-18.10:Favored:Isoleucine or valine
 A 771  ASP:96.40:-62.76:-44.36:Favored:General
 A 805  GLU:83.71:-67.22:-37.52:Favored:General
 A 806  ASP:81.31:-65.49:-35.58:Favored:General
 A 807  GLY:89.15:-63.31:-34.14:Favored:Glycine
 A 808  THR:48.68:-66.24:-52.34:Favored:General
 A 809  SER:73.64:-68.66:-33.24:Favored:General
 A 810  VAL:91.09:-65.11:-46.47:Favored:Isoleucine or valine
 A 811  GLN:69.02:-72.26:-36.37:Favored:General
 A 812  ALA:91.51:-65.20:-43.46:Favored:General
 A 813  SER:81.51:-63.54:-35.75:Favored:General
 A 814  GLU:86.76:-61.40:-47.23:Favored:General
 A 815  SER:80.25:-67.10:-35.65:Favored:General
 A 816  CYS:77.67:-61.61:-49.17:Favored:General
 A 817  LEU:78.97:-65.66:-46.48:Favored:General
 A 818  PHE:73.72:-66.19:-47.50:Favored:General
 A 819  ARG:84.74:-67.12:-37.94:Favored:General
 A 820  PHE:81.54:-58.07:-40.65:Favored:General
 A 821  PHE:93.04:-65.43:-40.22:Favored:General
 A 822  LYS:99.49:-63.13:-42.39:Favored:General
 A 823  ASN:66.27:-69.37:-28.52:Favored:General
 A 824  SER:87.41:-66.51:-38.53:Favored:General
 A 825  TYR:72.90:-66.24:-31.84:Favored:General
 A 826  SER:67.06:-65.67:-47.27:Favored:Pre-proline
 A 827  PRO:9.61:-75.07:-27.78:Favored:Trans-proline
 A 828  LEU:71.91:-65.56:-48.58:Favored:General
 A 829  LEU:0.24:-51.95:-67.56:Allowed:General
 A 830  LEU:1.26:-169.27:132.14:Allowed:General
 A 831  LYS:2.27:-141.11:18.02:Favored:General
 A 832  ASP:60.36:-75.61:-15.33:Favored:General
 A 833  TRP:25.35:-84.14:-31.18:Favored:General
 A 834  MET:40.49:-80.26:-23.86:Favored:General
 A 835  ARG:9.16:-63.01:-32.67:Favored:Pre-proline
 A 836  PRO:9.47:-74.93:-28.24:Favored:Trans-proline
 A 837  ILE:19.55:-74.47:-25.64:Favored:Isoleucine or valine
 A 838  VAL:28.53:-77.48:-40.36:Favored:Isoleucine or valine
 A 839  ILE:23.73:-71.09:-23.78:Favored:Isoleucine or valine
 A 840  ALA:64.56:-63.56:-51.63:Favored:General
 A 841  ILE:70.57:-62.60:-35.50:Favored:Isoleucine or valine
 A 842  PHE:92.53:-62.47:-45.55:Favored:General
 A 843  VAL:91.07:-66.47:-43.24:Favored:Isoleucine or valine
 A 844  GLY:88.67:-65.78:-34.41:Favored:Glycine
 A 845  VAL:23.97:-76.90:-35.48:Favored:Isoleucine or valine
 A 846  LEU:71.04:-62.67:-50.47:Favored:General
 A 847  SER:62.85:-70.30:-23.45:Favored:General
 A 848  PHE:62.91:-70.55:-25.02:Favored:General
 A 849  SER:21.56:-92.41:-19.93:Favored:General
 A 850  ILE:17.42:-73.88:-18.51:Favored:Isoleucine or valine
 A 851  ALA:11.82:-103.58:23.98:Favored:General
 A 852  VAL:26.45:-114.79:108.83:Favored:Isoleucine or valine
 A 853  LEU:3.59:-147.93:104.70:Favored:General
 A 854  ASN:1.84:-163.68:-169.20:Allowed:General
 A 855  LYS:16.45:-164.34:156.37:Favored:General
 A 856  VAL:39.45:-85.35:128.05:Favored:Isoleucine or valine
 A 857  ASP:25.52:-84.56:149.99:Favored:General
 A 858  ILE:7.26:-63.77:153.43:Favored:Isoleucine or valine
 A 859  GLY:4.31:151.01:146.32:Favored:Glycine
 A 860  LEU:42.67:-153.31:160.22:Favored:General
 A 861  ASP:32.56:-70.56:160.40:Favored:General
 A 862  GLN:53.39:-69.09:137.32:Favored:General
 A 863  SER:0.39:-145.66:-151.65:Allowed:General
 A 864  LEU:2.03:-107.20:-57.76:Favored:General
 A 865  SER:5.27:-62.46:-59.22:Favored:General
 A 866  MET:79.75:-52.21:-50.34:Favored:Pre-proline
 A 867  PRO:8.89:-71.41:-34.96:Favored:Trans-proline
 A 868  ASP:87.26:-59.08:-46.84:Favored:General
 A 869  ASP:77.20:-59.92:-36.52:Favored:General
 A 870  SER:83.77:-66.33:-44.28:Favored:General
 A 871  TYR:79.61:-68.19:-42.65:Favored:General
 A 872  MET:94.84:-63.10:-39.48:Favored:General
 A 873  VAL:20.86:-75.23:-28.80:Favored:Isoleucine or valine
 A 874  ASP:63.29:-70.77:-46.23:Favored:General
 A 875  TYR:6.88:-63.93:-58.39:Favored:General
 A 876  PHE:16.32:-67.95:121.56:Favored:General
 A 877  LYS:2.47:-135.13:88.98:Favored:General
 A 878  SER:1.25:-136.05:-24.86:Allowed:General
 A 879  ILE:0.37:-164.40:169.46:Allowed:Isoleucine or valine
 A 880  SER:17.98:-145.54:130.17:Favored:General
 A 881  GLN:58.51:-65.69:141.02:Favored:General
 A 882  TYR:2.29:-175.96:160.24:Favored:General
 A 883  LEU:2.27:-141.19:89.84:Favored:General
 A 884  HIS:48.50:-70.18:148.57:Favored:General
 A 885  ALA:4.86:-153.78:118.07:Favored:General
 A 886  GLY:5.18:-97.82:115.09:Favored:Glycine
 A 887  PRO:0.00:-122.88:75.75:OUTLIER:Trans-proline
 A 888  PRO:15.53:-46.57:131.17:Favored:Trans-proline
 A 889  VAL:0.89:-98.76:81.05:Allowed:Isoleucine or valine
 A 890  TYR:0.02:-176.71:-140.64:OUTLIER:General
 A 891  PHE:0.09:71.47:90.53:Allowed:General
 A 892  VAL:0.33:-122.92:-163.16:Allowed:Isoleucine or valine
 A 893  LEU:0.01:-30.08:147.50:OUTLIER:General
 A 894  GLU:0.03:-34.12:-34.54:OUTLIER:General
 A 895  GLU:74.50:-64.92:-48.34:Favored:General
 A 896  GLY:72.47:-69.28:-28.62:Favored:Glycine
 A 897  HIS:86.77:-57.93:-44.19:Favored:General
 A 898  ASP:68.63:-68.21:-29.73:Favored:General
 A 899  TYR:62.78:-74.68:-34.98:Favored:General
 A 900  THR:92.64:-62.32:-39.32:Favored:General
 A 901  SER:88.52:-64.84:-37.71:Favored:General
 A 902  SER:62.41:-71.17:-25.14:Favored:General
 A 903  LYS:3.50:-65.50:-59.90:Favored:General
 A 904  GLY:70.82:-70.18:-35.84:Favored:Glycine
 A 905  GLN:69.13:-66.15:-28.89:Favored:General
 A 906  ASN:75.18:-65.10:-33.08:Favored:General
 A 907  MET:48.50:-63.68:-53.62:Favored:General
 A 908  VAL:89.71:-66.26:-41.77:Favored:Isoleucine or valine
 A 909  CYS:66.90:-67.45:-48.55:Favored:General
 A 910  GLY:93.06:-57.49:-40.93:Favored:Glycine
 A 911  GLY:75.36:-68.01:-31.54:Favored:Glycine
 A 912  MET:28.18:-72.62:-3.99:Favored:General
 A 913  GLY:9.28:-110.74:-17.21:Favored:Glycine
 A 914  CYS:23.98:-82.36:156.90:Favored:General
 A 915  ASN:20.17:-143.33:168.28:Favored:General
 A 916  ASN:2.81:-156.56:111.28:Favored:General
 A 917  ASP:0.18:72.32:-26.03:Allowed:General
 A 918  SER:0.36:-155.45:13.96:Allowed:General
 A 919  LEU:0.93:179.11:165.25:Allowed:General
 A 920  VAL:7.84:-66.30:154.42:Favored:Isoleucine or valine
 A 921  GLN:8.32:-120.82:-15.59:Favored:General
 A 922  GLN:0.28:-68.90:-70.32:Allowed:General
 A 923  ILE:0.29:-146.67:-170.76:Allowed:Isoleucine or valine
 A 924  PHE:2.80:-104.62:-52.89:Favored:General
 A 925  ASN:4.32:-144.32:-174.50:Favored:General
 A 926  ALA:1.26:-169.32:132.29:Allowed:General
 A 927  ALA:51.35:-128.34:141.72:Favored:General
 A 928  GLN:27.24:-120.87:117.39:Favored:General
 A 929  LEU:0.18:-86.29:-83.38:Allowed:General
 A 930  ASP:0.10:-155.00:-31.12:Allowed:General
 A 931  ASN:75.70:-68.55:-34.36:Favored:General
 A 932  TYR:66.20:-67.52:-26.17:Favored:General
 A 933  THR:48.88:-68.68:-50.70:Favored:General
 A 934  ARG:60.14:-61.86:-53.12:Favored:General
 A 935  ILE:39.92:-66.75:-27.43:Favored:Isoleucine or valine
 A 936  GLY:55.84:-71.09:-43.79:Favored:Glycine
 A 937  PHE:62.32:-71.02:-21.09:Favored:General
 A 938  ALA:88.33:-58.82:-41.37:Favored:Pre-proline
 A 939  PRO:1.41:-82.58:-29.43:Allowed:Trans-proline
 A 940  SER:30.51:-76.84:158.87:Favored:General
 A 941  SER:0.52:-99.24:-77.29:Allowed:General
 A 942  TRP:0.39:-147.38:-22.89:Allowed:General
 A 943  ILE:0.06:-44.03:157.38:OUTLIER:Isoleucine or valine
 A 944  ASP:56.22:-66.94:144.44:Favored:General
 A 945  ASP:49.75:-127.52:134.93:Favored:General
 A 946  TYR:52.25:-104.37:129.96:Favored:General
 A 947  PHE:34.12:-80.28:142.90:Favored:General
 A 948  ASP:34.42:-88.10:132.14:Favored:General
 A 949  TRP:7.03:-103.41:-38.81:Favored:General
 A 950  VAL:4.81:-113.05:96.59:Favored:Isoleucine or valine
 A 951  LYS:1.48:-168.88:135.25:Allowed:Pre-proline
 A 952  PRO:0.30:-64.81:-174.53:Allowed:Trans-proline
 A 953  GLN:20.17:-49.33:132.80:Favored:General
 A 954  SER:21.83:-116.68:112.87:Favored:General
 A 955  SER:50.73:-130.25:140.03:Favored:General
 A 956  CYS:2.52:-155.63:106.63:Favored:General
 A 957  CYS:1.42:-174.08:149.13:Allowed:General
 A 958  ARG:0.76:-91.34:-69.04:Allowed:General
 A 985  GLU:47.23:-69.57:150.32:Favored:General
 A 986  GLY:0.92:-112.50:-43.04:Allowed:Glycine
 A 987  LYS:84.46:-61.18:-37.86:Favored:General
 A 988  GLN:81.57:-64.27:-35.66:Favored:General
 A 989  ARG:99.01:-55.39:-43.22:Favored:Pre-proline
 A 990  PRO:30.49:-66.13:-36.13:Favored:Trans-proline
 A 991  GLN:63.62:-70.80:-46.00:Favored:General
 A 992  GLY:92.62:-60.82:-36.82:Favored:Glycine
 A 993  GLY:75.13:-70.76:-17.49:Favored:Glycine
 A 994  ASP:9.24:-81.28:-50.68:Favored:General
 A 995  PHE:2.18:-148.72:-165.07:Favored:General
 A 996  MET:0.73:59.71:69.17:Allowed:General
 A 997  ARG:54.57:-79.86:-16.85:Favored:General
 A 998  PHE:21.27:-49.09:-53.28:Favored:General
 A 999  LEU:40.50:-66.95:-50.89:Favored:Pre-proline
 A1000  PRO:39.48:-60.27:-42.78:Favored:Trans-proline
 A1001  MET:45.89:-49.14:-47.02:Favored:General
 A1002  PHE:79.08:-68.75:-37.01:Favored:General
 A1003  LEU:8.23:-77.51:-52.95:Favored:General
 A1004  SER:20.03:-73.81:-1.59:Favored:General
 A1005  ASP:72.31:-54.85:-42.71:Favored:General
 A1006  ASN:33.77:-136.33:82.83:Favored:Pre-proline
 A1007  PRO:0.19:-97.71:123.44:Allowed:Trans-proline
 A1008  ASN:0.53:-83.72:-32.75:Allowed:Pre-proline
 A1009  PRO:1.91:-94.35:166.61:Allowed:Trans-proline
 A1010  LYS:18.08:-131.19:116.74:Favored:General
 A1011  CYS:28.27:-77.57:160.89:Favored:General
 A1012  GLY:1.94:143.45:-31.09:Allowed:Glycine
 A1013  LYS:1.22:-142.95:0.50:Allowed:General
 A1014  GLY:8.53:-177.21:-150.65:Favored:Glycine
 A1015  GLY:1.44:-162.58:125.61:Allowed:Glycine
 A1016  HIS:17.81:-157.50:143.82:Favored:General
 A1017  ALA:16.15:-48.29:133.02:Favored:General
 A1018  ALA:13.20:-102.92:103.09:Favored:General
 A1019  TYR:22.03:-149.76:139.80:Favored:General
 A1020  SER:1.65:-142.25:-163.68:Allowed:General
 A1021  SER:4.71:-156.52:121.75:Favored:General
 A1022  ALA:0.44:-140.38:-39.15:Allowed:General
 A1023  VAL:5.38:-103.01:154.71:Favored:Isoleucine or valine
 A1024  ASN:44.90:-132.96:134.73:Favored:General
 A1025  ILE:44.54:-136.36:139.90:Favored:Isoleucine or valine
 A1026  LEU:16.53:-118.72:163.65:Favored:General
 A1027  LEU:0.48:-36.61:-62.17:Allowed:General
 A1028  GLY:45.82:-103.92:-3.13:Favored:Glycine
 A1029  HIS:7.46:-93.49:92.13:Favored:General
 A1030  GLY:73.19:-73.71:-6.87:Favored:Glycine
 A1031  THR:60.01:-74.99:-19.63:Favored:General
 A1032  ARG:11.01:-87.36:97.81:Favored:General
 A1033  VAL:28.37:-130.31:114.28:Favored:Isoleucine or valine
 A1034  GLY:1.26:-165.47:124.56:Allowed:Glycine
 A1035  ALA:27.23:-134.52:125.39:Favored:General
 A1036  THR:43.33:-73.74:133.49:Favored:General
 A1037  TYR:2.44:-146.18:-166.32:Favored:General
 A1038  PHE:29.42:-122.36:158.53:Favored:General
 A1039  MET:2.60:-130.24:88.10:Favored:General
 A1040  THR:7.19:-147.63:117.54:Favored:General
 A1041  TYR:3.36:-115.92:-178.26:Favored:General
 A1042  HIS:3.41:-137.95:-173.06:Favored:General
 A1043  THR:6.43:-124.09:99.83:Favored:General
 A1044  VAL:0.38:-142.13:-168.76:Allowed:Isoleucine or valine
 A1045  LEU:0.27:69.14:68.97:Allowed:General
 A1046  GLN:2.29:-125.09:-38.80:Favored:General
 A1047  THR:8.80:-131.36:175.84:Favored:General
 A1048  SER:76.21:-69.43:-35.96:Favored:General
 A1049  ALA:62.36:-71.16:-19.89:Favored:General
 A1050  ASP:96.36:-61.75:-44.72:Favored:General
 A1051  PHE:96.21:-60.67:-42.00:Favored:General
 A1052  ILE:87.90:-67.19:-42.34:Favored:Isoleucine or valine
 A1053  ASP:66.10:-68.84:-27.73:Favored:General
 A1054  ALA:66.52:-64.12:-50.88:Favored:General
 A1055  LEU:87.89:-64.46:-37.54:Favored:General
 A1056  LYS:89.07:-62.61:-46.27:Favored:General
 A1057  LYS:73.76:-70.37:-35.80:Favored:General
 A1058  ALA:82.56:-67.30:-36.95:Favored:General
 A1059  ARG:76.39:-68.21:-34.51:Favored:General
 A1060  LEU:72.44:-64.59:-31.29:Favored:General
 A1061  ILE:98.02:-63.55:-45.32:Favored:Isoleucine or valine
 A1062  ALA:78.15:-61.26:-35.76:Favored:General
 A1063  SER:72.97:-65.61:-48.23:Favored:General
 A1064  ASN:70.19:-66.45:-29.95:Favored:General
 A1065  VAL:27.31:-74.10:-50.62:Favored:Isoleucine or valine
 A1066  THR:51.55:-77.53:-22.16:Favored:General
 A1067  GLU:41.33:-79.63:-25.70:Favored:General
 A1068  THR:69.91:-68.43:-30.92:Favored:General
 A1069  MET:51.07:-63.90:132.54:Favored:General
 A1070  GLY:0.70:-84.07:-93.11:Allowed:Glycine
 A1071  ILE:0.96:-42.18:-49.77:Allowed:Isoleucine or valine
 A1072  ASN:2.98:-117.28:-176.35:Favored:General
 A1073  GLY:48.81:-101.54:-7.32:Favored:Glycine
 A1074  SER:18.04:-136.68:121.01:Favored:General
 A1075  ALA:2.11:-141.88:15.22:Favored:General
 A1076  TYR:0.10:63.03:88.28:Allowed:General
 A1077  ARG:0.06:-75.49:-83.25:Allowed:General
 A1078  VAL:0.16:-168.23:126.14:Allowed:Isoleucine or valine
 A1079  PHE:77.74:-129.00:77.56:Favored:Pre-proline
 A1080  PRO:19.16:-71.87:131.93:Favored:Trans-proline
 A1081  TYR:48.99:-121.65:144.04:Favored:General
 A1082  SER:3.30:-139.20:-172.27:Favored:General
 A1083  VAL:9.40:-106.86:9.49:Favored:Isoleucine or valine
 A1084  PHE:2.65:-138.46:8.76:Favored:General
 A1085  TYR:58.45:-87.12:-2.20:Favored:General
 A1086  VAL:7.77:-98.35:8.45:Favored:Isoleucine or valine
 A1087  PHE:3.21:-114.23:-43.55:Favored:General
 A1088  TYR:20.01:-112.28:10.25:Favored:General
 A1089  GLU:78.94:-56.04:-46.29:Favored:General
 A1090  GLN:63.34:-74.31:-38.42:Favored:General
 A1091  TYR:38.22:-78.03:-2.66:Favored:General
 A1092  LEU:15.44:-87.27:-39.39:Favored:General
 A1093  THR:21.83:-85.66:7.85:Favored:General
 A1094  ILE:24.17:-73.28:-27.55:Favored:Isoleucine or valine
 A1095  ILE:76.17:-71.04:-43.51:Favored:Isoleucine or valine
 A1096  ASP:72.70:-65.12:-31.48:Favored:General
 A1097  ASP:17.11:-68.68:-54.30:Favored:General
 A1098  THR:65.10:-53.70:-50.80:Favored:General
 A1099  ILE:61.20:-70.55:-35.36:Favored:Isoleucine or valine
 A1100  PHE:56.22:-77.12:-32.09:Favored:General
 A1101  ASN:52.58:-67.52:-51.30:Favored:General
 A1102  LEU:61.66:-74.89:-31.78:Favored:General
 A1103  GLY:86.24:-62.36:-33.45:Favored:Glycine
 A1104  VAL:87.06:-66.53:-40.71:Favored:Isoleucine or valine
 A1105  SER:66.72:-69.31:-28.97:Favored:General
 A1106  LEU:77.04:-64.05:-48.24:Favored:General
 A1107  GLY:65.59:-73.94:-27.99:Favored:Glycine
 A1108  ALA:70.25:-69.58:-31.84:Favored:General
 A1109  ILE:87.94:-67.17:-44.27:Favored:Isoleucine or valine
 A1110  PHE:68.73:-62.42:-26.87:Favored:General
 A1111  LEU:60.06:-69.65:-48.38:Favored:General
 A1112  VAL:35.04:-74.48:-34.17:Favored:Isoleucine or valine
 A1113  THR:55.10:-60.80:-18.41:Favored:General
 A1114  MET:31.54:-103.43:14.37:Favored:General
 A1115  VAL:21.96:-80.42:-45.48:Favored:Isoleucine or valine
 A1116  LEU:13.58:-109.15:24.10:Favored:General
 A1117  LEU:23.63:-157.77:151.25:Favored:General
 A1118  GLY:2.40:-137.83:32.12:Favored:Glycine
 A1119  CYS:58.91:-77.08:-9.71:Favored:General
 A1120  GLU:0.57:72.73:-14.57:Allowed:General
 A1121  LEU:0.53:-141.70:-32.26:Allowed:General
 A1122  TRP:0.45:-63.73:-67.19:Allowed:General
 A1123  SER:72.22:-69.66:-33.18:Favored:General
 A1124  ALA:3.86:-57.70:-60.32:Favored:General
 A1125  VAL:45.43:-66.14:-29.02:Favored:Isoleucine or valine
 A1126  ILE:2.30:-58.77:-60.47:Favored:Isoleucine or valine
 A1127  MET:55.49:-72.04:-46.84:Favored:General
 A1128  CYS:74.31:-67.70:-33.14:Favored:General
 A1129  ALA:69.26:-70.82:-32.26:Favored:General
 A1130  THR:86.56:-67.19:-40.70:Favored:General
 A1131  ILE:85.53:-67.72:-44.94:Favored:Isoleucine or valine
 A1132  ALA:60.20:-75.27:-29.60:Favored:General
 A1133  MET:68.60:-68.29:-29.75:Favored:General
 A1134  VAL:41.22:-75.61:-43.52:Favored:Isoleucine or valine
 A1135  LEU:81.29:-64.31:-35.57:Favored:General
 A1136  VAL:74.29:-59.40:-38.31:Favored:Isoleucine or valine
 A1137  ASN:69.14:-69.14:-30.81:Favored:General
 A1138  MET:87.14:-66.99:-39.35:Favored:General
 A1139  PHE:75.28:-66.15:-33.22:Favored:General
 A1140  GLY:81.03:-63.28:-31.52:Favored:Glycine
 A1141  VAL:56.38:-59.60:-34.86:Favored:Isoleucine or valine
 A1142  MET:75.39:-68.38:-34.07:Favored:General
 A1143  TRP:20.61:-95.15:-18.81:Favored:General
 A1144  LEU:4.32:-89.17:-53.98:Favored:General
 A1145  TRP:0.81:-91.83:-161.29:Allowed:General
 A1146  GLY:29.62:-67.90:134.11:Favored:Glycine
 A1147  ILE:13.56:-68.85:145.17:Favored:Isoleucine or valine
 A1148  SER:3.10:-145.62:98.26:Favored:General
 A1149  LEU:48.70:-131.14:136.85:Favored:General
 A1150  ASN:1.61:-174.39:-179.61:Allowed:General
 A1151  ALA:39.32:-58.10:-20.35:Favored:General
 A1152  VAL:5.22:-81.30:-57.02:Favored:Isoleucine or valine
 A1153  SER:67.65:-64.63:-24.65:Favored:General
 A1154  LEU:66.29:-52.44:-46.12:Favored:General
 A1155  VAL:47.56:-70.25:-31.55:Favored:Isoleucine or valine
 A1156  ASN:99.60:-61.46:-43.02:Favored:General
 A1157  LEU:74.44:-67.09:-32.94:Favored:General
 A1158  VAL:92.67:-59.97:-47.19:Favored:Isoleucine or valine
 A1159  MET:76.33:-67.03:-33.80:Favored:General
 A1160  SER:74.15:-64.75:-32.46:Favored:General
 A1161  CYS:76.03:-62.11:-34.28:Favored:General
 A1162  GLY:28.97:-62.75:-55.09:Favored:Glycine
 A1163  ILE:72.19:-62.21:-36.02:Favored:Isoleucine or valine
 A1164  SER:77.75:-66.68:-34.39:Favored:General
 A1165  VAL:61.84:-69.65:-49.04:Favored:Isoleucine or valine
 A1166  GLU:71.82:-62.90:-30.80:Favored:General
 A1167  PHE:0.67:-52.81:-64.89:Allowed:General
 A1168  CYS:35.48:-71.22:-50.20:Favored:General
 A1169  SER:74.68:-59.95:-35.31:Favored:General
 A1170  HIS:87.64:-66.89:-40.00:Favored:General
 A1171  ILE:31.92:-69.35:-26.62:Favored:Isoleucine or valine
 A1172  THR:7.23:-89.73:-48.49:Favored:General
 A1173  ARG:36.93:-74.40:-4.51:Favored:General
 A1174  ALA:18.63:-95.41:-21.00:Favored:General
 A1175  PHE:24.52:-83.82:-35.07:Favored:General
 A1176  THR:62.49:-74.40:-31.88:Favored:General
 A1177  VAL:0.65:-61.26:-64.26:Allowed:Isoleucine or valine
 A1178  SER:0.36:47.02:70.91:Allowed:General
 A1179  MET:88.80:-58.97:-41.96:Favored:General
 A1180  LYS:45.98:-73.09:138.64:Favored:General
 A1181  GLY:0.61:-138.73:58.66:Allowed:Glycine
 A1182  SER:0.11:-81.26:-84.10:Allowed:General
 A1183  ARG:0.10:-156.03:-27.12:Allowed:General
 A1184  VAL:0.62:-130.19:-35.09:Allowed:Isoleucine or valine
 A1185  GLU:81.70:-65.72:-35.77:Favored:General
 A1186  ARG:50.81:-77.49:-25.88:Favored:General
 A1187  ALA:72.03:-65.07:-48.92:Favored:General
 A1188  GLU:64.56:-68.52:-23.60:Favored:General
 A1189  GLU:99.40:-62.28:-43.19:Favored:General
 A1190  ALA:81.05:-63.01:-47.92:Favored:General
 A1191  LEU:66.16:-62.27:-22.63:Favored:General
 A1192  ALA:33.72:-61.77:-55.10:Favored:General
 A1193  HIS:30.87:-86.67:-18.60:Favored:General
 A1194  MET:21.24:-98.75:-12.12:Favored:General
 A1195  GLY:73.36:-67.66:-22.24:Favored:Glycine
 A1196  SER:96.59:-63.70:-43.44:Favored:General
 A1197  SER:62.74:-73.12:-29.23:Favored:General
 A1198  VAL:18.83:-72.18:-17.24:Favored:Isoleucine or valine
 A1199  PHE:15.75:-100.98:-19.68:Favored:General
 A1200  SER:0.50:-74.41:-68.75:Allowed:General
 A1201  GLY:55.67:-73.41:-35.88:Favored:Glycine
 A1202  ILE:0.80:-58.85:-62.94:Allowed:Isoleucine or valine
 A1203  THR:75.01:-59.10:-36.37:Favored:General
 A1204  LEU:77.74:-63.68:-48.30:Favored:General
 A1205  THR:72.03:-64.68:-31.00:Favored:General
 A1206  LYS:88.64:-62.70:-46.33:Favored:General
 A1207  PHE:63.84:-69.35:-18.86:Favored:General
 A1208  GLY:8.21:-80.00:-45.62:Favored:Glycine
 A1209  GLY:89.81:-64.22:-34.40:Favored:Glycine
 A1210  ILE:36.78:-68.19:-27.34:Favored:Isoleucine or valine
 A1211  VAL:71.45:-64.46:-34.74:Favored:Isoleucine or valine
 A1212  VAL:63.21:-72.57:-40.78:Favored:Isoleucine or valine
 A1213  LEU:1.24:-84.54:-63.97:Allowed:General
 A1214  ALA:10.06:-84.23:76.86:Favored:General
 A1215  PHE:2.60:-169.48:142.38:Favored:General
 A1216  ALA:1.66:-66.27:106.34:Allowed:General
 A1217  LYS:50.32:-131.59:153.03:Favored:General
 A1218  SER:7.56:-88.39:175.60:Favored:General
 A1219  GLN:0.34:61.73:77.18:Allowed:General
 A1220  ILE:19.16:-55.69:-25.92:Favored:Isoleucine or valine
 A1221  PHE:3.36:-45.62:-58.52:Favored:General
 A1222  GLN:49.82:-82.02:-16.55:Favored:General
 A1223  ILE:75.59:-64.43:-35.87:Favored:Isoleucine or valine
 A1224  PHE:26.08:-83.44:-32.41:Favored:General
 A1225  TYR:85.94:-61.13:-47.50:Favored:General
 A1226  PHE:56.29:-90.81:2.20:Favored:General
 A1227  ARG:59.81:-75.86:-32.59:Favored:General
 A1228  MET:25.60:-82.62:-36.99:Favored:General
 A1229  TYR:16.43:-52.75:-56.32:Favored:General
 A1230  LEU:70.71:-65.72:-30.09:Favored:General
 A1231  ALA:70.46:-66.56:-48.18:Favored:General
 A1232  MET:62.53:-73.50:-29.49:Favored:General
 A1233  VAL:81.31:-66.54:-38.26:Favored:Isoleucine or valine
 A1234  LEU:72.23:-68.14:-45.92:Favored:General
 A1235  LEU:84.20:-67.64:-41.24:Favored:General
 A1236  GLY:90.10:-64.89:-34.52:Favored:Glycine
 A1237  ALA:91.59:-65.75:-39.93:Favored:General
 A1238  THR:96.61:-64.28:-42.06:Favored:General
 A1239  HIS:17.07:-66.11:-55.31:Favored:General
 A1240  GLY:63.96:-53.41:-41.91:Favored:Glycine
 A1241  LEU:54.59:-58.84:-53.77:Favored:General
 A1242  ILE:10.66:-81.49:-29.71:Favored:Isoleucine or valine
 A1243  PHE:67.05:-70.39:-44.90:Favored:General
 A1244  LEU:64.79:-65.24:-43.32:Favored:Pre-proline
 A1245  PRO:42.04:-66.37:-31.90:Favored:Trans-proline
 A1246  VAL:92.21:-59.71:-43.77:Favored:Isoleucine or valine
 A1247  LEU:97.90:-63.17:-40.56:Favored:General
 A1248  LEU:96.75:-64.27:-41.80:Favored:General
 A1249  SER:78.37:-62.51:-35.12:Favored:General
 A1250  TYR:15.10:-73.13:-52.20:Favored:General
SUMMARY: 1011 Favored, 99 Allowed, 15 Outlier out of 1125 residues (altloc A where applicable)
SUMMARY: 1.33% outliers (Goal: < 0.2%)
SUMMARY: 89.87% favored (Goal: > 98%)
