residue:occupancy:score%:chi1:chi2:chi3:chi4:evaluation:rotamer
 A  23  GLN:1.00:3.4:301.0:204.1:174.4::Favored:mt0
 A  24  SER:1.00:15.9:187.6::::Favored:t
 A  25  CYS:1.00:2.4:318.9::::Favored:m
 A  26  VAL:1.00:31.3:297.0::::Favored:m
 A  27  TRP:1.00:1.0:65.5:53.8:::Allowed:p90
 A  28  TYR:1.00:32.9:184.1:280.8:::Favored:t80
 A  30  GLU:1.00:87.5:284.5:175.7:185.6::Favored:mt-10
 A  31  CYS:1.00:1.1:270.0::::Allowed:m
 A  33  ILE:1.00:36.4:302.1:294.7:::Favored:mm
 A  35  TYR:1.00:23.8:71.4:283.4:::Favored:p90
 A  37  ASP:1.00:25.4:74.6:352.7:::Favored:p0
 A  38  LYS:1.00:56.5:294.9:177.4:172.0:292.6:Favored:mttm
 A  39  ARG:1.00:10.7:308.4:295.2:195.7:148.5:Favored:mmt180
 A  40  TYR:1.00:67.4:288.9:286.1:::Favored:m-80
 A  41  ASN:1.00:14.4:300.4:0.0:::Favored:m-40
 A  42  CYS:1.00:74.7:297.1::::Favored:m
 A  43  GLU:1.00:10.3:188.9:157.5:58.1::Favored:tt0
 A  44  TYR:1.00:46.4:184.4:61.8:::Favored:t80
 A  45  SER:1.00:97.7:65.2::::Favored:p
 A  47  PRO:1.00:45.7:33.5:317.7:35.0::Favored:Cg_endo
 A  48  PRO:1.00:5.7:11.2:337.6:25.0::Favored:Cg_endo
 A  49  LYS:1.00:4.2:296.7:194.4:142.3:284.7:Favored:mttm
 A  50  PRO:1.00:86.8:330.2:39.3:328.8::Favored:Cg_exo
 A  51  LEU:1.00:9.5:185.5:78.8:::Favored:tp
 A  52  PRO:1.00:90.5:329.6:39.1:324.7::Favored:Cg_exo
 A  53  LYS:1.00:3.7:311.1:149.3:157.6:57.5:Favored:mttp
 A  54  ASP:1.00:27.5:54.7:14.0:::Favored:p0
 A  56  TYR:1.00:26.5:297.4:339.8:::Favored:m-10
 A  57  ASP:1.00:0.6:308.6:2.6:::Allowed:m-30
 A  58  LEU:1.00:69.9:290.9:165.6:::Favored:mt
 A  59  VAL:1.00:0.1:91.2::::OUTLIER:OUTLIER
 A  60  GLN:1.00:70.3:294.6:178.7:68.6::Favored:mt0
 A  61  GLU:1.00:16.0:166.0:169.0:52.5::Favored:tt0
 A  62  LEU:1.00:11.1:293.4:154.3:::Favored:mt
 A  63  CYS:1.00:72.2:297.8::::Favored:m
 A  64  PRO:1.00:64.4:31.4:324.0:27.6::Favored:Cg_endo
 A  66  PHE:1.00:14.6:289.2:320.9:::Favored:m-10
 A  67  PHE:1.00:89.1:178.6:75.7:::Favored:t80
 A  68  PHE:1.00:3.4:72.9:115.3:::Favored:p90
 A  70  ASN:1.00:7.2:290.9:68.5:::Favored:m110
 A  71  VAL:1.00:0.4:200.4::::Allowed:t
 A  72  SER:1.00:73.0:295.6::::Favored:m
 A  73  LEU:1.00:76.2:299.2:171.6:::Favored:mt
 A  74  CYS:1.00:7.8:279.5::::Favored:m
 A  75  CYS:1.00:29.7:64.1::::Favored:p
 A  76  ASP:1.00:22.6:70.2:338.7:::Favored:p0
 A  77  VAL:1.00:43.8:182.7::::Favored:t
 A  78  ARG:1.00:13.5:178.4:49.4:71.2:172.9:Favored:tpp-160
 A  79  GLN:1.00:49.3:280.8:175.9:285.7::Favored:mt0
 A  80  LEU:1.00:26.7:296.1:161.4:::Favored:mt
 A  81  GLN:1.00:15.5:173.9:77.2:86.1::Favored:tp40
 A  82  THR:1.00:2.8:284.9::::Favored:m
 A  83  LEU:1.00:55.0:173.9:60.5:::Favored:tp
 A  84  LYS:1.00:60.9:184.3:179.6:165.9:194.2:Favored:tttt
 A  85  ASP:1.00:13.9:290.1:12.9:::Favored:m-30
 A  86  ASN:1.00:11.2:300.5:142.9:::Favored:m110
 A  87  LEU:1.00:4.3:208.9:54.1:::Favored:tp
 A  88  GLN:1.00:11.0:301.3:177.5:212.0::Favored:mt0
 A  89  LEU:1.00:33.1:307.6:184.1:::Favored:mt
 A  90  PRO:1.00:0.0:316.4:42.2:334.0::OUTLIER:OUTLIER
 A  91  LEU:1.00:8.2:172.7:48.6:::Favored:tp
 A  92  GLN:1.00:53.1:182.4:49.2:52.8::Favored:tp40
 A  93  PHE:1.00:19.1:311.9:303.8:::Favored:m-80
 A  94  LEU:1.00:68.3:304.0:178.1:::Favored:mt
 A  95  SER:1.00:95.5:64.9::::Favored:p
 A  96  ARG:1.00:96.1:289.8:178.7:178.0:277.6:Favored:mtt-85
 A  97  CYS:1.00:17.1:171.8::::Favored:t
 A  98  PRO:1.00:0.1:320.9:38.4:337.8::OUTLIER:OUTLIER
 A  99  SER:1.00:48.7:301.5::::Favored:m
 A 100  CYS:1.00:0.6:158.7::::Allowed:t
 A 101  PHE:1.00:13.3:182.7:41.6:::Favored:t80
 A 102  TYR:1.00:42.8:167.5:84.7:::Favored:t80
 A 103  ASN:1.00:86.9:289.0:349.8:::Favored:m-40
 A 104  LEU:1.00:4.4:195.2:81.9:::Favored:tp
 A 105  LEU:1.00:0.3:242.0:179.0:::OUTLIER:OUTLIER
 A 106  ASN:1.00:35.0:294.2:2.0:::Favored:m-40
 A 107  LEU:1.00:40.2:179.1:54.4:::Favored:tp
 A 108  PHE:1.00:14.2:309.2:312.4:::Favored:m-80
 A 109  CYS:1.00:70.2:298.4::::Favored:m
 A 110  GLU:1.00:54.9:295.5:288.3:317.5::Favored:mm-30
 A 111  LEU:1.00:10.5:185.7:47.2:::Favored:tp
 A 112  THR:1.00:32.2:306.5::::Favored:m
 A 113  CYS:1.00:70.6:287.3::::Favored:m
 A 114  SER:1.00:29.5:172.8::::Favored:t
 A 115  PRO:1.00:35.6:22.4:330.0:27.0::Favored:Cg_endo
 A 116  ARG:1.00:7.0:45.0:178.2:55.5:183.2:Favored:ptp-170
 A 117  GLN:1.00:26.6:273.9:165.4:20.2::Favored:mt0
 A 118  SER:1.00:8.7:49.8::::Favored:p
 A 119  GLN:1.00:62.9:294.2:191.0:340.8::Favored:mt0
 A 120  PHE:1.00:23.8:49.1:85.5:::Favored:p90
 A 121  LEU:1.00:20.7:302.7:164.6:::Favored:mt
 A 122  ASN:1.00:0.6:157.5:45.8:::Allowed:t0
 A 123  VAL:1.00:40.8:167.8::::Favored:t
 A 124  THR:1.00:2.1:42.4::::Favored:p
 A 126  THR:1.00:73.4:61.5::::Favored:p
 A 127  GLU:1.00:22.9:69.7:185.4:351.4::Favored:pt0
 A 128  ASP:1.00:60.6:279.6:342.6:::Favored:m-30
 A 129  TYR:1.00:26.5:176.6:53.2:::Favored:t80
 A 130  VAL:1.00:9.5:289.7::::Favored:m
 A 131  ASP:1.00:0.6:222.5:203.0:::Allowed:t0
 A 132  PRO:1.00:10.9:38.9:313.5:36.5::Favored:Cg_endo
 A 133  VAL:1.00:6.2:59.1::::Favored:p
 A 134  THR:1.00:50.4:65.6::::Favored:p
 A 135  ASN:1.00:0.6:311.0:2.6:::Allowed:m-40
 A 136  GLN:1.00:47.0:285.8:313.3:312.7::Favored:mm-40
 A 137  THR:1.00:57.5:303.7::::Favored:m
 A 138  LYS:1.00:1.2:293.5:194.2:121.6:290.0:Allowed:mttm
 A 139  THR:1.00:0.4:36.7::::Allowed:p
 A 140  ASN:1.00:67.0:305.2:315.9:::Favored:m-40
 A 141  VAL:1.00:60.2:179.9::::Favored:t
 A 142  LYS:1.00:55.5:170.0:189.9:174.8:170.0:Favored:tttt
 A 143  GLU:1.00:23.3:197.1:178.8:32.0::Favored:tt0
 A 144  LEU:1.00:1.1:79.3:181.5:::Allowed:pt
 A 145  GLN:1.00:9.8:193.3:162.0:254.2::Favored:tt0
 A 146  TYR:1.00:1.8:186.3:4.5:::Allowed:t80
 A 147  TYR:1.00:67.3:303.0:109.4:::Favored:m-80
 A 148  VAL:1.00:12.8:188.9::::Favored:t
 A 150  GLN:1.00:3.7:187.4:175.8:153.5::Favored:tt0
 A 151  SER:1.00:30.0:303.0::::Favored:m
 A 152  PHE:1.00:82.5:175.7:263.5:::Favored:t80
 A 154  ASN:1.00:9.9:305.6:140.9:::Favored:m110
 A 156  MET:1.00:56.8:178.6:182.1:79.2::Favored:ttp
 A 157  TYR:1.00:85.3:173.3:79.3:::Favored:t80
 A 158  ASN:1.00:4.3:166.5:249.1:::Favored:t0
 A 160  CYS:1.00:84.6:295.4::::Favored:m
 A 161  ARG:1.00:4.0:75.4:187.2:267.8:197.9:Favored:ptm160
 A 162  ASP:1.00:25.7:308.3:300.7:::Favored:m-30
 A 163  VAL:1.00:32.6:185.5::::Favored:t
 A 164  GLU:1.00:31.2:305.2:177.9:293.1::Favored:mt-10
 A 166  PRO:1.00:7.2:323.6:37.8:335.0::Favored:Cg_exo
 A 167  SER:1.00:70.9:59.1::::Favored:p
 A 168  SER:1.00:63.1:297.9::::Favored:m
 A 169  ASN:1.00:31.5:303.9:113.8:::Favored:m110
 A 170  ASP:1.00:44.1:305.4:136.4:::Favored:m-30
 A 171  LYS:1.00:26.6:297.5:306.9:159.3:171.7:Favored:mmtt
 A 173  LEU:1.00:26.1:309.6:184.1:::Favored:mt
 A 175  LEU:1.00:98.2:293.5:172.4:::Favored:mt
 A 176  LEU:1.00:95.6:297.0:175.7:::Favored:mt
 A 177  CYS:1.00:6.4:197.7::::Favored:t
 A 179  LYS:1.00:3.4:58.4:195.1:69.5:49.3:Favored:ptpp
 A 180  ASP:1.00:80.4:289.2:332.4:::Favored:m-30
 A 182  ASP:1.00:4.5:79.2:331.1:::Favored:p0
 A 184  CYS:1.00:51.4:180.4::::Favored:t
 A 185  ASN:1.00:79.1:293.2:309.8:::Favored:m-40
 A 187  THR:1.00:67.9:58.7::::Favored:p
 A 188  ASN:1.00:0.0:98.3:3.5:::OUTLIER:OUTLIER
 A 189  TRP:1.00:8.3:193.3:41.8:::Favored:t60
 A 190  ILE:1.00:46.7:302.5:161.2:::Favored:mt
 A 191  GLU:1.00:2.6:177.3:274.7:301.4::Favored:tm-30
 A 192  TYR:1.00:71.2:177.2:88.4:::Favored:t80
 A 193  MET:1.00:52.6:285.9:186.6:301.2::Favored:mtm
 A 194  PHE:1.00:13.1:288.9:328.1:::Favored:m-10
 A 195  ASN:1.00:39.2:190.8:358.6:::Favored:t0
 A 196  LYS:1.00:0.0:45.0:67.4:62.7:173.6:OUTLIER:OUTLIER
 A 197  ASP:1.00:70.6:298.3:312.6:::Favored:m-30
 A 198  ASN:1.00:28.6:73.6:357.0:::Favored:p0
 A 200  GLN:1.00:79.1:187.6:64.7:64.5::Favored:tp40
 A 202  PRO:1.00:39.3:23.2:326.3:32.2::Favored:Cg_endo
 A 203  PHE:1.00:25.6:50.4:91.0:::Favored:p90
 A 204  THR:1.00:56.9:303.8::::Favored:m
 A 205  ILE:1.00:2.8:309.5:91.1:::Favored:mp
 A 206  THR:1.00:0.4:36.8::::Allowed:p
 A 207  PRO:1.00:30.2:35.2:321.9:28.3::Favored:Cg_endo
 A 208  VAL:1.00:58.9:180.1::::Favored:t
 A 209  PHE:1.00:71.2:289.6:284.9:::Favored:m-80
 A 210  SER:1.00:33.7:182.8::::Favored:t
 A 211  ASP:1.00:44.7:281.5:330.0:::Favored:m-30
 A 212  PHE:1.00:21.3:311.2:270.6:::Favored:m-80
 A 213  PRO:1.00:9.5:324.1:39.5:327.9::Favored:Cg_exo
 A 214  VAL:1.00:81.2:176.5::::Favored:t
 A 215  HIS:1.00:36.6:310.8:268.5:::Favored:m-70
 A 217  MET:1.00:11.4:288.0:277.2:176.2::Favored:mmt
 A 218  GLU:1.00:21.4:280.4:166.9:46.4::Favored:mt-10
 A 219  PRO:1.00:88.9:329.9:40.7:322.8::Favored:Cg_exo
 A 220  MET:1.00:9.3:163.0:284.3:285.9::Favored:tmm
 A 221  ASN:1.00:3.7:181.8:89.9:::Favored:t0
 A 222  ASN:1.00:75.9:288.3:354.8:::Favored:m-40
 A 224  THR:1.00:0.3:35.2::::OUTLIER:OUTLIER
 A 225  LYS:1.00:48.3:295.1:286.1:196.7:194.8:Favored:mmtt
 A 227  CYS:1.00:22.3:58.9::::Favored:p
 A 228  ASP:1.00:2.4:82.3:330.6:::Favored:p0
 A 229  GLU:1.00:49.6:298.3:190.0:205.6::Favored:mt-10
 A 230  SER:1.00:8.4:309.0::::Favored:m
 A 231  VAL:1.00:41.0:183.2::::Favored:t
 A 232  ASP:1.00:49.3:61.8:351.0:::Favored:p0
 A 233  GLU:1.00:1.4:286.2:59.2:80.1::Allowed:mp0
 A 234  VAL:1.00:0.2:276.3::::OUTLIER:OUTLIER
 A 235  THR:1.00:99.6:300.4::::Favored:m
 A 237  PRO:1.00:1.1:0.0:348.6:18.7::Allowed:Cg_endo
 A 238  CYS:1.00:67.3:299.5::::Favored:m
 A 239  SER:1.00:3.3:44.4::::Favored:p
 A 240  CYS:1.00:6.0:167.9::::Favored:t
 A 241  GLN:1.00:4.2:178.3:178.4:163.0::Favored:tt0
 A 242  ASP:1.00:71.7:289.4:358.3:::Favored:m-30
 A 243  CYS:1.00:10.9:194.7::::Favored:t
 A 244  SER:1.00:80.2:61.4::::Favored:p
 A 245  ILE:1.00:5.2:318.1:173.6:::Favored:mt
 A 246  VAL:1.00:26.7:295.8::::Favored:m
 A 247  CYS:1.00:3.0:275.1::::Favored:m
 A 249  PRO:1.00:12.5:16.6:335.7:23.7::Favored:Cg_endo
 A 250  LYS:1.00:1.2:285.4:93.1:180.4:69.3:Allowed:mptp
 A 251  PRO:1.00:0.0:317.0:38.6:338.9::OUTLIER:OUTLIER
 A 252  GLN:1.00:0.0:49.2:65.6:247.8::OUTLIER:OUTLIER
 A 253  PRO:1.00:0.1:42.7:326.4:11.2::OUTLIER:OUTLIER
 A 254  PRO:1.00:71.1:27.4:330.2:21.1::Favored:Cg_endo
 A 255  PRO:1.00:69.4:31.2:330.9:15.8::Favored:Cg_endo
 A 256  PRO:1.00:8.9:39.3:336.3:359.7::Favored:Cg_endo
 A 257  PRO:1.00:0.5:42.0:316.6:27.8::Allowed:Cg_endo
 A 259  PRO:1.00:70.8:29.3:326.7:24.9::Favored:Cg_endo
 A 260  TRP:1.00:69.4:174.7:253.8:::Favored:t-100
 A 261  THR:1.00:0.1:158.8::::OUTLIER:OUTLIER
 A 262  ILE:1.00:20.9:188.9:164.6:::Favored:tt
 A 263  LEU:1.00:4.3:183.4:160.3:::Favored:tt
 A 265  LEU:1.00:0.1:159.1:157.9:::OUTLIER:OUTLIER
 A 266  ASP:1.00:42.4:177.1:193.4:::Favored:t0
 A 268  MET:1.00:28.6:185.2:169.3:181.5::Favored:ttt
 A 269  TYR:1.00:5.3:153.8:72.0:::Favored:t80
 A 270  VAL:1.00:16.0:187.9::::Favored:t
 A 271  ILE:1.00:4.9:198.2:179.5:::Favored:tt
 A 272  MET:1.00:26.8:176.1:181.4:185.2::Favored:ttt
 A 273  TRP:1.00:21.4:162.8:261.1:::Favored:t-100
 A 274  ILE:1.00:63.2:296.5:160.9:::Favored:mt
 A 275  THR:1.00:1.6:319.2::::Allowed:m
 A 276  TYR:1.00:3.0:163.8:43.0:::Favored:t80
 A 277  MET:1.00:10.6:182.8:157.2:189.0::Favored:ttt
 A 279  PHE:1.00:87.1:175.3:75.3:::Favored:t80
 A 280  LEU:1.00:40.2:172.3:58.8:::Favored:tp
 A 281  LEU:1.00:0.9:166.8:144.4:::Allowed:tt
 A 282  VAL:1.00:58.9:170.6::::Favored:t
 A 283  PHE:1.00:64.9:169.1:79.2:::Favored:t80
 A 284  PHE:1.00:10.1:197.5:55.6:::Favored:t80
 A 287  PHE:1.00:0.2:156.0:105.7:::OUTLIER:OUTLIER
 A 288  PHE:1.00:67.2:181.9:67.5:::Favored:t80
 A 331  PHE:1.00:17.8:164.9:89.3:::Favored:t80
 A 332  GLU:1.00:55.5:176.4:189.7:189.5::Favored:tt0
 A 334  CYS:1.00:2.5:203.2::::Favored:t
 A 335  LEU:1.00:18.3:166.7:64.8:::Favored:tp
 A 336  ARG:1.00:35.2:160.9:184.0:292.6:275.8:Favored:ttm-80
 A 337  ARG:1.00:5.3:158.4:152.3:77.9:191.0:Favored:ttp-170
 A 338  LEU:1.00:6.7:183.2:144.1:::Favored:tt
 A 339  PHE:1.00:79.6:174.1:72.3:::Favored:t80
 A 340  THR:1.00:49.2:304.3::::Favored:m
 A 341  ARG:1.00:0.9:165.2:261.9:182.1:76.4:Allowed:tmt90
 A 342  TRP:1.00:8.3:158.1:241.8:::Favored:t-100
 A 344  SER:1.00:17.7:186.7::::Favored:t
 A 345  PHE:1.00:15.4:180.7:43.9:::Favored:t80
 A 346  CYS:1.00:11.9:194.0::::Favored:t
 A 347  VAL:1.00:86.9:173.8::::Favored:t
 A 348  ARG:1.00:7.0:211.5:169.2:74.8:216.6:Favored:ttp-170
 A 349  ASN:1.00:3.7:173.7:233.3:::Favored:t0
 A 350  PRO:1.00:38.9:23.1:336.3:16.7::Favored:Cg_endo
 A 352  CYS:1.00:20.3:191.1::::Favored:t
 A 353  VAL:1.00:59.0:180.1::::Favored:t
 A 354  ILE:1.00:8.6:180.4:159.7:::Favored:tt
 A 355  PHE:1.00:71.2:181.0:68.8:::Favored:t80
 A 356  PHE:1.00:90.8:175.1:77.4:::Favored:t80
 A 357  SER:1.00:9.6:191.3::::Favored:t
 A 358  LEU:1.00:7.5:203.4:62.2:::Favored:tp
 A 359  VAL:1.00:12.4:162.7::::Favored:t
 A 360  PHE:1.00:11.4:165.3:57.4:::Favored:t80
 A 361  ILE:1.00:2.9:175.5:156.1:::Favored:tt
 A 362  THR:1.00:36.4:305.6::::Favored:m
 A 364  CYS:1.00:9.5:195.3::::Favored:t
 A 365  SER:1.00:40.0:176.7::::Favored:t
 A 366  SER:1.00:18.7:169.7::::Favored:t
 A 368  LEU:1.00:14.0:298.2:158.7:::Favored:mt
 A 369  VAL:1.00:0.2:147.9::::OUTLIER:OUTLIER
 A 370  PHE:1.00:66.0:172.6:85.7:::Favored:t80
 A 371  VAL:1.00:56.3:180.4::::Favored:t
 A 372  ARG:1.00:0.0:198.4:317.5:179.3:142.5:OUTLIER:OUTLIER
 A 373  VAL:1.00:4.3:192.0::::Favored:t
 A 374  THR:1.00:4.7:196.0::::Favored:t
 A 375  THR:1.00:0.4:205.7::::Allowed:t
 A 376  ASN:1.00:4.4:166.7:249.1:::Favored:t0
 A 377  PRO:1.00:63.9:335.7:31.6:330.8::Favored:Cg_exo
 A 378  VAL:1.00:72.2:178.5::::Favored:t
 A 379  ASP:1.00:0.1:152.2:238.4:::OUTLIER:OUTLIER
 A 380  LEU:1.00:6.2:167.0:51.4:::Favored:tp
 A 381  TRP:1.00:0.3:48.0:17.1:::Allowed:p90
 A 382  SER:1.00:92.1:66.5::::Favored:p
 A 384  PRO:1.00:18.4:18.6:328.6:31.1::Favored:Cg_endo
 A 385  SER:1.00:89.6:63.0::::Favored:p
 A 386  SER:1.00:40.6:55.8::::Favored:p
 A 387  GLN:1.00:33.8:293.6:189.7:256.6::Favored:mt0
 A 389  ARG:1.00:5.5:290.7:304.0:152.0:168.4:Favored:mmt180
 A 390  LEU:1.00:77.8:302.4:178.8:::Favored:mt
 A 391  GLU:1.00:61.6:283.3:187.0:11.3::Favored:mt-10
 A 392  LYS:1.00:11.3:159.6:67.9:166.3:56.9:Favored:tptp
 A 393  GLU:1.00:15.4:300.5:162.0:53.8::Favored:mt-10
 A 394  TYR:1.00:0.1:228.3:40.3:::OUTLIER:OUTLIER
 A 395  PHE:1.00:52.9:174.8:90.7:::Favored:t80
 A 396  ASP:1.00:44.4:299.7:348.9:::Favored:m-30
 A 397  GLN:1.00:26.0:310.0:176.0:87.3::Favored:mt0
 A 398  HIS:1.00:32.5:291.9:317.3:::Favored:m-70
 A 399  PHE:1.00:8.6:316.9:100.0:::Favored:m-80
 A 401  PRO:1.00:75.6:28.8:326.2:27.2::Favored:Cg_endo
 A 402  PHE:1.00:0.1:63.2:315.8:::OUTLIER:OUTLIER
 A 403  PHE:1.00:3.1:47.3:247.6:::Favored:p90
 A 404  ARG:1.00:2.6:55.1:173.7:77.7:270.2:Favored:ptp-110
 A 405  THR:1.00:1.5:40.7::::Allowed:p
 A 406  GLU:1.00:5.5:293.3:71.5:245.6::Favored:mp0
 A 407  GLN:1.00:8.8:190.4:175.0:117.1::Favored:tt0
 A 408  LEU:1.00:85.6:294.6:169.7:::Favored:mt
 A 409  ILE:1.00:6.8:179.6:158.6:::Favored:tt
 A 410  ILE:1.00:4.3:305.2:192.6:::Favored:mt
 A 411  ARG:1.00:12.6:320.5:172.6:191.4:74.4:Favored:mtt90
 A 413  PRO:1.00:29.6:21.2:336.4:17.8::Favored:Cg_endo
 A 414  LEU:1.00:22.6:310.3:184.3:::Favored:mt
 A 415  THR:1.00:3.7:315.3::::Favored:m
 A 416  ASP:1.00:1.4:290.9:41.4:::Allowed:m-30
 A 417  LYS:1.00:0.2:19.6:174.7:59.3:154.9:OUTLIER:OUTLIER
 A 418  HIS:1.00:2.4:37.6:273.8:::Favored:p-80
 A 419  ILE:1.00:0.3:331.1:294.8:::Allowed:mm
 A 420  TYR:1.00:64.2:179.0:245.9:::Favored:t80
 A 421  GLN:1.00:0.9:297.9:51.2:83.3::Allowed:mp10
 A 422  PRO:1.00:12.6:16.7:337.2:21.2::Favored:Cg_endo
 A 423  TYR:1.00:55.9:174.9:270.1:::Favored:t80
 A 424  PRO:1.00:18.9:37.1:328.6:14.5::Favored:Cg_endo
 A 425  SER:1.00:96.4:66.0::::Favored:p
 A 428  ASP:1.00:79.6:282.0:354.8:::Favored:m-30
 A 429  VAL:1.00:5.1:191.7::::Favored:t
 A 430  PRO:1.00:48.6:25.0:327.5:26.4::Favored:Cg_endo
 A 431  PHE:1.00:65.9:287.7:103.6:::Favored:m-80
 A 433  PRO:1.00:69.2:328.8:38.9:329.3::Favored:Cg_exo
 A 434  PRO:1.00:9.6:39.1:321.3:24.0::Favored:Cg_endo
 A 435  LEU:1.00:75.8:287.6:169.7:::Favored:mt
 A 436  ASP:1.00:37.3:174.2:3.9:::Favored:t0
 A 437  ILE:1.00:0.7:188.7:43.8:::Allowed:tp
 A 438  GLN:1.00:33.2:293.1:307.4:280.8::Favored:mm-40
 A 439  ILE:1.00:0.0:98.7:90.1:::OUTLIER:OUTLIER
 A 440  LEU:1.00:18.4:280.8:160.6:::Favored:mt
 A 441  HIS:1.00:66.7:287.5:300.2:::Favored:m-70
 A 442  GLN:1.00:83.3:283.6:174.0:313.3::Favored:mt0
 A 443  VAL:1.00:92.2:174.4::::Favored:t
 A 444  LEU:1.00:65.1:178.2:57.6:::Favored:tp
 A 445  ASP:1.00:94.8:290.8:341.2:::Favored:m-30
 A 446  LEU:1.00:4.0:157.9:66.8:::Favored:tp
 A 447  GLN:1.00:15.7:186.9:170.0:246.7::Favored:tt0
 A 448  ILE:1.00:46.8:288.8:159.0:::Favored:mt
 A 450  ILE:1.00:8.1:294.8:148.5:::Favored:mt
 A 451  GLU:1.00:27.0:291.0:159.5:36.2::Favored:mt-10
 A 452  ASN:1.00:54.8:190.4:23.5:::Favored:t0
 A 453  ILE:1.00:66.5:303.6:172.8:::Favored:mt
 A 454  THR:1.00:10.0:46.6::::Favored:p
 A 456  SER:1.00:61.2:57.9::::Favored:p
 A 457  TYR:1.00:68.8:171.7:70.7:::Favored:t80
 A 458  ASP:1.00:1.5:313.6:339.4:::Allowed:m-30
 A 459  ASN:1.00:0.2:259.7:239.1:::OUTLIER:OUTLIER
 A 460  GLU:1.00:73.8:292.3:181.8:26.1::Favored:mt-10
 A 461  THR:1.00:0.0:19.5::::OUTLIER:OUTLIER
 A 462  VAL:1.00:61.4:179.8::::Favored:t
 A 463  THR:1.00:7.6:77.5::::Favored:p
 A 464  LEU:1.00:9.7:185.9:46.6:::Favored:tp
 A 465  GLN:1.00:1.4:293.6:48.5:233.2::Allowed:mp-120
 A 466  ASP:1.00:10.2:311.3:323.8:::Favored:m-30
 A 467  ILE:1.00:0.9:63.9:196.5:::Allowed:pt
 A 468  CYS:1.00:13.8:73.1::::Favored:p
 A 469  LEU:1.00:22.4:188.4:55.8:::Favored:tp
 A 471  PRO:1.00:31.0:35.0:321.6:30.4::Favored:Cg_endo
 A 472  LEU:1.00:1.9:276.9:82.4:::Allowed:mp
 A 473  SER:1.00:64.1:297.5::::Favored:m
 A 474  PRO:1.00:26.5:35.8:329.2:14.3::Favored:Cg_endo
 A 475  TYR:1.00:16.7:159.4:71.6:::Favored:t80
 A 476  ASN:1.00:46.2:182.9:11.9:::Favored:t0
 A 477  THR:1.00:80.1:60.5::::Favored:p
 A 478  ASN:1.00:12.5:285.6:19.6:::Favored:m-40
 A 479  CYS:1.00:72.8:297.6::::Favored:m
 A 480  THR:1.00:28.4:307.1::::Favored:m
 A 481  ILE:1.00:3.9:319.7:175.9:::Favored:mt
 A 482  LEU:1.00:33.7:309.3:179.7:::Favored:mt
 A 483  SER:1.00:33.9:182.7::::Favored:t
 A 484  VAL:1.00:21.9:301.7::::Favored:m
 A 485  LEU:1.00:0.7:283.0:312.6:::Allowed:mm
 A 486  ASN:1.00:47.6:202.6:36.2:::Favored:t0
 A 487  TYR:1.00:45.8:298.0:301.5:::Favored:m-80
 A 488  PHE:1.00:48.9:305.6:114.8:::Favored:m-80
 A 489  GLN:1.00:33.5:293.6:77.8:39.6::Favored:mp10
 A 490  ASN:1.00:0.6:320.0:142.4:::Allowed:m110
 A 491  SER:1.00:46.3:179.7::::Favored:t
 A 492  HIS:1.00:59.1:291.9:259.1:::Favored:m-70
 A 493  SER:1.00:0.8:38.0::::Allowed:p
 A 494  VAL:1.00:20.5:186.9::::Favored:t
 A 495  LEU:1.00:14.4:167.5:70.5:::Favored:tp
 A 496  ASP:1.00:18.8:283.0:14.5:::Favored:m-30
 A 497  HIS:1.00:38.3:300.2:173.8:::Favored:m170
 A 498  LYS:1.00:20.6:189.4:171.9:50.7:181.4:Favored:ttpt
 A 499  LYS:1.00:27.3:175.7:49.1:187.3:185.1:Favored:tptt
 A 501  ASP:1.00:55.2:62.9:356.3:::Favored:p0
 A 502  ASP:1.00:65.1:301.2:315.1:::Favored:m-30
 A 503  PHE:1.00:10.1:317.4:109.3:::Favored:m-80
 A 504  PHE:1.00:64.3:291.3:291.5:::Favored:m-80
 A 505  VAL:1.00:34.8:184.6::::Favored:t
 A 506  TYR:1.00:86.9:297.9:285.4:::Favored:m-80
 A 508  ASP:1.00:41.4:57.6:352.0:::Favored:p0
 A 509  TYR:1.00:51.2:67.8:269.3:::Favored:p90
 A 510  HIS:1.00:47.9:286.4:168.3:::Favored:m170
 A 511  THR:1.00:89.7:297.1::::Favored:m
 A 512  HIS:1.00:70.0:188.6:72.5:::Favored:t70
 A 513  PHE:1.00:69.8:182.6:89.9:::Favored:t80
 A 514  LEU:1.00:69.9:301.4:182.7:::Favored:mt
 A 515  TYR:1.00:67.2:182.3:90.8:::Favored:t80
 A 516  CYS:1.00:18.6:281.7::::Favored:m
 A 517  VAL:1.00:26.2:299.2::::Favored:m
 A 518  ARG:1.00:3.1:292.1:261.7:68.8:102.6:Favored:mmp80
 A 520  PRO:1.00:19.2:37.0:314.0:36.9::Favored:Cg_endo
 A 522  SER:1.00:3.1:198.2::::Favored:t
 A 523  LEU:1.00:21.7:309.4:171.8:::Favored:mt
 A 524  ASN:1.00:3.2:200.7:232.5:::Favored:t0
 A 525  ASP:1.00:34.8:173.7:4.1:::Favored:t0
 A 526  THR:1.00:71.5:61.9::::Favored:p
 A 527  SER:1.00:60.6:57.8::::Favored:p
 A 528  LEU:1.00:1.2:313.7:87.9:::Allowed:mp
 A 529  LEU:1.00:12.1:308.8:190.6:::Favored:mt
 A 530  HIS:1.00:13.0:196.8:94.7:::Favored:t70
 A 531  ASP:1.00:60.8:278.5:357.3:::Favored:m-30
 A 532  PRO:1.00:43.0:33.7:320.5:31.8::Favored:Cg_endo
 A 533  CYS:1.00:54.4:302.6::::Favored:m
 A 534  LEU:1.00:20.1:191.0:65.4:::Favored:tp
 A 536  THR:1.00:31.5:53.5::::Favored:p
 A 537  PHE:1.00:23.9:62.0:283.1:::Favored:p90
 A 540  PRO:1.00:41.2:23.7:330.7:21.6::Favored:Cg_endo
 A 541  VAL:1.00:85.6:177.3::::Favored:t
 A 542  PHE:1.00:7.2:315.9:271.8:::Favored:m-80
 A 543  PRO:1.00:18.1:18.5:332.6:25.5::Favored:Cg_endo
 A 544  TRP:1.00:4.5:39.1:95.3:::Favored:p90
 A 545  LEU:1.00:22.1:283.6:159.5:::Favored:mt
 A 546  VAL:1.00:30.6:297.9::::Favored:m
 A 547  LEU:1.00:42.2:289.8:180.9:::Favored:mt
 A 550  TYR:1.00:53.0:65.3:268.1:::Favored:p90
 A 551  ASP:1.00:27.2:66.9:337.6:::Favored:p0
 A 552  ASP:1.00:18.4:310.4:133.6:::Favored:m-30
 A 553  GLN:1.00:21.6:308.1:180.6:104.1::Favored:mt0
 A 554  ASN:1.00:47.9:300.1:345.4:::Favored:m-40
 A 555  TYR:1.00:72.0:300.1:290.2:::Favored:m-80
 A 556  ASN:1.00:0.1:31.9:267.9:::OUTLIER:OUTLIER
 A 557  ASN:1.00:64.4:300.9:333.9:::Favored:m-40
 A 559  THR:1.00:18.8:50.0::::Favored:p
 A 561  LEU:1.00:22.3:302.3:164.7:::Favored:mt
 A 562  VAL:1.00:4.7:191.9::::Favored:t
 A 563  ILE:1.00:1.7:310.7:196.2:::Allowed:mt
 A 564  THR:1.00:6.0:313.8::::Favored:m
 A 565  PHE:1.00:51.7:285.6:78.0:::Favored:m-80
 A 566  PRO:1.00:19.0:18.9:331.7:28.4::Favored:Cg_endo
 A 567  VAL:1.00:20.6:302.2::::Favored:m
 A 568  ASN:1.00:15.6:293.4:10.9:::Favored:m-40
 A 569  ASN:1.00:0.6:52.5:104.3:::Allowed:p0
 A 570  TYR:1.00:30.6:308.9:266.8:::Favored:m-80
 A 571  TYR:1.00:7.9:76.1:289.6:::Favored:p90
 A 572  ASN:1.00:47.6:183.9:38.2:::Favored:t0
 A 573  ASP:1.00:61.0:186.1:338.8:::Favored:t0
 A 574  THR:1.00:0.2:328.8::::OUTLIER:OUTLIER
 A 575  GLU:1.00:95.9:287.3:178.2:349.6::Favored:mt-10
 A 576  LYS:1.00:9.0:307.9:193.4:58.5:63.3:Favored:mtpp
 A 577  LEU:1.00:1.3:169.4:42.2:::Allowed:tp
 A 578  GLN:1.00:40.5:282.3:181.2:272.2::Favored:mt0
 A 579  ARG:1.00:8.6:299.5:162.0:90.3:247.6:Favored:mtp-110
 A 581  GLN:1.00:23.0:290.2:191.4:243.4::Favored:mt0
 A 583  TRP:1.00:28.1:191.3:79.2:::Favored:t60
 A 584  GLU:1.00:30.0:281.2:173.6:294.3::Favored:mt-10
 A 585  LYS:1.00:18.6:161.1:176.9:154.1:185.8:Favored:tttt
 A 586  GLU:1.00:5.7:290.0:314.9:277.9::Favored:mm-30
 A 587  PHE:1.00:2.5:154.6:87.7:::Favored:t80
 A 588  ILE:1.00:16.5:292.4:152.2:::Favored:mt
 A 589  ASN:1.00:3.6:293.6:181.1:::Favored:m110
 A 590  PHE:1.00:22.9:167.4:90.4:::Favored:t80
 A 591  VAL:1.00:82.2:176.7::::Favored:t
 A 592  LYS:1.00:14.1:162.2:187.9:190.7:59.7:Favored:tttp
 A 593  ASN:1.00:77.9:297.4:339.7:::Favored:m-40
 A 594  TYR:1.00:37.3:164.3:79.4:::Favored:t80
 A 595  LYS:1.00:9.4:294.0:172.1:263.8:162.5:Favored:mtmt
 A 596  ASN:1.00:53.6:188.6:352.8:::Favored:t0
 A 597  PRO:1.00:91.4:333.2:39.3:324.9::Favored:Cg_exo
 A 598  ASN:1.00:0.6:289.8:237.0:::Allowed:m-40
 A 599  LEU:1.00:87.2:291.7:167.7:::Favored:mt
 A 600  THR:1.00:0.5:37.8::::Allowed:p
 A 601  ILE:1.00:3.6:303.1:91.0:::Favored:mp
 A 602  SER:1.00:63.4:297.7::::Favored:m
 A 603  PHE:1.00:38.6:284.1:294.6:::Favored:m-80
 A 604  THR:1.00:1.0:85.1::::Allowed:p
 A 606  GLU:1.00:15.0:167.4:59.7:49.7::Favored:tp30
 A 607  ARG:1.00:80.1:284.5:188.3:171.9:272.9:Favored:mtt-85
 A 608  SER:1.00:79.3:61.1::::Favored:p
 A 609  ILE:1.00:38.0:64.1:175.6:::Favored:pt
 A 610  GLU:1.00:6.7:296.3:207.6:83.8::Favored:mt-10
 A 611  ASP:1.00:70.3:289.0:325.7:::Favored:m-30
 A 612  GLU:1.00:6.1:282.4:57.5:22.4::Favored:mp0
 A 613  LEU:1.00:76.3:295.3:168.2:::Favored:mt
 A 614  ASN:1.00:32.9:198.3:13.8:::Favored:t0
 A 615  ARG:1.00:8.9:288.5:287.2:171.9:228.2:Favored:mmt180
 A 616  GLU:1.00:29.4:188.6:175.6:289.5::Favored:tt0
 A 617  SER:1.00:0.2:213.8::::OUTLIER:OUTLIER
 A 618  ASP:1.00:0.7:257.0:338.2:::Allowed:m-30
 A 619  SER:1.00:4.4:45.8::::Favored:p
 A 620  ASP:1.00:82.1:292.4:329.3:::Favored:m-30
 A 621  VAL:1.00:37.7:183.9::::Favored:t
 A 622  PHE:1.00:57.6:285.4:282.2:::Favored:m-80
 A 623  THR:1.00:43.7:67.0::::Favored:p
 A 624  VAL:1.00:44.4:168.6::::Favored:t
 A 625  VAL:1.00:3.8:160.1::::Favored:t
 A 626  ILE:1.00:39.4:291.0:180.1:::Favored:mt
 A 627  SER:1.00:7.7:49.4::::Favored:p
 A 628  TYR:1.00:82.6:180.7:84.3:::Favored:t80
 A 630  ILE:1.00:1.2:275.3:154.3:::Allowed:mt
 A 631  MET:1.00:25.9:282.9:320.5:304.8::Favored:mmm
 A 632  PHE:1.00:2.7:168.8:31.9:::Favored:t80
 A 633  LEU:1.00:23.2:311.3:176.4:::Favored:mt
 A 634  TYR:1.00:31.9:299.5:307.8:::Favored:m-80
 A 635  ILE:1.00:25.2:290.2:182.1:::Favored:mt
 A 636  SER:1.00:15.0:80.6::::Favored:p
 A 637  LEU:1.00:17.3:282.3:177.5:::Favored:mt
 A 639  LEU:1.00:0.6:198.3:183.6:::Allowed:tt
 A 641  HIS:1.00:64.8:187.6:59.3:::Favored:t70
 A 642  MET:1.00:2.0:203.3:145.8:47.8::Allowed:ttp
 A 643  LYS:1.00:27.6:180.8:151.6:175.8:193.3:Favored:tttt
 A 644  SER:1.00:16.7:187.2::::Favored:t
 A 645  CYS:1.00:47.7:179.2::::Favored:t
 A 646  ARG:1.00:20.2:199.4:164.8:192.2:94.1:Favored:ttt90
 A 647  ARG:1.00:36.4:295.6:210.1:185.5:185.4:Favored:mtt180
 A 648  LEU:1.00:1.1:289.5:299.2:::Allowed:mm
 A 649  LEU:1.00:25.3:300.4:163.9:::Favored:mt
 A 650  VAL:1.00:31.6:165.4::::Favored:t
 A 651  ASP:1.00:26.3:284.8:11.3:::Favored:m-30
 A 652  SER:1.00:51.1:301.0::::Favored:m
 A 653  LYS:1.00:1.6:56.5:143.0:288.5:186.7:Allowed:ptmt
 A 654  VAL:1.00:47.8:169.1::::Favored:t
 A 655  SER:1.00:77.0:70.7::::Favored:p
 A 656  LEU:1.00:63.7:303.1:174.2:::Favored:mt
 A 658  ILE:1.00:0.0:209.3:109.6:::OUTLIER:OUTLIER
 A 661  ILE:1.00:50.5:307.2:173.2:::Favored:mt
 A 662  LEU:1.00:0.6:155.9:79.5:::Allowed:tp
 A 663  ILE:1.00:13.7:297.0:151.0:::Favored:mt
 A 664  VAL:1.00:1.9:76.8::::Allowed:p
 A 665  LEU:1.00:0.1:207.8:98.7:::OUTLIER:OUTLIER
 A 666  SER:1.00:4.1:197.2::::Favored:t
 A 667  SER:1.00:20.3:186.0::::Favored:t
 A 668  VAL:1.00:21.9:186.5::::Favored:t
 A 670  CYS:1.00:47.0:178.0::::Favored:t
 A 671  SER:1.00:1.6:202.2::::Allowed:t
 A 672  LEU:1.00:18.8:184.0:72.8:::Favored:tp
 A 674  VAL:1.00:33.9:185.0::::Favored:t
 A 675  PHE:1.00:54.8:183.9:94.2:::Favored:t80
 A 676  SER:1.00:8.8:283.5::::Favored:m
 A 677  TYR:1.00:2.1:193.4:191.1:::Favored:t80
 A 678  ILE:1.00:20.8:288.8:154.0:::Favored:mt
 A 680  LEU:1.00:0.0:283.7:23.3:::OUTLIER:OUTLIER
 A 681  PRO:1.00:60.2:328.4:43.3:317.8::Favored:Cg_exo
 A 682  LEU:1.00:3.4:291.8:73.1:::Favored:mp
 A 683  THR:1.00:0.0:232.5::::OUTLIER:OUTLIER
 A 684  LEU:1.00:1.9:197.0:175.6:::Allowed:tt
 A 685  ILE:1.00:0.9:314.7:319.1:::Allowed:mm
 A 686  VAL:1.00:39.4:167.5::::Favored:t
 A 687  ILE:1.00:52.0:286.5:171.6:::Favored:mt
 A 688  GLU:1.00:7.6:181.9:273.7:312.8::Favored:tm-30
 A 689  VAL:1.00:87.1:173.8::::Favored:t
 A 690  ILE:1.00:43.1:284.8:168.0:::Favored:mt
 A 691  PRO:1.00:33.8:22.0:328.7:31.3::Favored:Cg_endo
 A 692  PHE:1.00:1.1:153.0:56.6:::Allowed:t80
 A 693  LEU:1.00:8.7:281.3:185.3:::Favored:mt
 A 694  VAL:1.00:0.2:149.4::::OUTLIER:OUTLIER
 A 695  LEU:1.00:51.2:284.7:169.4:::Favored:mt
 A 697  VAL:1.00:40.3:167.7::::Favored:t
 A 699  VAL:1.00:5.7:191.5::::Favored:t
 A 700  ASP:1.00:33.9:196.4:189.6:::Favored:t0
 A 701  ASN:1.00:2.5:194.4:217.9:::Favored:t0
 A 702  ILE:1.00:0.6:177.1:81.2:::Allowed:tp
 A 703  PHE:1.00:44.6:301.1:121.2:::Favored:m-80
 A 704  ILE:1.00:16.1:195.5:163.9:::Favored:tt
 A 705  LEU:1.00:13.6:185.1:75.7:::Favored:tp
 A 706  VAL:1.00:1.8:194.5::::Allowed:t
 A 707  GLN:1.00:29.7:308.8:194.2:70.5::Favored:mt0
 A 709  TYR:1.00:68.7:182.8:68.7:::Favored:t80
 A 710  GLN:1.00:61.2:293.4:174.3:74.9::Favored:mt0
 A 711  ARG:1.00:8.1:149.6:173.7:178.0:82.1:Favored:ttt90
 A 712  ASP:1.00:70.6:288.4:146.8:::Favored:m-30
 A 713  GLU:1.00:4.0:182.8:208.8:211.8::Favored:tt0
 A 714  ARG:1.00:6.4:206.9:182.8:159.1:216.8:Favored:ttt180
 A 715  LEU:1.00:13.9:173.5:74.6:::Favored:tp
 A 716  GLN:1.00:16.8:290.0:179.0:124.1::Favored:mt0
 A 718  GLU:1.00:6.2:196.0:290.2:312.2::Favored:tm-30
 A 719  THR:1.00:3.6:177.5::::Favored:t
 A 720  LEU:1.00:10.0:311.7:167.0:::Favored:mt
 A 721  ASP:1.00:41.3:187.6:19.5:::Favored:t0
 A 722  GLN:1.00:0.0:189.0:330.3:100.5::OUTLIER:OUTLIER
 A 723  GLN:1.00:5.2:57.9:77.8:13.9::Favored:pp30
 A 724  LEU:1.00:65.2:176.1:60.4:::Favored:tp
 A 726  ARG:1.00:0.0:274.7:339.8:85.7:231.2:OUTLIER:OUTLIER
 A 727  VAL:1.00:85.4:177.3::::Favored:t
 A 728  LEU:1.00:12.1:296.7:157.2:::Favored:mt
 A 730  GLU:1.00:0.7:279.1:71.9:266.0::Allowed:mp0
 A 731  VAL:1.00:0.1:143.9::::OUTLIER:OUTLIER
 A 733  PRO:1.00:29.8:35.2:324.5:23.8::Favored:Cg_endo
 A 734  SER:1.00:29.9:183.7::::Favored:t
 A 735  MET:1.00:1.8:202.5:291.5:313.8::Allowed:tmm
 A 736  PHE:1.00:6.3:202.8:60.4:::Favored:t80
 A 737  LEU:1.00:17.2:311.2:172.1:::Favored:mt
 A 738  SER:1.00:41.8:175.3::::Favored:t
 A 739  SER:1.00:42.8:175.6::::Favored:t
 A 740  PHE:1.00:67.1:177.0:89.2:::Favored:t80
 A 741  SER:1.00:0.3:144.9::::OUTLIER:OUTLIER
 A 742  GLU:1.00:7.7:165.0:190.1:92.4::Favored:tt0
 A 743  THR:1.00:1.1:171.2::::Allowed:t
 A 744  VAL:1.00:1.1:196.9::::Allowed:t
 A 746  PHE:1.00:2.9:161.9:96.2:::Favored:t80
 A 747  PHE:1.00:0.3:157.0:212.7:::Allowed:t80
 A 748  LEU:1.00:11.5:298.8:157.9:::Favored:mt
 A 751  LEU:1.00:0.7:184.4:126.8:::Allowed:tt
 A 752  SER:1.00:43.6:178.6::::Favored:t
 A 753  VAL:1.00:96.1:175.0::::Favored:t
 A 754  MET:1.00:3.7:312.9:311.3:259.7::Favored:mmm
 A 755  PRO:1.00:26.2:20.6:332.9:25.2::Favored:Cg_endo
 A 757  VAL:1.00:26.4:299.2::::Favored:m
 A 758  HIS:1.00:7.6:296.8:339.7:::Favored:m-70
 A 759  THR:1.00:24.6:51.7::::Favored:p
 A 760  PHE:1.00:27.3:292.5:311.9:::Favored:m-80
 A 761  SER:1.00:69.7:58.9::::Favored:p
 A 762  LEU:1.00:18.2:299.3:191.4:::Favored:mt
 A 763  PHE:1.00:4.5:197.4:111.1:::Favored:t80
 A 766  LEU:1.00:84.1:299.3:179.5:::Favored:mt
 A 768  VAL:1.00:43.4:168.4::::Favored:t
 A 769  PHE:1.00:56.7:169.9:84.4:::Favored:t80
 A 770  ILE:1.00:1.3:212.1:176.8:::Allowed:tt
 A 771  ASP:1.00:30.0:184.5:212.0:::Favored:t0
 A 772  PHE:1.00:79.9:183.7:78.7:::Favored:t80
 A 805  GLU:1.00:7.8:170.4:160.3:247.7::Favored:tt0
 A 806  ASP:1.00:0.7:159.4:229.8:::Allowed:t70
 A 808  THR:1.00:56.6:303.8::::Favored:m
 A 809  SER:1.00:1.7:201.6::::Allowed:t
 A 810  VAL:1.00:44.9:182.5::::Favored:t
 A 811  GLN:1.00:16.8:182.6:177.7:245.4::Favored:tt0
 A 813  SER:1.00:0.3:210.8::::Allowed:t
 A 814  GLU:1.00:39.3:174.1:182.6:51.1::Favored:tt0
 A 815  SER:1.00:11.0:189.5::::Favored:t
 A 816  CYS:1.00:6.7:197.4::::Favored:t
 A 817  LEU:1.00:5.1:187.6:42.3:::Favored:tp
 A 818  PHE:1.00:11.1:187.2:43.0:::Favored:t80
 A 819  ARG:1.00:39.0:170.7:166.4:179.4:200.0:Favored:ttt180
 A 820  PHE:1.00:54.4:183.8:64.4:::Favored:t80
 A 821  PHE:1.00:14.9:197.3:63.8:::Favored:t80
 A 822  LYS:1.00:3.8:183.2:132.0:171.9:184.9:Favored:tttt
 A 823  ASN:1.00:9.0:191.8:237.3:::Favored:t0
 A 824  SER:1.00:34.5:182.6::::Favored:t
 A 825  TYR:1.00:0.7:210.0:130.5:::Allowed:t80
 A 826  SER:1.00:2.3:199.4::::Favored:t
 A 827  PRO:1.00:53.1:25.6:327.7:28.3::Favored:Cg_endo
 A 828  LEU:1.00:7.0:183.8:145.1:::Favored:tt
 A 829  LEU:1.00:15.1:186.7:50.0:::Favored:tp
 A 830  LEU:1.00:17.2:174.7:73.0:::Favored:tp
 A 831  LYS:1.00:21.3:209.9:165.1:183.1:164.7:Favored:tttt
 A 832  ASP:1.00:18.5:174.2:205.9:::Favored:t0
 A 833  TRP:1.00:45.2:177.9:239.0:::Favored:t-100
 A 834  MET:1.00:14.1:197.9:177.1:191.4::Favored:ttt
 A 835  ARG:1.00:13.8:150.5:176.9:179.9:277.0:Favored:ttt-90
 A 836  PRO:1.00:6.9:349.4:4.0:4.2::Favored:Cg_exo
 A 837  ILE:1.00:0.0:235.3:175.9:::OUTLIER:OUTLIER
 A 838  VAL:1.00:2.0:158.4::::Favored:t
 A 839  ILE:1.00:4.6:198.1:179.9:::Favored:tt
 A 841  ILE:1.00:0.0:228.4:193.5:::OUTLIER:OUTLIER
 A 842  PHE:1.00:1.7:159.7:45.3:::Allowed:t80
 A 843  VAL:1.00:0.3:151.2::::OUTLIER:OUTLIER
 A 845  VAL:1.00:93.3:175.9::::Favored:t
 A 846  LEU:1.00:0.4:204.8:141.6:::Allowed:tt
 A 847  SER:1.00:34.5:182.4::::Favored:t
 A 848  PHE:1.00:64.7:183.1:67.5:::Favored:t80
 A 849  SER:1.00:8.1:192.6::::Favored:t
 A 850  ILE:1.00:17.7:185.7:162.6:::Favored:tt
 A 852  VAL:1.00:2.9:192.6::::Favored:t
 A 853  LEU:1.00:2.8:198.2:152.7:::Favored:tt
 A 854  ASN:1.00:0.4:205.2:208.3:::Allowed:t0
 A 855  LYS:1.00:33.4:181.9:179.6:158.6:197.5:Favored:tttt
 A 856  VAL:1.00:33.5:165.7::::Favored:t
 A 857  ASP:1.00:32.5:186.5:213.0:::Favored:t0
 A 858  ILE:1.00:8.8:202.1:165.7:::Favored:tt
 A 860  LEU:1.00:1.0:220.0:62.3:::Allowed:tp
 A 861  ASP:1.00:8.9:209.8:184.3:::Favored:t0
 A 862  GLN:1.00:8.2:178.9:162.8:108.9::Favored:tt0
 A 863  SER:1.00:26.5:171.8::::Favored:t
 A 864  LEU:1.00:5.1:184.8:42.2:::Favored:tp
 A 865  SER:1.00:0.1:220.7::::OUTLIER:OUTLIER
 A 866  MET:1.00:0.0:191.4:117.9:183.2::OUTLIER:OUTLIER
 A 867  PRO:1.00:35.5:22.4:326.9:30.1::Favored:Cg_endo
 A 868  ASP:1.00:17.8:282.9:195.0:::Favored:m-30
 A 869  ASP:1.00:34.0:194.9:183.6:::Favored:t0
 A 870  SER:1.00:8.9:191.9::::Favored:t
 A 871  TYR:1.00:6.5:192.5:41.8:::Favored:t80
 A 872  MET:1.00:2.4:149.5:180.6:175.0::Favored:ttt
 A 873  VAL:1.00:72.9:178.4::::Favored:t
 A 874  ASP:1.00:7.0:214.3:156.2:::Favored:t0
 A 875  TYR:1.00:36.8:183.0:99.6:::Favored:t80
 A 876  PHE:1.00:2.9:174.1:23.1:::Favored:t80
 A 877  LYS:1.00:72.1:185.9:181.4:187.6:190.9:Favored:tttt
 A 878  SER:1.00:0.1:226.3::::OUTLIER:OUTLIER
 A 879  ILE:1.00:0.1:207.9:135.1:::OUTLIER:OUTLIER
 A 880  SER:1.00:2.2:199.6::::Favored:t
 A 881  GLN:1.00:3.9:169.4:159.0:232.4::Favored:tt0
 A 882  TYR:1.00:4.3:163.1:50.2:::Favored:t80
 A 883  LEU:1.00:3.7:174.0:43.7:::Favored:tp
 A 884  HIS:1.00:6.6:156.2:84.9:::Favored:t70
 A 887  PRO:1.00:1.3:0.6:0.7:358.3::Allowed:Cg_endo
 A 888  PRO:1.00:12.5:324.7:34.3:336.8::Favored:Cg_exo
 A 889  VAL:1.00:68.8:178.9::::Favored:t
 A 890  TYR:1.00:3.8:181.1:20.6:::Favored:t80
 A 891  PHE:1.00:59.5:177.6:64.2:::Favored:t80
 A 892  VAL:1.00:0.3:201.3::::Allowed:t
 A 893  LEU:1.00:0.9:174.7:131.7:::Allowed:tt
 A 894  GLU:1.00:28.1:175.5:190.0:242.5::Favored:tt0
 A 895  GLU:1.00:93.0:181.5:179.0:359.3::Favored:tt0
 A 897  HIS:1.00:86.8:181.1:67.4:::Favored:t70
 A 898  ASP:1.00:37.4:187.1:207.7:::Favored:t0
 A 899  TYR:1.00:27.7:297.2:337.2:::Favored:m-10
 A 900  THR:1.00:45.1:304.6::::Favored:m
 A 901  SER:1.00:12.0:189.2::::Favored:t
 A 902  SER:1.00:39.2:181.1::::Favored:t
 A 903  LYS:1.00:38.2:163.4:180.8:170.4:163.3:Favored:tttt
 A 905  GLN:1.00:12.4:182.9:164.9:243.9::Favored:tt0
 A 906  ASN:1.00:9.6:167.8:272.9:::Favored:t0
 A 907  MET:1.00:5.5:150.9:178.6:70.8::Favored:ttp
 A 908  VAL:1.00:85.8:176.2::::Favored:t
 A 909  CYS:1.00:7.7:196.4::::Favored:t
 A 912  MET:1.00:10.4:204.5:193.4:301.4::Favored:ttm
 A 914  CYS:1.00:53.1:180.8::::Favored:t
 A 915  ASN:1.00:0.4:298.2:243.2:::Allowed:m-40
 A 916  ASN:1.00:5.0:175.5:234.7:::Favored:t0
 A 917  ASP:1.00:40.7:188.3:204.2:::Favored:t0
 A 918  SER:1.00:10.7:189.9::::Favored:t
 A 919  LEU:1.00:1.8:205.1:40.5:::Allowed:tp
 A 920  VAL:1.00:40.6:183.3::::Favored:t
 A 921  GLN:1.00:31.7:192.5:164.8:49.9::Favored:tt0
 A 922  GLN:1.00:9.5:177.7:162.3:103.0::Favored:tt0
 A 923  ILE:1.00:8.1:179.3:174.3:::Favored:tt
 A 924  PHE:1.00:15.4:166.3:238.6:::Favored:t80
 A 925  ASN:1.00:10.2:189.2:237.9:::Favored:t0
 A 928  GLN:1.00:0.6:209.2:295.9:112.3::Allowed:tm130
 A 929  LEU:1.00:3.2:197.9:155.3:::Favored:tt
 A 930  ASP:1.00:26.4:183.3:214.6:::Favored:t0
 A 931  ASN:1.00:0.5:154.3:264.9:::Allowed:t0
 A 932  TYR:1.00:67.7:174.0:68.5:::Favored:t80
 A 933  THR:1.00:90.2:298.1::::Favored:m
 A 934  ARG:1.00:7.7:178.6:207.3:189.7:213.0:Favored:ttt180
 A 935  ILE:1.00:2.8:199.4:151.7:::Favored:tt
 A 937  PHE:1.00:59.0:185.2:68.1:::Favored:t80
 A 939  PRO:1.00:20.4:19.5:332.9:24.4::Favored:Cg_endo
 A 940  SER:1.00:1.4:203.1::::Allowed:t
 A 941  SER:1.00:24.5:184.4::::Favored:t
 A 942  TRP:1.00:23.4:165.3:240.4:::Favored:t-100
 A 943  ILE:1.00:2.7:199.6:151.5:::Favored:tt
 A 944  ASP:1.00:5.5:50.1:48.4:::Favored:p0
 A 945  ASP:1.00:0.0:148.5:182.1:::OUTLIER:OUTLIER
 A 946  TYR:1.00:70.0:184.3:71.8:::Favored:t80
 A 947  PHE:1.00:58.6:188.4:77.4:::Favored:t80
 A 948  ASP:1.00:34.6:188.7:63.0:::Favored:t70
 A 949  TRP:1.00:23.1:164.8:241.4:::Favored:t-100
 A 950  VAL:1.00:10.4:189.8::::Favored:t
 A 951  LYS:1.00:40.6:191.6:172.4:202.9:180.2:Favored:tttt
 A 952  PRO:1.00:71.9:29.2:319.1:39.0::Favored:Cg_endo
 A 953  GLN:1.00:2.4:173.5:196.3:154.2::Favored:tt0
 A 954  SER:1.00:41.2:176.3::::Favored:t
 A 955  SER:1.00:3.1:198.3::::Favored:t
 A 956  CYS:1.00:5.6:198.3::::Favored:t
 A 957  CYS:1.00:36.9:174.7::::Favored:t
 A 958  ARG:1.00:4.2:180.0:204.4:193.6:140.1:Favored:ttt180
 A 959  VAL:1.00:45.4:168.8::::Favored:t
 A 984  PRO:1.00:2.7:356.1:18.2:334.5::Favored:Cg_exo
 A 985  GLU:1.00:37.7:299.2:176.6:275.5::Favored:mt-10
 A 987  LYS:1.00:69.7:195.0:169.4:174.1:185.1:Favored:tttt
 A 988  GLN:1.00:18.3:164.7:167.8:324.9::Favored:tt0
 A 989  ARG:1.00:15.6:168.1:157.1:161.6:198.9:Favored:ttt180
 A 990  PRO:1.00:10.1:15.2:329.1:34.9::Favored:Cg_endo
 A 991  GLN:1.00:35.6:180.1:177.5:282.6::Favored:tt0
 A 994  ASP:1.00:19.8:204.3:184.0:::Favored:t0
 A 995  PHE:1.00:3.0:204.4:51.0:::Favored:t80
 A 996  MET:1.00:1.3:182.6:285.4:181.1::Allowed:tmt
 A 997  ARG:1.00:78.4:178.2:180.3:183.7:178.8:Favored:ttt180
 A 998  PHE:1.00:34.5:181.1:55.6:::Favored:t80
 A 999  LEU:1.00:16.3:168.5:70.7:::Favored:tp
 A1000  PRO:1.00:89.2:330.9:23.2:352.7::Favored:Cg_exo
 A1001  MET:1.00:24.2:171.1:177.1:183.4::Favored:ttt
 A1002  PHE:1.00:6.7:170.2:101.5:::Favored:t80
 A1003  LEU:1.00:6.2:186.3:144.2:::Favored:tt
 A1004  SER:1.00:16.5:187.3::::Favored:t
 A1005  ASP:1.00:41.0:193.1:201.6:::Favored:t0
 A1006  ASN:1.00:0.6:185.1:182.7:::Allowed:t0
 A1007  PRO:1.00:45.3:24.6:342.0:4.9::Favored:Cg_endo
 A1008  ASN:1.00:1.2:208.6:244.3:::Allowed:t0
 A1009  PRO:1.00:2.3:355.4:26.6:322.2::Favored:Cg_exo
 A1010  LYS:1.00:0.9:208.8:289.9:158.5:182.9:Allowed:tmtt
 A1011  CYS:1.00:21.7:190.7::::Favored:t
 A1013  LYS:1.00:12.8:213.8:159.5:193.6:177.0:Favored:tttt
 A1016  HIS:1.00:7.2:200.6:46.5:::Favored:t70
 A1019  TYR:1.00:14.4:183.7:43.8:::Favored:t80
 A1020  SER:1.00:44.4:178.9::::Favored:t
 A1021  SER:1.00:11.7:189.3::::Favored:t
 A1023  VAL:1.00:37.1:184.1::::Favored:t
 A1024  ASN:1.00:10.8:186.4:238.0:::Favored:t0
 A1025  ILE:1.00:0.0:163.8:188.5:::OUTLIER:OUTLIER
 A1026  LEU:1.00:8.0:201.6:67.7:::Favored:tp
 A1027  LEU:1.00:0.1:223.4:168.1:::OUTLIER:OUTLIER
 A1029  HIS:1.00:58.5:294.5:258.6:::Favored:m-70
 A1031  THR:1.00:9.8:192.5::::Favored:t
 A1032  ARG:1.00:60.8:182.4:171.5:186.2:163.3:Favored:ttt180
 A1033  VAL:1.00:71.7:178.6::::Favored:t
 A1036  THR:1.00:22.0:51.1::::Favored:p
 A1037  TYR:1.00:0.1:69.1:168.4:::OUTLIER:OUTLIER
 A1038  PHE:1.00:76.7:289.0:98.9:::Favored:m-80
 A1039  MET:1.00:3.3:64.5:189.1:213.7::Favored:ptt
 A1040  THR:1.00:0.1:30.7::::OUTLIER:OUTLIER
 A1041  TYR:1.00:0.3:36.0:55.4:::OUTLIER:OUTLIER
 A1042  HIS:1.00:0.8:62.5:181.3:::Allowed:p90
 A1043  THR:1.00:1.1:171.1::::Allowed:t
 A1044  VAL:1.00:2.9:192.8::::Favored:t
 A1045  LEU:1.00:5.5:281.0:71.4:::Favored:mp
 A1046  GLN:1.00:6.9:196.3:69.7:230.6::Favored:tp-100
 A1047  THR:1.00:47.7:66.1::::Favored:p
 A1048  SER:1.00:33.7:55.2::::Favored:p
 A1050  ASP:1.00:23.9:202.7:359.6:::Favored:t0
 A1051  PHE:1.00:68.6:304.6:282.3:::Favored:m-80
 A1052  ILE:1.00:6.7:285.2:286.8:::Favored:mm
 A1053  ASP:1.00:52.8:301.7:335.8:::Favored:m-30
 A1055  LEU:1.00:0.6:176.8:281.4:::Allowed:tm
 A1056  LYS:1.00:86.3:285.1:183.8:179.7:169.2:Favored:mttt
 A1057  LYS:1.00:76.0:305.7:183.4:176.6:169.6:Favored:mttt
 A1059  ARG:1.00:24.9:296.0:301.3:186.7:98.5:Favored:mmt90
 A1060  LEU:1.00:35.6:290.4:182.5:::Favored:mt
 A1061  ILE:1.00:39.5:307.6:167.3:::Favored:mt
 A1063  SER:1.00:55.0:73.8::::Favored:p
 A1064  ASN:1.00:77.9:294.5:348.1:::Favored:m-40
 A1065  VAL:1.00:0.1:145.0::::OUTLIER:OUTLIER
 A1066  THR:1.00:39.2:54.5::::Favored:p
 A1067  GLU:1.00:57.0:292.4:181.1:221.8::Favored:mt-10
 A1068  THR:1.00:0.0:150.5::::OUTLIER:OUTLIER
 A1069  MET:1.00:1.1:288.1:84.3:180.9::Allowed:mpt
 A1071  ILE:1.00:57.8:302.5:164.4:::Favored:mt
 A1072  ASN:1.00:45.1:301.6:341.7:::Favored:m-40
 A1074  SER:1.00:80.6:61.6::::Favored:p
 A1076  TYR:1.00:46.3:188.2:94.9:::Favored:t80
 A1077  ARG:1.00:0.5:26.6:187.2:297.6:256.1:Allowed:ptm-80
 A1078  VAL:1.00:1.9:158.2::::Allowed:t
 A1079  PHE:1.00:34.3:289.0:252.4:::Favored:m-80
 A1080  PRO:1.00:41.3:23.7:349.5:353.4::Favored:Cg_endo
 A1081  TYR:1.00:43.1:180.0:59.0:::Favored:t80
 A1082  SER:1.00:57.1:293.0::::Favored:m
 A1083  VAL:1.00:4.7:191.9::::Favored:t
 A1084  PHE:1.00:16.8:57.0:254.5:::Favored:p90
 A1085  TYR:1.00:25.6:300.6:331.3:::Favored:m-10
 A1086  VAL:1.00:0.8:197.8::::Allowed:t
 A1087  PHE:1.00:56.2:283.7:269.2:::Favored:m-80
 A1088  TYR:1.00:27.3:305.3:307.5:::Favored:m-80
 A1089  GLU:1.00:17.8:274.0:296.7:294.0::Favored:mm-30
 A1090  GLN:1.00:1.2:186.6:283.1:109.4::Allowed:tm130
 A1091  TYR:1.00:66.8:289.0:80.4:::Favored:m-80
 A1092  LEU:1.00:0.2:188.9:266.8:::OUTLIER:OUTLIER
 A1093  THR:1.00:5.3:314.3::::Favored:m
 A1094  ILE:1.00:0.0:206.7:289.9:::OUTLIER:OUTLIER
 A1095  ILE:1.00:22.1:312.2:297.8:::Favored:mm
 A1096  ASP:1.00:69.1:299.8:317.8:::Favored:m-30
 A1097  ASP:1.00:53.3:301.4:337.0:::Favored:m-30
 A1098  THR:1.00:14.8:48.0::::Favored:p
 A1099  ILE:1.00:38.1:303.6:160.5:::Favored:mt
 A1100  PHE:1.00:4.3:186.1:23.5:::Favored:t80
 A1101  ASN:1.00:48.6:298.0:351.4:::Favored:m-40
 A1102  LEU:1.00:69.5:291.7:165.4:::Favored:mt
 A1104  VAL:1.00:47.9:169.1::::Favored:t
 A1105  SER:1.00:11.1:50.3::::Favored:p
 A1106  LEU:1.00:0.1:328.5:188.1:::OUTLIER:OUTLIER
 A1109  ILE:1.00:58.9:289.8:160.5:::Favored:mt
 A1110  PHE:1.00:39.2:180.5:237.7:::Favored:t80
 A1111  LEU:1.00:20.0:190.0:56.5:::Favored:tp
 A1112  VAL:1.00:63.0:171.2::::Favored:t
 A1113  THR:1.00:15.2:48.2::::Favored:p
 A1114  MET:1.00:22.5:283.4:300.8:176.8::Favored:mmt
 A1115  VAL:1.00:91.7:175.9::::Favored:t
 A1116  LEU:1.00:85.7:300.6:177.1:::Favored:mt
 A1117  LEU:1.00:0.1:212.4:88.5:::OUTLIER:OUTLIER
 A1119  CYS:1.00:12.4:193.5::::Favored:t
 A1120  GLU:1.00:12.4:200.8:178.7:232.0::Favored:tt0
 A1121  LEU:1.00:2.0:180.9:133.8:::Favored:tt
 A1122  TRP:1.00:52.5:171.9:244.8:::Favored:t-100
 A1123  SER:1.00:81.0:61.7::::Favored:p
 A1125  VAL:1.00:87.8:173.9::::Favored:t
 A1126  ILE:1.00:0.9:316.5:151.2:::Allowed:mt
 A1127  MET:1.00:1.0:295.2:78.8:189.1::Allowed:mpt
 A1128  CYS:1.00:10.1:311.4::::Favored:m
 A1130  THR:1.00:34.5:53.9::::Favored:p
 A1131  ILE:1.00:74.8:289.7:164.7:::Favored:mt
 A1133  MET:1.00:9.4:180.5:154.1:184.2::Favored:ttt
 A1134  VAL:1.00:43.7:182.7::::Favored:t
 A1135  LEU:1.00:21.6:289.4:185.5:::Favored:mt
 A1136  VAL:1.00:69.5:172.0::::Favored:t
 A1137  ASN:1.00:11.5:307.9:338.8:::Favored:m-40
 A1138  MET:1.00:1.0:277.1:73.0:269.0::Allowed:mpm
 A1139  PHE:1.00:28.1:297.5:336.2:::Favored:m-10
 A1141  VAL:1.00:76.0:172.7::::Favored:t
 A1142  MET:1.00:17.7:303.6:301.6:190.7::Favored:mmt
 A1143  TRP:1.00:6.1:211.9:256.1:::Favored:t-100
 A1144  LEU:1.00:9.2:173.5:77.6:::Favored:tp
 A1145  TRP:1.00:4.6:213.9:249.9:::Favored:t-100
 A1147  ILE:1.00:16.9:184.8:162.5:::Favored:tt
 A1148  SER:1.00:14.8:188.5::::Favored:t
 A1149  LEU:1.00:64.9:180.3:61.7:::Favored:tp
 A1150  ASN:1.00:39.9:69.9:356.5:::Favored:p0
 A1152  VAL:1.00:4.7:191.9::::Favored:t
 A1153  SER:1.00:53.4:292.2::::Favored:m
 A1154  LEU:1.00:4.1:195.3:153.5:::Favored:tt
 A1155  VAL:1.00:0.0:217.1::::OUTLIER:OUTLIER
 A1156  ASN:1.00:4.8:310.0:343.5:::Favored:m-40
 A1157  LEU:1.00:26.8:310.0:175.1:::Favored:mt
 A1158  VAL:1.00:78.3:172.9::::Favored:t
 A1159  MET:1.00:20.8:173.9:271.7:295.7::Favored:tmm
 A1160  SER:1.00:4.7:196.5::::Favored:t
 A1161  CYS:1.00:2.1:319.6::::Favored:m
 A1163  ILE:1.00:16.0:300.5:187.1:::Favored:mt
 A1164  SER:1.00:69.1:296.6::::Favored:m
 A1165  VAL:1.00:0.2:148.4::::OUTLIER:OUTLIER
 A1166  GLU:1.00:0.4:172.4:250.8:113.6::Allowed:tm-30
 A1167  PHE:1.00:1.0:323.9:316.2:::Allowed:m-80
 A1168  CYS:1.00:84.0:293.9::::Favored:m
 A1169  SER:1.00:34.9:55.4::::Favored:p
 A1170  HIS:1.00:40.2:299.5:153.3:::Favored:m170
 A1171  ILE:1.00:23.8:308.4:163.1:::Favored:mt
 A1172  THR:1.00:42.5:304.9::::Favored:m
 A1173  ARG:1.00:8.7:284.6:292.6:290.0:203.1:Favored:mmm160
 A1175  PHE:1.00:54.3:175.6:63.7:::Favored:t80
 A1176  THR:1.00:8.0:183.5::::Favored:t
 A1177  VAL:1.00:88.9:176.1::::Favored:t
 A1178  SER:1.00:41.6:178.2::::Favored:t
 A1179  MET:1.00:6.0:168.6:153.9:180.1::Favored:ttt
 A1180  LYS:1.00:66.6:186.0:168.4:195.0:183.7:Favored:tttt
 A1182  SER:1.00:42.2:178.3::::Favored:t
 A1183  ARG:1.00:15.3:156.2:192.1:170.3:184.3:Favored:ttt180
 A1184  VAL:1.00:58.9:180.1::::Favored:t
 A1185  GLU:1.00:49.9:298.7:177.2:294.2::Favored:mt-10
 A1186  ARG:1.00:0.5:75.4:102.9:175.5:276.9:Allowed:ppt-90
 A1188  GLU:1.00:4.3:302.6:324.5:292.3::Favored:mm-30
 A1189  GLU:1.00:3.5:301.8:273.4:117.2::Favored:mm-30
 A1191  LEU:1.00:52.5:285.0:170.2:::Favored:mt
 A1193  HIS:1.00:30.5:314.0:274.4:::Favored:m-70
 A1194  MET:1.00:0.3:262.3:57.2:246.3::OUTLIER:OUTLIER
 A1196  SER:1.00:9.6:50.0::::Favored:p
 A1197  SER:1.00:3.1:87.1::::Favored:p
 A1198  VAL:1.00:36.4:166.6::::Favored:t
 A1199  PHE:1.00:15.1:282.5:310.8:::Favored:m-80
 A1200  SER:1.00:0.9:38.9::::Allowed:p
 A1202  ILE:1.00:7.5:307.9:314.7:::Favored:mm
 A1203  THR:1.00:0.7:203.9::::Allowed:t
 A1204  LEU:1.00:2.7:290.9:203.0:::Favored:mt
 A1205  THR:1.00:3.3:43.4::::Favored:p
 A1206  LYS:1.00:0.3:193.2:292.4:176.5:61.3:OUTLIER:OUTLIER
 A1207  PHE:1.00:6.0:197.5:48.6:::Favored:t80
 A1210  ILE:1.00:16.2:181.9:169.6:::Favored:tt
 A1211  VAL:1.00:83.5:177.7::::Favored:t
 A1212  VAL:1.00:20.8:186.8::::Favored:t
 A1213  LEU:1.00:0.4:184.1:178.8:::Allowed:tt
 A1215  PHE:1.00:3.9:157.6:60.9:::Favored:t80
 A1217  LYS:1.00:10.7:168.1:184.1:156.0:295.4:Favored:tttm
 A1218  SER:1.00:2.0:200.2::::Favored:t
 A1219  GLN:1.00:17.3:190.0:164.3:265.0::Favored:tt0
 A1220  ILE:1.00:4.0:201.1:155.4:::Favored:tt
 A1221  PHE:1.00:4.2:173.0:30.0:::Favored:t80
 A1222  GLN:1.00:25.8:189.2:161.5:59.2::Favored:tt0
 A1223  ILE:1.00:0.0:258.8:163.0:::OUTLIER:OUTLIER
 A1224  PHE:1.00:13.4:289.1:329.5:::Favored:m-10
 A1225  TYR:1.00:0.2:166.9:10.8:::OUTLIER:OUTLIER
 A1226  PHE:1.00:3.6:271.3:41.0:::Favored:m-80
 A1227  ARG:1.00:4.4:198.1:170.0:220.7:175.5:Favored:ttt180
 A1228  MET:1.00:0.1:50.4:89.2:146.4::OUTLIER:OUTLIER
 A1229  TYR:1.00:55.0:171.6:246.6:::Favored:t80
 A1230  LEU:1.00:17.8:191.4:58.1:::Favored:tp
 A1232  MET:1.00:1.7:59.3:200.1:215.0::Allowed:ptt
 A1233  VAL:1.00:0.1:138.1::::OUTLIER:OUTLIER
 A1234  LEU:1.00:0.1:181.1:256.4:::OUTLIER:OUTLIER
 A1235  LEU:1.00:46.1:284.1:166.5:::Favored:mt
 A1238  THR:1.00:21.8:51.1::::Favored:p
 A1239  HIS:1.00:39.4:167.4:61.1:::Favored:t70
 A1241  LEU:1.00:21.7:190.2:65.8:::Favored:tp
 A1242  ILE:1.00:14.0:190.6:160.1:::Favored:tt
 A1243  PHE:1.00:61.1:181.9:92.7:::Favored:t80
 A1244  LEU:1.00:0.1:222.9:180.2:::OUTLIER:OUTLIER
 A1245  PRO:1.00:36.1:338.9:10.9:2.8::Favored:Cg_exo
 A1246  VAL:1.00:3.3:159.8::::Favored:t
 A1247  LEU:1.00:1.2:186.9:130.4:::Allowed:tt
 A1248  LEU:1.00:0.6:167.5:139.7:::Allowed:tt
 A1249  SER:1.00:33.7:182.8::::Favored:t
 A1250  TYR:1.00:7.8:155.4:74.7:::Favored:t80
 A1251  ILE:1.00:0.0:192.4:270.8:::OUTLIER:OUTLIER
SUMMARY: 6.61% outliers (Goal: < 0.3%)
