residue:occupancy:score%:chi1:chi2:chi3:chi4:evaluation:rotamer
 A  23  GLN:1.00:79.6:297.1:179.2:0.3::Favored:mt0
 A  24  SER:1.00:40.6:176.6::::Favored:t
 A  25  CYS:1.00:63.0:300.2::::Favored:m
 A  26  VAL:1.00:17.5:293.2::::Favored:m
 A  27  TRP:1.00:28.3:59.3:79.7:::Favored:p90
 A  28  TYR:1.00:62.2:187.6:77.8:::Favored:t80
 A  30  GLU:1.00:91.5:285.3:181.0:351.9::Favored:mt-10
 A  31  CYS:1.00:1.1:269.9::::Allowed:m
 A  33  ILE:1.00:26.2:292.5:293.0:::Favored:mm
 A  35  TYR:1.00:48.7:67.2:277.2:::Favored:p90
 A  37  ASP:1.00:32.7:55.4:353.2:::Favored:p0
 A  38  LYS:1.00:62.5:295.9:183.0:184.9:291.1:Favored:mttm
 A  39  ARG:1.00:48.6:298.5:284.5:184.1:181.5:Favored:mmt180
 A  40  TYR:1.00:71.5:291.6:288.4:::Favored:m-80
 A  41  ASN:1.00:87.1:292.8:318.9:::Favored:m-40
 A  42  CYS:1.00:74.3:288.0::::Favored:m
 A  43  GLU:1.00:77.3:191.0:180.0:5.3::Favored:tt0
 A  44  TYR:1.00:89.8:178.2:75.7:::Favored:t80
 A  45  SER:1.00:94.5:64.1::::Favored:p
 A  47  PRO:1.00:82.0:30.6:324.0:26.9::Favored:Cg_endo
 A  48  PRO:1.00:38.7:23.1:326.7:29.8::Favored:Cg_endo
 A  49  LYS:1.00:61.5:289.5:182.8:179.0:294.1:Favored:mttm
 A  50  PRO:1.00:81.3:334.6:36.1:328.2::Favored:Cg_exo
 A  51  LEU:1.00:48.2:184.1:60.8:::Favored:tp
 A  52  PRO:1.00:99.3:332.3:37.0:328.8::Favored:Cg_exo
 A  53  LYS:1.00:54.3:297.2:177.6:176.6:66.3:Favored:mttp
 A  54  ASP:1.00:23.3:53.2:354.3:::Favored:p0
 A  56  TYR:1.00:16.2:287.5:348.4:::Favored:m-10
 A  57  ASP:1.00:62.2:284.9:330.3:::Favored:m-30
 A  58  LEU:1.00:95.5:292.4:173.8:::Favored:mt
 A  59  VAL:1.00:8.7:65.6::::Favored:p
 A  60  GLN:1.00:81.6:289.3:168.5:358.5::Favored:mt0
 A  61  GLU:1.00:90.8:184.5:175.9:1.5::Favored:tt0
 A  62  LEU:1.00:97.6:297.5:177.0:::Favored:mt
 A  63  CYS:1.00:71.1:298.1::::Favored:m
 A  64  PRO:1.00:79.6:30.2:324.5:26.2::Favored:Cg_endo
 A  66  PHE:1.00:18.0:289.5:345.2:::Favored:m-10
 A  67  PHE:1.00:53.7:169.7:68.9:::Favored:t80
 A  68  PHE:1.00:50.5:61.4:275.1:::Favored:p90
 A  70  ASN:1.00:30.7:293.4:116.5:::Favored:m110
 A  71  VAL:1.00:0.4:200.3::::Allowed:t
 A  72  SER:1.00:16.1:306.0::::Favored:m
 A  73  LEU:1.00:81.9:292.6:178.0:::Favored:mt
 A  74  CYS:1.00:63.4:286.1::::Favored:m
 A  75  CYS:1.00:24.0:68.7::::Favored:p
 A  76  ASP:1.00:46.7:59.4:354.6:::Favored:p0
 A  77  VAL:1.00:86.1:177.5::::Favored:t
 A  78  ARG:1.00:25.7:174.3:59.4:61.7:191.4:Favored:tpp-160
 A  79  GLN:1.00:65.5:293.0:189.0:3.4::Favored:mt0
 A  80  LEU:1.00:83.5:289.7:172.7:::Favored:mt
 A  81  GLN:1.00:60.4:173.5:62.8:42.5::Favored:tp40
 A  82  THR:1.00:27.4:307.2::::Favored:m
 A  83  LEU:1.00:62.7:181.0:61.7:::Favored:tp
 A  84  LYS:1.00:83.8:188.3:174.0:179.7:180.7:Favored:tttt
 A  85  ASP:1.00:25.7:305.3:338.3:::Favored:m-30
 A  86  ASN:1.00:35.8:300.4:115.5:::Favored:m110
 A  87  LEU:1.00:26.8:188.4:59.8:::Favored:tp
 A  88  GLN:1.00:79.8:298.4:174.5:356.0::Favored:mt0
 A  89  LEU:1.00:85.6:296.1:170.8:::Favored:mt
 A  90  PRO:1.00:48.8:327.7:37.8:332.1::Favored:Cg_exo
 A  91  LEU:1.00:61.1:180.9:60.3:::Favored:tp
 A  92  GLN:1.00:57.8:173.9:58.6:40.8::Favored:tp40
 A  93  PHE:1.00:97.4:294.9:276.9:::Favored:m-80
 A  94  LEU:1.00:90.7:295.2:177.8:::Favored:mt
 A  95  SER:1.00:94.6:64.8::::Favored:p
 A  96  ARG:1.00:94.5:298.6:177.6:183.2:272.2:Favored:mtt-85
 A  97  CYS:1.00:34.4:188.1::::Favored:t
 A  98  PRO:1.00:47.8:337.9:35.3:326.4::Favored:Cg_exo
 A  99  SER:1.00:69.3:296.6::::Favored:m
 A 100  CYS:1.00:40.1:176.2::::Favored:t
 A 101  PHE:1.00:44.6:190.4:71.6:::Favored:t80
 A 102  TYR:1.00:77.4:178.7:70.4:::Favored:t80
 A 103  ASN:1.00:70.0:283.7:320.4:::Favored:m-40
 A 104  LEU:1.00:68.5:177.7:63.7:::Favored:tp
 A 105  LEU:1.00:84.8:293.8:168.6:::Favored:mt
 A 106  ASN:1.00:78.1:302.5:315.7:::Favored:m-40
 A 107  LEU:1.00:58.6:182.2:62.1:::Favored:tp
 A 108  PHE:1.00:63.5:286.0:278.6:::Favored:m-80
 A 109  CYS:1.00:42.0:283.8::::Favored:m
 A 110  GLU:1.00:81.7:299.6:290.9:333.9::Favored:mm-30
 A 111  LEU:1.00:52.8:175.7:65.6:::Favored:tp
 A 112  THR:1.00:55.5:303.8::::Favored:m
 A 113  CYS:1.00:98.5:292.6::::Favored:m
 A 114  SER:1.00:33.7:181.6::::Favored:t
 A 115  PRO:1.00:53.1:25.6:325.1:29.8::Favored:Cg_endo
 A 116  ARG:1.00:22.2:65.2:188.6:73.3:187.7:Favored:ptp-170
 A 117  GLN:1.00:52.8:278.6:169.1:354.2::Favored:mt0
 A 118  SER:1.00:93.7:64.3::::Favored:p
 A 119  GLN:1.00:91.4:293.2:175.5:352.0::Favored:mt0
 A 120  PHE:1.00:42.7:55.1:268.7:::Favored:p90
 A 121  LEU:1.00:85.1:290.7:167.8:::Favored:mt
 A 122  ASN:1.00:36.8:190.8:2.2:::Favored:t0
 A 123  VAL:1.00:68.0:179.0::::Favored:t
 A 124  THR:1.00:59.9:64.1::::Favored:p
 A 126  THR:1.00:63.8:57.9::::Favored:p
 A 127  GLU:1.00:25.8:64.7:178.8:359.2::Favored:pt0
 A 128  ASP:1.00:62.1:284.4:331.3:::Favored:m-30
 A 129  TYR:1.00:62.1:176.4:65.6:::Favored:t80
 A 130  VAL:1.00:13.5:291.4::::Favored:m
 A 131  ASP:1.00:32.1:195.2:359.8:::Favored:t0
 A 132  PRO:1.00:51.5:25.4:323.8:32.1::Favored:Cg_endo
 A 133  VAL:1.00:9.0:66.6::::Favored:p
 A 134  THR:1.00:49.6:65.7::::Favored:p
 A 135  ASN:1.00:75.7:286.6:319.1:::Favored:m-40
 A 136  GLN:1.00:83.0:288.3:296.0:319.6::Favored:mm-40
 A 137  THR:1.00:62.1:303.4::::Favored:m
 A 138  LYS:1.00:22.6:295.5:172.0:73.3:66.2:Favored:mtpp
 A 139  THR:1.00:45.1:55.4::::Favored:p
 A 140  ASN:1.00:81.5:290.4:317.4:::Favored:m-40
 A 141  VAL:1.00:71.6:178.6::::Favored:t
 A 142  LYS:1.00:85.2:188.1:174.9:180.5:179.1:Favored:tttt
 A 143  GLU:1.00:76.1:183.5:188.1:1.3::Favored:tt0
 A 144  LEU:1.00:1.4:72.5:157.3:::Allowed:pt
 A 145  GLN:1.00:60.7:186.7:182.3:6.6::Favored:tt0
 A 146  TYR:1.00:56.1:181.9:63.5:::Favored:t80
 A 147  TYR:1.00:19.9:292.6:332.6:::Favored:m-10
 A 148  VAL:1.00:13.2:188.8::::Favored:t
 A 150  GLN:1.00:85.3:289.0:179.5:353.6::Favored:mt0
 A 151  SER:1.00:54.0:300.3::::Favored:m
 A 152  PHE:1.00:68.1:186.1:76.6:::Favored:t80
 A 154  ASN:1.00:17.7:287.1:118.7:::Favored:m110
 A 156  MET:1.00:63.9:178.4:177.9:73.2::Favored:ttp
 A 157  TYR:1.00:77.2:183.5:74.6:::Favored:t80
 A 158  ASN:1.00:0.8:205.6:161.2:::Allowed:t160
 A 160  CYS:1.00:86.2:293.6::::Favored:m
 A 161  ARG:1.00:15.9:60.0:189.3:285.9:170.2:Favored:ptm160
 A 162  ASP:1.00:81.6:290.9:331.5:::Favored:m-30
 A 163  VAL:1.00:66.2:179.2::::Favored:t
 A 164  GLU:1.00:98.6:293.9:177.4:355.3::Favored:mt-10
 A 166  PRO:1.00:85.7:333.9:36.8:327.6::Favored:Cg_exo
 A 167  SER:1.00:90.0:68.8::::Favored:p
 A 168  SER:1.00:57.0:293.0::::Favored:m
 A 169  ASN:1.00:33.6:299.2:113.6:::Favored:m110
 A 170  ASP:1.00:80.3:290.8:330.5:::Favored:m-30
 A 171  LYS:1.00:72.2:302.2:295.3:180.6:179.7:Favored:mmtt
 A 173  LEU:1.00:84.9:292.2:177.1:::Favored:mt
 A 175  LEU:1.00:92.6:298.2:175.5:::Favored:mt
 A 176  LEU:1.00:88.1:296.3:171.4:::Favored:mt
 A 177  CYS:1.00:40.3:186.9::::Favored:t
 A 179  LYS:1.00:6.8:71.2:178.9:76.9:69.1:Favored:ptpp
 A 180  ASP:1.00:81.2:291.0:331.0:::Favored:m-30
 A 182  ASP:1.00:14.5:50.2:356.6:::Favored:p0
 A 184  CYS:1.00:41.6:186.6::::Favored:t
 A 185  ASN:1.00:84.0:291.0:318.7:::Favored:m-40
 A 187  THR:1.00:66.6:62.9::::Favored:p
 A 188  ASN:1.00:29.3:57.0:6.7:::Favored:p0
 A 189  TRP:1.00:18.2:173.0:54.2:::Favored:t60
 A 190  ILE:1.00:54.8:304.9:168.0:::Favored:mt
 A 191  GLU:1.00:18.7:194.6:273.7:330.1::Favored:tm-30
 A 192  TYR:1.00:90.5:175.9:76.6:::Favored:t80
 A 193  MET:1.00:84.3:293.2:187.3:290.7::Favored:mtm
 A 194  PHE:1.00:9.7:284.9:343.3:::Favored:m-10
 A 195  ASN:1.00:35.7:191.4:1.3:::Favored:t0
 A 196  LYS:1.00:1.9:52.6:97.4:176.0:178.0:Allowed:pptt
 A 197  ASP:1.00:67.7:299.3:333.1:::Favored:m-30
 A 198  ASN:1.00:33.6:57.8:9.8:::Favored:p0
 A 200  GLN:1.00:76.9:184.1:65.4:40.2::Favored:tp40
 A 202  PRO:1.00:61.3:26.6:325.5:28.3::Favored:Cg_endo
 A 203  PHE:1.00:50.2:58.6:271.8:::Favored:p90
 A 204  THR:1.00:76.4:302.7::::Favored:m
 A 205  ILE:1.00:3.3:300.2:97.0:::Favored:mp
 A 206  THR:1.00:50.6:65.6::::Favored:p
 A 207  PRO:1.00:74.8:27.9:326.1:26.1::Favored:Cg_endo
 A 208  VAL:1.00:40.4:167.7::::Favored:t
 A 209  PHE:1.00:97.5:293.5:272.1:::Favored:m-80
 A 210  SER:1.00:39.3:177.0::::Favored:t
 A 211  ASP:1.00:82.9:293.5:331.8:::Favored:m-30
 A 212  PHE:1.00:96.2:295.3:278.5:::Favored:m-80
 A 213  PRO:1.00:61.8:335.8:36.6:326.2::Favored:Cg_exo
 A 214  VAL:1.00:72.0:178.5::::Favored:t
 A 215  HIS:1.00:96.1:303.9:287.5:::Favored:m-70
 A 217  MET:1.00:30.9:293.3:295.9:173.0::Favored:mmt
 A 218  GLU:1.00:97.8:294.4:175.8:353.0::Favored:mt-10
 A 219  PRO:1.00:29.4:340.1:35.1:324.3::Favored:Cg_exo
 A 220  MET:1.00:13.9:195.2:277.6:290.1::Favored:tmm
 A 221  ASN:1.00:59.8:186.7:347.8:::Favored:t0
 A 222  ASN:1.00:68.3:284.1:318.0:::Favored:m-40
 A 224  THR:1.00:58.7:64.3::::Favored:p
 A 225  LYS:1.00:68.4:294.7:286.4:182.7:180.6:Favored:mmtt
 A 227  CYS:1.00:29.8:66.4::::Favored:p
 A 228  ASP:1.00:26.8:54.2:352.1:::Favored:p0
 A 229  GLU:1.00:72.7:302.4:186.7:4.8::Favored:mt-10
 A 230  SER:1.00:31.8:289.0::::Favored:m
 A 231  VAL:1.00:81.8:173.2::::Favored:t
 A 232  ASP:1.00:33.8:56.1:350.0:::Favored:p0
 A 233  GLU:1.00:63.8:290.7:82.4:4.0::Favored:mp0
 A 234  VAL:1.00:17.6:293.2::::Favored:m
 A 235  THR:1.00:81.9:302.3::::Favored:m
 A 237  PRO:1.00:51.4:336.5:34.7:328.4::Favored:Cg_exo
 A 238  CYS:1.00:72.9:297.6::::Favored:m
 A 239  SER:1.00:98.5:65.3::::Favored:p
 A 240  CYS:1.00:56.3:183.4::::Favored:t
 A 241  GLN:1.00:67.9:181.2:178.3:1.9::Favored:tt0
 A 242  ASP:1.00:81.2:293.8:330.0:::Favored:m-30
 A 243  CYS:1.00:8.3:169.0::::Favored:t
 A 244  SER:1.00:96.1:63.7::::Favored:p
 A 245  ILE:1.00:84.5:294.7:173.9:::Favored:mt
 A 246  VAL:1.00:0.6:280.8::::Allowed:m
 A 247  CYS:1.00:5.6:277.2::::Favored:m
 A 249  PRO:1.00:47.6:24.9:325.4:30.0::Favored:Cg_endo
 A 250  LYS:1.00:1.2:279.7:88.9:177.9:66.9:Allowed:mptp
 A 251  PRO:1.00:87.9:333.5:36.8:328.4::Favored:Cg_exo
 A 252  GLN:1.00:7.6:199.3:260.5:326.9::Favored:tm-30
 A 253  PRO:1.00:40.3:34.0:326.7:19.1::Favored:Cg_endo
 A 254  PRO:1.00:73.0:29.1:326.3:25.2::Favored:Cg_endo
 A 255  PRO:1.00:70.1:29.6:329.6:18.9::Favored:Cg_endo
 A 256  PRO:1.00:48.2:33.2:326.7:19.3::Favored:Cg_endo
 A 257  PRO:1.00:54.9:32.5:327.0:20.5::Favored:Cg_endo
 A 259  PRO:1.00:48.9:25.1:327.1:27.2::Favored:Cg_endo
 A 260  TRP:1.00:64.6:172.8:257.2:::Favored:t-100
 A 261  THR:1.00:11.8:190.0::::Favored:t
 A 262  ILE:1.00:19.6:190.3:163.8:::Favored:tt
 A 263  LEU:1.00:5.1:179.6:141.4:::Favored:tt
 A 265  LEU:1.00:3.5:196.0:150.8:::Favored:tt
 A 266  ASP:1.00:24.0:189.4:76.2:::Favored:t70
 A 268  MET:1.00:32.1:185.9:176.7:178.0::Favored:ttt
 A 269  TYR:1.00:90.2:179.5:78.7:::Favored:t80
 A 270  VAL:1.00:48.9:181.7::::Favored:t
 A 271  ILE:1.00:10.3:201.3:166.5:::Favored:tt
 A 272  MET:1.00:31.7:188.0:175.7:178.4::Favored:ttt
 A 273  TRP:1.00:51.4:169.1:253.9:::Favored:t-100
 A 274  ILE:1.00:65.6:301.4:165.6:::Favored:mt
 A 275  THR:1.00:39.3:305.2::::Favored:m
 A 276  TYR:1.00:37.7:193.4:87.1:::Favored:t80
 A 277  MET:1.00:29.7:189.8:175.2:179.6::Favored:ttt
 A 279  PHE:1.00:62.5:170.4:70.8:::Favored:t80
 A 280  LEU:1.00:68.7:178.9:61.0:::Favored:tp
 A 281  LEU:1.00:4.9:192.0:147.2:::Favored:tt
 A 282  VAL:1.00:67.8:179.0::::Favored:t
 A 283  PHE:1.00:75.9:183.6:74.0:::Favored:t80
 A 284  PHE:1.00:71.3:185.5:77.2:::Favored:t80
 A 287  PHE:1.00:85.3:176.9:73.3:::Favored:t80
 A 288  PHE:1.00:68.3:185.7:75.1:::Favored:t80
 A 331  PHE:1.00:84.9:176.5:73.3:::Favored:t80
 A 332  GLU:1.00:91.2:180.3:181.3:1.5::Favored:tt0
 A 334  CYS:1.00:56.9:183.2::::Favored:t
 A 335  LEU:1.00:41.4:175.7:67.8:::Favored:tp
 A 336  ARG:1.00:60.4:195.4:183.8:295.8:265.8:Favored:ttm-80
 A 337  ARG:1.00:47.1:195.2:172.7:65.4:198.3:Favored:ttp-170
 A 338  LEU:1.00:5.4:190.3:146.3:::Favored:tt
 A 339  PHE:1.00:50.6:190.2:78.3:::Favored:t80
 A 340  THR:1.00:32.6:306.4::::Favored:m
 A 341  ARG:1.00:1.2:182.8:256.2:175.3:87.2:Allowed:tmt90
 A 342  TRP:1.00:44.5:167.3:251.7:::Favored:t-100
 A 344  SER:1.00:23.1:171.0::::Favored:t
 A 345  PHE:1.00:73.0:184.3:73.9:::Favored:t80
 A 346  CYS:1.00:48.7:184.8::::Favored:t
 A 347  VAL:1.00:42.7:168.3::::Favored:t
 A 348  ARG:1.00:47.2:196.0:186.3:62.0:195.3:Favored:ttp-170
 A 349  ASN:1.00:0.8:204.3:163.5:::Allowed:t160
 A 350  PRO:1.00:45.6:33.5:321.2:29.4::Favored:Cg_endo
 A 352  CYS:1.00:48.0:178.3::::Favored:t
 A 353  VAL:1.00:62.4:179.7::::Favored:t
 A 354  ILE:1.00:8.1:176.2:168.0:::Favored:tt
 A 355  PHE:1.00:84.8:181.2:75.6:::Favored:t80
 A 356  PHE:1.00:88.3:175.4:75.8:::Favored:t80
 A 357  SER:1.00:40.6:178.0::::Favored:t
 A 358  LEU:1.00:72.4:177.1:61.4:::Favored:tp
 A 359  VAL:1.00:54.2:170.0::::Favored:t
 A 360  PHE:1.00:85.7:182.4:77.6:::Favored:t80
 A 361  ILE:1.00:18.0:182.7:165.8:::Favored:tt
 A 362  THR:1.00:74.2:302.8::::Favored:m
 A 364  CYS:1.00:57.2:182.1::::Favored:t
 A 365  SER:1.00:45.9:179.4::::Favored:t
 A 366  SER:1.00:41.3:176.3::::Favored:t
 A 368  LEU:1.00:91.1:298.6:175.8:::Favored:mt
 A 369  VAL:1.00:60.9:170.9::::Favored:t
 A 370  PHE:1.00:32.8:194.5:77.5:::Favored:t80
 A 371  VAL:1.00:91.2:174.3::::Favored:t
 A 372  ARG:1.00:3.7:183.5:253.5:181.3:274.3:Favored:tmt-80
 A 373  VAL:1.00:26.9:186.0::::Favored:t
 A 374  THR:1.00:4.4:179.7::::Favored:t
 A 375  THR:1.00:0.8:169.5::::Allowed:t
 A 376  ASN:1.00:0.9:201.9:164.7:::Allowed:t160
 A 377  PRO:1.00:51.9:336.4:38.6:321.3::Favored:Cg_exo
 A 378  VAL:1.00:70.8:172.2::::Favored:t
 A 379  ASP:1.00:41.8:190.1:7.0:::Favored:t0
 A 380  LEU:1.00:62.9:179.9:59.3:::Favored:tp
 A 381  TRP:1.00:36.6:52.6:93.8:::Favored:p90
 A 382  SER:1.00:98.2:65.3::::Favored:p
 A 384  PRO:1.00:40.8:23.6:325.9:30.4::Favored:Cg_endo
 A 385  SER:1.00:92.8:64.5::::Favored:p
 A 386  SER:1.00:90.1:66.8::::Favored:p
 A 387  GLN:1.00:62.3:283.7:185.4:349.8::Favored:mt0
 A 389  ARG:1.00:49.9:297.3:285.7:184.8:179.3:Favored:mmt180
 A 390  LEU:1.00:91.9:293.1:175.6:::Favored:mt
 A 391  GLU:1.00:64.4:297.1:160.9:352.8::Favored:mt-10
 A 392  LYS:1.00:17.9:169.0:66.7:166.9:64.3:Favored:tptp
 A 393  GLU:1.00:96.0:294.1:170.7:351.9::Favored:mt-10
 A 394  TYR:1.00:31.6:194.6:76.0:::Favored:t80
 A 395  PHE:1.00:87.2:174.3:76.1:::Favored:t80
 A 396  ASP:1.00:75.7:297.7:332.0:::Favored:m-30
 A 397  GLN:1.00:88.6:294.5:173.7:353.6::Favored:mt0
 A 398  HIS:1.00:93.1:293.5:280.0:::Favored:m-70
 A 399  PHE:1.00:25.6:296.7:328.6:::Favored:m-10
 A 401  PRO:1.00:70.0:29.6:325.1:26.3::Favored:Cg_endo
 A 402  PHE:1.00:25.5:73.5:281.8:::Favored:p90
 A 403  PHE:1.00:39.8:57.0:262.8:::Favored:p90
 A 404  ARG:1.00:5.6:65.7:187.2:67.5:253.0:Favored:ptp-110
 A 405  THR:1.00:23.4:71.3::::Favored:p
 A 406  GLU:1.00:62.3:293.2:83.9:7.1::Favored:mp0
 A 407  GLN:1.00:67.0:183.8:175.3:2.3::Favored:tt0
 A 408  LEU:1.00:51.9:306.1:176.6:::Favored:mt
 A 409  ILE:1.00:12.4:179.2:168.5:::Favored:tt
 A 410  ILE:1.00:88.5:297.9:173.0:::Favored:mt
 A 411  ARG:1.00:2.6:289.6:82.8:55.8:202.2:Favored:mpp-170
 A 413  PRO:1.00:69.8:29.6:324.0:27.7::Favored:Cg_endo
 A 414  LEU:1.00:81.1:301.2:176.3:::Favored:mt
 A 415  THR:1.00:13.7:311.2::::Favored:m
 A 416  ASP:1.00:73.5:298.1:331.4:::Favored:m-30
 A 417  LYS:1.00:8.9:63.7:171.9:67.0:176.4:Favored:ptpt
 A 418  HIS:1.00:46.5:57.0:278.5:::Favored:p-80
 A 419  ILE:1.00:12.6:315.8:298.3:::Favored:mm
 A 420  TYR:1.00:84.1:176.1:73.2:::Favored:t80
 A 421  GLN:1.00:18.8:288.5:84.8:14.1::Favored:mp10
 A 422  PRO:1.00:50.6:25.3:326.1:28.6::Favored:Cg_endo
 A 423  TYR:1.00:88.1:175.5:75.7:::Favored:t80
 A 424  PRO:1.00:29.0:35.4:325.2:20.1::Favored:Cg_endo
 A 425  SER:1.00:88.4:68.2::::Favored:p
 A 428  ASP:1.00:83.8:293.7:333.3:::Favored:m-30
 A 429  VAL:1.00:34.1:184.9::::Favored:t
 A 430  PRO:1.00:39.8:23.3:327.6:27.9::Favored:Cg_endo
 A 431  PHE:1.00:4.0:280.8:331.2:::Favored:m-10
 A 433  PRO:1.00:67.7:335.5:35.1:328.7::Favored:Cg_exo
 A 434  PRO:1.00:44.7:24.6:322.5:35.6::Favored:Cg_endo
 A 435  LEU:1.00:32.0:299.1:187.6:::Favored:mt
 A 436  ASP:1.00:32.7:194.7:359.0:::Favored:t0
 A 437  ILE:1.00:4.5:179.8:66.0:::Favored:tp
 A 438  GLN:1.00:96.1:298.5:298.7:320.2::Favored:mm-40
 A 439  ILE:1.00:0.6:49.3:94.6:::Allowed:pp
 A 440  LEU:1.00:59.1:285.7:170.0:::Favored:mt
 A 441  HIS:1.00:59.0:281.7:284.7:::Favored:m-70
 A 442  GLN:1.00:74.9:289.7:184.5:355.5::Favored:mt0
 A 443  VAL:1.00:56.4:170.3::::Favored:t
 A 444  LEU:1.00:60.6:179.9:57.6:::Favored:tp
 A 445  ASP:1.00:75.2:288.9:329.1:::Favored:m-30
 A 446  LEU:1.00:64.9:179.8:60.3:::Favored:tp
 A 447  GLN:1.00:62.7:186.0:170.5:1.1::Favored:tt0
 A 448  ILE:1.00:67.2:302.9:170.1:::Favored:mt
 A 450  ILE:1.00:64.7:297.3:161.6:::Favored:mt
 A 451  GLU:1.00:96.1:296.0:174.8:351.8::Favored:mt-10
 A 452  ASN:1.00:17.2:202.9:2.8:::Favored:t0
 A 453  ILE:1.00:85.2:299.0:170.7:::Favored:mt
 A 454  THR:1.00:70.8:59.3::::Favored:p
 A 456  SER:1.00:99.6:65.4::::Favored:p
 A 457  TYR:1.00:75.4:174.1:84.3:::Favored:t80
 A 458  ASP:1.00:80.1:292.5:326.9:::Favored:m-30
 A 459  ASN:1.00:79.1:288.9:317.6:::Favored:m-40
 A 460  GLU:1.00:85.5:301.0:172.4:355.1::Favored:mt-10
 A 461  THR:1.00:60.7:57.4::::Favored:p
 A 462  VAL:1.00:71.7:172.3::::Favored:t
 A 463  THR:1.00:16.8:73.9::::Favored:p
 A 464  LEU:1.00:54.0:182.6:58.1:::Favored:tp
 A 465  GLN:1.00:2.8:279.2:66.1:232.3::Favored:mp-120
 A 466  ASP:1.00:78.6:296.0:330.9:::Favored:m-30
 A 467  ILE:1.00:29.7:55.4:170.5:::Favored:pt
 A 468  CYS:1.00:22.0:69.9::::Favored:p
 A 469  LEU:1.00:54.9:182.9:61.4:::Favored:tp
 A 471  PRO:1.00:60.0:31.9:323.6:25.9::Favored:Cg_endo
 A 472  LEU:1.00:2.8:278.6:79.8:::Favored:mp
 A 473  SER:1.00:62.1:298.4::::Favored:m
 A 474  PRO:1.00:37.2:34.2:324.0:23.0::Favored:Cg_endo
 A 475  TYR:1.00:86.1:180.8:76.0:::Favored:t80
 A 476  ASN:1.00:35.4:191.7:0.9:::Favored:t0
 A 477  THR:1.00:50.7:65.6::::Favored:p
 A 478  ASN:1.00:83.5:292.8:315.1:::Favored:m-40
 A 479  CYS:1.00:97.9:292.7::::Favored:m
 A 480  THR:1.00:93.7:299.3::::Favored:m
 A 481  ILE:1.00:75.0:288.8:168.0:::Favored:mt
 A 482  LEU:1.00:94.3:297.8:175.5:::Favored:mt
 A 483  SER:1.00:10.7:166.7::::Favored:t
 A 484  VAL:1.00:22.2:294.7::::Favored:m
 A 485  LEU:1.00:2.1:270.1:299.1:::Favored:mm
 A 486  ASN:1.00:10.8:208.2:6.2:::Favored:t0
 A 487  TYR:1.00:68.6:292.9:291.3:::Favored:m-80
 A 488  PHE:1.00:19.5:292.7:330.3:::Favored:m-10
 A 489  GLN:1.00:20.3:286.3:80.8:20.8::Favored:mp10
 A 490  ASN:1.00:16.0:311.8:119.2:::Favored:m110
 A 491  SER:1.00:41.7:175.3::::Favored:t
 A 492  HIS:1.00:91.7:291.5:286.1:::Favored:m-70
 A 493  SER:1.00:92.9:64.5::::Favored:p
 A 494  VAL:1.00:52.2:181.1::::Favored:t
 A 495  LEU:1.00:58.7:174.3:61.1:::Favored:tp
 A 496  ASP:1.00:75.1:289.5:328.1:::Favored:m-30
 A 497  HIS:1.00:5.4:273.3:176.6:::Favored:m170
 A 498  LYS:1.00:35.6:181.8:181.3:72.5:174.7:Favored:ttpt
 A 499  LYS:1.00:18.5:178.6:63.8:179.3:68.0:Favored:tptp
 A 501  ASP:1.00:49.9:64.8:351.3:::Favored:p0
 A 502  ASP:1.00:77.7:297.0:333.5:::Favored:m-30
 A 503  PHE:1.00:15.2:289.6:335.0:::Favored:m-10
 A 504  PHE:1.00:83.6:294.3:284.9:::Favored:m-80
 A 505  VAL:1.00:85.8:173.6::::Favored:t
 A 506  TYR:1.00:66.7:304.5:285.2:::Favored:m-80
 A 508  ASP:1.00:41.4:59.1:348.2:::Favored:p0
 A 509  TYR:1.00:31.4:73.6:279.1:::Favored:p90
 A 510  HIS:1.00:35.1:283.3:168.6:::Favored:m170
 A 511  THR:1.00:59.7:303.6::::Favored:m
 A 512  HIS:1.00:82.3:183.1:78.1:::Favored:t70
 A 513  PHE:1.00:80.1:172.1:74.9:::Favored:t80
 A 514  LEU:1.00:80.0:291.2:175.9:::Favored:mt
 A 515  TYR:1.00:78.9:179.7:71.4:::Favored:t80
 A 516  CYS:1.00:75.5:288.2::::Favored:m
 A 517  VAL:1.00:29.0:298.3::::Favored:m
 A 518  ARG:1.00:5.8:296.6:290.7:88.6:201.6:Favored:mmp-170
 A 520  PRO:1.00:78.3:30.2:323.4:28.0::Favored:Cg_endo
 A 522  SER:1.00:39.2:174.9::::Favored:t
 A 523  LEU:1.00:82.5:290.6:174.2:::Favored:mt
 A 524  ASN:1.00:0.4:201.5:193.3:::Allowed:t0
 A 525  ASP:1.00:46.1:189.6:1.0:::Favored:t0
 A 526  THR:1.00:80.1:60.6::::Favored:p
 A 527  SER:1.00:92.8:64.5::::Favored:p
 A 528  LEU:1.00:4.9:277.6:73.2:::Favored:mp
 A 529  LEU:1.00:30.4:284.4:176.5:::Favored:mt
 A 530  HIS:1.00:19.4:199.5:78.0:::Favored:t70
 A 531  ASP:1.00:78.8:291.6:327.4:::Favored:m-30
 A 532  PRO:1.00:43.8:24.4:325.6:30.2::Favored:Cg_endo
 A 533  CYS:1.00:90.5:289.1::::Favored:m
 A 534  LEU:1.00:13.0:195.4:67.3:::Favored:tp
 A 536  THR:1.00:57.6:64.5::::Favored:p
 A 537  PHE:1.00:27.7:71.5:282.0:::Favored:p90
 A 540  PRO:1.00:77.6:28.5:325.9:25.7::Favored:Cg_endo
 A 541  VAL:1.00:71.9:178.5::::Favored:t
 A 542  PHE:1.00:91.6:292.1:278.4:::Favored:m-80
 A 543  PRO:1.00:66.6:27.0:325.1:28.2::Favored:Cg_endo
 A 544  TRP:1.00:7.6:47.7:72.4:::Favored:p90
 A 545  LEU:1.00:72.3:291.0:177.6:::Favored:mt
 A 546  VAL:1.00:2.2:285.3::::Favored:m
 A 547  LEU:1.00:78.0:293.4:178.9:::Favored:mt
 A 550  TYR:1.00:50.3:60.1:273.9:::Favored:p90
 A 551  ASP:1.00:0.8:40.3:349.5:::Allowed:p0
 A 552  ASP:1.00:43.7:303.9:329.1:::Favored:m-30
 A 553  GLN:1.00:62.8:287.0:187.5:353.9::Favored:mt0
 A 554  ASN:1.00:88.8:294.6:320.8:::Favored:m-40
 A 555  TYR:1.00:97.3:294.8:277.0:::Favored:m-80
 A 556  ASN:1.00:28.7:57.5:1.0:::Favored:p0
 A 557  ASN:1.00:90.2:292.9:322.1:::Favored:m-40
 A 559  THR:1.00:70.0:62.2::::Favored:p
 A 561  LEU:1.00:91.8:298.7:176.4:::Favored:mt
 A 562  VAL:1.00:58.7:180.1::::Favored:t
 A 563  ILE:1.00:67.4:302.8:169.9:::Favored:mt
 A 564  THR:1.00:82.2:302.2::::Favored:m
 A 565  PHE:1.00:18.2:291.3:334.5:::Favored:m-10
 A 566  PRO:1.00:47.8:24.9:326.2:28.7::Favored:Cg_endo
 A 567  VAL:1.00:7.8:289.1::::Favored:m
 A 568  ASN:1.00:87.8:291.3:321.9:::Favored:m-40
 A 569  ASN:1.00:1.4:42.4:7.5:::Allowed:p0
 A 570  TYR:1.00:63.7:288.0:286.8:::Favored:m-80
 A 571  TYR:1.00:7.0:81.7:286.7:::Favored:p90
 A 572  ASN:1.00:22.4:199.8:4.2:::Favored:t0
 A 573  ASP:1.00:38.7:192.6:354.5:::Favored:t0
 A 574  THR:1.00:37.9:305.4::::Favored:m
 A 575  GLU:1.00:95.7:296.2:174.8:349.9::Favored:mt-10
 A 576  LYS:1.00:21.4:283.9:180.2:66.8:67.3:Favored:mtpp
 A 577  LEU:1.00:64.8:175.1:61.9:::Favored:tp
 A 578  GLN:1.00:84.6:291.9:166.4:355.8::Favored:mt0
 A 579  ARG:1.00:29.7:299.9:179.2:74.7:247.6:Favored:mtp-110
 A 581  GLN:1.00:80.1:293.7:182.9:357.3::Favored:mt0
 A 583  TRP:1.00:58.1:185.6:79.9:::Favored:t60
 A 584  GLU:1.00:94.6:287.5:180.6:350.6::Favored:mt-10
 A 585  LYS:1.00:37.2:179.6:170.0:66.5:176.1:Favored:ttpt
 A 586  GLU:1.00:77.6:290.4:294.0:326.5::Favored:mm-30
 A 587  PHE:1.00:60.9:169.6:71.4:::Favored:t80
 A 588  ILE:1.00:62.1:293.0:159.4:::Favored:mt
 A 589  ASN:1.00:20.1:288.1:116.2:::Favored:m110
 A 590  PHE:1.00:92.2:177.5:76.4:::Favored:t80
 A 591  VAL:1.00:14.3:188.4::::Favored:t
 A 592  LYS:1.00:51.0:181.3:174.3:170.2:66.2:Favored:tttp
 A 593  ASN:1.00:86.2:298.4:320.7:::Favored:m-40
 A 594  TYR:1.00:84.4:178.4:73.0:::Favored:t80
 A 595  LYS:1.00:55.0:290.1:189.1:288.4:181.9:Favored:mtmt
 A 596  ASN:1.00:42.3:188.9:1.3:::Favored:t0
 A 597  PRO:1.00:52.6:336.9:35.9:326.4::Favored:Cg_exo
 A 598  ASN:1.00:72.3:303.1:320.2:::Favored:m-40
 A 599  LEU:1.00:94.0:297.3:178.3:::Favored:mt
 A 600  THR:1.00:52.9:65.2::::Favored:p
 A 601  ILE:1.00:3.2:306.5:99.6:::Favored:mp
 A 602  SER:1.00:62.2:298.3::::Favored:m
 A 603  PHE:1.00:61.3:284.7:266.9:::Favored:m-80
 A 604  THR:1.00:66.0:63.0::::Favored:p
 A 606  GLU:1.00:56.5:176.1:62.9:30.9::Favored:tp30
 A 607  ARG:1.00:95.5:290.7:176.8:180.5:270.7:Favored:mtt-85
 A 608  SER:1.00:85.9:67.2::::Favored:p
 A 609  ILE:1.00:46.1:63.6:172.2:::Favored:pt
 A 610  GLU:1.00:85.6:287.5:186.3:355.7::Favored:mt-10
 A 611  ASP:1.00:70.2:284.8:334.2:::Favored:m-30
 A 612  GLU:1.00:14.3:274.7:78.5:4.6::Favored:mp0
 A 613  LEU:1.00:55.4:288.4:176.5:::Favored:mt
 A 614  ASN:1.00:17.3:203.2:3.9:::Favored:t0
 A 615  ARG:1.00:54.2:294.6:290.4:184.8:184.8:Favored:mmt180
 A 616  GLU:1.00:89.8:179.8:172.7:355.8::Favored:tt0
 A 617  SER:1.00:36.4:174.5::::Favored:t
 A 618  ASP:1.00:11.9:275.0:325.7:::Favored:m-30
 A 619  SER:1.00:56.7:73.6::::Favored:p
 A 620  ASP:1.00:94.4:291.3:340.9:::Favored:m-30
 A 621  VAL:1.00:96.6:175.7::::Favored:t
 A 622  PHE:1.00:97.9:294.6:273.9:::Favored:m-80
 A 623  THR:1.00:40.3:67.8::::Favored:p
 A 624  VAL:1.00:86.0:173.7::::Favored:t
 A 625  VAL:1.00:88.5:174.0::::Favored:t
 A 626  ILE:1.00:19.4:283.3:175.6:::Favored:mt
 A 627  SER:1.00:43.4:75.9::::Favored:p
 A 628  TYR:1.00:48.0:168.9:68.1:::Favored:t80
 A 630  ILE:1.00:38.4:284.3:166.6:::Favored:mt
 A 631  MET:1.00:55.2:300.9:318.8:291.9::Favored:mmm
 A 632  PHE:1.00:42.3:192.1:78.4:::Favored:t80
 A 633  LEU:1.00:91.3:294.5:171.0:::Favored:mt
 A 634  TYR:1.00:18.9:274.4:282.0:::Favored:m-80
 A 635  ILE:1.00:54.7:290.8:159.1:::Favored:mt
 A 636  SER:1.00:70.0:58.9::::Favored:p
 A 637  LEU:1.00:79.2:293.6:178.8:::Favored:mt
 A 639  LEU:1.00:2.7:195.9:145.7:::Favored:tt
 A 641  HIS:1.00:46.1:193.2:74.8:::Favored:t70
 A 642  MET:1.00:23.5:201.6:174.9:284.9::Favored:ttm
 A 643  LYS:1.00:68.5:197.4:171.5:182.0:178.5:Favored:tttt
 A 644  SER:1.00:46.7:180.0::::Favored:t
 A 645  CYS:1.00:46.6:177.9::::Favored:t
 A 646  ARG:1.00:48.9:290.6:194.0:51.9:80.6:Favored:mtp85
 A 647  ARG:1.00:80.0:286.1:173.8:177.3:261.4:Favored:mtt-85
 A 648  LEU:1.00:2.7:272.8:297.8:::Favored:mm
 A 649  LEU:1.00:67.9:288.8:174.8:::Favored:mt
 A 650  VAL:1.00:71.3:172.3::::Favored:t
 A 651  ASP:1.00:87.8:292.8:335.2:::Favored:m-30
 A 652  SER:1.00:21.9:304.3::::Favored:m
 A 653  LYS:1.00:5.0:53.3:172.0:290.6:293.1:Favored:ptmm
 A 654  VAL:1.00:89.6:174.1::::Favored:t
 A 655  SER:1.00:92.5:66.5::::Favored:p
 A 656  LEU:1.00:57.7:303.3:172.9:::Favored:mt
 A 658  ILE:1.00:5.1:203.5:63.1:::Favored:tp
 A 661  ILE:1.00:53.3:305.4:168.7:::Favored:mt
 A 662  LEU:1.00:43.3:173.3:58.1:::Favored:tp
 A 663  ILE:1.00:81.5:294.1:163.4:::Favored:mt
 A 664  VAL:1.00:1.2:79.4::::Allowed:p
 A 665  LEU:1.00:12.6:194.7:57.7:::Favored:tp
 A 666  SER:1.00:42.0:176.0::::Favored:t
 A 667  SER:1.00:39.4:177.8::::Favored:t
 A 668  VAL:1.00:1.0:156.3::::Allowed:t
 A 670  CYS:1.00:47.6:179.3::::Favored:t
 A 671  SER:1.00:29.5:173.8::::Favored:t
 A 672  LEU:1.00:62.1:175.7:63.8:::Favored:tp
 A 674  VAL:1.00:79.8:178.0::::Favored:t
 A 675  PHE:1.00:73.0:184.2:73.7:::Favored:t80
 A 676  SER:1.00:70.3:295.0::::Favored:m
 A 677  TYR:1.00:60.5:171.0:69.1:::Favored:t80
 A 678  ILE:1.00:47.8:287.2:160.5:::Favored:mt
 A 680  LEU:1.00:4.0:265.0:51.0:::Favored:mp
 A 681  PRO:1.00:92.1:331.1:39.3:325.6::Favored:Cg_exo
 A 682  LEU:1.00:6.0:275.0:70.1:::Favored:mp
 A 683  THR:1.00:2.2:199.2::::Favored:t
 A 684  LEU:1.00:6.7:180.3:145.2:::Favored:tt
 A 685  ILE:1.00:49.9:302.8:300.7:::Favored:mm
 A 686  VAL:1.00:95.4:174.9::::Favored:t
 A 687  ILE:1.00:90.4:293.5:172.9:::Favored:mt
 A 688  GLU:1.00:19.1:197.1:275.6:333.0::Favored:tm-30
 A 689  VAL:1.00:85.5:173.6::::Favored:t
 A 690  ILE:1.00:33.4:285.4:175.3:::Favored:mt
 A 691  PRO:1.00:69.2:31.2:321.9:30.0::Favored:Cg_endo
 A 692  PHE:1.00:29.6:166.3:65.2:::Favored:t80
 A 693  LEU:1.00:94.5:293.2:174.5:::Favored:mt
 A 694  VAL:1.00:37.6:184.0::::Favored:t
 A 695  LEU:1.00:87.6:290.4:171.6:::Favored:mt
 A 697  VAL:1.00:33.9:165.8::::Favored:t
 A 699  VAL:1.00:71.0:172.2::::Favored:t
 A 700  ASP:1.00:28.3:189.6:69.9:::Favored:t70
 A 701  ASN:1.00:0.3:208.5:174.8:::Allowed:t160
 A 702  ILE:1.00:3.3:177.8:65.1:::Favored:tp
 A 703  PHE:1.00:21.6:292.9:336.5:::Favored:m-10
 A 704  ILE:1.00:21.6:190.0:165.6:::Favored:tt
 A 705  LEU:1.00:26.5:188.0:65.9:::Favored:tp
 A 706  VAL:1.00:85.9:177.4::::Favored:t
 A 707  GLN:1.00:85.9:294.2:169.9:354.1::Favored:mt0
 A 709  TYR:1.00:86.0:177.7:73.4:::Favored:t80
 A 710  GLN:1.00:79.2:299.5:178.7:353.7::Favored:mt0
 A 711  ARG:1.00:52.2:190.2:182.0:186.8:88.5:Favored:ttt90
 A 712  ASP:1.00:84.0:290.5:333.7:::Favored:m-30
 A 713  GLU:1.00:22.6:72.4:179.7:1.0::Favored:pt0
 A 714  ARG:1.00:56.3:197.9:177.5:171.1:182.9:Favored:ttt180
 A 715  LEU:1.00:63.5:175.9:63.7:::Favored:tp
 A 716  GLN:1.00:88.9:292.6:180.1:354.9::Favored:mt0
 A 718  GLU:1.00:10.6:202.9:280.3:334.5::Favored:tm-30
 A 719  THR:1.00:1.1:171.3::::Allowed:t
 A 720  LEU:1.00:87.7:291.2:173.9:::Favored:mt
 A 721  ASP:1.00:24.3:202.4:358.7:::Favored:t0
 A 722  GLN:1.00:1.5:186.2:271.9:127.6::Allowed:tm130
 A 723  GLN:1.00:8.1:57.7:81.7:32.0::Favored:pp30
 A 724  LEU:1.00:48.0:184.3:61.9:::Favored:tp
 A 726  ARG:1.00:3.9:284.0:304.8:99.2:202.5:Favored:mmp-170
 A 727  VAL:1.00:77.4:172.9::::Favored:t
 A 728  LEU:1.00:78.9:302.5:177.2:::Favored:mt
 A 730  GLU:1.00:0.3:267.2:104.1:14.5::Allowed:mp0
 A 731  VAL:1.00:11.2:162.1::::Favored:t
 A 733  PRO:1.00:27.3:35.7:325.6:19.8::Favored:Cg_endo
 A 734  SER:1.00:45.1:179.1::::Favored:t
 A 735  MET:1.00:4.9:202.3:288.4:288.6::Favored:tmm
 A 736  PHE:1.00:30.0:194.7:74.4:::Favored:t80
 A 737  LEU:1.00:76.9:300.8:174.2:::Favored:mt
 A 738  SER:1.00:40.5:178.0::::Favored:t
 A 739  SER:1.00:44.1:178.8::::Favored:t
 A 740  PHE:1.00:40.3:193.1:82.6:::Favored:t80
 A 741  SER:1.00:43.5:178.6::::Favored:t
 A 742  GLU:1.00:78.9:176.4:182.7:358.4::Favored:tt0
 A 743  THR:1.00:0.1:160.4::::OUTLIER:OUTLIER
 A 744  VAL:1.00:38.3:183.8::::Favored:t
 A 746  PHE:1.00:87.1:178.1:83.4:::Favored:t80
 A 747  PHE:1.00:30.9:165.7:66.8:::Favored:t80
 A 748  LEU:1.00:38.2:287.3:178.3:::Favored:mt
 A 751  LEU:1.00:2.2:197.8:148.0:::Favored:tt
 A 752  SER:1.00:41.7:176.1::::Favored:t
 A 753  VAL:1.00:98.1:175.2::::Favored:t
 A 754  MET:1.00:26.6:300.7:303.0:169.4::Favored:mmt
 A 755  PRO:1.00:78.2:30.2:324.9:26.0::Favored:Cg_endo
 A 757  VAL:1.00:2.8:310.1::::Favored:m
 A 758  HIS:1.00:80.5:290.3:297.2:::Favored:m-70
 A 759  THR:1.00:16.8:49.0::::Favored:p
 A 760  PHE:1.00:50.0:287.3:293.2:::Favored:m-80
 A 761  SER:1.00:94.4:66.2::::Favored:p
 A 762  LEU:1.00:93.1:296.1:172.3:::Favored:mt
 A 763  PHE:1.00:11.6:200.7:92.3:::Favored:t80
 A 766  LEU:1.00:86.0:290.6:173.3:::Favored:mt
 A 768  VAL:1.00:53.7:169.9::::Favored:t
 A 769  PHE:1.00:37.5:193.5:79.2:::Favored:t80
 A 770  ILE:1.00:6.2:203.8:162.9:::Favored:tt
 A 771  ASP:1.00:21.5:173.6:74.9:::Favored:t70
 A 772  PHE:1.00:74.7:177.8:69.1:::Favored:t80
 A 805  GLU:1.00:81.5:189.6:173.9:5.0::Favored:tt0
 A 806  ASP:1.00:33.0:195.9:3.6:::Favored:t0
 A 808  THR:1.00:90.7:298.0::::Favored:m
 A 809  SER:1.00:46.9:180.3::::Favored:t
 A 810  VAL:1.00:82.0:173.3::::Favored:t
 A 811  GLN:1.00:55.8:191.5:171.4:2.5::Favored:tt0
 A 813  SER:1.00:39.2:177.0::::Favored:t
 A 814  GLU:1.00:93.2:181.7:179.9:2.1::Favored:tt0
 A 815  SER:1.00:39.5:177.9::::Favored:t
 A 816  CYS:1.00:47.8:178.2::::Favored:t
 A 817  LEU:1.00:74.4:177.1:62.6:::Favored:tp
 A 818  PHE:1.00:83.1:175.7:72.9:::Favored:t80
 A 819  ARG:1.00:82.3:186.6:176.0:179.6:181.7:Favored:ttt180
 A 820  PHE:1.00:24.6:162.2:70.8:::Favored:t80
 A 821  PHE:1.00:60.8:174.3:66.3:::Favored:t80
 A 822  LYS:1.00:49.0:179.0:180.6:171.4:66.7:Favored:tttp
 A 823  ASN:1.00:0.5:210.8:163.7:::Allowed:t160
 A 824  SER:1.00:39.8:177.9::::Favored:t
 A 825  TYR:1.00:86.5:179.4:74.9:::Favored:t80
 A 826  SER:1.00:32.7:183.1::::Favored:t
 A 827  PRO:1.00:72.7:29.1:322.7:30.9::Favored:Cg_endo
 A 828  LEU:1.00:5.8:188.2:144.7:::Favored:tt
 A 829  LEU:1.00:18.1:191.7:66.0:::Favored:tp
 A 830  LEU:1.00:25.7:188.7:64.9:::Favored:tp
 A 831  LYS:1.00:21.2:197.3:175.9:278.3:183.2:Favored:ttmt
 A 832  ASP:1.00:17.0:193.2:74.3:::Favored:t70
 A 833  TRP:1.00:74.1:179.6:257.9:::Favored:t-100
 A 834  MET:1.00:17.6:198.1:172.1:183.4::Favored:ttt
 A 835  ARG:1.00:5.9:41.6:179.5:285.1:276.9:Favored:ptm-80
 A 836  PRO:1.00:52.1:336.8:36.5:324.7::Favored:Cg_exo
 A 837  ILE:1.00:6.8:203.0:162.9:::Favored:tt
 A 838  VAL:1.00:51.9:181.2::::Favored:t
 A 839  ILE:1.00:16.9:193.1:172.8:::Favored:tt
 A 841  ILE:1.00:10.9:179.5:171.5:::Favored:tt
 A 842  PHE:1.00:36.7:163.8:75.3:::Favored:t80
 A 843  VAL:1.00:37.7:167.0::::Favored:t
 A 845  VAL:1.00:11.2:162.1::::Favored:t
 A 846  LEU:1.00:6.9:186.9:146.6:::Favored:tt
 A 847  SER:1.00:31.7:183.4::::Favored:t
 A 848  PHE:1.00:55.9:188.3:73.4:::Favored:t80
 A 849  SER:1.00:40.6:178.0::::Favored:t
 A 850  ILE:1.00:17.0:194.6:164.0:::Favored:tt
 A 852  VAL:1.00:91.0:176.0::::Favored:t
 A 853  LEU:1.00:7.3:185.1:146.7:::Favored:tt
 A 854  ASN:1.00:0.2:215.3:173.6:::OUTLIER:OUTLIER
 A 855  LYS:1.00:34.3:173.0:183.3:154.1:177.9:Favored:tttt
 A 856  VAL:1.00:27.1:165.1::::Favored:t
 A 857  ASP:1.00:41.1:183.3:65.6:::Favored:t70
 A 858  ILE:1.00:10.1:200.8:164.4:::Favored:tt
 A 860  LEU:1.00:14.8:194.1:63.5:::Favored:tp
 A 861  ASP:1.00:22.5:200.4:353.4:::Favored:t0
 A 862  GLN:1.00:63.3:184.7:170.5:358.2::Favored:tt0
 A 863  SER:1.00:37.6:177.4::::Favored:t
 A 864  LEU:1.00:64.8:179.2:63.5:::Favored:tp
 A 865  SER:1.00:37.1:174.6::::Favored:t
 A 866  MET:1.00:12.5:187.2:70.3:199.5::Favored:tpt
 A 867  PRO:1.00:71.0:29.3:324.5:27.3::Favored:Cg_endo
 A 868  ASP:1.00:78.2:296.8:334.5:::Favored:m-30
 A 869  ASP:1.00:29.2:175.6:70.7:::Favored:t70
 A 870  SER:1.00:39.3:177.0::::Favored:t
 A 871  TYR:1.00:42.2:166.9:69.2:::Favored:t80
 A 872  MET:1.00:26.1:58.7:178.1:283.4::Favored:ptm
 A 873  VAL:1.00:4.9:191.8::::Favored:t
 A 874  ASP:1.00:32.3:185.1:73.9:::Favored:t70
 A 875  TYR:1.00:38.6:165.9:69.5:::Favored:t80
 A 876  PHE:1.00:28.7:166.0:65.3:::Favored:t80
 A 877  LYS:1.00:75.6:195.4:174.1:184.8:181.1:Favored:tttt
 A 878  SER:1.00:16.5:187.2::::Favored:t
 A 879  ILE:1.00:1.8:211.5:162.8:::Allowed:tt
 A 880  SER:1.00:17.9:169.4::::Favored:t
 A 881  GLN:1.00:64.1:187.6:181.2:3.9::Favored:tt0
 A 882  TYR:1.00:43.8:168.5:67.3:::Favored:t80
 A 883  LEU:1.00:12.2:173.5:75.7:::Favored:tp
 A 884  HIS:1.00:23.3:162.1:65.5:::Favored:t70
 A 887  PRO:1.00:2.8:354.9:31.2:315.9::Favored:Cg_exo
 A 888  PRO:1.00:86.6:333.7:38.2:326.9::Favored:Cg_exo
 A 889  VAL:1.00:67.5:179.0::::Favored:t
 A 890  TYR:1.00:2.1:212.8:69.5:::Favored:t80
 A 891  PHE:1.00:79.9:178.8:71.4:::Favored:t80
 A 892  VAL:1.00:0.3:203.2::::OUTLIER:OUTLIER
 A 893  LEU:1.00:6.3:181.8:143.1:::Favored:tt
 A 894  GLU:1.00:24.7:64.7:188.7:4.7::Favored:pt0
 A 895  GLU:1.00:81.8:187.8:184.3:0.8::Favored:tt0
 A 897  HIS:1.00:13.1:159.1:84.4:::Favored:t70
 A 898  ASP:1.00:27.1:186.5:78.3:::Favored:t70
 A 899  TYR:1.00:21.1:291.6:343.0:::Favored:m-10
 A 900  THR:1.00:49.8:304.2::::Favored:m
 A 901  SER:1.00:44.0:178.7::::Favored:t
 A 902  SER:1.00:34.2:182.1::::Favored:t
 A 903  LYS:1.00:73.2:170.3:181.0:173.4:177.2:Favored:tttt
 A 905  GLN:1.00:64.9:184.7:171.2:359.1::Favored:tt0
 A 906  ASN:1.00:28.1:195.7:3.6:::Favored:t0
 A 907  MET:1.00:60.0:177.7:182.9:67.7::Favored:ttp
 A 908  VAL:1.00:88.0:173.9::::Favored:t
 A 909  CYS:1.00:54.7:181.3::::Favored:t
 A 912  MET:1.00:34.6:198.0:184.2:291.8::Favored:ttm
 A 914  CYS:1.00:53.6:181.0::::Favored:t
 A 915  ASN:1.00:32.4:275.7:318.8:::Favored:m-40
 A 916  ASN:1.00:0.7:205.9:165.8:::Allowed:t160
 A 917  ASP:1.00:20.2:190.8:78.8:::Favored:t70
 A 918  SER:1.00:41.6:175.3::::Favored:t
 A 919  LEU:1.00:15.4:193.5:62.1:::Favored:tp
 A 920  VAL:1.00:1.3:196.2::::Allowed:t
 A 921  GLN:1.00:52.8:193.4:178.9:358.8::Favored:tt0
 A 922  GLN:1.00:52.2:190.1:184.4:4.9::Favored:tt0
 A 923  ILE:1.00:1.4:210.3:157.8:::Allowed:tt
 A 924  PHE:1.00:49.6:166.3:74.5:::Favored:t80
 A 925  ASN:1.00:0.3:209.4:176.3:::OUTLIER:OUTLIER
 A 928  GLN:1.00:1.3:183.0:274.2:116.0::Allowed:tm130
 A 929  LEU:1.00:7.5:185.8:151.0:::Favored:tt
 A 930  ASP:1.00:21.7:189.8:79.6:::Favored:t70
 A 931  ASN:1.00:0.6:207.4:169.7:::Allowed:t160
 A 932  TYR:1.00:60.9:186.2:70.8:::Favored:t80
 A 933  THR:1.00:15.4:310.2::::Favored:m
 A 934  ARG:1.00:60.1:173.1:181.8:182.9:266.0:Favored:ttt-90
 A 935  ILE:1.00:9.0:200.9:162.6:::Favored:tt
 A 937  PHE:1.00:77.2:182.8:72.5:::Favored:t80
 A 939  PRO:1.00:72.8:27.6:325.3:27.8::Favored:Cg_endo
 A 940  SER:1.00:31.9:174.0::::Favored:t
 A 941  SER:1.00:41.5:176.2::::Favored:t
 A 942  TRP:1.00:56.8:171.2:249.0:::Favored:t-100
 A 943  ILE:1.00:6.7:204.6:168.3:::Favored:tt
 A 944  ASP:1.00:3.8:44.3:0.5:::Favored:p0
 A 945  ASP:1.00:27.5:175.2:72.2:::Favored:t70
 A 946  TYR:1.00:49.2:190.9:83.8:::Favored:t80
 A 947  PHE:1.00:60.6:188.0:78.7:::Favored:t80
 A 948  ASP:1.00:25.4:188.3:77.3:::Favored:t70
 A 949  TRP:1.00:64.7:174.5:259.4:::Favored:t-100
 A 950  VAL:1.00:49.3:181.6::::Favored:t
 A 951  LYS:1.00:82.9:181.7:179.4:173.3:185.0:Favored:tttt
 A 952  PRO:1.00:27.3:20.8:324.8:35.1::Favored:Cg_endo
 A 953  GLN:1.00:53.9:176.3:182.5:352.9::Favored:tt0
 A 954  SER:1.00:41.7:176.1::::Favored:t
 A 955  SER:1.00:23.9:184.5::::Favored:t
 A 956  CYS:1.00:47.8:179.6::::Favored:t
 A 957  CYS:1.00:47.5:179.4::::Favored:t
 A 958  ARG:1.00:81.3:184.2:179.8:183.0:179.8:Favored:ttt180
 A 959  VAL:1.00:25.5:165.0::::Favored:t
 A 984  PRO:1.00:97.7:331.9:36.3:330.3::Favored:Cg_exo
 A 985  GLU:1.00:92.6:290.3:185.3:354.6::Favored:mt-10
 A 987  LYS:1.00:87.9:184.7:176.7:181.2:179.8:Favored:tttt
 A 988  GLN:1.00:27.9:171.8:193.5:4.4::Favored:tt0
 A 989  ARG:1.00:62.3:176.0:172.8:162.8:178.9:Favored:ttt180
 A 990  PRO:1.00:37.9:22.9:323.7:35.0::Favored:Cg_endo
 A 991  GLN:1.00:65.2:185.7:180.9:4.0::Favored:tt0
 A 994  ASP:1.00:5.2:200.7:71.6:::Favored:t70
 A 995  PHE:1.00:7.0:204.3:68.8:::Favored:t80
 A 996  MET:1.00:1.2:191.2:266.4:169.9::Allowed:tmt
 A 997  ARG:1.00:68.4:193.1:177.9:186.8:177.4:Favored:ttt180
 A 998  PHE:1.00:40.2:164.7:73.0:::Favored:t80
 A 999  LEU:1.00:34.9:173.0:68.3:::Favored:tp
 A1000  PRO:1.00:85.1:334.0:36.3:328.1::Favored:Cg_exo
 A1001  MET:1.00:29.0:176.4:181.5:174.1::Favored:ttt
 A1002  PHE:1.00:84.6:182.5:76.9:::Favored:t80
 A1003  LEU:1.00:2.0:198.9:148.8:::Favored:tt
 A1004  SER:1.00:42.0:175.3::::Favored:t
 A1005  ASP:1.00:26.1:175.2:74.0:::Favored:t70
 A1006  ASN:1.00:0.8:203.7:167.6:::Allowed:t160
 A1007  PRO:1.00:81.2:30.4:331.2:15.3::Favored:Cg_endo
 A1008  ASN:1.00:0.7:206.3:167.5:::Allowed:t160
 A1009  PRO:1.00:11.4:346.3:34.0:319.6::Favored:Cg_exo
 A1010  LYS:1.00:14.8:168.5:65.3:184.6:65.9:Favored:tptp
 A1011  CYS:1.00:47.8:178.2::::Favored:t
 A1013  LYS:1.00:9.9:191.5:175.0:281.6:288.1:Favored:ttmm
 A1016  HIS:1.00:62.9:190.7:67.8:::Favored:t70
 A1019  TYR:1.00:58.9:187.6:72.8:::Favored:t80
 A1020  SER:1.00:29.6:172.8::::Favored:t
 A1021  SER:1.00:41.2:176.3::::Favored:t
 A1023  VAL:1.00:10.2:189.9::::Favored:t
 A1024  ASN:1.00:0.7:205.6:167.7:::Allowed:t160
 A1025  ILE:1.00:8.5:176.4:167.4:::Favored:tt
 A1026  LEU:1.00:6.8:204.1:59.1:::Favored:tp
 A1027  LEU:1.00:4.8:186.2:141.0:::Favored:tt
 A1029  HIS:1.00:99.0:301.3:289.3:::Favored:m-70
 A1031  THR:1.00:8.5:184.4::::Favored:t
 A1032  ARG:1.00:45.9:193.1:161.2:180.5:168.5:Favored:ttt180
 A1033  VAL:1.00:3.3:192.4::::Favored:t
 A1036  THR:1.00:60.3:57.4::::Favored:p
 A1037  TYR:1.00:5.7:77.9:291.2:::Favored:p90
 A1038  PHE:1.00:15.7:290.5:329.1:::Favored:m-10
 A1039  MET:1.00:8.4:47.9:179.3:181.0::Favored:ptt
 A1040  THR:1.00:1.8:41.6::::Allowed:p
 A1041  TYR:1.00:1.5:34.5:255.8:::Allowed:p90
 A1042  HIS:1.00:2.7:43.4:55.7:::Favored:p90
 A1043  THR:1.00:0.2:162.4::::OUTLIER:OUTLIER
 A1044  VAL:1.00:15.6:188.0::::Favored:t
 A1045  LEU:1.00:5.8:279.4:70.8:::Favored:mp
 A1046  GLN:1.00:12.6:195.5:56.8:250.5::Favored:tp-100
 A1047  THR:1.00:65.7:63.0::::Favored:p
 A1048  SER:1.00:78.1:70.5::::Favored:p
 A1050  ASP:1.00:34.9:193.7:1.7:::Favored:t0
 A1051  PHE:1.00:88.7:293.7:281.8:::Favored:m-80
 A1052  ILE:1.00:47.1:300.0:300.6:::Favored:mm
 A1053  ASP:1.00:71.0:298.6:330.0:::Favored:m-30
 A1055  LEU:1.00:0.6:182.9:273.6:::Allowed:tm
 A1056  LYS:1.00:95.1:286.7:184.4:176.8:182.1:Favored:mttt
 A1057  LYS:1.00:94.8:287.3:180.9:182.8:181.9:Favored:mttt
 A1059  ARG:1.00:32.9:300.6:293.6:181.7:90.6:Favored:mmt90
 A1060  LEU:1.00:52.7:287.6:175.9:::Favored:mt
 A1061  ILE:1.00:88.7:298.0:167.7:::Favored:mt
 A1063  SER:1.00:85.1:62.6::::Favored:p
 A1064  ASN:1.00:77.5:287.4:318.8:::Favored:m-40
 A1065  VAL:1.00:10.5:161.7::::Favored:t
 A1066  THR:1.00:70.7:59.3::::Favored:p
 A1067  GLU:1.00:96.9:289.2:170.6:354.8::Favored:mt-10
 A1068  THR:1.00:11.1:189.1::::Favored:t
 A1069  MET:1.00:1.0:274.7:66.9:179.0::Allowed:mpt
 A1071  ILE:1.00:52.0:306.4:174.2:::Favored:mt
 A1072  ASN:1.00:82.7:294.1:313.0:::Favored:m-40
 A1074  SER:1.00:74.3:71.5::::Favored:p
 A1076  TYR:1.00:11.7:200.4:93.7:::Favored:t80
 A1077  ARG:1.00:5.0:39.2:174.5:291.6:281.3:Favored:ptm-80
 A1078  VAL:1.00:2.2:158.6::::Favored:t
 A1079  PHE:1.00:83.9:290.0:276.5:::Favored:m-80
 A1080  PRO:1.00:69.0:29.5:329.4:19.2::Favored:Cg_endo
 A1081  TYR:1.00:79.4:182.3:73.0:::Favored:t80
 A1082  SER:1.00:62.4:298.2::::Favored:m
 A1083  VAL:1.00:0.4:200.8::::Allowed:t
 A1084  PHE:1.00:59.8:63.4:272.2:::Favored:p90
 A1085  TYR:1.00:7.9:282.4:350.7:::Favored:m-10
 A1086  VAL:1.00:0.3:202.0::::Allowed:t
 A1087  PHE:1.00:34.4:278.5:263.9:::Favored:m-80
 A1088  TYR:1.00:50.8:302.2:298.1:::Favored:m-80
 A1089  GLU:1.00:10.6:274.4:285.1:325.2::Favored:mm-30
 A1090  GLN:1.00:0.9:209.2:286.0:129.5::Allowed:tm130
 A1091  TYR:1.00:22.0:300.1:339.8:::Favored:m-10
 A1092  LEU:1.00:0.5:184.0:271.9:::Allowed:tm
 A1093  THR:1.00:0.8:321.6::::Allowed:m
 A1094  ILE:1.00:9.0:197.4:67.6:::Favored:tp
 A1095  ILE:1.00:47.4:302.9:297.7:::Favored:mm
 A1096  ASP:1.00:50.7:302.8:329.3:::Favored:m-30
 A1097  ASP:1.00:78.8:290.3:329.9:::Favored:m-30
 A1098  THR:1.00:14.3:47.6::::Favored:p
 A1099  ILE:1.00:78.8:300.4:170.2:::Favored:mt
 A1100  PHE:1.00:48.3:190.8:78.2:::Favored:t80
 A1101  ASN:1.00:84.6:292.1:317.5:::Favored:m-40
 A1102  LEU:1.00:94.7:291.6:172.4:::Favored:mt
 A1104  VAL:1.00:88.3:173.9::::Favored:t
 A1105  SER:1.00:48.4:75.0::::Favored:p
 A1106  LEU:1.00:94.1:291.9:171.2:::Favored:mt
 A1109  ILE:1.00:62.5:296.6:160.9:::Favored:mt
 A1110  PHE:1.00:77.1:177.9:70.0:::Favored:t80
 A1111  LEU:1.00:68.3:178.0:63.6:::Favored:tp
 A1112  VAL:1.00:48.8:181.7::::Favored:t
 A1113  THR:1.00:47.7:55.8::::Favored:p
 A1114  MET:1.00:29.0:300.7:301.2:173.0::Favored:mmt
 A1115  VAL:1.00:99.9:175.5::::Favored:t
 A1116  LEU:1.00:60.2:299.1:169.0:::Favored:mt
 A1117  LEU:1.00:41.0:184.3:56.7:::Favored:tp
 A1119  CYS:1.00:8.3:195.9::::Favored:t
 A1120  GLU:1.00:88.1:186.0:181.9:358.9::Favored:tt0
 A1121  LEU:1.00:2.9:194.4:144.1:::Favored:tt
 A1122  TRP:1.00:50.3:192.4:263.7:::Favored:t-100
 A1123  SER:1.00:74.9:59.7::::Favored:p
 A1125  VAL:1.00:52.7:181.0::::Favored:t
 A1126  ILE:1.00:88.8:291.4:170.0:::Favored:mt
 A1127  MET:1.00:0.7:265.3:74.7:170.1::Allowed:mpt
 A1128  CYS:1.00:83.6:294.0::::Favored:m
 A1130  THR:1.00:17.8:49.4::::Favored:p
 A1131  ILE:1.00:20.8:306.8:159.5:::Favored:mt
 A1133  MET:1.00:22.7:188.4:164.4:173.5::Favored:ttt
 A1134  VAL:1.00:51.9:181.2::::Favored:t
 A1135  LEU:1.00:73.0:292.0:178.6:::Favored:mt
 A1136  VAL:1.00:30.7:165.3::::Favored:t
 A1137  ASN:1.00:88.7:296.9:321.0:::Favored:m-40
 A1138  MET:1.00:0.7:273.6:79.8:262.1::Allowed:mpm
 A1139  PHE:1.00:18.5:289.4:346.9:::Favored:m-10
 A1141  VAL:1.00:84.9:176.3::::Favored:t
 A1142  MET:1.00:21.0:304.7:306.7:174.4::Favored:mmt
 A1143  TRP:1.00:34.8:197.8:262.9:::Favored:t-100
 A1144  LEU:1.00:49.4:171.7:62.3:::Favored:tp
 A1145  TRP:1.00:28.7:200.7:260.0:::Favored:t-100
 A1147  ILE:1.00:20.3:190.9:164.7:::Favored:tt
 A1148  SER:1.00:39.3:177.8::::Favored:t
 A1149  LEU:1.00:28.1:186.5:55.7:::Favored:tp
 A1150  ASN:1.00:14.6:53.3:0.9:::Favored:p0
 A1152  VAL:1.00:75.2:172.7::::Favored:t
 A1153  SER:1.00:36.6:302.3::::Favored:m
 A1154  LEU:1.00:2.9:173.0:142.3:::Favored:tt
 A1155  VAL:1.00:37.9:183.9::::Favored:t
 A1156  ASN:1.00:77.9:292.8:308.9:::Favored:m-40
 A1157  LEU:1.00:70.9:296.3:181.8:::Favored:mt
 A1158  VAL:1.00:80.1:173.1::::Favored:t
 A1159  MET:1.00:12.4:172.3:262.8:287.7::Favored:tmm
 A1160  SER:1.00:31.6:183.5::::Favored:t
 A1161  CYS:1.00:83.9:294.0::::Favored:m
 A1163  ILE:1.00:51.1:291.4:178.3:::Favored:mt
 A1164  SER:1.00:72.5:295.8::::Favored:m
 A1165  VAL:1.00:60.8:170.9::::Favored:t
 A1166  GLU:1.00:2.6:58.2:91.4:10.7::Favored:pp20
 A1167  PHE:1.00:23.4:294.5:343.0:::Favored:m-10
 A1168  CYS:1.00:90.4:291.6::::Favored:m
 A1169  SER:1.00:84.6:62.6::::Favored:p
 A1170  HIS:1.00:60.2:294.8:167.3:::Favored:m170
 A1171  ILE:1.00:94.6:295.1:168.9:::Favored:mt
 A1172  THR:1.00:87.8:301.4::::Favored:m
 A1173  ARG:1.00:34.1:299.6:290.7:288.8:170.7:Favored:mmm160
 A1175  PHE:1.00:87.4:179.6:75.6:::Favored:t80
 A1176  THR:1.00:7.0:182.6::::Favored:t
 A1177  VAL:1.00:85.6:173.6::::Favored:t
 A1178  SER:1.00:36.3:181.3::::Favored:t
 A1179  MET:1.00:32.1:185.0:174.6:177.8::Favored:ttt
 A1180  LYS:1.00:83.9:186.2:171.4:182.7:176.8:Favored:tttt
 A1182  SER:1.00:43.5:178.6::::Favored:t
 A1183  ARG:1.00:0.8:193.8:261.3:199.8:86.9:Allowed:tmt90
 A1184  VAL:1.00:85.5:177.3::::Favored:t
 A1185  GLU:1.00:91.6:300.2:175.7:353.0::Favored:mt-10
 A1186  ARG:1.00:0.5:58.5:101.9:164.5:266.1:Allowed:ppt-90
 A1188  GLU:1.00:83.2:298.2:295.4:330.0::Favored:mm-30
 A1189  GLU:1.00:74.0:293.0:289.5:329.7::Favored:mm-30
 A1191  LEU:1.00:75.2:293.8:166.8:::Favored:mt
 A1193  HIS:1.00:96.7:296.3:282.8:::Favored:m-70
 A1194  MET:1.00:43.0:294.9:300.7:108.2::Favored:mmp
 A1196  SER:1.00:81.5:61.9::::Favored:p
 A1197  SER:1.00:91.2:66.6::::Favored:p
 A1198  VAL:1.00:13.9:188.5::::Favored:t
 A1199  PHE:1.00:78.0:293.6:287.2:::Favored:m-80
 A1200  SER:1.00:81.2:70.2::::Favored:p
 A1202  ILE:1.00:47.2:305.0:303.0:::Favored:mm
 A1203  THR:1.00:6.6:182.1::::Favored:t
 A1204  LEU:1.00:86.4:298.0:179.7:::Favored:mt
 A1205  THR:1.00:55.6:56.9::::Favored:p
 A1206  LYS:1.00:1.1:180.1:255.7:174.4:66.1:Allowed:tmtp
 A1207  PHE:1.00:32.9:193.8:74.3:::Favored:t80
 A1210  ILE:1.00:12.9:198.5:164.1:::Favored:tt
 A1211  VAL:1.00:81.8:177.8::::Favored:t
 A1212  VAL:1.00:68.8:178.9::::Favored:t
 A1213  LEU:1.00:3.5:194.9:147.7:::Favored:tt
 A1215  PHE:1.00:39.7:191.4:71.3:::Favored:t80
 A1217  LYS:1.00:10.0:193.6:175.2:75.9:70.8:Favored:ttpp
 A1218  SER:1.00:30.6:172.5::::Favored:t
 A1219  GLN:1.00:48.8:194.1:172.7:6.6::Favored:tt0
 A1220  ILE:1.00:18.2:192.9:171.8:::Favored:tt
 A1221  PHE:1.00:16.0:160.0:69.4:::Favored:t80
 A1222  GLN:1.00:34.1:199.9:171.8:3.9::Favored:tt0
 A1223  ILE:1.00:64.3:302.9:175.4:::Favored:mt
 A1224  PHE:1.00:9.8:285.3:341.5:::Favored:m-10
 A1225  TYR:1.00:35.3:175.2:57.9:::Favored:t80
 A1226  PHE:1.00:5.8:282.9:325.4:::Favored:m-10
 A1227  ARG:1.00:39.9:280.1:168.9:81.6:190.2:Favored:mtp180
 A1228  MET:1.00:0.9:65.8:92.0:217.4::Allowed:pp-130
 A1229  TYR:1.00:84.5:180.3:74.5:::Favored:t80
 A1230  LEU:1.00:34.0:186.8:61.5:::Favored:tp
 A1232  MET:1.00:17.6:68.7:185.0:184.1::Favored:ptt
 A1233  VAL:1.00:81.5:176.6::::Favored:t
 A1234  LEU:1.00:1.0:191.0:279.3:::Allowed:tm
 A1235  LEU:1.00:68.1:289.8:176.2:::Favored:mt
 A1238  THR:1.00:80.2:60.5::::Favored:p
 A1239  HIS:1.00:74.8:171.8:79.2:::Favored:t70
 A1241  LEU:1.00:53.1:175.2:65.2:::Favored:tp
 A1242  ILE:1.00:9.9:201.0:164.7:::Favored:tt
 A1243  PHE:1.00:77.7:178.3:70.3:::Favored:t80
 A1244  LEU:1.00:3.9:192.0:143.8:::Favored:tt
 A1245  PRO:1.00:52.4:336.8:36.2:325.5::Favored:Cg_exo
 A1246  VAL:1.00:11.8:162.4::::Favored:t
 A1247  LEU:1.00:1.4:174.0:135.1:::Allowed:tt
 A1248  LEU:1.00:3.0:178.5:137.4:::Favored:tt
 A1249  SER:1.00:46.2:179.6::::Favored:t
 A1250  TYR:1.00:91.1:177.7:75.9:::Favored:t80
 A1251  ILE:1.00:8.7:202.2:165.8:::Favored:tt
SUMMARY: 0.51% outliers (Goal: < 0.3%)
