residue:occupancy:score%:chi1:chi2:chi3:chi4:evaluation:rotamer
 A  23  GLN:1.00:12.0:295.0:189.9:134.7::Favored:mt0
 A  24  SER:1.00:6.7:193.8::::Favored:t
 A  25  CYS:1.00:61.7:300.8::::Favored:m
 A  26  VAL:1.00:12.0:305.8::::Favored:m
 A  27  TRP:1.00:0.7:65.5:33.2:::Allowed:p90
 A  28  TYR:1.00:37.5:192.2:271.6:::Favored:t80
 A  30  GLU:1.00:75.0:297.6:191.5:171.1::Favored:mt-10
 A  31  CYS:1.00:1.0:269.1::::Allowed:m
 A  33  ILE:1.00:6.1:292.3:280.7:::Favored:mm
 A  35  TYR:1.00:48.2:68.4:276.4:::Favored:p90
 A  37  ASP:1.00:52.4:61.8:9.5:::Favored:p0
 A  38  LYS:1.00:16.5:294.6:171.0:209.5:308.6:Favored:mttm
 A  39  ARG:1.00:3.4:302.7:250.0:162.2:202.4:Favored:mmt180
 A  40  TYR:1.00:67.7:297.8:293.6:::Favored:m-80
 A  41  ASN:1.00:90.6:293.7:323.8:::Favored:m-40
 A  42  CYS:1.00:21.2:307.9::::Favored:m
 A  43  GLU:1.00:23.8:197.4:172.8:29.3::Favored:tt0
 A  44  TYR:1.00:54.4:166.8:76.9:::Favored:t80
 A  45  SER:1.00:99.7:65.5::::Favored:p
 A  47  PRO:1.00:54.5:25.8:326.3:27.7::Favored:Cg_endo
 A  48  PRO:1.00:12.4:16.6:334.9:23.0::Favored:Cg_endo
 A  49  LYS:1.00:51.7:304.5:175.4:180.1:287.1:Favored:mttm
 A  50  PRO:1.00:60.3:335.9:37.2:324.9::Favored:Cg_exo
 A  51  LEU:1.00:11.7:188.7:76.2:::Favored:tp
 A  52  PRO:1.00:91.9:333.1:39.5:324.1::Favored:Cg_exo
 A  53  LYS:1.00:12.7:288.1:198.6:160.3:46.0:Favored:mttp
 A  54  ASP:1.00:5.2:48.4:42.6:::Favored:p0
 A  56  TYR:1.00:8.9:280.2:13.2:::Favored:m-10
 A  57  ASP:1.00:55.4:279.0:0.1:::Favored:m-30
 A  58  LEU:1.00:10.4:277.3:160.2:::Favored:mt
 A  59  VAL:1.00:0.7:82.0::::Allowed:p
 A  60  GLN:1.00:0.0:255.0:217.1:146.9::OUTLIER:OUTLIER
 A  61  GLU:1.00:74.7:174.8:175.0:6.2::Favored:tt0
 A  62  LEU:1.00:50.4:300.2:168.5:::Favored:mt
 A  63  CYS:1.00:11.7:310.8::::Favored:m
 A  64  PRO:1.00:12.4:16.6:334.1:24.3::Favored:Cg_endo
 A  66  PHE:1.00:14.6:289.7:330.4:::Favored:m-10
 A  67  PHE:1.00:17.3:188.4:50.4:::Favored:t80
 A  68  PHE:1.00:46.6:68.6:88.2:::Favored:p90
 A  70  ASN:1.00:6.1:319.7:308.4:::Favored:m-40
 A  71  VAL:1.00:1.2:196.5::::Allowed:t
 A  72  SER:1.00:26.8:303.6::::Favored:m
 A  73  LEU:1.00:79.4:300.6:180.0:::Favored:mt
 A  74  CYS:1.00:93.7:291.9::::Favored:m
 A  75  CYS:1.00:27.8:65.2::::Favored:p
 A  76  ASP:1.00:29.7:72.4:348.1:::Favored:p0
 A  77  VAL:1.00:97.3:175.1::::Favored:t
 A  78  ARG:1.00:10.7:182.1:78.6:81.1:173.9:Favored:tpp-160
 A  79  GLN:1.00:46.3:285.7:177.5:272.6::Favored:mt0
 A  80  LEU:1.00:49.5:285.4:164.8:::Favored:mt
 A  81  GLN:1.00:87.4:190.9:59.9:58.4::Favored:tp40
 A  82  THR:1.00:31.6:292.7::::Favored:m
 A  83  LEU:1.00:55.0:175.5:57.7:::Favored:tp
 A  84  LYS:1.00:59.5:177.0:166.9:182.0:162.9:Favored:tttt
 A  85  ASP:1.00:96.7:289.9:346.0:::Favored:m-30
 A  86  ASN:1.00:48.3:278.1:282.4:::Favored:m-40
 A  87  LEU:1.00:0.0:256.6:21.7:::OUTLIER:OUTLIER
 A  88  GLN:1.00:64.0:288.9:171.8:55.2::Favored:mt0
 A  89  LEU:1.00:35.0:292.4:184.6:::Favored:mt
 A  90  PRO:1.00:90.5:333.3:35.0:330.9::Favored:Cg_exo
 A  91  LEU:1.00:0.0:232.1:24.9:::OUTLIER:OUTLIER
 A  92  GLN:1.00:40.8:183.9:77.3:34.6::Favored:tp40
 A  93  PHE:1.00:72.1:299.8:290.4:::Favored:m-80
 A  94  LEU:1.00:50.2:305.4:174.8:::Favored:mt
 A  95  SER:1.00:85.8:69.7::::Favored:p
 A  96  ARG:1.00:2.7:288.2:225.7:175.0:153.5:Favored:mtt180
 A  97  CYS:1.00:54.4:181.3::::Favored:t
 A  98  PRO:1.00:85.6:333.9:39.9:322.9::Favored:Cg_exo
 A  99  SER:1.00:58.7:299.3::::Favored:m
 A 100  CYS:1.00:0.7:159.0::::Allowed:t
 A 101  PHE:1.00:66.8:186.1:75.0:::Favored:t80
 A 102  TYR:1.00:77.5:177.4:70.0:::Favored:t80
 A 103  ASN:1.00:70.2:305.3:310.5:::Favored:m-40
 A 104  LEU:1.00:58.2:182.3:62.0:::Favored:tp
 A 105  LEU:1.00:0.0:224.9:198.4:::OUTLIER:OUTLIER
 A 106  ASN:1.00:98.6:290.1:340.9:::Favored:m-40
 A 107  LEU:1.00:15.7:177.5:74.6:::Favored:tp
 A 108  PHE:1.00:31.9:295.6:308.2:::Favored:m-80
 A 109  CYS:1.00:31.4:283.0::::Favored:m
 A 110  GLU:1.00:51.0:285.8:289.1:322.5::Favored:mm-30
 A 111  LEU:1.00:35.6:169.7:62.8:::Favored:tp
 A 112  THR:1.00:74.9:302.8::::Favored:m
 A 113  CYS:1.00:83.7:295.2::::Favored:m
 A 114  SER:1.00:21.0:170.4::::Favored:t
 A 115  PRO:1.00:74.3:29.9:322.9:29.3::Favored:Cg_endo
 A 116  ARG:1.00:0.0:37.2:209.4:20.8:170.4:OUTLIER:OUTLIER
 A 117  GLN:1.00:44.0:282.8:192.8:318.3::Favored:mt0
 A 118  SER:1.00:94.5:66.2::::Favored:p
 A 119  GLN:1.00:68.4:295.9:187.5:358.7::Favored:mt0
 A 120  PHE:1.00:35.2:59.1:81.0:::Favored:p90
 A 121  LEU:1.00:74.8:302.8:179.0:::Favored:mt
 A 122  ASN:1.00:0.4:241.6:25.3:::Allowed:m-40
 A 123  VAL:1.00:95.7:174.9::::Favored:t
 A 124  THR:1.00:61.8:57.6::::Favored:p
 A 126  THR:1.00:79.1:60.3::::Favored:p
 A 127  GLU:1.00:15.7:75.8:189.9:6.8::Favored:pt0
 A 128  ASP:1.00:24.3:275.4:6.6:::Favored:m-30
 A 129  TYR:1.00:77.3:171.1:78.6:::Favored:t80
 A 130  VAL:1.00:9.5:289.8::::Favored:m
 A 131  ASP:1.00:16.2:187.0:276.8:::Favored:t70
 A 132  PRO:1.00:8.6:14.1:330.9:31.8::Favored:Cg_endo
 A 133  VAL:1.00:0.5:48.1::::Allowed:p
 A 134  THR:1.00:71.0:62.0::::Favored:p
 A 135  ASN:1.00:95.8:290.0:344.5:::Favored:m-40
 A 136  GLN:1.00:77.5:304.3:292.4:300.2::Favored:mm-40
 A 137  THR:1.00:42.4:304.9::::Favored:m
 A 138  LYS:1.00:1.2:298.0:174.5:101.6:298.3:Allowed:mtpm
 A 139  THR:1.00:99.1:300.3::::Favored:m
 A 140  ASN:1.00:88.2:291.1:322.6:::Favored:m-40
 A 141  VAL:1.00:95.5:175.7::::Favored:t
 A 142  LYS:1.00:64.0:194.8:168.2:188.6:171.7:Favored:tttt
 A 143  GLU:1.00:9.1:193.8:159.4:120.8::Favored:tt0
 A 144  LEU:1.00:1.7:69.2:173.6:::Allowed:pt
 A 145  GLN:1.00:0.4:187.9:127.7:282.3::Allowed:tt0
 A 146  TYR:1.00:1.2:185.4:358.5:::Allowed:t80
 A 147  TYR:1.00:74.3:292.9:80.3:::Favored:m-80
 A 148  VAL:1.00:67.0:179.1::::Favored:t
 A 150  GLN:1.00:8.5:174.9:202.0:295.0::Favored:tt0
 A 151  SER:1.00:16.3:286.0::::Favored:m
 A 152  PHE:1.00:37.6:181.5:278.9:::Favored:t80
 A 154  ASN:1.00:4.7:283.4:165.9:::Favored:m110
 A 156  MET:1.00:7.7:186.4:180.4:102.4::Favored:ttp
 A 157  TYR:1.00:90.8:177.1:80.7:::Favored:t80
 A 158  ASN:1.00:0.8:210.9:239.1:::Allowed:t0
 A 160  CYS:1.00:83.3:295.7::::Favored:m
 A 161  ARG:1.00:18.0:69.4:185.1:293.3:175.4:Favored:ptm160
 A 162  ASP:1.00:85.1:282.4:351.9:::Favored:m-30
 A 163  VAL:1.00:60.7:179.9::::Favored:t
 A 164  GLU:1.00:0.1:249.7:143.8:13.4::OUTLIER:OUTLIER
 A 166  PRO:1.00:41.0:327.2:45.2:320.5::Favored:Cg_exo
 A 167  SER:1.00:69.5:72.1::::Favored:p
 A 168  SER:1.00:66.4:297.1::::Favored:m
 A 169  ASN:1.00:56.8:284.0:308.2:::Favored:m-40
 A 170  ASP:1.00:0.3:270.7:88.0:::Allowed:m-30
 A 171  LYS:1.00:11.1:292.5:320.9:173.7:161.1:Favored:mmtt
 A 173  LEU:1.00:13.7:287.3:186.3:::Favored:mt
 A 175  LEU:1.00:21.1:299.6:162.6:::Favored:mt
 A 176  LEU:1.00:85.8:290.9:168.0:::Favored:mt
 A 177  CYS:1.00:3.7:200.3::::Favored:t
 A 179  LYS:1.00:3.0:51.2:189.6:91.3:65.2:Favored:ptpp
 A 180  ASP:1.00:72.8:296.7:347.1:::Favored:m-30
 A 182  ASP:1.00:38.6:59.1:20.4:::Favored:p0
 A 184  CYS:1.00:12.1:193.8::::Favored:t
 A 185  ASN:1.00:0.4:328.7:311.8:::Allowed:m-40
 A 187  THR:1.00:56.1:57.0::::Favored:p
 A 188  ASN:1.00:6.2:75.8:36.7:::Favored:p0
 A 189  TRP:1.00:22.3:179.9:27.4:::Favored:t60
 A 190  ILE:1.00:65.5:290.3:174.8:::Favored:mt
 A 191  GLU:1.00:10.1:196.1:274.6:316.0::Favored:tm-30
 A 192  TYR:1.00:75.9:171.4:74.5:::Favored:t80
 A 193  MET:1.00:63.6:282.0:187.4:292.5::Favored:mtm
 A 194  PHE:1.00:9.9:283.6:350.7:::Favored:m-10
 A 195  ASN:1.00:0.4:232.3:302.2:::Allowed:t0
 A 196  LYS:1.00:0.0:25.7:107.7:50.4:199.4:OUTLIER:OUTLIER
 A 197  ASP:1.00:10.3:303.8:275.1:::Favored:m-30
 A 198  ASN:1.00:25.8:69.4:29.7:::Favored:p0
 A 200  GLN:1.00:30.2:185.6:76.5:12.7::Favored:tp40
 A 202  PRO:1.00:34.4:22.2:334.6:17.9::Favored:Cg_endo
 A 203  PHE:1.00:17.2:46.9:85.6:::Favored:p90
 A 204  THR:1.00:25.8:291.8::::Favored:m
 A 205  ILE:1.00:1.7:301.9:111.0:::Allowed:mp
 A 206  THR:1.00:27.9:52.5::::Favored:p
 A 207  PRO:1.00:58.3:32.1:323.6:25.5::Favored:Cg_endo
 A 208  VAL:1.00:73.1:172.5::::Favored:t
 A 209  PHE:1.00:75.7:303.8:273.5:::Favored:m-80
 A 210  SER:1.00:46.9:180.3::::Favored:t
 A 211  ASP:1.00:22.6:273.1:343.4:::Favored:m-30
 A 212  PHE:1.00:6.6:318.1:280.9:::Favored:m-80
 A 213  PRO:1.00:96.0:332.8:40.8:322.8::Favored:Cg_exo
 A 214  VAL:1.00:46.8:182.1::::Favored:t
 A 215  HIS:1.00:56.3:284.0:269.3:::Favored:m-70
 A 217 AMET:0.50:78.8:307.7:298.5:290.9::Favored:mmm
 A 217 BMET:0.50:15.7:307.7:298.5:189.6::Favored:mmt
 A 218  GLU:1.00:24.9:300.7:168.1:63.6::Favored:mt-10
 A 219  PRO:1.00:82.5:334.5:37.4:326.1::Favored:Cg_exo
 A 220  MET:1.00:9.6:193.0:286.1:301.0::Favored:tmm
 A 221  ASN:1.00:0.5:233.6:332.5:::Allowed:t0
 A 222  ASN:1.00:0.4:262.9:65.8:::Allowed:m110
 A 224  THR:1.00:38.7:54.4::::Favored:p
 A 225  LYS:1.00:28.6:294.1:275.6:174.8:198.5:Favored:mmtt
 A 227  CYS:1.00:28.4:60.0::::Favored:p
 A 228  ASP:1.00:28.2:59.8:337.4:::Favored:p0
 A 229  GLU:1.00:30.0:301.3:185.5:270.2::Favored:mt-10
 A 230  SER:1.00:14.0:285.4::::Favored:m
 A 231  VAL:1.00:36.4:166.6::::Favored:t
 A 232  ASP:1.00:19.6:57.4:34.3:::Favored:p0
 A 233  GLU:1.00:21.2:292.1:62.2:33.1::Favored:mp0
 A 234  VAL:1.00:22.5:301.5::::Favored:m
 A 235  THR:1.00:5.3:314.3::::Favored:m
 A 237  PRO:1.00:73.8:335.1:37.0:326.1::Favored:Cg_exo
 A 238  CYS:1.00:31.0:306.7::::Favored:m
 A 239  SER:1.00:77.8:70.5::::Favored:p
 A 240  CYS:1.00:1.6:206.0::::Allowed:t
 A 241  GLN:1.00:45.7:184.5:170.5:59.9::Favored:tt0
 A 242  ASP:1.00:85.6:288.5:336.0:::Favored:m-30
 A 243  CYS:1.00:17.0:192.1::::Favored:t
 A 244  SER:1.00:32.9:77.0::::Favored:p
 A 245  ILE:1.00:14.5:306.8:186.3:::Favored:mt
 A 246  VAL:1.00:13.2:291.1::::Favored:m
 A 247  CYS:1.00:2.4:203.5::::Favored:t
 A 249  PRO:1.00:31.5:34.9:343.6:352.5::Favored:Cg_endo
 A 250  LYS:1.00:0.0:280.0:108.0:241.7:102.2:OUTLIER:OUTLIER
 A 251  PRO:1.00:29.7:35.2:341.9:354.8::Favored:Cg_endo
 A 252  GLN:1.00:0.0:25.4:124.8:282.8::OUTLIER:OUTLIER
 A 253  PRO:1.00:30.8:35.0:342.3:354.4::Favored:Cg_endo
 A 254  PRO:1.00:29.6:35.2:341.8:355.0::Favored:Cg_endo
 A 255  PRO:1.00:29.8:35.2:341.8:355.1::Favored:Cg_endo
 A 256  PRO:1.00:20.3:36.9:343.4:350.9::Favored:Cg_endo
 A 257  PRO:1.00:25.6:36.0:343.4:351.8::Favored:Cg_endo
 A 259  PRO:1.00:25.3:36.0:343.4:351.7::Favored:Cg_endo
 A 380  LEU:1.00:3.2:186.3:39.7:::Favored:tp
 A 381  TRP:1.00:0.3:77.7:1.5:::OUTLIER:OUTLIER
 A 382  SER:1.00:95.3:63.9::::Favored:p
 A 384  PRO:1.00:30.1:35.2:341.9:354.9::Favored:Cg_endo
 A 385  SER:1.00:67.2:58.5::::Favored:p
 A 386  SER:1.00:78.2:60.6::::Favored:p
 A 387  GLN:1.00:9.4:314.7:161.0:11.3::Favored:mt0
 A 389  ARG:1.00:0.0:242.4:279.0:142.4:145.3:OUTLIER:OUTLIER
 A 390  LEU:1.00:11.7:279.7:179.9:::Favored:mt
 A 391  GLU:1.00:62.3:279.6:171.8:4.2::Favored:mt-10
 A 392  LYS:1.00:1.0:163.8:88.5:164.7:116.1:Allowed:tptp
 A 393  GLU:1.00:99.6:292.4:177.0:350.0::Favored:mt-10
 A 394  TYR:1.00:0.1:215.5:25.5:::OUTLIER:OUTLIER
 A 395  PHE:1.00:49.5:167.8:70.5:::Favored:t80
 A 396  ASP:1.00:67.6:287.5:1.2:::Favored:m-30
 A 397  GLN:1.00:41.5:308.7:170.5:323.5::Favored:mt0
 A 398  HIS:1.00:0.2:270.6:358.1:::OUTLIER:OUTLIER
 A 399  PHE:1.00:0.1:331.8:76.4:::OUTLIER:OUTLIER
 A 401  PRO:1.00:29.9:35.2:341.9:354.8::Favored:Cg_endo
 A 402  PHE:1.00:18.0:65.4:285.5:::Favored:p90
 A 403  PHE:1.00:0.4:78.1:311.0:::Allowed:p90
 A 404  ARG:1.00:0.0:40.1:130.3:120.7:307.6:OUTLIER:OUTLIER
 A 405  THR:1.00:71.0:62.0::::Favored:p
 A 406  GLU:1.00:0.0:335.2:144.1:70.0::OUTLIER:OUTLIER
 A 407  GLN:1.00:22.8:180.3:171.5:95.8::Favored:tt0
 A 408  LEU:1.00:54.1:304.9:174.9:::Favored:mt
 A 409  ILE:1.00:2.6:171.2:163.5:::Favored:tt
 A 410  ILE:1.00:94.2:295.0:169.7:::Favored:mt
 A 411  ARG:1.00:13.9:314.9:176.7:177.0:123.7:Favored:mtt90
 A 413  PRO:1.00:72.9:29.8:324.4:26.8::Favored:Cg_endo
 A 414  LEU:1.00:27.2:306.9:170.7:::Favored:mt
 A 415  THR:1.00:8.1:313.0::::Favored:m
 A 416  ASP:1.00:77.7:294.7:326.3:::Favored:m-30
 A 417  LYS:1.00:6.8:67.7:173.6:60.8:161.5:Favored:ptpt
 A 418  HIS:1.00:22.4:69.8:297.8:::Favored:p-80
 A 419  ILE:1.00:0.4:320.6:278.6:::Allowed:mm
 A 420  TYR:1.00:34.1:173.8:274.3:::Favored:t80
 A 421  GLN:1.00:5.3:307.3:68.4:8.3::Favored:mp10
 A 422  PRO:1.00:30.1:35.2:341.9:354.8::Favored:Cg_endo
 A 423  TYR:1.00:62.0:185.7:270.2:::Favored:t80
 A 424  PRO:1.00:31.6:34.9:343.6:352.5::Favored:Cg_endo
 A 425  SER:1.00:78.8:70.4::::Favored:p
 A 428  ASP:1.00:71.3:283.1:337.3:::Favored:m-30
 A 429  VAL:1.00:30.4:185.7::::Favored:t
 A 430  PRO:1.00:44.9:24.6:338.5:9.8::Favored:Cg_endo
 A 431  PHE:1.00:16.3:274.3:70.7:::Favored:m-80
 A 433  PRO:1.00:97.2:332.7:34.1:333.1::Favored:Cg_exo
 A 434  PRO:1.00:11.0:15.8:352.8:355.5::Favored:Cg_endo
 A 435  LEU:1.00:34.5:304.7:169.7:::Favored:mt
 A 436  ASP:1.00:8.9:168.7:78.9:::Favored:t70
 A 437  ILE:1.00:11.2:188.3:64.2:::Favored:tp
 A 438  GLN:1.00:79.3:288.5:304.2:317.6::Favored:mm-40
 A 439  ILE:1.00:0.0:104.1:90.3:::OUTLIER:OUTLIER
 A 440  LEU:1.00:86.2:290.0:172.4:::Favored:mt
 A 441  HIS:1.00:65.3:284.4:293.6:::Favored:m-70
 A 442  GLN:1.00:54.1:289.5:166.4:46.8::Favored:mt0
 A 443  VAL:1.00:78.2:172.9::::Favored:t
 A 444  LEU:1.00:46.1:180.0:55.3:::Favored:tp
 A 445  ASP:1.00:56.9:284.4:328.9:::Favored:m-30
 A 446  LEU:1.00:53.0:173.1:61.0:::Favored:tp
 A 447  GLN:1.00:9.8:197.6:172.2:102.7::Favored:tt0
 A 448  ILE:1.00:67.9:289.3:162.7:::Favored:mt
 A 450  ILE:1.00:56.3:289.0:160.6:::Favored:mt
 A 451  GLU:1.00:34.1:288.5:185.6:70.8::Favored:mt-10
 A 452  ASN:1.00:13.0:208.6:50.2:::Favored:t0
 A 453  ILE:1.00:83.2:291.1:165.0:::Favored:mt
 A 454  THR:1.00:77.5:60.9::::Favored:p
 A 456  SER:1.00:4.0:45.3::::Favored:p
 A 457  TYR:1.00:67.6:186.6:81.8:::Favored:t80
 A 458  ASP:1.00:17.8:300.1:358.1:::Favored:m-30
 A 459  ASN:1.00:21.5:208.5:36.0:::Favored:t0
 A 460  GLU:1.00:86.4:284.4:182.2:346.6::Favored:mt-10
 A 461  THR:1.00:36.9:54.2::::Favored:p
 A 462  VAL:1.00:16.6:187.8::::Favored:t
 A 463  THR:1.00:66.0:58.3::::Favored:p
 A 464  LEU:1.00:58.0:180.8:57.5:::Favored:tp
 A 465  GLN:1.00:3.0:293.2:78.1:233.4::Favored:mp-120
 A 466  ASP:1.00:74.7:296.6:322.1:::Favored:m-30
 A 467  ILE:1.00:40.0:64.7:174.1:::Favored:pt
 A 468  CYS:1.00:20.1:70.7::::Favored:p
 A 469  LEU:1.00:65.5:177.3:57.5:::Favored:tp
 A 471  PRO:1.00:35.7:22.4:325.2:33.0::Favored:Cg_endo
 A 472  LEU:1.00:0.0:260.7:35.4:::OUTLIER:OUTLIER
 A 473  SER:1.00:6.5:310.0::::Favored:m
 A 474  PRO:1.00:78.6:30.7:328.3:19.4::Favored:Cg_endo
 A 475  TYR:1.00:18.4:181.8:47.1:::Favored:t80
 A 476  ASN:1.00:39.3:189.9:1.8:::Favored:t0
 A 477  THR:1.00:55.3:56.9::::Favored:p
 A 478  ASN:1.00:11.2:268.1:329.6:::Favored:m-40
 A 479  CYS:1.00:2.7:274.8::::Favored:m
 A 480  THR:1.00:92.0:299.0::::Favored:m
 A 481  ILE:1.00:33.0:308.8:167.2:::Favored:mt
 A 482  LEU:1.00:44.9:305.6:183.7:::Favored:mt
 A 483  SER:1.00:5.4:163.0::::Favored:t
 A 484  VAL:1.00:4.0:287.4::::Favored:m
 A 485  LEU:1.00:1.3:284.8:305.6:::Allowed:mm
 A 486  ASN:1.00:0.5:245.5:325.5:::Allowed:m-40
 A 487  TYR:1.00:24.5:296.9:320.8:::Favored:m-10
 A 488  PHE:1.00:36.8:308.4:89.6:::Favored:m-80
 A 489  GLN:1.00:26.4:294.6:69.4:59.2::Favored:mp10
 A 490  ASN:1.00:3.4:306.2:153.5:::Favored:m110
 A 491  SER:1.00:9.5:166.0::::Favored:t
 A 492  HIS:1.00:71.8:298.9:264.9:::Favored:m-70
 A 493  SER:1.00:60.0:57.8::::Favored:p
 A 494  VAL:1.00:86.3:177.5::::Favored:t
 A 495  LEU:1.00:0.0:157.5:106.1:::OUTLIER:OUTLIER
 A 496  ASP:1.00:1.4:259.2:0.3:::Allowed:m-30
 A 497  HIS:1.00:30.5:296.5:143.7:::Favored:m170
 A 498  LYS:1.00:1.9:164.8:201.2:68.8:139.9:Allowed:ttpt
 A 499  LYS:1.00:48.0:175.3:74.7:177.9:176.2:Favored:tptt
 A 501  ASP:1.00:15.0:54.2:33.6:::Favored:p0
 A 502  ASP:1.00:79.4:291.7:327.9:::Favored:m-30
 A 503  PHE:1.00:25.4:276.3:77.8:::Favored:m-80
 A 504  PHE:1.00:89.1:301.2:273.5:::Favored:m-80
 A 505  VAL:1.00:89.8:176.0::::Favored:t
 A 506  TYR:1.00:80.0:301.0:285.1:::Favored:m-80
 A 508  ASP:1.00:30.9:70.0:344.1:::Favored:p0
 A 509  TYR:1.00:16.8:80.3:273.3:::Favored:p90
 A 510  HIS:1.00:2.5:274.8:129.0:::Favored:m90
 A 511  THR:1.00:1.1:320.3::::Allowed:m
 A 512  HIS:1.00:47.4:193.9:62.0:::Favored:t70
 A 513  PHE:1.00:64.0:174.4:87.9:::Favored:t80
 A 514  LEU:1.00:65.9:292.4:165.0:::Favored:mt
 A 515  TYR:1.00:58.3:173.6:88.5:::Favored:t80
 A 516  CYS:1.00:97.7:289.8::::Favored:m
 A 517  VAL:1.00:28.6:298.4::::Favored:m
 A 518  ARG:1.00:0.0:268.3:267.8:101.8:124.7:OUTLIER:OUTLIER
 A 520  PRO:1.00:42.7:24.1:327.2:27.9::Favored:Cg_endo
 A 522  SER:1.00:37.8:177.4::::Favored:t
 A 523  LEU:1.00:4.8:268.1:182.6:::Favored:mt
 A 524  ASN:1.00:44.0:191.4:352.6:::Favored:t0
 A 525  ASP:1.00:33.5:195.4:341.6:::Favored:t0
 A 526  THR:1.00:0.0:118.6::::OUTLIER:OUTLIER
 A 527  SER:1.00:3.4:86.9::::Favored:p
 A 528  LEU:1.00:3.9:297.8:97.1:::Favored:mp
 A 529  LEU:1.00:54.2:302.0:170.8:::Favored:mt
 A 531  ASP:1.00:29.5:281.5:322.9:::Favored:m-30
 A 532  PRO:1.00:35.3:22.3:346.2:359.7::Favored:Cg_endo
 A 533  CYS:1.00:83.2:294.1::::Favored:m
 A 534  LEU:1.00:3.6:200.9:79.7:::Favored:tp
 A 536  THR:1.00:46.7:66.3::::Favored:p
 A 537  PHE:1.00:48.5:68.5:269.0:::Favored:p90
 A 540  PRO:1.00:65.8:31.4:324.7:24.6::Favored:Cg_endo
 A 541  VAL:1.00:82.9:176.8::::Favored:t
 A 542  PHE:1.00:58.5:294.7:295.7:::Favored:m-80
 A 543  PRO:1.00:63.5:26.8:322.8:32.6::Favored:Cg_endo
 A 544  TRP:1.00:0.7:61.0:36.0:::Allowed:p90
 A 545  LEU:1.00:0.4:244.6:194.8:::Allowed:mt
 A 546  VAL:1.00:24.8:295.4::::Favored:m
 A 547  LEU:1.00:43.3:297.7:165.2:::Favored:mt
 A 550  TYR:1.00:43.5:56.1:271.3:::Favored:p90
 A 551  ASP:1.00:10.6:60.1:296.1:::Favored:p0
 A 552  ASP:1.00:55.6:289.6:315.1:::Favored:m-30
 A 553  GLN:1.00:51.3:299.1:181.9:82.9::Favored:mt0
 A 554  ASN:1.00:80.8:292.6:312.4:::Favored:m-40
 A 555  TYR:1.00:73.0:295.8:290.8:::Favored:m-80
 A 556  ASN:1.00:11.0:57.3:288.5:::Favored:p0
 A 557  ASN:1.00:96.0:293.2:337.2:::Favored:m-40
 A 559  THR:1.00:41.5:54.8::::Favored:p
 A 561  LEU:1.00:30.5:310.1:178.6:::Favored:mt
 A 562  VAL:1.00:48.7:181.7::::Favored:t
 A 563  ILE:1.00:44.8:294.6:180.7:::Favored:mt
 A 564  THR:1.00:24.6:307.7::::Favored:m
 A 565  PHE:1.00:53.7:305.4:87.1:::Favored:m-80
 A 566  PRO:1.00:31.7:339.8:33.3:327.2::Favored:Cg_exo
 A 567  VAL:1.00:8.0:307.3::::Favored:m
 A 568  ASN:1.00:6.6:266.3:282.2:::Favored:m-40
 A 569  ASN:1.00:27.2:66.5:36.6:::Favored:p0
 A 570  TYR:1.00:40.9:290.9:301.1:::Favored:m-80
 A 571  TYR:1.00:7.9:70.6:290.4:::Favored:p90
 A 572  ASN:1.00:8.7:209.5:53.9:::Favored:t0
 A 573  ASP:1.00:5.2:203.1:316.3:::Favored:t0
 A 574  THR:1.00:14.5:289.2::::Favored:m
 A 575  GLU:1.00:95.6:291.2:168.4:345.4::Favored:mt-10
 A 576  LYS:1.00:6.0:295.5:173.8:95.4:82.1:Favored:mtpp
 A 577  LEU:1.00:0.7:184.4:33.7:::Allowed:tp
 A 578  GLN:1.00:20.0:273.1:158.0:6.0::Favored:mt0
 A 579  ARG:1.00:28.9:291.6:171.0:67.3:254.8:Favored:mtp-110
 A 581  GLN:1.00:85.6:287.8:181.9:338.4::Favored:mt0
 A 583  TRP:1.00:78.5:188.4:89.3:::Favored:t60
 A 584  GLU:1.00:13.4:310.6:187.8:224.4::Favored:mt-10
 A 585  LYS:1.00:47.2:198.2:186.8:167.1:178.7:Favored:tttt
 A 586  GLU:1.00:72.8:286.0:301.8:308.0::Favored:mm-30
 A 587  PHE:1.00:64.4:170.0:72.0:::Favored:t80
 A 588  ILE:1.00:63.8:292.6:159.6:::Favored:mt
 A 589  ASN:1.00:3.7:270.8:258.3:::Favored:m-40
 A 590  PHE:1.00:72.0:184.4:86.4:::Favored:t80
 A 591  VAL:1.00:61.4:171.0::::Favored:t
 A 592  LYS:1.00:0.2:195.7:106.7:173.9:241.3:OUTLIER:OUTLIER
 A 593  ASN:1.00:79.8:299.3:307.7:::Favored:m-40
 A 594  TYR:1.00:31.0:195.5:81.7:::Favored:t80
 A 595  LYS:1.00:1.8:306.8:250.9:288.2:189.9:Allowed:mmmt
 A 596  ASN:1.00:58.6:188.0:334.1:::Favored:t0
 A 597  PRO:1.00:4.7:351.9:14.7:345.0::Favored:Cg_exo
 A 598  ASN:1.00:83.6:299.7:318.8:::Favored:m-40
 A 599  LEU:1.00:21.9:309.2:171.7:::Favored:mt
 A 600  THR:1.00:26.0:52.1::::Favored:p
 A 601  ILE:1.00:61.7:303.0:166.8:::Favored:mt
 A 602  SER:1.00:0.0:347.2::::OUTLIER:OUTLIER
 A 603  PHE:1.00:36.0:284.0:296.2:::Favored:m-80
 A 604  THR:1.00:46.2:55.5::::Favored:p
 A 606  GLU:1.00:0.3:224.4:50.2:81.1::Allowed:tp30
 A 607  ARG:1.00:0.1:250.3:116.2:205.2:264.5:OUTLIER:OUTLIER
 A 608  SER:1.00:6.4:48.2::::Favored:p
 A 609  ILE:1.00:12.0:297.6:188.5:::Favored:mt
 A 610  GLU:1.00:3.4:262.6:180.8:13.4::Favored:mt-10
 A 611  ASP:1.00:5.9:269.7:15.4:::Favored:m-30
 A 612  GLU:1.00:0.1:243.0:61.8:71.3::OUTLIER:OUTLIER
 A 613  LEU:1.00:94.9:295.0:174.0:::Favored:mt
 A 614  ASN:1.00:0.6:235.2:2.5:::Allowed:t0
 A 615  ARG:1.00:0.7:276.3:271.8:143.2:140.6:Allowed:mmt180
 A 618  ASP:1.00:10.9:269.5:343.2:::Favored:m-30
 A 619  SER:1.00:22.4:79.1::::Favored:p
 A 620  ASP:1.00:95.5:286.5:349.1:::Favored:m-30
 A 621  VAL:1.00:33.9:185.0::::Favored:t
 A 622  PHE:1.00:1.7:261.6:295.9:::Allowed:m-80
 A 623  THR:1.00:36.4:54.1::::Favored:p
 A 624  VAL:1.00:0.9:197.4::::Allowed:t
 A 625  VAL:1.00:89.4:174.1::::Favored:t
 A 626  ILE:1.00:96.5:293.5:169.0:::Favored:mt
 A 627  SER:1.00:94.3:64.1::::Favored:p
 A 628  TYR:1.00:45.7:165.6:74.1:::Favored:t80
 A 630  ILE:1.00:95.6:294.3:169.0:::Favored:mt
 A 631  MET:1.00:99.2:294.3:300.1:292.9::Favored:mmm
 A 632  PHE:1.00:52.6:167.3:80.5:::Favored:t80
 A 633  LEU:1.00:95.2:294.4:174.0:::Favored:mt
 A 634  TYR:1.00:97.8:294.1:273.0:::Favored:m-80
 A 635  ILE:1.00:96.5:293.6:169.0:::Favored:mt
 A 636  SER:1.00:83.9:62.6::::Favored:p
 A 637  LEU:1.00:94.9:295.0:174.0:::Favored:mt
 A 647  ARG:1.00:98.7:294.1:178.8:179.6:179.4:Favored:mtt180
 A 648  LEU:1.00:0.1:259.2:308.3:::OUTLIER:OUTLIER
 A 649  LEU:1.00:94.9:295.0:174.0:::Favored:mt
 A 650  VAL:1.00:97.1:175.1::::Favored:t
 A 651  ASP:1.00:80.0:296.2:339.1:::Favored:m-30
 A 652  SER:1.00:43.8:290.3::::Favored:m
 A 653  LYS:1.00:0.0:73.2:111.3:297.7:154.9:OUTLIER:OUTLIER
 A 654  VAL:1.00:96.2:175.0::::Favored:t
 A 655  SER:1.00:95.4:63.9::::Favored:p
 A 656  LEU:1.00:95.0:294.8:174.0:::Favored:mt
 A 661  ILE:1.00:92.4:297.3:171.9:::Favored:mt
 A 662  LEU:1.00:0.0:88.9:124.3:::OUTLIER:OUTLIER
 A 663  ILE:1.00:71.7:299.5:175.9:::Favored:mt
 A 664  VAL:1.00:99.8:175.5::::Favored:t
 A 676  SER:1.00:0.0:236.6::::OUTLIER:OUTLIER
 A 678  ILE:1.00:95.4:294.4:169.0:::Favored:mt
 A 680  LEU:1.00:0.0:266.6:33.8:::OUTLIER:OUTLIER
 A 682  LEU:1.00:0.1:234.8:32.7:::OUTLIER:OUTLIER
 A 683  THR:1.00:9.5:192.2::::Favored:t
 A 684  LEU:1.00:0.1:205.5:102.8:::OUTLIER:OUTLIER
 A 685  ILE:1.00:0.0:326.5:318.9:::OUTLIER:OUTLIER
 A 686  VAL:1.00:84.6:177.6::::Favored:t
 A 687  ILE:1.00:96.3:293.7:169.0:::Favored:mt
 A 688  GLU:1.00:0.1:211.2:318.8:281.3::OUTLIER:OUTLIER
 A 689  VAL:1.00:70.0:178.8::::Favored:t
 A 690  ILE:1.00:58.9:297.2:179.0:::Favored:mt
 A 691  PRO:1.00:29.6:35.2:341.7:355.1::Favored:Cg_endo
 A 692  PHE:1.00:5.9:182.1:27.6:::Favored:t80
 A 693  LEU:1.00:95.0:294.9:174.0:::Favored:mt
 A 694  VAL:1.00:95.7:174.9::::Favored:t
 A 695  LEU:1.00:94.9:294.9:174.0:::Favored:mt
 A 716  GLN:1.00:15.9:288.7:144.1:358.2::Favored:mt0
 A 718  GLU:1.00:0.2:241.3:293.8:320.1::OUTLIER:OUTLIER
 A 719  THR:1.00:0.0:140.8::::OUTLIER:OUTLIER
 A 720  LEU:1.00:94.9:295.0:174.0:::Favored:mt
 A 721  ASP:1.00:0.4:249.2:4.1:::Allowed:m-30
 A 722  GLN:1.00:0.1:211.4:321.1:89.6::OUTLIER:OUTLIER
 A 723  GLN:1.00:2.6:52.5:80.4:58.7::Favored:pp30
 A 724  LEU:1.00:2.1:183.8:38.2:::Favored:tp
 A 726  ARG:1.00:0.6:280.5:316.8:87.0:153.8:Allowed:mmp-170
 A 727  VAL:1.00:55.4:180.6::::Favored:t
 A 728  LEU:1.00:5.4:312.5:162.5:::Favored:mt
 A 730  GLU:1.00:0.1:236.9:36.9:231.5::OUTLIER:OUTLIER
 A 731  VAL:1.00:96.4:175.0::::Favored:t
 A 748  LEU:1.00:95.1:294.6:173.9:::Favored:mt
 A 751  LEU:1.00:0.0:156.2:160.2:::OUTLIER:OUTLIER
 A 752  SER:1.00:0.3:211.6::::Allowed:t
 A 753  VAL:1.00:83.4:176.9::::Favored:t
 A 754  MET:1.00:99.3:293.0:300.0:293.0::Favored:mmm
 A 755  PRO:1.00:75.8:28.8:0.0:332.5::Favored:Cg_endo
 A 757  VAL:1.00:4.4:308.6::::Favored:m
 A 758  HIS:1.00:0.1:251.7:312.3:::OUTLIER:OUTLIER
 A 759  THR:1.00:27.4:52.4::::Favored:p
 A 760  PHE:1.00:0.3:229.8:302.9:::OUTLIER:OUTLIER
 A 761  SER:1.00:67.4:72.4::::Favored:p
 A 762  LEU:1.00:8.4:285.0:189.4:::Favored:mt
 A 763  PHE:1.00:0.6:221.4:90.0:::Allowed:t80
 A 766  LEU:1.00:95.3:294.1:173.9:::Favored:mt
 A 768  VAL:1.00:96.2:175.0::::Favored:t
 A 908  VAL:1.00:91.9:175.9::::Favored:t
 A1036  THR:1.00:0.0:8.3::::OUTLIER:OUTLIER
 A1037  TYR:1.00:0.0:123.8:82.8:::OUTLIER:OUTLIER
 A1038  PHE:1.00:0.2:330.4:84.6:::OUTLIER:OUTLIER
 A1039  MET:1.00:0.0:55.0:119.5:206.4::OUTLIER:OUTLIER
 A1040  THR:1.00:60.1:57.4::::Favored:p
 A1041  TYR:1.00:0.0:26.7:44.7:::OUTLIER:OUTLIER
 A1042  HIS:1.00:0.7:60.1:165.1:::Allowed:p90
 A1043  THR:1.00:43.0:67.2::::Favored:p
 A1044  VAL:1.00:58.1:180.2::::Favored:t
 A1045  LEU:1.00:94.9:294.9:174.0:::Favored:mt
 A1046  GLN:1.00:7.3:169.1:57.1:279.7::Favored:tp-100
 A1047  THR:1.00:82.8:302.1::::Favored:m
 A1048  SER:1.00:80.3:61.4::::Favored:p
 A1050  ASP:1.00:0.2:241.7:22.1:::OUTLIER:OUTLIER
 A1051  PHE:1.00:98.5:296.1:276.9:::Favored:m-80
 A1052  ILE:1.00:95.6:294.3:169.0:::Favored:mt
 A1053  ASP:1.00:97.4:289.2:344.9:::Favored:m-30
 A1055  LEU:1.00:0.0:155.9:279.4:::OUTLIER:OUTLIER
 A1056  LYS:1.00:0.2:233.6:186.3:173.7:131.8:OUTLIER:OUTLIER
 A1057  LYS:1.00:0.0:270.7:112.5:204.8:232.0:OUTLIER:OUTLIER
 A1059  ARG:1.00:0.1:277.5:318.7:177.4:43.2:OUTLIER:OUTLIER
 A1060  LEU:1.00:94.7:295.7:174.0:::Favored:mt
 A1061  ILE:1.00:95.7:294.2:169.0:::Favored:mt
 A1063  SER:1.00:96.0:64.9::::Favored:p
 A1064  ASN:1.00:0.7:246.7:336.5:::Allowed:m-40
 A1065  VAL:1.00:96.6:175.0::::Favored:t
 A1066  THR:1.00:0.0:359.9::::OUTLIER:OUTLIER
 A1067  GLU:1.00:78.7:281.8:178.3:352.4::Favored:mt-10
 A1068  THR:1.00:3.6:177.5::::Favored:t
 A1069  MET:1.00:0.0:334.1:122.9:156.5::OUTLIER:OUTLIER
 A1071  ILE:1.00:96.0:294.0:169.0:::Favored:mt
 A1072  ASN:1.00:0.1:249.3:240.4:::OUTLIER:OUTLIER
 A1074  SER:1.00:0.1:27.4::::OUTLIER:OUTLIER
 A1077  ARG:1.00:1.6:39.9:207.8:280.4:275.9:Allowed:ptm-80
 A1078  VAL:1.00:1.3:196.2::::Allowed:t
 A1079  PHE:1.00:79.8:290.3:280.7:::Favored:m-80
 A1080  PRO:1.00:73.3:27.7:325.5:27.1::Favored:Cg_endo
 A1081  TYR:1.00:1.1:179.4:6.2:::Allowed:t80
 A1082  SER:1.00:0.1:343.3::::OUTLIER:OUTLIER
 A1083  VAL:1.00:0.4:201.1::::Allowed:t
 A1084  PHE:1.00:0.2:80.2:322.3:::OUTLIER:OUTLIER
 A1085  TYR:1.00:2.5:267.2:43.1:::Favored:m-80
 A1086  VAL:1.00:59.5:180.0::::Favored:t
 A1087  PHE:1.00:80.5:290.0:279.2:::Favored:m-80
 A1088  TYR:1.00:6.4:276.8:10.4:::Favored:m-10
 A1089  GLU:1.00:2.2:262.5:285.0:279.4::Favored:mm-30
 A1090  GLN:1.00:0.0:244.9:244.5:251.9::OUTLIER:OUTLIER
 A1091  TYR:1.00:2.1:296.7:62.6:::Favored:m-80
 A1092  LEU:1.00:0.8:185.9:275.6:::Allowed:tm
 A1093  THR:1.00:5.0:314.5::::Favored:m
 A1094  ILE:1.00:9.5:289.3:305.4:::Favored:mm
 A1095  ILE:1.00:4.9:292.8:314.0:::Favored:mm
 A1096  ASP:1.00:97.5:289.0:345.0:::Favored:m-30
 A1097  ASP:1.00:0.4:251.1:358.7:::Allowed:m-30
 A1098  THR:1.00:69.4:59.0::::Favored:p
 A1099  ILE:1.00:86.7:298.9:172.3:::Favored:mt
 A1100  PHE:1.00:6.5:167.2:47.1:::Favored:t80
 A1101  ASN:1.00:98.4:288.6:337.0:::Favored:m-40
 A1102  LEU:1.00:95.0:294.9:174.0:::Favored:mt
 A1104  VAL:1.00:96.4:175.0::::Favored:t
 A1105  SER:1.00:95.3:63.9::::Favored:p
 A1106  LEU:1.00:94.9:294.9:174.0:::Favored:mt
 A1109  ILE:1.00:95.9:294.0:169.0:::Favored:mt
 A1110  PHE:1.00:34.8:171.6:272.0:::Favored:t80
 A1111  LEU:1.00:41.8:185.3:60.9:::Favored:tp
 A1112  VAL:1.00:49.6:181.5::::Favored:t
 A1113  THR:1.00:62.0:63.7::::Favored:p
 A1114  MET:1.00:4.0:317.6:291.3:259.3::Favored:mmm
 A1115  VAL:1.00:42.7:182.9::::Favored:t
 A1116  LEU:1.00:4.9:302.1:152.9:::Favored:mt
 A1117  LEU:1.00:0.0:237.3:91.7:::OUTLIER:OUTLIER
 A1123  SER:1.00:77.8:60.5::::Favored:p
 A1125  VAL:1.00:94.3:174.7::::Favored:t
 A1126  ILE:1.00:73.8:298.4:175.9:::Favored:mt
 A1127  MET:1.00:0.0:252.0:31.5:286.6::OUTLIER:OUTLIER
 A1128  CYS:1.00:0.1:253.9::::OUTLIER:OUTLIER
 A1130  THR:1.00:69.2:59.0::::Favored:p
 A1131  ILE:1.00:96.1:293.8:169.0:::Favored:mt
 A1133  MET:1.00:5.0:165.7:53.5:182.2::Favored:tpt
 A1134  VAL:1.00:83.1:176.4::::Favored:t
 A1135  LEU:1.00:94.8:295.5:173.9:::Favored:mt
 A1136  VAL:1.00:95.3:174.9::::Favored:t
 A1137  ASN:1.00:98.5:288.7:337.0:::Favored:m-40
 A1138  MET:1.00:0.0:284.9:29.1:284.5::OUTLIER:OUTLIER
 A1139  PHE:1.00:98.3:295.9:276.9:::Favored:m-80
 A1141  VAL:1.00:96.4:175.0::::Favored:t
 A1142  MET:1.00:99.2:293.9:300.1:292.9::Favored:mmm
 A1152  VAL:1.00:96.4:175.0::::Favored:t
 A1153  SER:1.00:0.0:247.6::::OUTLIER:OUTLIER
 A1154  LEU:1.00:0.1:240.0:204.2:::OUTLIER:OUTLIER
 A1155  VAL:1.00:84.1:173.4::::Favored:t
 A1156  ASN:1.00:0.8:249.5:346.7:::Allowed:m-40
 A1157  LEU:1.00:95.2:294.3:174.0:::Favored:mt
 A1158  VAL:1.00:93.3:174.6::::Favored:t
 A1159  MET:1.00:0.0:252.6:272.0:331.7::OUTLIER:OUTLIER
 A1160  SER:1.00:7.9:164.7::::Favored:t
 A1161  CYS:1.00:81.1:294.4::::Favored:m
 A1163  ILE:1.00:96.5:293.6:169.0:::Favored:mt
 A1164  SER:1.00:47.3:301.6::::Favored:m
 A1165  VAL:1.00:87.5:173.8::::Favored:t
 A1166  GLU:1.00:0.0:229.8:250.3:35.4::OUTLIER:OUTLIER
 A1167  PHE:1.00:1.0:273.5:346.4:::Allowed:m-10
 A1168  CYS:1.00:84.4:295.4::::Favored:m
 A1169  SER:1.00:99.1:65.4::::Favored:p
 A1170  HIS:1.00:35.6:300.6:111.0:::Favored:m90
 A1171  ILE:1.00:93.9:295.6:169.0:::Favored:mt
 A1172  THR:1.00:0.0:239.0::::OUTLIER:OUTLIER
 A1173  ARG:1.00:0.0:243.9:317.1:258.6:147.5:OUTLIER:OUTLIER
 A1184  VAL:1.00:96.5:175.0::::Favored:t
 A1185  GLU:1.00:99.1:293.0:177.0:349.9::Favored:mt-10
 A1186  ARG:1.00:0.2:81.3:146.1:143.1:156.4:OUTLIER:OUTLIER
 A1188  GLU:1.00:8.1:168.2:43.3:223.2::Favored:tp30
 A1189  GLU:1.00:0.0:225.6:278.6:46.4::OUTLIER:OUTLIER
 A1191  LEU:1.00:94.9:295.0:174.0:::Favored:mt
 A1193  HIS:1.00:2.6:266.6:311.0:::Favored:m-70
 A1194  MET:1.00:0.0:235.2:60.8:284.1::OUTLIER:OUTLIER
 A1196  SER:1.00:90.6:68.5::::Favored:p
 A1197  SER:1.00:31.9:55.0::::Favored:p
 A1198  VAL:1.00:95.5:175.7::::Favored:t
 A1199  PHE:1.00:0.3:250.3:296.6:::OUTLIER:OUTLIER
 A1200  SER:1.00:76.9:60.3::::Favored:p
 A1202  ILE:1.00:5.2:310.4:314.9:::Favored:mm
 A1203  THR:1.00:1.4:200.5::::Allowed:t
 A1204  LEU:1.00:39.5:291.6:182.9:::Favored:mt
 A1205  THR:1.00:69.5:59.0::::Favored:p
 A1206  LYS:1.00:4.7:162.7:167.3:138.6:58.4:Favored:tttp
 A1207  PHE:1.00:0.1:216.0:21.5:::OUTLIER:OUTLIER
 A1210  ILE:1.00:1.4:189.5:84.5:::Allowed:tp
 A1211  VAL:1.00:0.3:202.1::::Allowed:t
 A1212  VAL:1.00:38.7:183.7::::Favored:t
 A1224  PHE:1.00:34.1:284.6:298.3:::Favored:m-80
 A1225  TYR:1.00:10.9:170.6:279.2:::Favored:t80
 A1226  PHE:1.00:19.2:310.9:85.9:::Favored:m-80
 A1227  ARG:1.00:0.0:237.8:321.0:133.9:111.0:OUTLIER:OUTLIER
 A1228  MET:1.00:0.0:79.9:118.5:138.7::OUTLIER:OUTLIER
 A1229  TYR:1.00:0.4:187.6:334.0:::Allowed:t80
 A1230  LEU:1.00:1.3:203.7:83.3:::Allowed:tp
 A1232  MET:1.00:4.2:81.1:166.6:195.9::Favored:ptt
 A1233  VAL:1.00:96.3:175.0::::Favored:t
 A1234  LEU:1.00:0.2:178.3:269.4:::OUTLIER:OUTLIER
 A1235  LEU:1.00:94.9:295.0:174.0:::Favored:mt
 A1238  THR:1.00:69.4:59.0::::Favored:p
 A1239  HIS:1.00:82.7:176.6:65.2:::Favored:t70
SUMMARY: 11.82% outliers (Goal: < 0.3%)
